2025-06-03 15:08:34,745 - INFO - Starting game 20250603_145906_2: api_9_code vs api_9_code
2025-06-03 15:08:34,821 - INFO - Initial board:
r n b q k b n r
p p p p p p p p
. . . . . . . .
. . . . . . . .
. . . . . . . .
. . . . . . . .
P P P P P P P P
R N B Q K B N R
2025-06-03 15:08:40,033 - INFO - Current position win rate for White: 53.10%
2025-06-03 15:08:48,455 - INFO - Top 3 recommended moves by Stockfish:
2025-06-03 15:08:48,455 - INFO -   1. Nf3 (g1f3) - Win rate: 52.00%
2025-06-03 15:08:48,455 - INFO -   2. d4 (d2d4) - Win rate: 52.00%
2025-06-03 15:08:48,455 - INFO -   3. e4 (e2e4) - Win rate: 51.60%
2025-06-03 15:08:48,455 - INFO - api_9_code's turn (White) - Move 1
2025-06-03 15:08:48,455 - INFO - Prompt to White (api_9_code):

You are playing a game of chess. You are playing as White.

Current board position in FEN notation:
rnbqkbnr/pppppppp/8/8/8/8/PPPPPPPP/RNBQKBNR w KQkq - 0 1

Legal moves in UCI notation: g1h3, g1f3, b1c3, b1a3, h2h3, g2g3, f2f3, e2e3, d2d3, c2c3, b2b3, a2a3, h2h4, g2g4, f2f4, e2e4, d2d4, c2c4, b2b4, a2a4

Analyze the position carefully. You may think through the position and consider multiple candidate moves.
When you have decided on your final move, output it in UCI notation (e.g., 'e2e4', 'g8f6') in the following format:

```
<move>
```

You can think and reason as much as you want, but your final move must be formatted exactly as shown above.

2025-06-03 15:08:48,456 - INFO - Attempt 1/3...
2025-06-03 15:08:49,138 - INFO - Raw response from White (api_9_code) (took 0.68s):
```
e2e4
```
2025-06-03 15:08:49,138 - INFO - Valid move found: e2e4
2025-06-03 15:08:57,575 - INFO - Move e2e4 is Stockfish's recommendation #3
2025-06-03 15:08:57,576 - INFO - Win rate after move e2e4: 51.60%
2025-06-03 15:08:57,576 - INFO - Move: e2e4
2025-06-03 15:08:57,576 - INFO - Board after move:
r n b q k b n r
p p p p p p p p
. . . . . . . .
. . . . . . . .
. . . . P . . .
. . . . . . . .
P P P P . P P P
R N B Q K B N R
2025-06-03 15:09:00,163 - INFO - Current position win rate for Black: 46.41%
2025-06-03 15:09:09,030 - INFO - Top 3 recommended moves by Stockfish:
2025-06-03 15:09:09,030 - INFO -   1. e6 (e7e6) - Win rate: 48.60%
2025-06-03 15:09:09,031 - INFO -   2. c5 (c7c5) - Win rate: 46.41%
2025-06-03 15:09:09,031 - INFO -   3. e5 (e7e5) - Win rate: 45.91%
2025-06-03 15:09:09,031 - INFO - api_9_code's turn (Black) - Move 1
2025-06-03 15:09:09,031 - INFO - Prompt to Black (api_9_code):

You are playing a game of chess. You are playing as Black.

Current board position in FEN notation:
rnbqkbnr/pppppppp/8/8/4P3/8/PPPP1PPP/RNBQKBNR b KQkq - 0 1

Legal moves in UCI notation: g8h6, g8f6, b8c6, b8a6, h7h6, g7g6, f7f6, e7e6, d7d6, c7c6, b7b6, a7a6, h7h5, g7g5, f7f5, e7e5, d7d5, c7c5, b7b5, a7a5

Analyze the position carefully. You may think through the position and consider multiple candidate moves.
When you have decided on your final move, output it in UCI notation (e.g., 'e2e4', 'g8f6') in the following format:

```
<move>
```

You can think and reason as much as you want, but your final move must be formatted exactly as shown above.

2025-06-03 15:09:09,031 - INFO - Attempt 1/3...
2025-06-03 15:09:21,576 - INFO - Raw response from Black (api_9_code) (took 12.55s):
Let me analyze the position carefully. The given FEN is the starting position of a chess game (rnbqkbnr/pppppppp/8/8/4P3/8/PPPP1PPP/RNBQKBNR b KQkq - 0 1) where Black is to move. 

From the legal moves provided, we can see that Black has several options for their first move. The most common and principle first moves for Black in response to 1. e4 are:
1. g8f6 (Pirc/Modern Defense or Alekhine's Defense if White chases the knight)
2. b8c6 (Nimzovich Defense or Alekhine's Defense)
3. e7e5 (Open Game, leading to Petroff or Scotch if White continues aggressively)

However, looking at the legal moves list, some of these options aren't available (like e7e5 is missing from the given moves, though e5 in general is present). Wait, actually looking again, I see e7e5 is not in the legal moves list but e5 is in the form of e7e5 (which should be there if the e-pawn can move to e5).

Wait, no, the legal moves list seems to include all possible pawn moves (h7h6, g7g6, etc. down to a7a5) and knight moves (g8h6, g8f6, b8c6, b8a6). 

Given that, the most natural first moves would be:
- g8f6 (King's Indian/Pirc/Moder Defense)
- b8c6 (Nimzovich/Alekhine's)
- g8h6 (less common, but leads to different structures)

Since e7e5 isn't in the legal moves list (though it should be a basic pawn move), but e5 is in the moves (from e7 to e5), I think the omission might just be formatting.

But given the options, the most principle responses to 1. e4 would be either:
1. g8f6 (most common and flexible)
2. b8c6 (also common)

Between these, g8f6 is more flexible as it can lead to many different openings depending on White's response, while b8c6 is more specific (usually transposing to Alekhine's or Nimzovich's).

Therefore, I think the best first move here is:

g8f6
2025-06-03 15:09:21,577 - WARNING - Parsing error: No valid UCI move found in response.
2025-06-03 15:09:21,577 - INFO - Attempt 2/3...
2025-06-03 15:10:06,884 - INFO - Raw response from Black (api_9_code) (took 45.31s):
Alright, let's tackle this chess position step by step. I'm playing as Black, and the current board position is given in FEN notation:

`rnbqkbnr/pppppppp/8/8/4P3/8/PPPP1PPP/RNBQKBNR b KQkq - 0 1`

First, let's decode the FEN to understand the position:

- **Pieces**:
  - White (uppercase): Rook (R), Knight (N), Bishop (B), Queen (Q), King (K), Pawns (P)
  - Black (lowercase): rook (r), knight (n), bishop (b), queen (q), king (k), pawns (p)

- **Board Setup** (from White's perspective, but since it's Black's move, let's visualize from Black's side):
  - The first part `rnbqkbnr` is Black's back rank: rook, knight, bishop, queen, king, bishop, knight, rook.
  - Next `pppppppp` is Black's pawns on the 7th rank.
  - Then `8` means an empty 6th rank.
  - Another `8` is an empty 5th rank.
  - `4P3` means on the 4th rank, there's an empty space, then four empty squares, then a White pawn (P), then three empty squares.
  - Then empty 3rd, 2nd ranks, and `RNBQKBNR` is White's back rank.

So, the initial position is the standard starting position where White has moved their pawn from e2 to e4, and it's Black's move.

Given legal moves in UCI notation:
- g8h6 (knight from g8 to h6)
- g8f6 (knight from g8 to f6)
- b8c6 (knight from b8 to c6)
- b8a6 (knight from b8 to a6)
- h7h6 (pawn from h7 to h6)
- g7g6 (pawn from g7 to g6)
- f7f6 (pawn from f7 to f6)
- e7e6 (pawn from e7 to e6)
- d7d6 (pawn from d7 to d6)
- c7c6 (pawn from c7 to c6)
- b7b6 (pawn from b7 to b6)
- a7a6 (pawn from a7 to a6)
- h7h5 (pawn from h7 to h5)
- g7g5 (pawn from g7 to g5)
- f7f5 (pawn from f7 to f5)
- e7e5 (pawn from e7 to e5)
- d7d5 (pawn from d7 to d5)
- c7c5 (pawn from c7 to c5)
- b7b5 (pawn from b7 to b5)
- a7a5 (pawn from a7 to a5)

This is a lot of moves, but essentially, Black can move their knights from g8 or b8 to various squares, or move any of their pawns one or two squares forward.

### Analyzing the Position:

It's the opening phase. White has made the first move: e2-e4. This is a common opening move, controlling the center.

Black's options:

1. **Knight Moves**:
   - g8h6: Developing the knight to h6, which is a bit unconventional. Usually, knights are developed towards the center.
   - g8f6: Developing the knight to f6, which is a standard developing move, supporting the center and preparing for castling.
   - b8c6: Developing the knight to c6, also standard, controlling the center squares.
   - b8a6: Developing the knight to a6, which is less common, as it doesn't immediately contribute to central control.

2. **Pawn Moves**:
   - Moving pawns to control the center. Since White has moved e4, common responses are to contest the center with e.g., e7-e5 or d7-d5.
   - Other pawn moves like c7-c5 or b7-b5 can be part of certain openings like the French or Caro-Kann, but e5 or d5 are more direct.

### Evaluating Candidate Moves:

The most standard responses to e4 are:
- e7-e5 (Petrov's defense, etc.)
- c7-c5 (Sicilian)
- e7-e6 (French)
- d7-d5 (Caro-Kann, etc.)
- Nf6 (Alekhine's, etc.)

Given the options, let's consider the knight moves first.

**g8f6 (Nf6)**:
- Develops the knight towards the center.
- Prepares for possible castling kingside.
- Is a standard move in many openings like the Alekhine's defense or the Nimzo-Indian.
- After Nf6, White might play Nc3 or Nf3, and the game can proceed with development.

**b8c6 (Nc6)**:
- Also develops the knight towards the center.
- Can lead to openings like the Nimzovich defense or the Ruy Lopez if White plays Bb5.
- But Nf6 seems more direct in response to e4, as Nc6 doesn't immediately contest the e4 pawn.

**e7-e5**:
- Contests the center directly by attacking the e4 pawn.
- Can lead to exchanges in the center, like after exd5, but with the given moves, it's just e5, and White can respond with Nf3 or other moves.
- This is a strong central contest.

**d7-d5**:
- Also contests the center, allowing for possible exd5 if White takes.
- But e5 seems more forcing, as it directly attacks the e4 pawn.

Given that e5 is not in the list (wait, looking back, e7e5 is in the legal moves: "e7e5" is present), but earlier I thought e5 is a standard move, but let's see if it's in the list.

Looking at the legal moves: yes, "e7e5" is listed. So e7-e5 is possible.

Similarly, d7d5 is also in the list.

Between Nf6 and e5:

- Nf6 is a developing move, setting up the knight.
- e5 is a more aggressive central contest.

Given that, and since the question is about choosing a move, both are good, but in standard practice, Nf6 is very common against e4, leading to various Indian defenses or Alekhine's.

But let's think: if I play e5, then White can respond with Nf3, and we're in a sort of Italian game or similar, with equality.

If I play Nf6, then White might play Nc3 or Nf3, and the game proceeds with development.

Given the options, both are fine, but Nf6 seems more natural as a first move, developing a piece.

But let's look at the other moves:

b8c6 is also possible, leading to Nc6, but as mentioned, Nf6 seems more direct.

Pawn moves like g7g6 or f7f6 are less critical in the center, unless we're preparing for a kingside fianchetto, but that's slower.

### Final Decision:

Among the options, the most standard and active moves are Nf6 (g8f6) or e5 (e7e5). 

Between these, Nf6 is a more natural developing move, setting up the knight and preparing for castling, whereas e5 is a more direct central contest.

Given that, and since the position is open, developing pieces is usually better than moving pawns early unless there's a clear reason.

Therefore, the best move is likely **g8f6** (Nf6).

However, looking at the legal moves list again, "g8f6" is present, meaning knight from g8 to f6.

But wait, is "g8h6" also possible? That's knight to h6, which is less standard, but possible in some lines.

But Nf6 is more common and active.

### Verifying:

In standard chess openings, after 1. e4, Black's common moves are:
- 1... e5 (Italian, Spanish, etc.)
- 1... c5 (Sicilian)
- 1... e
2025-06-03 15:10:06,885 - WARNING - Parsing error: No valid UCI move found in response.
2025-06-03 15:10:06,885 - INFO - Attempt 3/3...
2025-06-03 15:10:15,538 - INFO - Raw response from Black (api_9_code) (took 8.65s):
Let's analyze the position:

1. The FEN shows the starting position of chess (standard opening position) with Black to move (the "b" in the FEN indicates it's Black's turn).

2. The legal moves listed are all possible first moves for Black from the standard opening position. They include:
   - Knight moves (g8h6, g8f6, b8c6, b8a6)
   - Pawn moves (h7h6, g7g6, etc. up to a7a5)

3. As Black, the most common and strategically sound first moves are:
   - g8f6 (King's Knight to f6) - The Petroff's Defense if White plays e4
   - b8c6 (King's Knight to c6) - The Caro-Kann or Slav setup
   - e7e5 (King's Pawn) - The Double King's Pawn opening
   - g7g6 (King's Indian) - Setting up for a hypermodern approach

4. The most traditional and common first move for Black is g8f6 (King's Knight to f6), which is a flexible move that prepares for various openings depending on White's response.

Therefore, the most natural first move is:

```
g8f6
```
2025-06-03 15:10:15,538 - INFO - Valid move found: g8f6
2025-06-03 15:10:26,593 - INFO - Move g8f6 is not among Stockfish's top 3 recommendations
2025-06-03 15:10:26,593 - INFO - Win rate after move g8f6: 42.85%
2025-06-03 15:10:26,593 - INFO - Move: g8f6
2025-06-03 15:10:26,593 - INFO - Board after move:
r n b q k b . r
p p p p p p p p
. . . . . n . .
. . . . . . . .
. . . . P . . .
. . . . . . . .
P P P P . P P P
R N B Q K B N R
2025-06-03 15:10:28,455 - INFO - Current position win rate for White: 56.37%
2025-06-03 15:10:34,657 - INFO - Top 3 recommended moves by Stockfish:
2025-06-03 15:10:34,657 - INFO -   1. e5 (e4e5) - Win rate: 56.46%
2025-06-03 15:10:34,657 - INFO -   2. Nc3 (b1c3) - Win rate: 50.60%
2025-06-03 15:10:34,657 - INFO -   3. d3 (d2d3) - Win rate: 48.20%
2025-06-03 15:10:34,657 - INFO - api_9_code's turn (White) - Move 2
2025-06-03 15:10:34,658 - INFO - Prompt to White (api_9_code):

You are playing a game of chess. You are playing as White.

Current board position in FEN notation:
rnbqkb1r/pppppppp/5n2/8/4P3/8/PPPP1PPP/RNBQKBNR w KQkq - 1 2

Legal moves in UCI notation: g1h3, g1f3, g1e2, f1a6, f1b5, f1c4, f1d3, f1e2, e1e2, d1h5, d1g4, d1f3, d1e2, b1c3, b1a3, e4e5, h2h3, g2g3, f2f3, d2d3, c2c3, b2b3, a2a3, h2h4, g2g4, f2f4, d2d4, c2c4, b2b4, a2a4

Analyze the position carefully. You may think through the position and consider multiple candidate moves.
When you have decided on your final move, output it in UCI notation (e.g., 'e2e4', 'g8f6') in the following format:

```
<move>
```

You can think and reason as much as you want, but your final move must be formatted exactly as shown above.

2025-06-03 15:10:34,658 - INFO - Attempt 1/3...
2025-06-03 15:10:54,005 - INFO - Raw response from White (api_9_code) (took 19.35s):
Let's analyze the position carefully.

The given FEN string is: rnbqkb1r/pppppppp/5n2/8/4P3/8/PPPP1PPP/RNBQKBNR w KQkq - 1 2

This represents the starting position of a chess game with one move already made (likely 1.e4, since the pawn is on e4 and it's White's turn). The position is symmetric, with Black having a pawn on f6 (indicated by the 'n' in the 6th position of the FEN string, which is the pawn storm variation of the Sicilian or possibly the Alekhine's Defense if that's how we got here).

Looking at the legal moves, we have several options:

1. Knight moves (g1h3, g1f3, b1c3, b1a3) - developing knights to active squares
2. Queen moves (d1h5, d1g4, d1f3, d1e2) - developing the queen, though some of these are speculative
3. Pawn moves (e4e5, various other pawn advances)
4. King moves (e1e2) - although this would be unusual so early
5. Bishop moves (f1a6, f1b5, f1c4, f1d3, f1e2) - developing the bishop, though some of these are odd

The most natural moves in the opening are:
- Developing knights to f3 and c3
- Possibly advancing the e-pawn to e5
- Developing bishops to active squares

Given that the most common and principled moves in the opening are knight developments, and that b1c3 (Nc3) is a strong developing move that controls central squares and prepares for possible castling, this seems like an excellent candidate.

The other strong option is g1f3 (Nf3), which also controls central squares and is a standard developing move.

Between these, both are good, but Nc3 is slightly less common in some openings but still very strong, while Nf3 is more universal.

However, looking at the legal moves, we have:
- b1c3 (Nc3)
- g1f3 (Nf3)
- g1h3 (Nh3) which is unusual
- g1e2 (Ne2) which is poor

Between Nc3 and Nf3, both are good. Let's choose Nc3 as it's a strong developing move that also supports the center.

But wait, also considering that e4e5 is a legal move, which would challenge Black's f6 pawn, this might be an interesting alternative.

However, in the initial position after 1.e4, the most principled moves are usually Nf3, Nc3, or possibly d4 (though d4 isn't in the legal moves as given).

Given that, and that Nc3 is one of the legal moves, I think this is the best choice among the options.

But actually, looking again, the most standard move after 1.e4 is Nf3, which is also a legal move (g1f3). This controls the central squares, prepares for possible castling, and is a universal opening move.

Therefore, the best move is:

g1f3
2025-06-03 15:10:54,006 - WARNING - Parsing error: No valid UCI move found in response.
2025-06-03 15:10:54,006 - INFO - Attempt 2/3...
2025-06-03 15:11:02,105 - INFO - Raw response from White (api_9_code) (took 8.10s):
Let me analyze the position carefully.

The current position is the standard starting position of chess (FEN shows the initial board) with White to move. The legal moves listed include all standard opening moves plus some unusual ones like f1a6, f1b5, etc. which suggest some castling-related moves or early queen sorties, but those are generally not good opening moves.

Looking at the candidate moves:
1. Standard opening moves like e4 (e2e4), d4 (d2d4), c4 (c2c4), Nf3 (g1f3), Nc3 (b1c3) are all present.
2. Some unusual moves like f1a6, f1b5, etc. are listed but these would be bad opening moves as they move the queen too early or develop pieces inefficientently.

The best opening moves in chess typically involve controlling the center. The two most common first moves are:
- e2e4 (King's Pawn Opening)
- d2d4 (Queen's Pawn Opening)

Also among the legal moves are Nf3 (g1f3) and Nc3 (b1c3), which are solid developing moves.

Between e4 and d4, e4 is slightly more common and puts immediate pressure on the center. d4 is also good but tends to lead to more closed positions. The fact that e4 is listed as one of the legal moves (e4e5 is in the list, which would be Black's response to e4).

Therefore, the best first move is:

```
e2e4
```
2025-06-03 15:11:02,106 - WARNING - Illegal move: e2e4 is not a legal move in the current position.
2025-06-03 15:11:02,106 - INFO - Attempt 3/3...
2025-06-03 15:11:14,255 - INFO - Raw response from White (api_9_code) (took 12.15s):
Let's analyze the position carefully.

The given FEN is: rnbqkb1r/pppppppp/5n2/8/4P3/8/PPPP1PPP/RNBQKBNR w KQkq - 1 2

This represents the standard starting position after White's first move (1. e4) with Black having played 1...Nf6 (Sicilian Defense). The legal moves confirm this is a Sicilian with White's king's bishop already developed to g2 (since g1h3 and g1f3 are legal moves, meaning the bishop hasn't moved from g2 yet).

Looking at the legal moves, we have several options:
1. Knight moves (g1h3 or g1f3) - developing the king's knight
2. Bishop moves (f1a6, f1b5, etc.) - but these would be premature bishop developments
3. Queen moves (d1h5, d1g4, etc.) - but these would be too risky this early
4. Pawn moves (e4e5, h2h3, etc.) - advancing the center or kingside pawns

The most natural developing moves would be either:
- g1f3 (developing the knight to f3, attacking Black's knight on f6)
- d1h5 (but this is too risky, moving the queen out early)
- e4e5 (advancing the center pawn, maintaining the initiative)

Between g1f3 and e4e5, both are good options in the Sicilian. However, since we already have e4 in place, e4e5 would be a strong continuation to maintain the center and prepare for further development.

But looking again, the move e4e5 is actually already represented by "e4e5" in the legal moves, and this would be a natural follow-up to 1. e4 in the Sicilian, creating a strong center.

However, another strong option is g1f3 (Knight to f3), which:
1. Develops a piece
2. Attacks Black's knight on f6
3. Prepares possible castling

Between these, both are good, but e4e5 is more forcing and maintains the center, while g1f3 is more cautious development.

Given that, the strongest move here would be to maintain the center with:

e4e5
2025-06-03 15:11:14,255 - WARNING - Parsing error: No valid UCI move found in response.
2025-06-03 15:11:14,255 - ERROR - Failed to get a valid move after 3 attempts. Forfeiting the game.
2025-06-03 15:11:14,255 - INFO - api_9_code has forfeited the game due to failure to generate a legal move.
2025-06-03 15:11:14,255 - INFO - api_9_code wins by forfeit!
2025-06-03 15:11:14,255 - INFO - === Player Move Quality Statistics ===
2025-06-03 15:11:14,255 - INFO - api_9_code:
2025-06-03 15:11:14,255 - INFO -   Total moves: 2
2025-06-03 15:11:14,255 - INFO -   Optimal moves (in top 3): 1 (50.0%)
2025-06-03 15:11:14,255 - INFO - === Player Attempt Statistics ===
2025-06-03 15:11:14,255 - INFO - api_9_code:
2025-06-03 15:11:14,256 - INFO -   Total attempts: 7
2025-06-03 15:11:14,256 - INFO -   Parsing errors: 4 (57.1% of attempts)
2025-06-03 15:11:14,256 - INFO -   Illegal moves: 1 (14.3% of attempts)
2025-06-03 15:11:14,256 - INFO -   Successful moves: 2 (28.6% of attempts)
2025-06-03 15:11:14,256 - INFO - Game completed!
2025-06-03 15:11:14,256 - INFO - Result: 0-1
2025-06-03 15:11:14,256 - INFO - Termination: forfeit
2025-06-03 15:11:14,256 - INFO - Final FEN: rnbqkb1r/pppppppp/5n2/8/4P3/8/PPPP1PPP/RNBQKBNR w KQkq - 1 2
2025-06-03 15:11:14,256 - INFO - Move history: e2e4, g8f6
