2025-06-03 14:59:06,729 - INFO - Starting game 20250603_145906_1: api_9_code vs api_9_code
2025-06-03 14:59:06,825 - INFO - Initial board:
r n b q k b n r
p p p p p p p p
. . . . . . . .
. . . . . . . .
. . . . . . . .
. . . . . . . .
P P P P P P P P
R N B Q K B N R
2025-06-03 14:59:12,301 - INFO - Current position win rate for White: 53.10%
2025-06-03 14:59:20,910 - INFO - Top 3 recommended moves by Stockfish:
2025-06-03 14:59:20,911 - INFO -   1. Nf3 (g1f3) - Win rate: 52.00%
2025-06-03 14:59:20,911 - INFO -   2. d4 (d2d4) - Win rate: 52.00%
2025-06-03 14:59:20,911 - INFO -   3. e4 (e2e4) - Win rate: 51.60%
2025-06-03 14:59:20,911 - INFO - api_9_code's turn (White) - Move 1
2025-06-03 14:59:20,911 - INFO - Prompt to White (api_9_code):

You are playing a game of chess. You are playing as White.

Current board position in FEN notation:
rnbqkbnr/pppppppp/8/8/8/8/PPPPPPPP/RNBQKBNR w KQkq - 0 1

Legal moves in UCI notation: g1h3, g1f3, b1c3, b1a3, h2h3, g2g3, f2f3, e2e3, d2d3, c2c3, b2b3, a2a3, h2h4, g2g4, f2f4, e2e4, d2d4, c2c4, b2b4, a2a4

Analyze the position carefully. You may think through the position and consider multiple candidate moves.
When you have decided on your final move, output it in UCI notation (e.g., 'e2e4', 'g8f6') in the following format:

```
<move>
```

You can think and reason as much as you want, but your final move must be formatted exactly as shown above.

2025-06-03 14:59:20,911 - INFO - Attempt 1/3...
2025-06-03 14:59:26,398 - INFO - Raw response from White (api_9_code) (took 5.49s):
Given the starting position of chess, where White has a multitude of possible first moves, the most common and strategically sound opening moves are those that control the center and develop the pieces. 

From the list of legal moves provided, the options include moves like:
- `e2e4` (King's Pawn Opening)
- `d2d4` (Queen's Pawn Opening)
- `b1c3` (developing the knight to c3)
- `g1f3` (developing the knight to f3)
- `g1h3` (developing the knight to h3)
- etc.

The most traditional and widely played first move is `e2e4`, which:
1. Controls the central square e5.
2. Allows the development of the queen's bishop and knight.
3. Is simple and direct, aligning with opening principles.

Thus, the recommended move is:

```
e2e4
```
2025-06-03 14:59:26,398 - INFO - Valid move found: e2e4
2025-06-03 14:59:35,109 - INFO - Move e2e4 is Stockfish's recommendation #3
2025-06-03 14:59:35,109 - INFO - Win rate after move e2e4: 51.60%
2025-06-03 14:59:35,109 - INFO - Move: e2e4
2025-06-03 14:59:35,110 - INFO - Board after move:
r n b q k b n r
p p p p p p p p
. . . . . . . .
. . . . . . . .
. . . . P . . .
. . . . . . . .
P P P P . P P P
R N B Q K B N R
2025-06-03 14:59:37,539 - INFO - Current position win rate for Black: 46.41%
2025-06-03 14:59:46,287 - INFO - Top 3 recommended moves by Stockfish:
2025-06-03 14:59:46,288 - INFO -   1. e6 (e7e6) - Win rate: 48.60%
2025-06-03 14:59:46,288 - INFO -   2. c5 (c7c5) - Win rate: 46.41%
2025-06-03 14:59:46,288 - INFO -   3. e5 (e7e5) - Win rate: 45.91%
2025-06-03 14:59:46,288 - INFO - api_9_code's turn (Black) - Move 1
2025-06-03 14:59:46,288 - INFO - Prompt to Black (api_9_code):

You are playing a game of chess. You are playing as Black.

Current board position in FEN notation:
rnbqkbnr/pppppppp/8/8/4P3/8/PPPP1PPP/RNBQKBNR b KQkq - 0 1

Legal moves in UCI notation: g8h6, g8f6, b8c6, b8a6, h7h6, g7g6, f7f6, e7e6, d7d6, c7c6, b7b6, a7a6, h7h5, g7g5, f7f5, e7e5, d7d5, c7c5, b7b5, a7a5

Analyze the position carefully. You may think through the position and consider multiple candidate moves.
When you have decided on your final move, output it in UCI notation (e.g., 'e2e4', 'g8f6') in the following format:

```
<move>
```

You can think and reason as much as you want, but your final move must be formatted exactly as shown above.

2025-06-03 14:59:46,288 - INFO - Attempt 1/3...
2025-06-03 14:59:59,612 - INFO - Raw response from Black (api_9_code) (took 13.32s):
Let's analyze the position carefully.

The given FEN string "rnbqkbnr/pppppppp/8/8/4P3/8/PPPP1PPP/RNBQKBNR b KQkq - 0 1" represents the starting position of a chess game from Black's perspective (note the 'b' before the castling rights). The legal moves listed are all the possible opening moves for Black from the starting position.

In the opening, Black typically responds to White's e4 (which is what the position shows - White has already played e2e4 as indicated by the "E4" square being occupied by a white pawn) with one of the main defenses against the King's Pawn Opening. The most common and strongest moves here would be:

1. g8f6 (Pirc/Modern Defense or Alekhine's Defense, but this is unusual as a primary response to e4)
2. g8h6 (this is actually not a standard developing move and would be unusual)
3. b8c6 (Caro-Kann Defense)
4. e7e5 (Open Game, leading to Petrov's Defense or other lines)

Among these, the most natural and strong responses to e4 are:
- e7e5 (Petrov's Defense)
- b8c6 (Caro-Kann Defense)
- g7g5 (Russian Defense, though less common)
- c7c5 (Sicilian Defense, but this is achieved by moving the c-pawn, not b8a6)

Looking at the legal moves listed, the options are:
- g8h6 (unusual)
- g8f6 (unorthodox)
- b8c6 (Caro-Kann)
- b8a6 (this would be a form of Sicilian but isn't standard - normally Sicilian is c7c5)
- Other moves like h7h6, g7g5, etc. are possible but not as challenging

The most standard and strongest moves here would be:
- b8c6 (Caro-Kann)
- e7e5 (Petrov's Defense)

Between these, the Caro-Kann (b8c6) is a solid, modern response to e4 that leads to rich, strategic positions.

Therefore, the best move is:

b8c6
2025-06-03 14:59:59,612 - WARNING - Parsing error: No valid UCI move found in response.
2025-06-03 14:59:59,613 - INFO - Attempt 2/3...
2025-06-03 15:00:09,447 - INFO - Raw response from Black (api_9_code) (took 9.83s):
Let's analyze the position carefully.

The given FEN notation represents the starting position of a chess game:
`rnbqkbnr/pppppppp/8/8/4P3/8/PPPP1PPP/RNBQKBNR b KQkq - 0 1`

This is the standard starting position with Black to move. The legal moves listed are all possible reasonable first moves for Black from the center and wing pawns, as well as the knight moves from g8 and b8.

As Black, we have several options:
1. Develop a knight: Nf6 (g8f6) or Nc6 (b8c6)
2. Move a pawn: e6, d6, c6, b6, a6, e5, d5, c5, b5, a5, h6, g6, f6, h5, g5, f5

The most common and principal moves are Nf6, Nc6, e6, e5, g6, d6, c5, etc.

Looking at the options:
- Nf6 (g8f6) is the most common first move by Black, developing a knight towards the center and preparing for possible ...d7-d5.
- Nc6 (b8c6) is another good developing move, preparing for ...d7-d5 or ...b7-b5.
- e6 is a more positional move, preparing for a King's Indian or French Defense setup.
- e5 is more aggressive, immediately challenging White's center.
- g6 prepares for a King's Indian Defense.

Since the position is symmetric and White has advanced their e-pawn, the most natural responses are either Nf6 or Nc6. Between these, Nf6 is slightly more common as it directly addresses the center.

Therefore, the best move is:

```
g8f6
```
2025-06-03 15:00:09,448 - INFO - Valid move found: g8f6
2025-06-03 15:00:20,656 - INFO - Move g8f6 is not among Stockfish's top 3 recommendations
2025-06-03 15:00:20,657 - INFO - Win rate after move g8f6: 42.85%
2025-06-03 15:00:20,657 - INFO - Move: g8f6
2025-06-03 15:00:20,657 - INFO - Board after move:
r n b q k b . r
p p p p p p p p
. . . . . n . .
. . . . . . . .
. . . . P . . .
. . . . . . . .
P P P P . P P P
R N B Q K B N R
2025-06-03 15:00:22,461 - INFO - Current position win rate for White: 56.37%
2025-06-03 15:00:28,906 - INFO - Top 3 recommended moves by Stockfish:
2025-06-03 15:00:28,906 - INFO -   1. e5 (e4e5) - Win rate: 56.46%
2025-06-03 15:00:28,906 - INFO -   2. Nc3 (b1c3) - Win rate: 50.60%
2025-06-03 15:00:28,906 - INFO -   3. d3 (d2d3) - Win rate: 48.20%
2025-06-03 15:00:28,906 - INFO - api_9_code's turn (White) - Move 2
2025-06-03 15:00:28,907 - INFO - Prompt to White (api_9_code):

You are playing a game of chess. You are playing as White.

Current board position in FEN notation:
rnbqkb1r/pppppppp/5n2/8/4P3/8/PPPP1PPP/RNBQKBNR w KQkq - 1 2

Legal moves in UCI notation: g1h3, g1f3, g1e2, f1a6, f1b5, f1c4, f1d3, f1e2, e1e2, d1h5, d1g4, d1f3, d1e2, b1c3, b1a3, e4e5, h2h3, g2g3, f2f3, d2d3, c2c3, b2b3, a2a3, h2h4, g2g4, f2f4, d2d4, c2c4, b2b4, a2a4

Analyze the position carefully. You may think through the position and consider multiple candidate moves.
When you have decided on your final move, output it in UCI notation (e.g., 'e2e4', 'g8f6') in the following format:

```
<move>
```

You can think and reason as much as you want, but your final move must be formatted exactly as shown above.

2025-06-03 15:00:28,907 - INFO - Attempt 1/3...
2025-06-03 15:01:16,444 - INFO - Raw response from White (api_9_code) (took 47.54s):
Alright, let's tackle this chess position step by step. I'm playing as White, and the current board position is given in FEN notation. First, I'll parse the FEN to understand where all the pieces are located.

### Understanding the FEN Notation:
The FEN provided is: `rnbqkb1r/pppppppp/5n2/8/4P3/8/PPPP1PPP/RNBQKBNR w KQkq - 1 2`

Breaking it down:
- `rnbqkb1r`: 
  - Black's pieces: rook (r), knight (n), bishop (b), queen (q), king (k), bishop (b), rook (r)
  - The '1' in `kb1r` indicates an empty square between the king and the second bishop.
- `pppppppp`: Black's pawns on the 7th rank.
- `5n2`: 
  - Five empty squares (the 5), then a knight (n), then two empty squares.
  - This is Black's second knight, placed on the 6th rank (since we're looking from White's perspective).
- `8`: Eight empty squares on the 4th rank (White's 5th rank).
- `4P3`: 
  - Four empty squares, then a White pawn (P), then three empty squares.
  - This is White's e-pawn on e4.
- `8`: Eight empty squares on the 2nd rank (White's 3rd rank).
- `PPPP1PPP`: 
  - White pawns on a2, b2, c2, d2, then an empty square (the 1), then pawns on f2, g2, h2.
  - The empty square is e3 (since e2 is where the White king's bishop would start, but it's moved, hence the empty square).
- `RNBQKBNR`: 
  - White's back rank pieces: rook (R), knight (N), bishop (B), queen (Q), king (K), bishop (B), knight (N), rook (R).
  - The king and queens are on their starting squares (e1 and d1), but the king's bishop is missing from f1 (hence the empty square at e3 in the previous part).
- `w`: White to move.
- `KQkq`: Castle rights. White can castle kingside (K) and queenside (Q). Black can castle kingside (k) and queenside (q).
- `-`: No en passant square.
- `1`: Halfmove clock (irrelevant for move selection).
- `2`: Fullmove number (we're at move 2 for White).

### Visualizing the Board:
From White's perspective (bottom of the board):

```
a b c d e f g h
8 r n b q k b 1 r
7 p p p p p p p p
6   5 n 2   6   
5 8       4 3   5
4   4 P 3       4
3         8     3
2 P P P P 1 P P P
1 R N B Q K B N R
  a b c d e f g h
```

Wait, that doesn't seem quite right. Let me represent it more accurately:

Actually, the FEN is read from the 8th rank (top) to the 1st rank (bottom), separated by '/'. So:

Rank 8: r n b q k b 1 r
Rank 7: p p p p p p p p
Rank 6: 5 n 2 (which is 5 empty, n, 2 empty)
Rank 5: 8 (all empty)
Rank 4: 4 P 3 (4 empty, P, 3 empty)
Rank 3: 8 (all empty)
Rank 2: P P P P 1 P P P (P P P P, empty, P P P)
Rank 1: R N B Q K B N R

So the actual position:

```
a b c d e f g h
8 r n b q k b . r
7 p p p p p p p p
6 . . . . n . . .
5 . . . . . . . .
4 . . . . P . . .
3 . . . . . . . .
2 P P P P . P P P
1 R N B Q K B N R
  a b c d e f g h
```

Ah, now it makes sense. The missing bishop is at f1 (but it's moved, hence the empty square at e3 in the FEN's 4th rank, meaning e1 is the empty square between P P P P and P P P on rank 2, so the bishop is at f1, but the empty square is at e3 in the FEN's 3rd rank, meaning e2 is empty, but that's where the king's bishop starts, so the bishop is at f1, and e2 is empty, but the FEN's rank 3 is all empty, so the bishop is at f1, and e2 is empty, meaning the bishop moved from f1 to somewhere else, but in the FEN, it's still at f1, which seems a bit confusing. Maybe the FEN's "PPPP1PPP" means pawn structure is a2,b2,c2,d2, empty at e2, then f2,g2,h2, so the bishop is at f1, and e2 is empty, meaning the bishop hasn't moved yet, but the FEN's "1" in "PPPP1PPP" indicates e2 is empty, so the bishop is at f1, and e2 is empty, meaning the bishop hasn't moved, but the FEN's "1" is between d2 and f2, meaning e2 is empty, so the bishop is at f1.

Wait, maybe the FEN's "PPPP1PPP" is parsed as:
- P at a2, b2, c2, d2
- 1 empty square (e2)
- P at f2, g2, h2
So the bishop is at f1, and e2 is empty, meaning the bishop hasn't moved yet, which aligns with the initial position where the king's bishop is at f1 and hasn't moved, hence the empty square at e2 in the pawn line.

### Legal Moves:
The legal moves given are:
g1h3, g1f3, g1e2, f1a6, f1b5, f1c4, f1d3, f1e2, e1e2, d1h5, d1g4, d1f3, d1e2, b1c3, b1a3, e4e5, h2h3, g2g3, f2f3, d2d3, c2c3, b2b3, a2a3, h2h4, g2g4, f2f4, d2d4, c2c4, b2b4, a2a4

### Analyzing the Position:
This is the starting position after White's first move, likely 1. e4 (since the e-pawn is at e4). Black's response must have been ...Nf6 (since there's a knight at f6 in the FEN), which is a common response to 1. e4 (the Alekhine's Defense).

Now it's White's second move. The legal moves include:
- Moves by the king's bishop (g1h3, g1f3), but it's at f1, so g1 is not correct unless it's a typo and means Bf1 moves, like Bf1-h3, Bf1-f3, etc.
Wait, the moves are in UCI notation, which is source square to destination square. So:
- g1h3: move piece from g1 to h3 (but g1 is empty, since the king's rook is at h1, king's knight at g1, but the king's knight is at g1, so it's Ng1-h3 or Bg1-h3, but bishop is at f1, so g1 is knight, so Ng1-h3.
Similarly, g1f3: Ng1-f3, g1e2: Ng1-e2 (but e2 is empty, but can knight jump over? Wait, in UCI, moves are source to dest, so Ng1-e2 is possible if e2 is empty, which it is.
Similarly, f1a6: Bf1-a6, f1b5: Bf1-b5, etc.
e1e2: Ke1
2025-06-03 15:01:16,445 - WARNING - Parsing error: No valid UCI move found in response.
2025-06-03 15:01:16,445 - INFO - Attempt 2/3...
2025-06-03 15:01:36,411 - INFO - Raw response from White (api_9_code) (took 19.97s):
Let's analyze the position step by step.

The given FEN is: `rnbqkb1r/pppppppp/5n2/8/4P3/8/PPPP1PPP/RNBQKBNR w KQkq - 1 2`

This represents the standard starting position after White's first move (1. e4). The Black pieces are set up normally, but the board shows:
- Black has a bishop on f8 (instead of the usual knight) and a knight on f6 (instead of the usual bishop) - this is actually the standard starting position for the "Nimzowitsch Defense" or similar, but the FEN shows it's a normal position with Black's knight already developed to f6.

Given that, this is actually the standard position after 1. e4 Nf6 (Black's most common response to e4), with White to move.

Now let's evaluate the legal moves (which interestingly include both typical e4 responses and some other options - likely the list was manually curated):

Key observations:
1. Black has already played Nf6, challenging White's e4 pawn
2. White's main options are to develop pieces or protect/advance the e4 pawn
3. The move d1h5 is listed (Qh5) but this would be premature as it leaves the queen exposed
4. Development moves like g1h3 (Nh3), g1f3 (Nf3), b1c3 (Bc3), etc. are available
5. The e4e5 push is also an option

The most natural and best moves in this position are usually:
- e4e5 (pushing the pawn to maintain control of the center)
- g1f3 (developing the king's knight to its natural square)
- b1c3 (developing the queen's bishop to a good square)

Between these, e4e5 is the most aggressive and centralizing move, while g1f3 is the most positional. Given that Black has already committed to Nf6, pushing e5 would create immediate tension in the center.

However, looking at the legal moves list, I notice that "e4e5" is listed as a legal move (as "e4e5"), while "g1f3" is also available. Given standard principles of development and center control in the opening, both are good moves, but e4e5 is typically played first in many variations of the Ruy Lopez or Italian Game.

But wait, let me double-check - in standard chess openings after 1. e4 Nf6, the most common White moves are indeed 2. e5, 2. Nc3, or 2. Nf3.

Given that, and since both e4e5 and g1f3 are available, either would be good, but e4e5 is typically more urgent as it claims more central space.

However, looking at the legal moves list again, I see "e4e5" is an option, and this is indeed the most natural continuation after 1. e4 Nf6.

Therefore, the best move is:

```
e4e5
```
2025-06-03 15:01:36,411 - INFO - Valid move found: e4e5
2025-06-03 15:01:42,789 - INFO - Move e4e5 is Stockfish's recommendation #1
2025-06-03 15:01:42,789 - INFO - Win rate after move e4e5: 56.46%
2025-06-03 15:01:42,790 - INFO - Move: e4e5
2025-06-03 15:01:42,790 - INFO - Board after move:
r n b q k b . r
p p p p p p p p
. . . . . n . .
. . . . P . . .
. . . . . . . .
. . . . . . . .
P P P P . P P P
R N B Q K B N R
2025-06-03 15:01:46,140 - INFO - Current position win rate for Black: 43.05%
2025-06-03 15:01:54,388 - INFO - Top 3 recommended moves by Stockfish:
2025-06-03 15:01:54,389 - INFO -   1. Nd5 (f6d5) - Win rate: 43.73%
2025-06-03 15:01:54,389 - INFO -   2. Ng8 (f6g8) - Win rate: 42.56%
2025-06-03 15:01:54,389 - INFO -   3. Ne4 (f6e4) - Win rate: 37.29%
2025-06-03 15:01:54,389 - INFO - api_9_code's turn (Black) - Move 2
2025-06-03 15:01:54,389 - INFO - Prompt to Black (api_9_code):

You are playing a game of chess. You are playing as Black.

Current board position in FEN notation:
rnbqkb1r/pppppppp/5n2/4P3/8/8/PPPP1PPP/RNBQKBNR b KQkq - 0 2

Legal moves in UCI notation: h8g8, b8c6, b8a6, f6g8, f6h5, f6d5, f6g4, f6e4, h7h6, g7g6, e7e6, d7d6, c7c6, b7b6, a7a6, h7h5, g7g5, d7d5, c7c5, b7b5, a7a5

Analyze the position carefully. You may think through the position and consider multiple candidate moves.
When you have decided on your final move, output it in UCI notation (e.g., 'e2e4', 'g8f6') in the following format:

```
<move>
```

You can think and reason as much as you want, but your final move must be formatted exactly as shown above.

2025-06-03 15:01:54,389 - INFO - Attempt 1/3...
2025-06-03 15:02:06,968 - INFO - Raw response from Black (api_9_code) (took 12.58s):
Let's analyze the position carefully.

The given FEN is: rnbqkb1r/pppppppp/5n2/4P3/8/8/PPPP1PPP/RNBQKBNR b KQkq - 0 2

This represents the position after Black's first move (since it's Black's turn - the 'b' in the FEN). The position shows:
- Black's knight has moved to f6 (developing a piece)
- White has played e2-e4 (the pawn is already on e5)
- The rest of the position is normal

Looking at the legal moves provided, we can see several options for Black's reply. The most critical ones appear to be:
- f6g8 (knight moves to g8 - this would be a strange retreat)
- f6h5 (knight moves to h5 - a more active square)
- b8c6 (developing the other knight)
- b8a6 (developing the knight to a6)

The most natural developing moves would be either c6 or a6 for the knight, or h5 to keep pressure on the center. The g8 move seems like a poor option as it's moving the knight away from the action.

Between b8c6 and b8a6:
- c6 is more traditional as it helps control the center and prepares for ...d5
- a6 is less common but could be used to prevent b4 by White

The move f6h5 is also interesting as it puts pressure on g3 and g2, but might be slightly passive compared to developing another piece.

Given that White has played e4 and Black has already committed to the f6 knight move, the most natural continuation would be to complete development with ...Nc6.

Therefore, the best move is:

```
b8c6
```
2025-06-03 15:02:06,968 - INFO - Valid move found: b8c6
2025-06-03 15:02:16,802 - INFO - Move b8c6 is not among Stockfish's top 3 recommendations
2025-06-03 15:02:16,802 - INFO - Win rate after move b8c6: 26.89%
2025-06-03 15:02:16,802 - INFO - Move: b8c6
2025-06-03 15:02:16,802 - INFO - Board after move:
r . b q k b . r
p p p p p p p p
. . n . . n . .
. . . . P . . .
. . . . . . . .
. . . . . . . .
P P P P . P P P
R N B Q K B N R
2025-06-03 15:02:22,170 - INFO - Current position win rate for White: 74.95%
2025-06-03 15:02:30,097 - INFO - Top 3 recommended moves by Stockfish:
2025-06-03 15:02:30,097 - INFO -   1. exf6 (e5f6) - Win rate: 72.31%
2025-06-03 15:02:30,097 - INFO -   2. d4 (d2d4) - Win rate: 58.52%
2025-06-03 15:02:30,098 - INFO -   3. Nf3 (g1f3) - Win rate: 56.95%
2025-06-03 15:02:30,098 - INFO - api_9_code's turn (White) - Move 3
2025-06-03 15:02:30,098 - INFO - Prompt to White (api_9_code):

You are playing a game of chess. You are playing as White.

Current board position in FEN notation:
r1bqkb1r/pppppppp/2n2n2/4P3/8/8/PPPP1PPP/RNBQKBNR w KQkq - 1 3

Legal moves in UCI notation: g1h3, g1f3, g1e2, f1a6, f1b5, f1c4, f1d3, f1e2, e1e2, d1h5, d1g4, d1f3, d1e2, b1c3, b1a3, e5f6, e5e6, h2h3, g2g3, f2f3, d2d3, c2c3, b2b3, a2a3, h2h4, g2g4, f2f4, d2d4, c2c4, b2b4, a2a4

Analyze the position carefully. You may think through the position and consider multiple candidate moves.
When you have decided on your final move, output it in UCI notation (e.g., 'e2e4', 'g8f6') in the following format:

```
<move>
```

You can think and reason as much as you want, but your final move must be formatted exactly as shown above.

2025-06-03 15:02:30,098 - INFO - Attempt 1/3...
2025-06-03 15:02:42,774 - INFO - Raw response from White (api_9_code) (took 12.68s):
Let's analyze the position carefully.

The FEN notation given is: r1bqkb1r/pppppppp/2n2n2/4P3/8/8/PPPP1PPP/RNBQKBNR w KQkq - 1 3

This represents the starting position after Black's 2nd move (since it's move number 3 in the FEN), with White to move. The position shows:
- Black has developed their knight to f6 (Petrov's Defense?)
- The pawn structure is still mostly intact
- No pieces have been exchanged yet

Looking at the legal moves provided, we have several options:
1. Knight moves from g1 (g1h3, g1f3, g1e2)
2. Bishop moves from f1 (f1a6, f1b5, f1c4, f1d3, f1e2)
3. King moves (e1e2)
4. Queen moves (d1h5, d1g4, d1f3, d1e2)
5. Knight moves from b1 (b1c3, b1a3)
6. Pawn moves (e5f6, e5e6 - these are actually en passant options since e5 is where a black pawn would have just moved two squares)
7. Various pawn advances (h2h3, g2g3, etc.)

The most natural developing moves in the opening are typically:
- Developing knights and bishops
- Completing king safety (though castling is not yet available)
- Controlling the center

Looking at the options:
- b1c3 is a strong developing move that controls the center squares
- g1f3 is also a good developing move that eyes the center
- d1e2 is a queenside move but doesn't develop a piece
- e1e2 is a king move but doesn't help development
- The pawn moves are mostly passive except for the en passant options

Between b1c3 and g1f3:
- b1c3 is more aggressive as it aims for the center and prepares for potential castling
- g1f3 is also good but less direct in controlling the center

Given that this is an opening position and development is key, I think the best move is to develop the queen's knight to c3.

```
b1c3
```
2025-06-03 15:02:42,774 - INFO - Valid move found: b1c3
2025-06-03 15:02:51,714 - INFO - Move b1c3 is not among Stockfish's top 3 recommendations
2025-06-03 15:02:51,714 - INFO - Win rate after move b1c3: 47.70%
2025-06-03 15:02:51,714 - INFO - Move: b1c3
2025-06-03 15:02:51,714 - INFO - Board after move:
r . b q k b . r
p p p p p p p p
. . n . . n . .
. . . . P . . .
. . . . . . . .
. . N . . . . .
P P P P . P P P
R . B Q K B N R
2025-06-03 15:02:52,876 - INFO - Current position win rate for Black: 52.60%
2025-06-03 15:02:59,434 - INFO - Top 3 recommended moves by Stockfish:
2025-06-03 15:02:59,434 - INFO -   1. Nxe5 (c6e5) - Win rate: 52.70%
2025-06-03 15:02:59,435 - INFO -   2. Ng8 (f6g8) - Win rate: 41.29%
2025-06-03 15:02:59,435 - INFO -   3. d5 (d7d5) - Win rate: 25.73%
2025-06-03 15:02:59,435 - INFO - api_9_code's turn (Black) - Move 3
2025-06-03 15:02:59,435 - INFO - Prompt to Black (api_9_code):

You are playing a game of chess. You are playing as Black.

Current board position in FEN notation:
r1bqkb1r/pppppppp/2n2n2/4P3/8/2N5/PPPP1PPP/R1BQKBNR b KQkq - 2 3

Legal moves in UCI notation: h8g8, a8b8, f6g8, f6h5, f6d5, f6g4, f6e4, c6b8, c6e5, c6a5, c6d4, c6b4, h7h6, g7g6, e7e6, d7d6, b7b6, a7a6, h7h5, g7g5, d7d5, b7b5, a7a5

Analyze the position carefully. You may think through the position and consider multiple candidate moves.
When you have decided on your final move, output it in UCI notation (e.g., 'e2e4', 'g8f6') in the following format:

```
<move>
```

You can think and reason as much as you want, but your final move must be formatted exactly as shown above.

2025-06-03 15:02:59,435 - INFO - Attempt 1/3...
2025-06-03 15:03:08,783 - INFO - Raw response from Black (api_9_code) (took 9.35s):
Let's analyze the current position carefully.

FEN: r1bqkb1r/pppppppp/2n2n2/4P3/8/2N5/PPPP1PPP/R1BQKBNR b KQkq - 2 3

This is the position after Black's 3rd move (since it's Black's turn, indicated by 'b' in the FEN). The position shows:

1. Black has the Queen's Gambit Declined setup with a French-like pawn structure (e6, d5 would be typical but here it's e5)
2. White has played the Albin Counter-Gambit (e4 e5, then c3 and d4 variations)
3. Black's knight on c6 is pinned to the queen on d8
4. The light-squared bishops are still on the board
5. Black's king is still in the center with castling rights available (indicated by KQkq)

Looking at the legal moves provided, we need to consider development and piece coordination. The most critical line appears to be the knight on f6, which is attacking White's center.

The most promising moves seem to be:
- f6g8 (developing the knight further, though this is a long move)
- f6h5 (putting pressure on White's g2 pawn)
- c6e5 (unpinning the knight and attacking the central pawn)

However, the most urgent matter is the pin on the c6 knight. The move c6e5 would both unpin the knight and challenge White's central pawn, which is a typical strategic idea in such positions.

After careful consideration, the best move appears to be:

```
c6e5
```
2025-06-03 15:03:08,784 - INFO - Valid move found: c6e5
2025-06-03 15:03:15,014 - INFO - Move c6e5 is Stockfish's recommendation #1
2025-06-03 15:03:15,014 - INFO - Win rate after move c6e5: 52.70%
2025-06-03 15:03:15,014 - INFO - Move: c6e5
2025-06-03 15:03:15,014 - INFO - Board after move:
r . b q k b . r
p p p p p p p p
. . . . . n . .
. . . . n . . .
. . . . . . . .
. . N . . . . .
P P P P . P P P
R . B Q K B N R
2025-06-03 15:03:17,401 - INFO - Current position win rate for White: 45.81%
2025-06-03 15:03:27,812 - INFO - Top 3 recommended moves by Stockfish:
2025-06-03 15:03:27,812 - INFO -   1. d4 (d2d4) - Win rate: 44.23%
2025-06-03 15:03:27,812 - INFO -   2. f4 (f2f4) - Win rate: 39.84%
2025-06-03 15:03:27,812 - INFO -   3. Bb5 (f1b5) - Win rate: 38.51%
2025-06-03 15:03:27,812 - INFO - api_9_code's turn (White) - Move 4
2025-06-03 15:03:27,812 - INFO - Prompt to White (api_9_code):

You are playing a game of chess. You are playing as White.

Current board position in FEN notation:
r1bqkb1r/pppppppp/5n2/4n3/8/2N5/PPPP1PPP/R1BQKBNR w KQkq - 0 4

Legal moves in UCI notation: c3d5, c3b5, c3e4, c3a4, c3e2, c3b1, g1h3, g1f3, g1e2, f1a6, f1b5, f1c4, f1d3, f1e2, e1e2, d1h5, d1g4, d1f3, d1e2, a1b1, h2h3, g2g3, f2f3, d2d3, b2b3, a2a3, h2h4, g2g4, f2f4, d2d4, b2b4, a2a4

Analyze the position carefully. You may think through the position and consider multiple candidate moves.
When you have decided on your final move, output it in UCI notation (e.g., 'e2e4', 'g8f6') in the following format:

```
<move>
```

You can think and reason as much as you want, but your final move must be formatted exactly as shown above.

2025-06-03 15:03:27,813 - INFO - Attempt 1/3...
2025-06-03 15:04:13,496 - INFO - Raw response from White (api_9_code) (took 45.68s):
Alright, let's tackle this chess position step by step. I'm playing as White, and the current board position is given in FEN notation. First, I'll parse the FEN to understand the setup, then look at the legal moves provided, and finally analyze the position to decide on the best move.

### Understanding the FEN Notation

The FEN provided is: `r1bqkb1r/pppppppp/5n2/4n3/8/2N5/PPPP1PPP/R1BQKBNR w KQkq - 0 4`

Breaking this down:

1. **Board Representation**:
   - `r1bqkb1r`: Black's pieces on the first rank (from left to right): rook, knight, bishop, queen, king, bishop, knight, rook.
   - `pppppppp`: All pawns on the second rank.
   - `5n2`: Fifth rank has a knight (n) in the middle (positions e5 and g5 are empty, but the knight is at f6, as per the next move in the game).
   - `4n3`: This seems to be a continuation from the previous, meaning the fourth rank has a knight at e5 (since the previous was f6, this is likely e5).
   - `8`: Empty fifth rank (but actually, this should represent the fifth rank, which is empty except for the knight at e5, so maybe `5n3` would be clearer, but the given FEN seems to have `4n3` for the fourth rank, which might be a typo; likely the fifth rank is mostly empty with a knight at e5).
   - Given the confusion in parsing, let's reconstruct based on standard initial positions and the moves made.

Wait, actually, the FEN seems to be from the start of the game with some moves played. The initial FEN is standard, and the given moves suggest it's after Black's third move (since the move count is at 4, meaning 3 half-moves have passed).

Given that, let's interpret the FEN as follows:

- `r1bqkb1r`: Black's back rank: R, N, B, Q, K, B, N, R.
- `pppppppp`: Black's pawns on the seventh rank.
- `5n2`: This is likely the sixth rank (since after initial moves, the sixth rank would be where Black's pieces have moved), with a knight at f6 (since '5n2' means 5 empty squares, then 'n', then 2 empty squares, but positions are counted from left to right, so positions a6 to e6 are empty, then f6 is a knight, then g6 and h6 are empty).
- `4n3`: Fifth rank: 4 empty squares, then a knight at e5, then 3 empty squares (positions a5 to d5 empty, e5 is knight, f5 to h5 empty).
- Then comes the fourth rank, which is empty (`8`), then White's pieces:
  - `2N5`: Third rank has a knight at c3 (2 empty, N, then 5 empty).
  - `PPPP1PPP`: Second rank has pawns, with the d-pawn at d2 (since it's `1` between pawns).
  - `R1BQKBNR`: First rank: Rooks at a1 and h1, knight at b1, bishop at c1, queen at d1, king at e1, bishop at f1, knight at g1, rook at h1 (but `R1BQKBNR` means: R, empty (since '1'), B, Q, K, B, N, R; so likely rook at a1, knight missing from b1 (already moved), bishop at c1, queen at d1, king at e1, bishop at f1, knight at g1, rook at h1).
  
However, this seems a bit confusing. Maybe a better approach is to reconstruct the position based on the given moves and standard opening lines.

Given that the legal moves include `g1h3`, `g1f3`, etc., which are knight moves from g1 (so the knight is still at g1), but also `c3b5`, `c3d5`, etc., which suggest the knight is at c3. This implies that the knight has moved from b1 to c3 in a previous move (like in the Italian Game or similar).

Given the complexity, perhaps the position is after the moves:
1. e4 e5 (Standard opening)
2. Nf3 Nc6
3. Bc4 Nf6
4. ? (White's fourth move, where we have to choose)

But the legal moves include `c3d5`, `c3b5`, etc., which are pawn moves from c3, but c3 is where the knight is in the Italian Game. This suggests that maybe the knight is at c3, meaning the sequence was:
1. e4 e5
2. Nf3 Nc6
3. Nc3 (knight moves to c3 instead of Bc4)
Then Black's third move could be Nf6, leading to the current position.

Given that, the position is likely:
- White: pawns at e2, pawns at a2, b2, d2, g2, h2; knights at b1, g1; one knight at c3; bishops at c1, f1; queen at d1; king at e1; rooks at a1, h1.
- Black: pawns at a7, b7, c7, d7, e6, f7, g7, h7; knights at b8, f6; bishops at c8, f8; queen at d8; king at e8; rooks at a8, h8.

But the FEN seems to have a knight at e5 for Black (from `4n3`), which would be after 4. ... Nf6? Wait, no, if the knight is at f6, then `5n2` would be the sixth rank with a knight at f6, and `4n3` would be fifth rank with knight at e5, which seems like Black's knight at e5, which would be after 4. ... Ne5.

Given that, the moves up to here are:
1. e4 e5
2. Nf3 Nc6
3. Nc3 Nf6
4. ? (White's fourth move)
   Black's third move was Nf6, and then maybe 4. ... Ne5? Wait, that would be Black's fourth move, but the move count in FEN is 4, meaning it's White's fourth move now.

This seems a bit off. Maybe the moves are:
1. e4 e5
2. Nf3 Nc6
3. Bc4 Nf6
4. Nc3 (White moves knight to c3)
   Then Black's third move was Nf6, and now it's White's fourth move, and Black's fourth move hasn't been made yet. But the FEN shows the position after White's fourth move, with Black to play (the 'w' in FEN means White to move, but the move count is 4, meaning 4 moves have been made (2 white, 2 black), so it's White's third move, but this is getting confusing.

Perhaps it's better to look at the legal moves and the board state to deduce the position.

Given the legal moves include `c3d5`, `c3b5`, etc., which are pawns moving from c3, but c3 is where a knight is in standard openings unless the knight has moved. So perhaps the sequence is:
1. e4 e5
2. Nf3 Nc6
3. Nc3 (knight moves to c3)
   Now, the knight is at c3, and the legal moves include pawn moves from c3, which doesn't make sense unless the pawn is at c4 and moves to c5, but the legal moves are `c3d5`, `c3b5`, which are from c3, implying the pawn is at c3, which would mean the knight hasn't moved to c3 yet, contradicting `Nc3` being a legal move.

This suggests that the initial parsing of the FEN might be incorrect. Maybe the FEN is from a different sequence.

Given the complexity, let's look at the legal moves and the position:

Key pieces:
- Knights: likely at b1, g1 for White, and some at f6, e5 for Black (from FEN's `5n2` and `4n3`).
- The legal moves include `c3d5`, `c3b5`, etc., which are pawn moves from c3, implying the pawn is at c3, which would mean the knight hasn't moved to c3 yet, but `
2025-06-03 15:04:13,497 - WARNING - Parsing error: No valid UCI move found in response.
2025-06-03 15:04:13,497 - INFO - Attempt 2/3...
2025-06-03 15:04:59,178 - INFO - Raw response from White (api_9_code) (took 45.68s):
Alright, let's tackle this chess position step by step. I'm playing as White, and the current FEN notation gives me the board setup. First, I'll decode the FEN to visualize the board:

FEN: r1bqkb1r/pppppppp/5n2/4n3/8/2N5/PPPP1PPP/R1BQKBNR w KQkq - 0 4

Breaking it down:
- r1bqkb1r: Black's pieces - Rook, nothing, Bishop, Queen, King, Bishop, nothing, Rook
- pppppppp: All pawns for Black
- 5n2: Empty squares except for a knight on f6
- 4n3: Empty squares except for a knight on e5
- 8: Empty rank
- 2N5: Knight on c3, rest empty
- PPPPPPPP: All pawns for White
- R1BQKBNR: Rook, nothing, Bishop, Queen, King, Bishop, Knight, Rook

So, the board looks like this (from White's perspective):

```
r n b q k b r
p p p p p p p
. . . . . n .
. . . . n . .
. . . . . . .
. . N . . . .
P P P P . P P
R . B Q K B N R
```

Wait, actually, the FEN is read from Black's perspective (right to left for ranks), so the correct visualization is:

After decoding properly:

Rank 8: r n b q k b r
Rank 7: p p p p p p p
Rank 6: . . . . . n .
Rank 5: . . . . n . .
Rank 4: . . . . . . .
Rank 3: . . N . . . .
Rank 2: P P P P . P P
Rank 1: R . B Q K B N R

Wait, no, the FEN is given as "r1bqkb1r/pppppppp/5n2/4n3/8/2N5/PPPP1PPP/R1BQKBNR", which means:

- Rank 8: r (rook), 1 (empty), b (bishop), q (queen), k (king), b (bishop), 1 (empty), r (rook) → r1bqkb1r
- Rank 7: p p p p p p p p
- Rank 6: 5 empty, then n, then 2 empty → 5n2 is . . . . .n. .
Wait, no, "5n2" means 5 empty, then n, then 2 empty, but since it's 8 squares, it's 5 + 1 (n) + 2 = 8, so rank 6 is . . . . .n. .
Similarly, "4n3" is 4 empty, n, 3 empty → . . . .n. . .
Then 8 empty is rank 4, then "2N5" is 2 empty, N, 5 empty → . .N. . . . .
Then "PPPP1PPP" is P P P P empty P P P
Then "R1BQKBNR" is R empty B Q K B N R

So the correct board is:

Rank 8: r . b q k b . r
Rank 7: p p p p p p p p
Rank 6: . . . . . n . .
Rank 5: . . . . n . . .
Rank 4: . . . . . . . .
Rank 3: . . N . . . . .
Rank 2: P P P P . P P P
Rank 1: R . B Q K B N R

But the color of the squares isn't specified in FEN, but since it's White's turn (indicated by 'w' in FEN), and the bottom rank is usually rank 1 for White, so the above seems correct.

Now, looking at the position:

- Black has a queenside fianchetto with bishops on b7 and g8.
- Knights are on f6 and e5.
- White has a knight on c3, and all pieces are in their starting positions except for the missing knight on g1 (which is now on f3 or h3 in some lines, but here it's on h1, since g1 is still there in the FEN: R1BQKBNR - the first R is on h1, then empty, B on f1, etc.)
Wait, no: R1BQKBNR means:
- R on a1
- empty b1
- B on c1
- Q on d1
- K on e1
- B on f1
- N on g1
- R on h1

So the knight is still on g1, not moved yet.

Black's last move was likely ...Nge5 or ...f6? Wait, the FEN shows the position after Black's 3rd move (since the move count is 0 4, meaning White's 4th move is to be played now, so Black has played 3 moves: the initial position is move 0, then White 1, Black 1, White 2, Black 2, White 3, Black 3, now White 4).

Given that, and the position, likely opening is some line where Black has played ...e5 or similar.

But the knights are on f6 and e5, suggesting a possible Sicilian or Alekhine's defense, but not exactly matching standard openings.

Now, looking at legal moves provided:

The legal moves are:
c3d5, c3b5, c3e4, c3a4, c3e2, c3b1, g1h3, g1f3, g1e2, f1a6, f1b5, f1c4, f1d3, f1e2, e1e2, d1h5, d1g4, d1f3, d1e2, a1b1, h2h3, g2g3, f2f3, d2d3, b2b3, a2a3, h2h4, g2g4, f2f4, d2d4, b2b4, a2a4

First, let's categorize these moves to understand what's possible:

1. Moves starting with c3:
   - c3d5: Knight from c3 to d5? But c3 is a bishop (Bc1), not a knight. Wait, no: c3 is a square, not the piece's current square. The moves are in UCI notation, where the first two letters are the from and to squares. So "c3d5" means move the piece on c3 to d5. Currently, on c3 is a knight (Nc3), so this is Nc3-d5.
   But is Nc3-d5 legal? The square d5 is occupied by a black knight on e5, but wait, d5 is empty in the FEN (rank 5 is . . . . n . . .), so d5 is empty. So Nc3-d5 is possible, attacking the black knight on e5.

   Similarly:
   - c3b5: Nc3-b5
   - c3e4: Nc3-e4
   - c3a4: Nc3-a4
   - c3e2: Nc3-e2 (but e2 is occupied by White's own pawn on e2)
   - c3b1: Nc3-b1 (b1 is empty, but this is a strange move, retreating the knight)

2. Moves starting with g1:
   - g1h3: This would be the knight on g1 to h3, but g1 is a rook (Rh1), not a knight. Wait, no: the moves are from and to squares, not pieces. So "g1h3" means move the piece on g1 to h3. Currently, g1 is a rook (Rh1), so this is Rh1-h3, which is not a standard rook move (rooks move horizontally or vertically), so this seems invalid. Maybe it's a king move? Wait, the king is on e1, so "g1h3" is not a king move. Maybe it's a misprint, meaning Gh1 is not a valid square. Wait, UCI notation uses a1-h8, so g1 is valid, but moving a rook from g1 to h3 is not a standard move (rooks can't move diagonally). Maybe this is a typo, and it's meant to be g2h3 or similar. Alternatively, maybe it's a castling move, but castling is O
2025-06-03 15:04:59,178 - WARNING - Parsing error: No valid UCI move found in response.
2025-06-03 15:04:59,178 - INFO - Attempt 3/3...
2025-06-03 15:04:59,942 - INFO - Raw response from White (api_9_code) (took 0.76s):
```
g1f3
```
2025-06-03 15:04:59,942 - INFO - Valid move found: g1f3
2025-06-03 15:05:13,904 - INFO - Move g1f3 is not among Stockfish's top 3 recommendations
2025-06-03 15:05:13,904 - INFO - Win rate after move g1f3: 39.65%
2025-06-03 15:05:13,904 - INFO - Move: g1f3
2025-06-03 15:05:13,905 - INFO - Board after move:
r . b q k b . r
p p p p p p p p
. . . . . n . .
. . . . n . . .
. . . . . . . .
. . N . . N . .
P P P P . P P P
R . B Q K B . R
2025-06-03 15:05:16,437 - INFO - Current position win rate for Black: 60.73%
2025-06-03 15:05:22,624 - INFO - Top 3 recommended moves by Stockfish:
2025-06-03 15:05:22,624 - INFO -   1. Nxf3+ (e5f3) - Win rate: 61.30%
2025-06-03 15:05:22,624 - INFO -   2. Nc6 (e5c6) - Win rate: 57.05%
2025-06-03 15:05:22,624 - INFO -   3. d6 (d7d6) - Win rate: 56.76%
2025-06-03 15:05:22,625 - INFO - api_9_code's turn (Black) - Move 4
2025-06-03 15:05:22,625 - INFO - Prompt to Black (api_9_code):

You are playing a game of chess. You are playing as Black.

Current board position in FEN notation:
r1bqkb1r/pppppppp/5n2/4n3/8/2N2N2/PPPP1PPP/R1BQKB1R b KQkq - 1 4

Legal moves in UCI notation: h8g8, a8b8, f6g8, f6h5, f6d5, f6g4, f6e4, e5g6, e5c6, e5g4, e5c4, e5f3, e5d3, h7h6, g7g6, e7e6, d7d6, c7c6, b7b6, a7a6, h7h5, g7g5, d7d5, c7c5, b7b5, a7a5

Analyze the position carefully. You may think through the position and consider multiple candidate moves.
When you have decided on your final move, output it in UCI notation (e.g., 'e2e4', 'g8f6') in the following format:

```
<move>
```

You can think and reason as much as you want, but your final move must be formatted exactly as shown above.

2025-06-03 15:05:22,625 - INFO - Attempt 1/3...
2025-06-03 15:06:08,065 - INFO - Raw response from Black (api_9_code) (took 45.44s):
Alright, let's tackle this chess position step by step. I'm playing as Black, and I need to evaluate the current position and choose the best move from the given legal options.

### Understanding the Position (FEN: r1bqkb1r/pppppppp/5n2/4n3/8/2N2N2/PPPP1PPP/R1BQKB1R b KQkq - 1 4)

First, let's parse the FEN notation to understand the board setup:

- **r1bqkb1r**: Black's pieces: rook at a8, knight at b8, bishop at c8, queen at d8, king at e8, bishop at f8, knight at g8, rook at h8.
Wait, that doesn't seem right because the first part of FEN describes Black's pieces from a8 to h8. Let me correct that:

Actually, the FEN is given from White's perspective, with the rightmost square being h1 (bottom right for White). Since it's Black's move, the board is viewed from White's side, but the pieces are Black's.

Breaking down "r1bqkb1r":
- a8: rook (r)
- b8: empty (1)
- c8: knight (b)
- d8: queen (q)
- e8: king (k)
- f8: bishop (b)
- g8: empty (1)
- h8: rook (r)

Wait, no—the first part is "r1bqkb1r", which is:
- a8: r
- b8: 1 (empty)
- c8: b
- d8: q
- e8: k
- f8: b
- g8: 1
- h8: r

Hmm, that seems off because usually, the back rank for Black has rook, knight, bishop, queen, king, bishop, knight, rook. Maybe the "1" is a mistake. Wait, the FEN is "r1bqkb1r", meaning:

- a8: r
- b8: empty (1)
- c8: b
- d8: q
- e8: k
- f8: b
- g8: empty (1)
- h8: r

This suggests that Black's knight is not on b8 and g8, which is unusual. Maybe the correct interpretation is that the first part is "r1bqkb1r", meaning:

Actually, the correct breakdown is:
- r: rook at a8
- 1: one empty square (b8)
- b: bishop at c8
- q: queen at d8
- k: king at e8
- b: bishop at f8
- 1: one empty square (g8)
- r: rook at h8

So Black's knights are missing from their usual squares (b8 and g8), which is odd. Maybe the FEN is incorrect, or it's a specific position where knights have moved.

Looking at the rest of the FEN:
- Next part: "pppppppp" - all pawns on their original squares (a7 to h7 for Black).
- Next: "5n2" - fifth rank (from White's view, which is Black's fourth rank) has a knight on f6 (since "5n2" means rank 5: empty, empty, empty, knight, empty, empty, empty, empty).
Wait, no—the third part is the fifth rank from White's view, which is Black's fourth rank (where pawns usually are). But here, it's "5n2", meaning:
- Rank 5 (Black's 4th): empty, empty, empty, knight (f5?), but the notation is a bit confusing. Maybe it's better to think that the board is:

Actually, the FEN is: r1bqkb1r/pppppppp/5n2/4n3/8/2N2N2/PPPP1PPP/R1BQKB1R

Breaking it down:
1. r1bqkb1r: Black's back rank (a8 to h8): r, empty, b, q, k, b, empty, r
2. pppppppp: Black's pawns on a7 to h7
3. 5n2: This is the fifth rank from White's side (Black's fourth rank): empty, empty, empty, knight (f5), empty, empty, empty, empty
Wait, no—the third part is the fifth rank from White's side, which is where Black's pieces are. But "5n2" seems to imply that on rank 5, there's a knight on f5 (since "5n2" is rank 5: empty, empty, empty, knight, empty, empty, empty, empty), but that doesn't match the "5n2". Maybe it's better to think that the board is:

Actually, the correct interpretation is:

- First part (ranks 8 to 1 from White's side):
  - Rank 8: r1bqkb1r
    - a8: r
    - b8: empty (1)
    - c8: b
    - d8: q
    - e8: k
    - f8: b
    - g8: empty (1)
    - h8: r
  - Rank 7: pppppppp (all pawns)
  - Rank 6: 5n2 (empty, empty, empty, empty, knight, empty, empty, empty) - so knight on f6
  - Rank 5: 4n3 (empty, empty, empty, empty, knight, empty, empty, empty) - knight on e5
  - Then White's pieces, but since it's Black's move, we can ignore White's side for piece placement.

Wait, the FEN is for the entire board, so let's reconstruct it properly:

From White's side (rank 1 to 8):

Rank 1: R1BQKB1R
- a1: R
- b1: empty (1)
- c1: B
- d1: Q
- e1: K
- f1: B
- g1: empty (1)
- h1: R

But this seems incorrect because White's back rank should have rook, knight, bishop, queen, king, bishop, knight, rook. The "1" suggests empty squares, which is unusual. Maybe the FEN is from a specific position where some pieces have moved.

Given the complexity, perhaps it's better to focus on the given legal moves and the fact that Black is to move.

### Analyzing the Legal Moves

The legal moves given are (in UCI notation, source-target):

1. h8g8: Rh8 to g8 (rook move)
2. a8b8: Ra8 to b8 (rook move)
3. f6g8: Nf6 to g8 (knight move)
4. f6h5: Nf6 to h5
5. f6d5: Nf6 to d5
6. f6g4: Nf6 to g4
7. f6e4: Nf6 to e4
8. e5g6: Ne5 to g6
9. e5c6: Ne5 to c6
10. e5g4: Ne5 to g4
11. e5c4: Ne5 to c4
12. e5f3: Ne5 to f3
13. e5d3: Ne5 to d3
14. h7h6: h7 pawn to h6
15. g7g6: g7 pawn to g6
16. e7e6: e7 pawn to e6
17. d7d6: d7 pawn to d6
18. c7c6: c7 pawn to c6
19. b7b6: b7 pawn to b6
20. a7a6: a7 pawn to a6
21. h7h5: h7 pawn to h5
22. g7g5: g7 pawn to g5
23. d7d5: d7 pawn to d5
24. c7c5: c7 pawn to c5
25. b7b5: b7 pawn to b5
26. a7a5: a7 pawn to a5

From this, Black can move:
- Knights (f6 and e5) to several squares.
- Pawns on the 7th rank forward one or two squares.
- Rooks on a8 and h8.

### Evaluating the Position
2025-06-03 15:06:08,065 - WARNING - Parsing error: No valid UCI move found in response.
2025-06-03 15:06:08,065 - INFO - Attempt 2/3...
2025-06-03 15:06:08,728 - INFO - Raw response from Black (api_9_code) (took 0.66s):
```
f6h5
```
2025-06-03 15:06:08,728 - INFO - Valid move found: f6h5
2025-06-03 15:06:15,423 - INFO - Move f6h5 is not among Stockfish's top 3 recommendations
2025-06-03 15:06:15,423 - INFO - Win rate after move f6h5: 22.37%
2025-06-03 15:06:15,423 - INFO - Move: f6h5
2025-06-03 15:06:15,423 - INFO - Board after move:
r . b q k b . r
p p p p p p p p
. . . . . . . .
. . . . n . . n
. . . . . . . .
. . N . . N . .
P P P P . P P P
R . B Q K B . R
2025-06-03 15:06:16,203 - INFO - Current position win rate for White: 78.04%
2025-06-03 15:06:17,339 - INFO - Top 3 recommended moves by Stockfish:
2025-06-03 15:06:17,339 - INFO -   1. Nxe5 (f3e5) - Win rate: 78.11%
2025-06-03 15:06:17,340 - INFO -   2. Ng5 (f3g5) - Win rate: 50.00%
2025-06-03 15:06:17,340 - INFO -   3. Ng1 (f3g1) - Win rate: 50.00%
2025-06-03 15:06:17,340 - INFO - api_9_code's turn (White) - Move 5
2025-06-03 15:06:17,340 - INFO - Prompt to White (api_9_code):

You are playing a game of chess. You are playing as White.

Current board position in FEN notation:
r1bqkb1r/pppppppp/8/4n2n/8/2N2N2/PPPP1PPP/R1BQKB1R w KQkq - 2 5

Legal moves in UCI notation: f3g5, f3e5, f3h4, f3d4, f3g1, c3d5, c3b5, c3e4, c3a4, c3e2, c3b1, h1g1, f1a6, f1b5, f1c4, f1d3, f1e2, e1e2, d1e2, a1b1, h2h3, g2g3, d2d3, b2b3, a2a3, h2h4, g2g4, d2d4, b2b4, a2a4

Analyze the position carefully. You may think through the position and consider multiple candidate moves.
When you have decided on your final move, output it in UCI notation (e.g., 'e2e4', 'g8f6') in the following format:

```
<move>
```

You can think and reason as much as you want, but your final move must be formatted exactly as shown above.

2025-06-03 15:06:17,340 - INFO - Attempt 1/3...
2025-06-03 15:07:02,767 - INFO - Raw response from White (api_9_code) (took 45.43s):
Alright, let's tackle this chess position step by step. I'm playing as White, and the current FEN notation gives me the following board state:

`r1bqkb1r/pppppppp/8/4n2n/8/2N2N2/PPPP1PPP/R1BQKB1R w KQkq - 2 5`

Breaking down the FEN:
- `r1bqkb1r`: Black's pieces: rook, knight, bishop, queen, king, bishop, knight, rook.
- `pppppppp`: All pawns are still in their initial positions for both sides.
- `8`: Empty rank (no pieces here).
- `4n2n`: On the fourth rank (from Black's perspective), there's a knight on the fifth file and another knight on the seventh file (from White's perspective, these are the knight on e5 and h5, but since the FEN is from Black's view, it's actually e5 and h5 for White).
Wait, let me clarify the board orientation. FEN is always given from White's perspective, so the ranks are numbered from 1 to 8 with 1 being White's first rank and 8 being Black's first rank. So `4n2n` means:
- On rank 4 (from White's side, which is Black's fifth rank), there's a knight on square e5 (since `4n` means four empty squares, then a knight), and then two empty squares, then another knight on square h5.

But looking at the rest of the FEN, it seems the count is `4n2n`, which is a bit confusing because it should be 8 squares. Maybe it's `4n2n` meaning:
- First four squares: empty
- Then a knight
- Then two squares empty
- Then another knight
- Then one square empty (total 4 + 1 + 2 + 1 = 8)

So the knight is on e5 (f5 from White's perspective?), no, wait, FEN is always from White's side, so the squares are from a1 to h8 from White's bottom left.

Given that, `4n2n` is:
- a4, b4, c4, d4: empty
- e4: knight
- f4, g4: empty
- h4: knight

But the next part is `8`, meaning rank 3 is empty, then `pppppppp` is rank 2 (Black's pawns), and `r1bqkb1r` is rank 1 (Black's pieces).

Wait, no, the FEN is split into ranks separated by '/':
1. `r1bqkb1r`: rank 8 (Black's first rank)
2. `pppppppp`: rank 7
3. `8`: rank 6
4. `4n2n`: rank 5
5. `8`: rank 4
6. `8`: rank 3
7. `PPPPPPPP`: rank 2 (White's pawns)
8. `R1BQKB1R`: rank 1 (White's pieces)

But this seems incorrect because the given FEN has `w KQkq - 2 5`, meaning it's White's move, with castling rights (KQkq), no en passant, halfmove clock 2, fullmove number 5.

Wait, perhaps the initial breakdown was incorrect. Let me correctly parse the FEN:

The FEN is: `r1bqkb1r/pppppppp/8/4n2n/8/2N2N2/PPPP1PPP/R1BQKB1R w KQkq - 2 5`

This is:
- Rank 8: `r1bqkb1r` (Black's pieces)
- Rank 7: `pppppppp` (Black's pawns)
- Rank 6: `8` (empty)
- Rank 5: `4n2n` (from a5 to h5: a5, b5, c5, d5 empty; e5 knight; f5, g5 empty; h5 knight)
- Rank 4: `8` (empty)
- Rank 3: `2N2N2` (a3, b3 empty; c3 knight; d3 empty; e3 knight; f3, g3, h3 empty)
Wait, no, `2N2N2` is:
- a3, b3: empty
- c3: knight
- d3: empty
- e3: knight
- f3, g3, h3: empty

But the legal moves include `f3g5`, `f3e5`, etc., which suggests that the knight on f3 is moving, but in the FEN, the knight is on e3 and c3 for White (rank 3), and Black has knights on e5 and h5 (rank 5).

Given that, the legal moves are all from f3, which is empty in the FEN, but the moves are from f3 (like f3g5), meaning the current square is f3, and it's moving to g5, etc., which suggests that the piece moving is on f3, but in the FEN, f3 is empty. This is confusing.

Wait, the legal moves are in UCI notation, where the first two letters are the from square. So `f3g5` means move from f3 to g5. But in the FEN, f3 is empty, so how can a piece move from f3? This suggests that the FEN might be incorrect or that the legal moves are from a different position.

Wait, perhaps the FEN is from Black's perspective, but FEN is always from White's perspective. Alternatively, maybe the legal moves are for Black, but the FEN says it's White's move (`w`).

This inconsistency suggests that either the FEN or the legal moves might be misrepresented. Given that, perhaps the FEN is correct, and the legal moves are indeed White's, but the issue is that the legal moves include moves from f3, which is empty in the FEN.

This seems like a contradiction. Maybe the FEN is actually:

Given the standard initial position, and the moves, perhaps the actual position is:

White's pieces:
- King on e1, queen on d1, rooks on a1 and h1, bishops on c1 and f1, knights on b1 and g1, pawns on a2, b2, c2, d2, e2, f2, g2, h2.

Black's pieces:
- From the FEN `r1bqkb1r/pppppppp/8/4n2n/8/2N2N2/PPPP1PPP/R1BQKB1R`, but this seems to be from White's perspective, so Black's pieces are on rank 8 and 7:
  - `r1bqkb1r`: a8=r, b8=n, c8=b, d8=q, e8=k, f8=b, g8=n, h8=r
  - `pppppppp`: pawns on a7 to h7
  - `8`: rank 6 empty
  - `4n2n`: rank 5: e5=n, h5=n
  - `8`: rank 4 empty
  - `2N2N2`: rank 3: c3=N, e3=N
  - `PPPP1PPP`: rank 2: pawns on a2, b2, c2, e2, f2, g2, h2 (d2 empty?)
  - `R1BQKB1R`: rank 1: a1=R, b1=N, c1=B, d1=Q, e1=K, f1=B, g1=N, h1=R

But then the legal moves include `f3g5`, which would be from f3, but in the FEN, f3 is empty. This suggests that the FEN might be incorrect or that the legal moves are from a different position.

Given this confusion, perhaps the actual position is:

White's pieces:
- Pawns on a2, b2, c2, d2, e2, f2, g2, h2
- Knights on b1 and g1
- Bishops on c1 and f1
- Rooks on a1 and h1
- Queen on d1
- King on e1

Black's pieces:
- Pawns on a7, b7, c7, d7, e7, f7, g7, h7
- Knights on b8 and g8
- Bishops on c8 and f8
- Queen on d8
- King on e8
- Rooks on
2025-06-03 15:07:02,768 - WARNING - Parsing error: No valid UCI move found in response.
2025-06-03 15:07:02,768 - INFO - Attempt 2/3...
2025-06-03 15:07:48,541 - INFO - Raw response from White (api_9_code) (took 45.77s):
Alright, let's tackle this chess position step by step. I'm White, and it's my turn to move. The current FEN notation is:

`r1bqkb1r/pppppppp/8/4n2n/8/2N2N2/PPPP1PPP/R1BQKB1R w KQkq - 2 5`

First, let's decode the FEN to understand the board position:

- `r1bqkb1r`: Black's pieces: rook, knight, bishop, queen, king, bishop, knight, rook.
- `pppppppp`: All pawns are still in their initial positions.
- `8`: Empty rank (no pieces here).
- `4n2n`: The fourth rank has a knight on e5 and another knight on h5 (since FEN is read from the 8th rank down, and the second 'n' is on h5 because it's after the empty space indicated by '2').
  
Wait, actually, let's parse the FEN more carefully:

Breaking down `r1bqkb1r/pppppppp/8/4n2n/8/2N2N2/PPPP1PPP/R1BQKB1R`:

1. `r1bqkb1r`: 
   - a8: rook (r)
   - b8: knight (1 is not a piece, it's a count of empty squares; but here it's '1', meaning one empty square after rook, then bishop, etc. Wait, no, FEN is piece placement from a8 to h8:
     - a8: r
     - b8: empty (but '1' is not a piece; actually, '1' would mean one empty square before the next piece, but here it's 'r1bqkb1r', which is:
       - r, then one empty, then b, q, k, b, one empty, then r. So:
       - a8: r
       - b8: empty
       - c8: b
       - d8: q
       - e8: k
       - f8: b
       - g8: empty
       - h8: r
   - So Black's initial setup is: rook on a8, knight on b8 (but in FEN, knight is 'n', so '1bqkb1r' would have knight, but '1' is empty, so maybe the initial 'r' is followed by empty, then b, q, k, b, empty, r. Hmm, seems like the initial 'r' is on a8, then b8 is empty, c8 is bishop, etc. Wait, no, the first part is 'r1bqkb1r', meaning:
     - a8: r
     - then one empty (b8)
     - then c8: b
     - d8: q
     - e8: k
     - f8: b
     - then one empty (g8)
     - h8: r
     - So Black's knights are not on their initial squares; initially, knights are on b8 and g8, but here b8 is empty and g8 is empty, so Black's knights must be elsewhere.

Wait, the second part is `pppppppp`, meaning all pawns are still on the 7th rank (a7 to h7), so no pawns have moved yet.

Third part is `8`, meaning the 6th rank is empty.

Fourth part is `4n2n`, meaning the 5th rank (since we're reading from the 8th down):
- `4`: four empty squares (a5 to d5)
- `n`: knight on e5
- `2`: two empty squares (f5 and g5)
- `n`: knight on h5

Fifth part is `8`, meaning the 4th rank is empty.

Sixth part is `2N2N2`: 
- `2`: two empty squares (a3 and b3)
- `N`: knight on c3
- `2`: two empty (d3 and e3)
- `N`: knight on f3
- `2`: two empty (g3 and h3)

Seventh part is `PPPP1PPP`:
- `PPPP`: pawns on a2, b2, c2, d2
- `1`: one empty (e2)
- `PPP`: pawns on f2, g2, h2

Eighth part is `R1BQKB1R`:
- `R`: rook on a1
- `1`: one empty (b1)
- `B`: bishop on c1
- `Q`: queen on d1
- `K`: king on e1
- `B`: bishop on f1
- `1`: one empty (g1)
- `R`: rook on h1

So, summarizing the board:

Black's pieces:
- Rooks: a8, h8
- Knights: e5, h5
- Bishops: c8, f8
- Queen: d8
- King: e8
- Pawns: a7 to h7 (none have moved)

White's pieces:
- Rooks: a1, h1
- Knights: c3, f3
- Bishops: c1, f1
- Queen: d1
- King: e1
- Pawns: a2, b2, c2, d2, f2, g2, h2 (e2 is empty)

Now, the color of the squares where Black's knights are:
- e5: light-squared bishop's initial square (f1 to a6 diagonal), but since it's on e5, it's a dark square (since a1 is dark, and e5 is same color)
Wait, no: in chess, squares alternate colors, starting with a1 as dark. The color of a square can be determined by (file + rank) parity:
- a1: (1 + 1) = 2, even → dark
- e5: (5 + 5) = 10, even → dark
- h5: (8 + 5) = 13, odd → light

Black's knights are on e5 (dark) and h5 (light).

White's knights are on c3 and f3. Both are on dark squares:
- c3: (3 + 3) = 6, even → dark
- f3: (6 + 3) = 9, odd → light? Wait, f3:
f is 6, 3: 6 + 3 = 9, odd → light square.

Wait, let's correct:
Square color: (file number + rank number) % 2 == 0 → dark, else light.
Files: a=1, b=2, ..., h=8.
Ranks: 1 to 8.

- e5: e=5, 5: 5 + 5 = 10 % 2 = 0 → dark
- h5: h=8, 5: 8 + 5 = 13 % 2 = 1 → light
- c3: c=3, 3: 3 + 3 = 6 % 2 = 0 → dark
- f3: f=6, 3: 6 + 3 = 9 % 2 = 1 → light

So Black's knights are on e5 (dark) and h5 (light), and White's knights are on c3 (dark) and f3 (light).

Now, the legal moves given are all from White's perspective, starting with the pieces that can move.

Given legal moves: f3g5, f3e5, f3h4, f3d4, f3g1, c3d5, c3b5, c3e4, c3a4, c3e2, c3b1, h1g1, f1a6, f1b5, f1c4, f1d3, f1e2, e1e2, d1e2, a1b1, h2h3, g2g3, d2d3, b2b3, a2a3, h2h4, g2g4, d2d4, b2b4, a2a4.

First, let's categorize these moves by which piece is moving:

1. f3 (knight on f3):
   - f3g5: Kf3 to g5 (attacking h7 pawn)
   - f3e5: Kf3 to e5 (attacking d6, but d6 is empty; but e5 is where Black's knight is)
     - But f3 to e5 is moving from light to dark, but knights change square color with
2025-06-03 15:07:48,541 - WARNING - Parsing error: No valid UCI move found in response.
2025-06-03 15:07:48,541 - INFO - Attempt 3/3...
2025-06-03 15:08:34,742 - INFO - Raw response from White (api_9_code) (took 46.20s):
Alright, let's tackle this chess position step by step. I'm playing as White, and the current board position is given in FEN notation. First, I'll decode the FEN to understand the board setup, then look at the legal moves provided, and finally analyze the position to choose the best move.

### Understanding the FEN Notation

The FEN string is: `r1bqkb1r/pppppppp/8/4n2n/8/2N2N2/PPPP1PPP/R1BQKB1R w KQkq - 2 5`

Breaking it down:

1. **Piece placement**:
   - `r1bqkb1r`: 
     - a8: r (Black rook)
     - b8: 1 (empty square)
     - c8: b (Black bishop)
     - d8: q (Black queen)
     - e8: k (Black king)
     - f8: b (Black bishop)
     - g8: 1 (empty square)
     - h8: r (Black rook)
   - `pppppppp`: All pawns for Black on the 7th rank (a7 to h7).
   - `8`: Empty 6th rank (no pieces between Black's pawns and White's pieces).
   - `4n2n`: 
     - On the 5th rank:
       - e5: n (Black knight)
     - On the 6th rank (but since it's the 5th segment in FEN, it's actually the 5th rank):
       - h5: n (Black knight)
     - Wait, this seems a bit confusing. Actually, `4n2n` means:
       - Four empty squares, then a knight, then two empty squares, then another knight.
       - So on the 5th rank (from Black's perspective, which is the 4th rank from White's since we start counting from rank 1 for White):
         - e4: n (Black knight)
         - h4: n (Black knight)
     - Hmm, but the FEN is from White's perspective, so rank 1 is closest to White. The given FEN is for rank 8 down to rank 1. So `4n2n` is on rank 5 (from Black's side, which is rank 4 from White's side):
       - Wait, no. FEN is written from rank 8 to rank 1 for the board. So `4n2n` is on rank 5 (since it's the 5th segment in the FEN):
         - Actual squares: d5, e5, f5, g5, h5
         - `4n2n` would mean:
           - d5: empty (count 4: d5, e5, f5, g5)
           - h5: n
           - But that's 4 empty then a knight, but the "2n" suggests there's another knight after some empty squares. Maybe it's:
             - d5, e5, f5, g5: empty (4)
             - h5: n (then "2n" would imply two empty squares after h5, but that's not possible since we're at the end of the rank)
           - Alternatively, maybe it's:
             - e5: n
             - h5: n
             - With empty squares around them.
           - Given the confusion, perhaps the correct interpretation is:
             - On rank 5:
               - e5: n (Black knight)
               - h5: n (Black knight)
               - Other squares empty.
   - Then `8` for rank 4 (empty), `8` for rank 3, `8` for rank 2, and the last part is for rank 1.
   - `R1BQKB1R`: 
     - a1: R (White rook)
     - b1: 1 (empty)
     - c1: B (White bishop)
     - d1: Q (White queen)
     - e1: K (White king)
     - f1: B (White bishop)
     - g1: 1 (empty)
     - h1: R (White rook)
   - Wait, no, the last part is `R1BQKB1R`, which is from a1 to h1:
     - a1: R
     - b1: empty (1)
     - c1: B
     - d1: Q
     - e1: K
     - f1: B
     - g1: empty (1)
     - h1: R

   - But looking at the FEN, the last part is `R1BQKB1R`, which seems correct for White's back rank with pieces on a1, c1, d1, e1, f1, h1, and empty on b1 and g1.

   - But the initial part seems to have Black's pieces on the 8th rank correctly.

   - However, the part `4n2n` seems confusing. Maybe it's better to think that the position is from an actual game, and the knights are on e5 and h5.

2. **Active color**: `w` (White to move).
3. **Castling availability**: `KQkq` (White can castle kingside and queenside, Black can also castle both ways).
4. **En passant target**: `-` (none).
5. **Halfmove clock`: `2` (number of halfmoves since last pawn advance or capture).
6. **Fullmove number`: `5` (current fullmove number).

So, the board looks like this (from White's perspective):

```
r . b q k b . r
p p p p p p p p
. . . . . . . .
. . . . n . . n
. . . . . . . .
. . N . . N . .
P P P P . P P P
R . B Q K B . R
```

But with Black's knights on e5 and h5 (since `4n2n` seems to place them there).

Wait, actually, `4n2n` is on the 5th rank (from Black's side, which is rank 4 from White's side), meaning the knights are on e4 and h4 from White's perspective.

Wait, no, FEN is written from rank 8 to rank 1, so `4n2n` is on rank 5, which is the fifth rank from the top (rank 5 for Black, which is rank 4 for White). So the knights are on e5 and h5 (Black's perspective), which are e4 and h4 from White's perspective.

But looking at the initial position, it seems the knights are on f6 and h5 (common in the Najdorf Sicilian), but the FEN says `4n2n`, which would place them on e5 and h5 (from Black's side, which is e4 and h4 from White's side).

This seems a bit off. Maybe the FEN is incorrect or from a specific variation. Given the legal moves provided, let's see if they make sense with the position.

### Legal Moves Analysis

The legal moves in UCI notation are:
f3g5, f3e5, f3h4, f3d4, f3g1, c3d5, c3b5, c3e4, c3a4, c3e2, c3b1, h1g1, f1a6, f1b5, f1c4, f1d3, f1e2, e1e2, d1e2, a1b1, h2h3, g2g3, d2d3, b2b3, a2a3, h2h4, g2g4, d2d4, b2b4, a2a4

Looking at these moves:

- `f3g5`: This suggests that there's a piece on f3 (from White's perspective) moving to g5. But in the initial position, White's pieces on f3 are not there yet. Wait, no: UCI notation is source square to destination square. So `f3g5` means moving a piece from f3 to g5. But initially, White doesn't have a piece on f3. This suggests that the initial position is after some moves have been played.

Wait, the FEN represents the current position, not the initial one. So the legal moves are from this current position.

Looking at the current position, White's pieces are:

- Pawns: a2, b2, c2, d2, e2, f2, g2, h2
- Knights: b1 (empty), g1
2025-06-03 15:08:34,743 - WARNING - Parsing error: No valid UCI move found in response.
2025-06-03 15:08:34,743 - ERROR - Failed to get a valid move after 3 attempts. Forfeiting the game.
2025-06-03 15:08:34,743 - INFO - api_9_code has forfeited the game due to failure to generate a legal move.
2025-06-03 15:08:34,743 - INFO - api_9_code wins by forfeit!
2025-06-03 15:08:34,743 - INFO - === Player Move Quality Statistics ===
2025-06-03 15:08:34,743 - INFO - api_9_code:
2025-06-03 15:08:34,743 - INFO -   Total moves: 8
2025-06-03 15:08:34,743 - INFO -   Optimal moves (in top 3): 3 (37.5%)
2025-06-03 15:08:34,743 - INFO - === Player Attempt Statistics ===
2025-06-03 15:08:34,743 - INFO - api_9_code:
2025-06-03 15:08:34,743 - INFO -   Total attempts: 16
2025-06-03 15:08:34,743 - INFO -   Parsing errors: 8 (50.0% of attempts)
2025-06-03 15:08:34,743 - INFO -   Illegal moves: 0 (0.0% of attempts)
2025-06-03 15:08:34,743 - INFO -   Successful moves: 8 (50.0% of attempts)
2025-06-03 15:08:34,744 - INFO - Game completed!
2025-06-03 15:08:34,744 - INFO - Result: 0-1
2025-06-03 15:08:34,744 - INFO - Termination: forfeit
2025-06-03 15:08:34,744 - INFO - Final FEN: r1bqkb1r/pppppppp/8/4n2n/8/2N2N2/PPPP1PPP/R1BQKB1R w KQkq - 2 5
2025-06-03 15:08:34,744 - INFO - Move history: e2e4, g8f6, e4e5, b8c6, b1c3, c6e5, g1f3, f6h5
