2025-06-26 17:21:24,714 - INFO - Starting game 20250626_172124_2: doubao-seed-1-6-thinking-250615_standard vs maia-1100_blitz
2025-06-26 17:21:24,809 - INFO - Initial board:
r n b q k b n r
p p p p p p p p
. . . . . . . .
. . . . . . . .
. . . . . . . .
. . . . . . . .
P P P P P P P P
R N B Q K B N R
2025-06-26 17:21:30,195 - INFO - Current position win rate for White: 53.10%
2025-06-26 17:21:38,748 - INFO - Top 3 recommended moves by Stockfish:
2025-06-26 17:21:38,749 - INFO -   1. Nf3 (g1f3) - Win rate: 52.00%
2025-06-26 17:21:38,749 - INFO -   2. d4 (d2d4) - Win rate: 52.00%
2025-06-26 17:21:38,749 - INFO -   3. e4 (e2e4) - Win rate: 51.60%
2025-06-26 17:21:38,749 - INFO - doubao-seed-1-6-thinking-250615_standard's turn (White) - Move 1
2025-06-26 17:21:38,749 - INFO - Prompt to White (doubao-seed-1-6-thinking-250615_standard):
2025-06-26 17:21:38,749 - INFO - 

You are an expert chess player. You are playing a game of chess. You are playing as White.
This is a critically urgent match. You must thoroughly analyze the position and play with utmost caution. Leverage your wisdom to secure victory.
When you have the advantage, press it relentlessly and aim for a swift checkmate. Carefully evaluate every move to eliminate any chance of a counterplay or draw by your opponent.
When at a disadvantage, strive to turn the tide and win if possible. If victory is unattainable, exhaust all possible means to force a draw.
Meticulously analyze legal moves, then select the absolute best one.

Considering the long-term strategy and short-term tactic. Analyze the position carefully. You may think through the position and consider multiple candidate moves.
When you have decided on your final move, output it in UCI notation (e.g., 'e2e4', 'g8f6' , 'e7e8q') in the following format:
```
<move>
```

For example:
```
e2e4
```
You can think and reason as much as you want(step by step), but your final move must be formatted exactly as shown above.

2025-06-26 17:21:38,750 - INFO - 

Current board position in FEN notation:
rnbqkbnr/pppppppp/8/8/8/8/PPPPPPPP/RNBQKBNR w KQkq - 0 1


Legal moves in UCI notation: g1h3, g1f3, b1c3, b1a3, h2h3, g2g3, f2f3, e2e3, d2d3, c2c3, b2b3, a2a3, h2h4, g2g4, f2f4, e2e4, d2d4, c2c4, b2b4, a2a4


2025-06-26 17:21:38,750 - INFO - Attempt 1/3...
2025-06-26 17:22:42,070 - INFO - Raw response from White (doubao-seed-1-6-thinking-250615_standard) (took 63.32s):
```
e2e4
```
2025-06-26 17:22:42,071 - INFO - Valid move found: e2e4
2025-06-26 17:22:50,728 - INFO - Move e2e4 is Stockfish's recommendation #3
2025-06-26 17:22:50,729 - INFO - Win rate after move e2e4: 51.60%
2025-06-26 17:22:50,729 - INFO - Move: e2e4
2025-06-26 17:22:50,729 - INFO - Board after move:
r n b q k b n r
p p p p p p p p
. . . . . . . .
. . . . . . . .
. . . . P . . .
. . . . . . . .
P P P P . P P P
R N B Q K B N R
2025-06-26 17:22:53,116 - INFO - Current position win rate for Black: 46.41%
2025-06-26 17:23:01,572 - INFO - Top 3 recommended moves by Stockfish:
2025-06-26 17:23:01,572 - INFO -   1. e6 (e7e6) - Win rate: 48.60%
2025-06-26 17:23:01,572 - INFO -   2. c5 (c7c5) - Win rate: 46.41%
2025-06-26 17:23:01,572 - INFO -   3. e5 (e7e5) - Win rate: 45.91%
2025-06-26 17:23:01,572 - INFO - maia-1100_blitz's turn (Black) - Move 1
2025-06-26 17:23:01,573 - INFO - Prompt to Black (maia-1100_blitz):
2025-06-26 17:23:01,573 - INFO - 

You are an expert chess player. You are playing a game of chess. You are playing as Black.
This is a critically urgent match. You must thoroughly analyze the position and play with utmost caution. Leverage your wisdom to secure victory.
When you have the advantage, press it relentlessly and aim for a swift checkmate. Carefully evaluate every move to eliminate any chance of a counterplay or draw by your opponent.
When at a disadvantage, strive to turn the tide and win if possible. If victory is unattainable, exhaust all possible means to force a draw.
Meticulously analyze legal moves, then select the absolute best one.

Considering the long-term strategy and short-term tactic. Analyze the position carefully. You may think through the position and consider multiple candidate moves.
When you have decided on your final move, output it in UCI notation (e.g., 'e2e4', 'g8f6' , 'e7e8q') in the following format:
```
<move>
```

For example:
```
e2e4
```
You can think and reason as much as you want(step by step), but your final move must be formatted exactly as shown above.

2025-06-26 17:23:01,573 - INFO - 

Current board position in FEN notation:
rnbqkbnr/pppppppp/8/8/4P3/8/PPPP1PPP/RNBQKBNR b KQkq - 0 1

Partial move history in UCI notation:e2e4


Legal moves in UCI notation: g8h6, g8f6, b8c6, b8a6, h7h6, g7g6, f7f6, e7e6, d7d6, c7c6, b7b6, a7a6, h7h5, g7g5, f7f5, e7e5, d7d5, c7c5, b7b5, a7a5


2025-06-26 17:23:03,386 - INFO - Valid move found: c7c5
2025-06-26 17:23:12,113 - INFO - Move c7c5 is Stockfish's recommendation #2
2025-06-26 17:23:12,113 - INFO - Win rate after move c7c5: 46.41%
2025-06-26 17:23:12,113 - INFO - Move: c7c5
2025-06-26 17:23:12,114 - INFO - Board after move:
r n b q k b n r
p p . p p p p p
. . . . . . . .
. . p . . . . .
. . . . P . . .
. . . . . . . .
P P P P . P P P
R N B Q K B N R
2025-06-26 17:23:16,481 - INFO - Current position win rate for White: 51.60%
2025-06-26 17:23:27,135 - INFO - Top 3 recommended moves by Stockfish:
2025-06-26 17:23:27,136 - INFO -   1. Nc3 (b1c3) - Win rate: 53.30%
2025-06-26 17:23:27,136 - INFO -   2. Nf3 (g1f3) - Win rate: 53.10%
2025-06-26 17:23:27,136 - INFO -   3. c3 (c2c3) - Win rate: 51.00%
2025-06-26 17:23:27,136 - INFO - doubao-seed-1-6-thinking-250615_standard's turn (White) - Move 2
2025-06-26 17:23:27,136 - INFO - Prompt to White (doubao-seed-1-6-thinking-250615_standard):
2025-06-26 17:23:27,136 - INFO - 

You are an expert chess player. You are playing a game of chess. You are playing as White.
This is a critically urgent match. You must thoroughly analyze the position and play with utmost caution. Leverage your wisdom to secure victory.
When you have the advantage, press it relentlessly and aim for a swift checkmate. Carefully evaluate every move to eliminate any chance of a counterplay or draw by your opponent.
When at a disadvantage, strive to turn the tide and win if possible. If victory is unattainable, exhaust all possible means to force a draw.
Meticulously analyze legal moves, then select the absolute best one.

Considering the long-term strategy and short-term tactic. Analyze the position carefully. You may think through the position and consider multiple candidate moves.
When you have decided on your final move, output it in UCI notation (e.g., 'e2e4', 'g8f6' , 'e7e8q') in the following format:
```
<move>
```

For example:
```
e2e4
```
You can think and reason as much as you want(step by step), but your final move must be formatted exactly as shown above.

2025-06-26 17:23:27,136 - INFO - 

Current board position in FEN notation:
rnbqkbnr/pp1ppppp/8/2p5/4P3/8/PPPP1PPP/RNBQKBNR w KQkq - 0 2

Partial move history in UCI notation:e2e4, c7c5


Legal moves in UCI notation: g1h3, g1f3, g1e2, f1a6, f1b5, f1c4, f1d3, f1e2, e1e2, d1h5, d1g4, d1f3, d1e2, b1c3, b1a3, e4e5, h2h3, g2g3, f2f3, d2d3, c2c3, b2b3, a2a3, h2h4, g2g4, f2f4, d2d4, c2c4, b2b4, a2a4


2025-06-26 17:23:27,137 - INFO - Attempt 1/3...
2025-06-26 17:24:49,342 - INFO - Raw response from White (doubao-seed-1-6-thinking-250615_standard) (took 82.20s):
```
g1f3
```
2025-06-26 17:24:49,342 - INFO - Valid move found: g1f3
2025-06-26 17:25:00,219 - INFO - Move g1f3 is Stockfish's recommendation #2
2025-06-26 17:25:00,219 - INFO - Win rate after move g1f3: 53.10%
2025-06-26 17:25:00,219 - INFO - Move: g1f3
2025-06-26 17:25:00,219 - INFO - Board after move:
r n b q k b n r
p p . p p p p p
. . . . . . . .
. . p . . . . .
. . . . P . . .
. . . . . N . .
P P P P . P P P
R N B Q K B . R
2025-06-26 17:25:04,664 - INFO - Current position win rate for Black: 48.50%
2025-06-26 17:25:11,227 - INFO - Top 3 recommended moves by Stockfish:
2025-06-26 17:25:11,227 - INFO -   1. d6 (d7d6) - Win rate: 48.00%
2025-06-26 17:25:11,227 - INFO -   2. e6 (e7e6) - Win rate: 47.10%
2025-06-26 17:25:11,227 - INFO -   3. Nc6 (b8c6) - Win rate: 46.41%
2025-06-26 17:25:11,227 - INFO - maia-1100_blitz's turn (Black) - Move 2
2025-06-26 17:25:11,227 - INFO - Prompt to Black (maia-1100_blitz):
2025-06-26 17:25:11,227 - INFO - 

You are an expert chess player. You are playing a game of chess. You are playing as Black.
This is a critically urgent match. You must thoroughly analyze the position and play with utmost caution. Leverage your wisdom to secure victory.
When you have the advantage, press it relentlessly and aim for a swift checkmate. Carefully evaluate every move to eliminate any chance of a counterplay or draw by your opponent.
When at a disadvantage, strive to turn the tide and win if possible. If victory is unattainable, exhaust all possible means to force a draw.
Meticulously analyze legal moves, then select the absolute best one.

Considering the long-term strategy and short-term tactic. Analyze the position carefully. You may think through the position and consider multiple candidate moves.
When you have decided on your final move, output it in UCI notation (e.g., 'e2e4', 'g8f6' , 'e7e8q') in the following format:
```
<move>
```

For example:
```
e2e4
```
You can think and reason as much as you want(step by step), but your final move must be formatted exactly as shown above.

2025-06-26 17:25:11,227 - INFO - 

Current board position in FEN notation:
rnbqkbnr/pp1ppppp/8/2p5/4P3/5N2/PPPP1PPP/RNBQKB1R b KQkq - 1 2

Partial move history in UCI notation:e2e4, c7c5, g1f3


Legal moves in UCI notation: g8h6, g8f6, d8c7, d8b6, d8a5, b8c6, b8a6, h7h6, g7g6, f7f6, e7e6, d7d6, b7b6, a7a6, c5c4, h7h5, g7g5, f7f5, e7e5, d7d5, b7b5, a7a5


2025-06-26 17:25:12,821 - INFO - Valid move found: d7d6
2025-06-26 17:25:19,478 - INFO - Move d7d6 is Stockfish's recommendation #1
2025-06-26 17:25:19,478 - INFO - Win rate after move d7d6: 48.00%
2025-06-26 17:25:19,479 - INFO - Move: d7d6
2025-06-26 17:25:19,479 - INFO - Board after move:
r n b q k b n r
p p . . p p p p
. . . p . . . .
. . p . . . . .
. . . . P . . .
. . . . . N . .
P P P P . P P P
R N B Q K B . R
2025-06-26 17:25:22,011 - INFO - Current position win rate for White: 53.49%
2025-06-26 17:25:26,789 - INFO - Top 3 recommended moves by Stockfish:
2025-06-26 17:25:26,789 - INFO -   1. d4 (d2d4) - Win rate: 53.30%
2025-06-26 17:25:26,789 - INFO -   2. Bb5+ (f1b5) - Win rate: 52.80%
2025-06-26 17:25:26,789 - INFO -   3. Nc3 (b1c3) - Win rate: 52.50%
2025-06-26 17:25:26,789 - INFO - doubao-seed-1-6-thinking-250615_standard's turn (White) - Move 3
2025-06-26 17:25:26,789 - INFO - Prompt to White (doubao-seed-1-6-thinking-250615_standard):
2025-06-26 17:25:26,790 - INFO - 

You are an expert chess player. You are playing a game of chess. You are playing as White.
This is a critically urgent match. You must thoroughly analyze the position and play with utmost caution. Leverage your wisdom to secure victory.
When you have the advantage, press it relentlessly and aim for a swift checkmate. Carefully evaluate every move to eliminate any chance of a counterplay or draw by your opponent.
When at a disadvantage, strive to turn the tide and win if possible. If victory is unattainable, exhaust all possible means to force a draw.
Meticulously analyze legal moves, then select the absolute best one.

Considering the long-term strategy and short-term tactic. Analyze the position carefully. You may think through the position and consider multiple candidate moves.
When you have decided on your final move, output it in UCI notation (e.g., 'e2e4', 'g8f6' , 'e7e8q') in the following format:
```
<move>
```

For example:
```
e2e4
```
You can think and reason as much as you want(step by step), but your final move must be formatted exactly as shown above.

2025-06-26 17:25:26,790 - INFO - 

Current board position in FEN notation:
rnbqkbnr/pp2pppp/3p4/2p5/4P3/5N2/PPPP1PPP/RNBQKB1R w KQkq - 0 3

Partial move history in UCI notation:e2e4, c7c5, g1f3, d7d6


Legal moves in UCI notation: f3g5, f3e5, f3h4, f3d4, f3g1, h1g1, f1a6, f1b5, f1c4, f1d3, f1e2, e1e2, d1e2, b1c3, b1a3, e4e5, h2h3, g2g3, d2d3, c2c3, b2b3, a2a3, h2h4, g2g4, d2d4, c2c4, b2b4, a2a4


2025-06-26 17:25:26,790 - INFO - Attempt 1/3...
2025-06-26 17:27:25,369 - INFO - Raw response from White (doubao-seed-1-6-thinking-250615_standard) (took 118.58s):




```
b1c3
```
2025-06-26 17:27:25,369 - INFO - Valid move found: b1c3
2025-06-26 17:27:30,074 - INFO - Move b1c3 is Stockfish's recommendation #3
2025-06-26 17:27:30,074 - INFO - Win rate after move b1c3: 52.50%
2025-06-26 17:27:30,074 - INFO - Move: b1c3
2025-06-26 17:27:30,074 - INFO - Board after move:
r n b q k b n r
p p . . p p p p
. . . p . . . .
. . p . . . . .
. . . . P . . .
. . N . . N . .
P P P P . P P P
R . B Q K B . R
2025-06-26 17:27:32,060 - INFO - Current position win rate for Black: 46.51%
2025-06-26 17:27:37,901 - INFO - Top 3 recommended moves by Stockfish:
2025-06-26 17:27:37,901 - INFO -   1. Nf6 (g8f6) - Win rate: 47.50%
2025-06-26 17:27:37,901 - INFO -   2. Nc6 (b8c6) - Win rate: 47.40%
2025-06-26 17:27:37,901 - INFO -   3. a6 (a7a6) - Win rate: 46.90%
2025-06-26 17:27:37,901 - INFO - maia-1100_blitz's turn (Black) - Move 3
2025-06-26 17:27:37,902 - INFO - Prompt to Black (maia-1100_blitz):
2025-06-26 17:27:37,902 - INFO - 

You are an expert chess player. You are playing a game of chess. You are playing as Black.
This is a critically urgent match. You must thoroughly analyze the position and play with utmost caution. Leverage your wisdom to secure victory.
When you have the advantage, press it relentlessly and aim for a swift checkmate. Carefully evaluate every move to eliminate any chance of a counterplay or draw by your opponent.
When at a disadvantage, strive to turn the tide and win if possible. If victory is unattainable, exhaust all possible means to force a draw.
Meticulously analyze legal moves, then select the absolute best one.

Considering the long-term strategy and short-term tactic. Analyze the position carefully. You may think through the position and consider multiple candidate moves.
When you have decided on your final move, output it in UCI notation (e.g., 'e2e4', 'g8f6' , 'e7e8q') in the following format:
```
<move>
```

For example:
```
e2e4
```
You can think and reason as much as you want(step by step), but your final move must be formatted exactly as shown above.

2025-06-26 17:27:37,902 - INFO - 

Current board position in FEN notation:
rnbqkbnr/pp2pppp/3p4/2p5/4P3/2N2N2/PPPP1PPP/R1BQKB1R b KQkq - 1 3

Partial move history in UCI notation:e2e4, c7c5, g1f3, d7d6, b1c3


Legal moves in UCI notation: g8h6, g8f6, e8d7, d8d7, d8c7, d8b6, d8a5, c8d7, c8e6, c8f5, c8g4, c8h3, b8d7, b8c6, b8a6, h7h6, g7g6, f7f6, e7e6, b7b6, a7a6, d6d5, c5c4, h7h5, g7g5, f7f5, e7e5, b7b5, a7a5


2025-06-26 17:27:39,511 - INFO - Valid move found: g8f6
2025-06-26 17:27:45,281 - INFO - Move g8f6 is Stockfish's recommendation #1
2025-06-26 17:27:45,281 - INFO - Win rate after move g8f6: 47.50%
2025-06-26 17:27:45,281 - INFO - Move: g8f6
2025-06-26 17:27:45,281 - INFO - Board after move:
r n b q k b . r
p p . . p p p p
. . . p . n . .
. . p . . . . .
. . . . P . . .
. . N . . N . .
P P P P . P P P
R . B Q K B . R
2025-06-26 17:27:47,818 - INFO - Current position win rate for White: 53.10%
2025-06-26 17:27:55,929 - INFO - Top 3 recommended moves by Stockfish:
2025-06-26 17:27:55,929 - INFO -   1. Bb5+ (f1b5) - Win rate: 53.10%
2025-06-26 17:27:55,930 - INFO -   2. d4 (d2d4) - Win rate: 53.00%
2025-06-26 17:27:55,930 - INFO -   3. Bc4 (f1c4) - Win rate: 52.60%
2025-06-26 17:27:55,930 - INFO - doubao-seed-1-6-thinking-250615_standard's turn (White) - Move 4
2025-06-26 17:27:55,930 - INFO - Prompt to White (doubao-seed-1-6-thinking-250615_standard):
2025-06-26 17:27:55,930 - INFO - 

You are an expert chess player. You are playing a game of chess. You are playing as White.
This is a critically urgent match. You must thoroughly analyze the position and play with utmost caution. Leverage your wisdom to secure victory.
When you have the advantage, press it relentlessly and aim for a swift checkmate. Carefully evaluate every move to eliminate any chance of a counterplay or draw by your opponent.
When at a disadvantage, strive to turn the tide and win if possible. If victory is unattainable, exhaust all possible means to force a draw.
Meticulously analyze legal moves, then select the absolute best one.

Considering the long-term strategy and short-term tactic. Analyze the position carefully. You may think through the position and consider multiple candidate moves.
When you have decided on your final move, output it in UCI notation (e.g., 'e2e4', 'g8f6' , 'e7e8q') in the following format:
```
<move>
```

For example:
```
e2e4
```
You can think and reason as much as you want(step by step), but your final move must be formatted exactly as shown above.

2025-06-26 17:27:55,930 - INFO - 

Current board position in FEN notation:
rnbqkb1r/pp2pppp/3p1n2/2p5/4P3/2N2N2/PPPP1PPP/R1BQKB1R w KQkq - 2 4

Partial move history in UCI notation:e2e4, c7c5, g1f3, d7d6, b1c3, g8f6


Legal moves in UCI notation: f3g5, f3e5, f3h4, f3d4, f3g1, c3d5, c3b5, c3a4, c3e2, c3b1, h1g1, f1a6, f1b5, f1c4, f1d3, f1e2, e1e2, d1e2, a1b1, e4e5, h2h3, g2g3, d2d3, b2b3, a2a3, h2h4, g2g4, d2d4, b2b4, a2a4


2025-06-26 17:27:55,930 - INFO - Attempt 1/3...
2025-06-26 17:33:52,153 - INFO - Raw response from White (doubao-seed-1-6-thinking-250615_standard) (took 356.22s):
```
e4e5
```
2025-06-26 17:33:52,154 - INFO - Valid move found: e4e5
2025-06-26 17:34:03,531 - INFO - Move e4e5 is not among Stockfish's top 3 recommendations
2025-06-26 17:34:03,532 - INFO - Win rate after move e4e5: 50.00%
2025-06-26 17:34:03,532 - INFO - Move: e4e5
2025-06-26 17:34:03,532 - INFO - Board after move:
r n b q k b . r
p p . . p p p p
. . . p . n . .
. . p . P . . .
. . . . . . . .
. . N . . N . .
P P P P . P P P
R . B Q K B . R
2025-06-26 17:34:05,813 - INFO - Current position win rate for Black: 49.80%
2025-06-26 17:34:13,466 - INFO - Top 3 recommended moves by Stockfish:
2025-06-26 17:34:13,466 - INFO -   1. dxe5 (d6e5) - Win rate: 49.20%
2025-06-26 17:34:13,466 - INFO -   2. Nfd7 (f6d7) - Win rate: 45.21%
2025-06-26 17:34:13,466 - INFO -   3. Ng4 (f6g4) - Win rate: 41.58%
2025-06-26 17:34:13,467 - INFO - maia-1100_blitz's turn (Black) - Move 4
2025-06-26 17:34:13,467 - INFO - Prompt to Black (maia-1100_blitz):
2025-06-26 17:34:13,467 - INFO - 

You are an expert chess player. You are playing a game of chess. You are playing as Black.
This is a critically urgent match. You must thoroughly analyze the position and play with utmost caution. Leverage your wisdom to secure victory.
When you have the advantage, press it relentlessly and aim for a swift checkmate. Carefully evaluate every move to eliminate any chance of a counterplay or draw by your opponent.
When at a disadvantage, strive to turn the tide and win if possible. If victory is unattainable, exhaust all possible means to force a draw.
Meticulously analyze legal moves, then select the absolute best one.

Considering the long-term strategy and short-term tactic. Analyze the position carefully. You may think through the position and consider multiple candidate moves.
When you have decided on your final move, output it in UCI notation (e.g., 'e2e4', 'g8f6' , 'e7e8q') in the following format:
```
<move>
```

For example:
```
e2e4
```
You can think and reason as much as you want(step by step), but your final move must be formatted exactly as shown above.

2025-06-26 17:34:13,467 - INFO - 

Current board position in FEN notation:
rnbqkb1r/pp2pppp/3p1n2/2p1P3/8/2N2N2/PPPP1PPP/R1BQKB1R b KQkq - 0 4

Partial move history in UCI notation:e2e4, c7c5, g1f3, d7d6, b1c3, g8f6, e4e5


Legal moves in UCI notation: h8g8, e8d7, d8d7, d8c7, d8b6, d8a5, c8d7, c8e6, c8f5, c8g4, c8h3, b8d7, b8c6, b8a6, f6g8, f6d7, f6h5, f6d5, f6g4, f6e4, d6e5, h7h6, g7g6, e7e6, b7b6, a7a6, d6d5, c5c4, h7h5, g7g5, b7b5, a7a5


2025-06-26 17:34:14,545 - INFO - Valid move found: d6e5
2025-06-26 17:34:22,210 - INFO - Move d6e5 is Stockfish's recommendation #1
2025-06-26 17:34:22,210 - INFO - Win rate after move d6e5: 49.20%
2025-06-26 17:34:22,210 - INFO - Move: d6e5
2025-06-26 17:34:22,211 - INFO - Board after move:
r n b q k b . r
p p . . p p p p
. . . . . n . .
. . p . p . . .
. . . . . . . .
. . N . . N . .
P P P P . P P P
R . B Q K B . R
2025-06-26 17:34:25,499 - INFO - Current position win rate for White: 50.40%
2025-06-26 17:34:33,606 - INFO - Top 3 recommended moves by Stockfish:
2025-06-26 17:34:33,606 - INFO -   1. Nxe5 (f3e5) - Win rate: 51.00%
2025-06-26 17:34:33,606 - INFO -   2. Bb5+ (f1b5) - Win rate: 47.70%
2025-06-26 17:34:33,606 - INFO -   3. a4 (a2a4) - Win rate: 45.31%
2025-06-26 17:34:33,606 - INFO - doubao-seed-1-6-thinking-250615_standard's turn (White) - Move 5
2025-06-26 17:34:33,607 - INFO - Prompt to White (doubao-seed-1-6-thinking-250615_standard):
2025-06-26 17:34:33,607 - INFO - 

You are an expert chess player. You are playing a game of chess. You are playing as White.
This is a critically urgent match. You must thoroughly analyze the position and play with utmost caution. Leverage your wisdom to secure victory.
When you have the advantage, press it relentlessly and aim for a swift checkmate. Carefully evaluate every move to eliminate any chance of a counterplay or draw by your opponent.
When at a disadvantage, strive to turn the tide and win if possible. If victory is unattainable, exhaust all possible means to force a draw.
Meticulously analyze legal moves, then select the absolute best one.

Considering the long-term strategy and short-term tactic. Analyze the position carefully. You may think through the position and consider multiple candidate moves.
When you have decided on your final move, output it in UCI notation (e.g., 'e2e4', 'g8f6' , 'e7e8q') in the following format:
```
<move>
```

For example:
```
e2e4
```
You can think and reason as much as you want(step by step), but your final move must be formatted exactly as shown above.

2025-06-26 17:34:33,607 - INFO - 

Current board position in FEN notation:
rnbqkb1r/pp2pppp/5n2/2p1p3/8/2N2N2/PPPP1PPP/R1BQKB1R w KQkq - 0 5

Partial move history in UCI notation:e2e4, c7c5, g1f3, d7d6, b1c3, g8f6, e4e5, d6e5


Legal moves in UCI notation: f3g5, f3e5, f3h4, f3d4, f3g1, c3d5, c3b5, c3e4, c3a4, c3e2, c3b1, h1g1, f1a6, f1b5, f1c4, f1d3, f1e2, e1e2, d1e2, a1b1, h2h3, g2g3, d2d3, b2b3, a2a3, h2h4, g2g4, d2d4, b2b4, a2a4


2025-06-26 17:34:33,607 - INFO - Attempt 1/3...
2025-06-26 17:42:44,699 - INFO - Raw response from White (doubao-seed-1-6-thinking-250615_standard) (took 491.09s):
```
f3g5
```
2025-06-26 17:42:44,699 - INFO - Valid move found: f3g5
2025-06-26 17:42:57,084 - INFO - Move f3g5 is not among Stockfish's top 3 recommendations
2025-06-26 17:42:57,085 - INFO - Win rate after move f3g5: 39.27%
2025-06-26 17:42:57,085 - INFO - Move: f3g5
2025-06-26 17:42:57,085 - INFO - Board after move:
r n b q k b . r
p p . . p p p p
. . . . . n . .
. . p . p . N .
. . . . . . . .
. . N . . . . .
P P P P . P P P
R . B Q K B . R
2025-06-26 17:42:59,748 - INFO - Current position win rate for Black: 61.49%
2025-06-26 17:43:06,807 - INFO - Top 3 recommended moves by Stockfish:
2025-06-26 17:43:06,808 - INFO -   1. Nc6 (b8c6) - Win rate: 61.96%
2025-06-26 17:43:06,808 - INFO -   2. a6 (a7a6) - Win rate: 61.59%
2025-06-26 17:43:06,808 - INFO -   3. e6 (e7e6) - Win rate: 61.30%
2025-06-26 17:43:06,808 - INFO - maia-1100_blitz's turn (Black) - Move 5
2025-06-26 17:43:06,808 - INFO - Prompt to Black (maia-1100_blitz):
2025-06-26 17:43:06,808 - INFO - 

You are an expert chess player. You are playing a game of chess. You are playing as Black.
This is a critically urgent match. You must thoroughly analyze the position and play with utmost caution. Leverage your wisdom to secure victory.
When you have the advantage, press it relentlessly and aim for a swift checkmate. Carefully evaluate every move to eliminate any chance of a counterplay or draw by your opponent.
When at a disadvantage, strive to turn the tide and win if possible. If victory is unattainable, exhaust all possible means to force a draw.
Meticulously analyze legal moves, then select the absolute best one.

Considering the long-term strategy and short-term tactic. Analyze the position carefully. You may think through the position and consider multiple candidate moves.
When you have decided on your final move, output it in UCI notation (e.g., 'e2e4', 'g8f6' , 'e7e8q') in the following format:
```
<move>
```

For example:
```
e2e4
```
You can think and reason as much as you want(step by step), but your final move must be formatted exactly as shown above.

2025-06-26 17:43:06,808 - INFO - 

Current board position in FEN notation:
rnbqkb1r/pp2pppp/5n2/2p1p1N1/8/2N5/PPPP1PPP/R1BQKB1R b KQkq - 1 5

Partial move history in UCI notation:e2e4, c7c5, g1f3, d7d6, b1c3, g8f6, e4e5, d6e5, f3g5


Legal moves in UCI notation: h8g8, e8d7, d8d7, d8c7, d8d6, d8b6, d8d5, d8a5, d8d4, d8d3, d8d2, c8d7, c8e6, c8f5, c8g4, c8h3, b8d7, b8c6, b8a6, f6g8, f6d7, f6h5, f6d5, f6g4, f6e4, h7h6, g7g6, e7e6, b7b6, a7a6, e5e4, c5c4, h7h5, b7b5, a7a5


2025-06-26 17:43:08,276 - INFO - Valid move found: h7h6
2025-06-26 17:43:15,342 - INFO - Move h7h6 is not among Stockfish's top 3 recommendations
2025-06-26 17:43:15,342 - INFO - Win rate after move h7h6: 59.96%
2025-06-26 17:43:15,342 - INFO - Move: h7h6
2025-06-26 17:43:15,342 - INFO - Board after move:
r n b q k b . r
p p . . p p p .
. . . . . n . p
. . p . p . N .
. . . . . . . .
. . N . . . . .
P P P P . P P P
R . B Q K B . R
2025-06-26 17:43:18,032 - INFO - Current position win rate for White: 41.58%
2025-06-26 17:43:23,204 - INFO - Top 3 recommended moves by Stockfish:
2025-06-26 17:43:23,204 - INFO -   1. Nge4 (g5e4) - Win rate: 41.00%
2025-06-26 17:43:23,204 - INFO -   2. Nf3 (g5f3) - Win rate: 38.79%
2025-06-26 17:43:23,204 - INFO -   3. Bb5+ (f1b5) - Win rate: 38.41%
2025-06-26 17:43:23,205 - INFO - doubao-seed-1-6-thinking-250615_standard's turn (White) - Move 6
2025-06-26 17:43:23,205 - INFO - Prompt to White (doubao-seed-1-6-thinking-250615_standard):
2025-06-26 17:43:23,205 - INFO - 

You are an expert chess player. You are playing a game of chess. You are playing as White.
This is a critically urgent match. You must thoroughly analyze the position and play with utmost caution. Leverage your wisdom to secure victory.
When you have the advantage, press it relentlessly and aim for a swift checkmate. Carefully evaluate every move to eliminate any chance of a counterplay or draw by your opponent.
When at a disadvantage, strive to turn the tide and win if possible. If victory is unattainable, exhaust all possible means to force a draw.
Meticulously analyze legal moves, then select the absolute best one.

Considering the long-term strategy and short-term tactic. Analyze the position carefully. You may think through the position and consider multiple candidate moves.
When you have decided on your final move, output it in UCI notation (e.g., 'e2e4', 'g8f6' , 'e7e8q') in the following format:
```
<move>
```

For example:
```
e2e4
```
You can think and reason as much as you want(step by step), but your final move must be formatted exactly as shown above.

2025-06-26 17:43:23,205 - INFO - 

Current board position in FEN notation:
rnbqkb1r/pp2ppp1/5n1p/2p1p1N1/8/2N5/PPPP1PPP/R1BQKB1R w KQkq - 0 6

Partial move history in UCI notation:e2e4, c7c5, g1f3, d7d6, b1c3, g8f6, e4e5, d6e5, f3g5, h7h6


Legal moves in UCI notation: g5h7, g5f7, g5e6, g5e4, g5h3, g5f3, c3d5, c3b5, c3e4, c3a4, c3e2, c3b1, h1g1, f1a6, f1b5, f1c4, f1d3, f1e2, e1e2, d1h5, d1g4, d1f3, d1e2, a1b1, h2h3, g2g3, f2f3, d2d3, b2b3, a2a3, h2h4, g2g4, f2f4, d2d4, b2b4, a2a4


2025-06-26 17:43:23,205 - INFO - Attempt 1/3...
2025-06-26 17:51:48,054 - INFO - Raw response from White (doubao-seed-1-6-thinking-250615_standard) (took 504.85s):



```
g5e6
```
2025-06-26 17:51:48,054 - INFO - Valid move found: g5e6
2025-06-26 17:51:54,526 - INFO - Move g5e6 is not among Stockfish's top 3 recommendations
2025-06-26 17:51:54,526 - INFO - Win rate after move g5e6: 12.48%
2025-06-26 17:51:54,526 - INFO - Move: g5e6
2025-06-26 17:51:54,526 - INFO - Board after move:
r n b q k b . r
p p . . p p p .
. . . . N n . p
. . p . p . . .
. . . . . . . .
. . N . . . . .
P P P P . P P P
R . B Q K B . R
2025-06-26 17:51:56,378 - INFO - Current position win rate for Black: 87.70%
2025-06-26 17:52:02,011 - INFO - Top 3 recommended moves by Stockfish:
2025-06-26 17:52:02,011 - INFO -   1. Bxe6 (c8e6) - Win rate: 87.78%
2025-06-26 17:52:02,012 - INFO -   2. fxe6 (f7e6) - Win rate: 74.80%
2025-06-26 17:52:02,012 - INFO -   3. Qb6 (d8b6) - Win rate: 58.42%
2025-06-26 17:52:02,012 - INFO - maia-1100_blitz's turn (Black) - Move 6
2025-06-26 17:52:02,012 - INFO - Prompt to Black (maia-1100_blitz):
2025-06-26 17:52:02,012 - INFO - 

You are an expert chess player. You are playing a game of chess. You are playing as Black.
This is a critically urgent match. You must thoroughly analyze the position and play with utmost caution. Leverage your wisdom to secure victory.
When you have the advantage, press it relentlessly and aim for a swift checkmate. Carefully evaluate every move to eliminate any chance of a counterplay or draw by your opponent.
When at a disadvantage, strive to turn the tide and win if possible. If victory is unattainable, exhaust all possible means to force a draw.
Meticulously analyze legal moves, then select the absolute best one.

Considering the long-term strategy and short-term tactic. Analyze the position carefully. You may think through the position and consider multiple candidate moves.
When you have decided on your final move, output it in UCI notation (e.g., 'e2e4', 'g8f6' , 'e7e8q') in the following format:
```
<move>
```

For example:
```
e2e4
```
You can think and reason as much as you want(step by step), but your final move must be formatted exactly as shown above.

2025-06-26 17:52:02,013 - INFO - 

Current board position in FEN notation:
rnbqkb1r/pp2ppp1/4Nn1p/2p1p3/8/2N5/PPPP1PPP/R1BQKB1R b KQkq - 1 6

Partial move history in UCI notation:c7c5, g1f3, d7d6, b1c3, g8f6, e4e5, d6e5, f3g5, h7h6, g5e6


Legal moves in UCI notation: h8g8, h8h7, e8d7, d8d7, d8c7, d8d6, d8b6, d8d5, d8a5, d8d4, d8d3, d8d2, c8d7, c8e6, b8d7, b8c6, b8a6, f6g8, f6h7, f6d7, f6h5, f6d5, f6g4, f6e4, f7e6, g7g6, b7b6, a7a6, h6h5, e5e4, c5c4, g7g5, b7b5, a7a5


2025-06-26 17:52:03,160 - INFO - Valid move found: c8e6
2025-06-26 17:52:08,834 - INFO - Move c8e6 is Stockfish's recommendation #1
2025-06-26 17:52:08,834 - INFO - Win rate after move c8e6: 87.78%
2025-06-26 17:52:08,834 - INFO - Move: c8e6
2025-06-26 17:52:08,834 - INFO - Board after move:
r n . q k b . r
p p . . p p p .
. . . . b n . p
. . p . p . . .
. . . . . . . .
. . N . . . . .
P P P P . P P P
R . B Q K B . R
2025-06-26 17:52:12,349 - INFO - Current position win rate for White: 11.96%
2025-06-26 17:52:22,951 - INFO - Top 3 recommended moves by Stockfish:
2025-06-26 17:52:22,951 - INFO -   1. Bb5+ (f1b5) - Win rate: 12.17%
2025-06-26 17:52:22,951 - INFO -   2. Be2 (f1e2) - Win rate: 11.84%
2025-06-26 17:52:22,951 - INFO -   3. b3 (b2b3) - Win rate: 11.79%
2025-06-26 17:52:22,951 - INFO - doubao-seed-1-6-thinking-250615_standard's turn (White) - Move 7
2025-06-26 17:52:22,952 - INFO - Prompt to White (doubao-seed-1-6-thinking-250615_standard):
2025-06-26 17:52:22,952 - INFO - 

You are an expert chess player. You are playing a game of chess. You are playing as White.
This is a critically urgent match. You must thoroughly analyze the position and play with utmost caution. Leverage your wisdom to secure victory.
When you have the advantage, press it relentlessly and aim for a swift checkmate. Carefully evaluate every move to eliminate any chance of a counterplay or draw by your opponent.
When at a disadvantage, strive to turn the tide and win if possible. If victory is unattainable, exhaust all possible means to force a draw.
Meticulously analyze legal moves, then select the absolute best one.

Considering the long-term strategy and short-term tactic. Analyze the position carefully. You may think through the position and consider multiple candidate moves.
When you have decided on your final move, output it in UCI notation (e.g., 'e2e4', 'g8f6' , 'e7e8q') in the following format:
```
<move>
```

For example:
```
e2e4
```
You can think and reason as much as you want(step by step), but your final move must be formatted exactly as shown above.

2025-06-26 17:52:22,952 - INFO - 

Current board position in FEN notation:
rn1qkb1r/pp2ppp1/4bn1p/2p1p3/8/2N5/PPPP1PPP/R1BQKB1R w KQkq - 0 7

Partial move history in UCI notation:g1f3, d7d6, b1c3, g8f6, e4e5, d6e5, f3g5, h7h6, g5e6, c8e6


Legal moves in UCI notation: c3d5, c3b5, c3e4, c3a4, c3e2, c3b1, h1g1, f1a6, f1b5, f1c4, f1d3, f1e2, e1e2, d1h5, d1g4, d1f3, d1e2, a1b1, h2h3, g2g3, f2f3, d2d3, b2b3, a2a3, h2h4, g2g4, f2f4, d2d4, b2b4, a2a4


2025-06-26 17:52:22,952 - INFO - Attempt 1/3...
2025-06-26 18:00:41,053 - INFO - Raw response from White (doubao-seed-1-6-thinking-250615_standard) (took 498.10s):




```
d2d4
```
2025-06-26 18:00:41,053 - INFO - Valid move found: d2d4
2025-06-26 18:00:56,709 - INFO - Move d2d4 is not among Stockfish's top 3 recommendations
2025-06-26 18:00:56,709 - INFO - Win rate after move d2d4: 5.97%
2025-06-26 18:00:56,709 - INFO - Move: d2d4
2025-06-26 18:00:56,709 - INFO - Board after move:
r n . q k b . r
p p . . p p p .
. . . . b n . p
. . p . p . . .
. . . P . . . .
. . N . . . . .
P P P . . P P P
R . B Q K B . R
2025-06-26 18:01:00,165 - INFO - Current position win rate for Black: 94.27%
2025-06-26 18:01:10,407 - INFO - Top 3 recommended moves by Stockfish:
2025-06-26 18:01:10,407 - INFO -   1. exd4 (e5d4) - Win rate: 93.93%
2025-06-26 18:01:10,407 - INFO -   2. cxd4 (c5d4) - Win rate: 93.80%
2025-06-26 18:01:10,407 - INFO -   3. Qxd4 (d8d4) - Win rate: 89.66%
2025-06-26 18:01:10,407 - INFO - maia-1100_blitz's turn (Black) - Move 7
2025-06-26 18:01:10,408 - INFO - Prompt to Black (maia-1100_blitz):
2025-06-26 18:01:10,408 - INFO - 

You are an expert chess player. You are playing a game of chess. You are playing as Black.
This is a critically urgent match. You must thoroughly analyze the position and play with utmost caution. Leverage your wisdom to secure victory.
When you have the advantage, press it relentlessly and aim for a swift checkmate. Carefully evaluate every move to eliminate any chance of a counterplay or draw by your opponent.
When at a disadvantage, strive to turn the tide and win if possible. If victory is unattainable, exhaust all possible means to force a draw.
Meticulously analyze legal moves, then select the absolute best one.

Considering the long-term strategy and short-term tactic. Analyze the position carefully. You may think through the position and consider multiple candidate moves.
When you have decided on your final move, output it in UCI notation (e.g., 'e2e4', 'g8f6' , 'e7e8q') in the following format:
```
<move>
```

For example:
```
e2e4
```
You can think and reason as much as you want(step by step), but your final move must be formatted exactly as shown above.

2025-06-26 18:01:10,408 - INFO - 

Current board position in FEN notation:
rn1qkb1r/pp2ppp1/4bn1p/2p1p3/3P4/2N5/PPP2PPP/R1BQKB1R b KQkq - 0 7

Partial move history in UCI notation:d7d6, b1c3, g8f6, e4e5, d6e5, f3g5, h7h6, g5e6, c8e6, d2d4


Legal moves in UCI notation: h8g8, h8h7, e8d7, d8c8, d8d7, d8c7, d8d6, d8b6, d8d5, d8a5, d8d4, b8d7, b8c6, b8a6, f6g8, f6h7, f6d7, f6h5, f6d5, f6g4, f6e4, e6c8, e6d7, e6f5, e6d5, e6g4, e6c4, e6h3, e6b3, e6a2, e5d4, c5d4, g7g6, b7b6, a7a6, h6h5, e5e4, c5c4, g7g5, b7b5, a7a5


2025-06-26 18:01:12,011 - INFO - Valid move found: c5d4
2025-06-26 18:01:21,905 - INFO - Move c5d4 is Stockfish's recommendation #2
2025-06-26 18:01:21,906 - INFO - Win rate after move c5d4: 93.80%
2025-06-26 18:01:21,906 - INFO - Move: c5d4
2025-06-26 18:01:21,906 - INFO - Board after move:
r n . q k b . r
p p . . p p p .
. . . . b n . p
. . . . p . . .
. . . p . . . .
. . N . . . . .
P P P . . P P P
R . B Q K B . R
2025-06-26 18:01:24,855 - INFO - Current position win rate for White: 6.04%
2025-06-26 18:01:31,253 - INFO - Top 3 recommended moves by Stockfish:
2025-06-26 18:01:31,253 - INFO -   1. Ne2 (c3e2) - Win rate: 6.20%
2025-06-26 18:01:31,253 - INFO -   2. Nb1 (c3b1) - Win rate: 5.69%
2025-06-26 18:01:31,253 - INFO -   3. Bb5+ (f1b5) - Win rate: 5.36%
2025-06-26 18:01:31,253 - INFO - doubao-seed-1-6-thinking-250615_standard's turn (White) - Move 8
2025-06-26 18:01:31,254 - INFO - Prompt to White (doubao-seed-1-6-thinking-250615_standard):
2025-06-26 18:01:31,254 - INFO - 

You are an expert chess player. You are playing a game of chess. You are playing as White.
This is a critically urgent match. You must thoroughly analyze the position and play with utmost caution. Leverage your wisdom to secure victory.
When you have the advantage, press it relentlessly and aim for a swift checkmate. Carefully evaluate every move to eliminate any chance of a counterplay or draw by your opponent.
When at a disadvantage, strive to turn the tide and win if possible. If victory is unattainable, exhaust all possible means to force a draw.
Meticulously analyze legal moves, then select the absolute best one.

Considering the long-term strategy and short-term tactic. Analyze the position carefully. You may think through the position and consider multiple candidate moves.
When you have decided on your final move, output it in UCI notation (e.g., 'e2e4', 'g8f6' , 'e7e8q') in the following format:
```
<move>
```

For example:
```
e2e4
```
You can think and reason as much as you want(step by step), but your final move must be formatted exactly as shown above.

2025-06-26 18:01:31,254 - INFO - 

Current board position in FEN notation:
rn1qkb1r/pp2ppp1/4bn1p/4p3/3p4/2N5/PPP2PPP/R1BQKB1R w KQkq - 0 8

Partial move history in UCI notation:b1c3, g8f6, e4e5, d6e5, f3g5, h7h6, g5e6, c8e6, d2d4, c5d4


Legal moves in UCI notation: c3d5, c3b5, c3e4, c3a4, c3e2, c3b1, h1g1, f1a6, f1b5, f1c4, f1d3, f1e2, e1e2, e1d2, d1h5, d1g4, d1d4, d1f3, d1d3, d1e2, d1d2, c1h6, c1g5, c1f4, c1e3, c1d2, a1b1, h2h3, g2g3, f2f3, b2b3, a2a3, h2h4, g2g4, f2f4, b2b4, a2a4


2025-06-26 18:01:31,254 - INFO - Attempt 1/3...
2025-06-26 18:10:21,526 - INFO - Raw response from White (doubao-seed-1-6-thinking-250615_standard) (took 530.27s):

```
c3e4
```
2025-06-26 18:10:21,526 - INFO - Valid move found: c3e4
2025-06-26 18:10:32,258 - INFO - Move c3e4 is not among Stockfish's top 3 recommendations
2025-06-26 18:10:32,258 - INFO - Win rate after move c3e4: 1.80%
2025-06-26 18:10:32,258 - INFO - Move: c3e4
2025-06-26 18:10:32,258 - INFO - Board after move:
r n . q k b . r
p p . . p p p .
. . . . b n . p
. . . . p . . .
. . . p N . . .
. . . . . . . .
P P P . . P P P
R . B Q K B . R
2025-06-26 18:10:34,949 - INFO - Current position win rate for Black: 98.04%
2025-06-26 18:10:43,469 - INFO - Top 3 recommended moves by Stockfish:
2025-06-26 18:10:43,469 - INFO -   1. Nxe4 (f6e4) - Win rate: 98.17%
2025-06-26 18:10:43,469 - INFO -   2. Qd5 (d8d5) - Win rate: 93.91%
2025-06-26 18:10:43,469 - INFO -   3. Bd5 (e6d5) - Win rate: 93.58%
2025-06-26 18:10:43,469 - INFO - maia-1100_blitz's turn (Black) - Move 8
2025-06-26 18:10:43,470 - INFO - Prompt to Black (maia-1100_blitz):
2025-06-26 18:10:43,470 - INFO - 

You are an expert chess player. You are playing a game of chess. You are playing as Black.
This is a critically urgent match. You must thoroughly analyze the position and play with utmost caution. Leverage your wisdom to secure victory.
When you have the advantage, press it relentlessly and aim for a swift checkmate. Carefully evaluate every move to eliminate any chance of a counterplay or draw by your opponent.
When at a disadvantage, strive to turn the tide and win if possible. If victory is unattainable, exhaust all possible means to force a draw.
Meticulously analyze legal moves, then select the absolute best one.

Considering the long-term strategy and short-term tactic. Analyze the position carefully. You may think through the position and consider multiple candidate moves.
When you have decided on your final move, output it in UCI notation (e.g., 'e2e4', 'g8f6' , 'e7e8q') in the following format:
```
<move>
```

For example:
```
e2e4
```
You can think and reason as much as you want(step by step), but your final move must be formatted exactly as shown above.

2025-06-26 18:10:43,470 - INFO - 

Current board position in FEN notation:
rn1qkb1r/pp2ppp1/4bn1p/4p3/3pN3/8/PPP2PPP/R1BQKB1R b KQkq - 1 8

Partial move history in UCI notation:g8f6, e4e5, d6e5, f3g5, h7h6, g5e6, c8e6, d2d4, c5d4, c3e4


Legal moves in UCI notation: h8g8, h8h7, e8d7, d8c8, d8d7, d8c7, d8d6, d8b6, d8d5, d8a5, b8d7, b8c6, b8a6, f6g8, f6h7, f6d7, f6h5, f6d5, f6g4, f6e4, e6c8, e6d7, e6f5, e6d5, e6g4, e6c4, e6h3, e6b3, e6a2, g7g6, b7b6, a7a6, h6h5, d4d3, g7g5, b7b5, a7a5


2025-06-26 18:10:44,572 - INFO - Valid move found: f6e4
2025-06-26 18:10:53,025 - INFO - Move f6e4 is Stockfish's recommendation #1
2025-06-26 18:10:53,025 - INFO - Win rate after move f6e4: 98.17%
2025-06-26 18:10:53,025 - INFO - Move: f6e4
2025-06-26 18:10:53,026 - INFO - Board after move:
r n . q k b . r
p p . . p p p .
. . . . b . . p
. . . . p . . .
. . . p n . . .
. . . . . . . .
P P P . . P P P
R . B Q K B . R
2025-06-26 18:10:58,011 - INFO - Current position win rate for White: 1.95%
2025-06-26 18:11:06,713 - INFO - Top 3 recommended moves by Stockfish:
2025-06-26 18:11:06,713 - INFO -   1. Bb5+ (f1b5) - Win rate: 1.95%
2025-06-26 18:11:06,714 - INFO -   2. Bd3 (f1d3) - Win rate: 1.72%
2025-06-26 18:11:06,714 - INFO -   3. c3 (c2c3) - Win rate: 1.62%
2025-06-26 18:11:06,714 - INFO - doubao-seed-1-6-thinking-250615_standard's turn (White) - Move 9
2025-06-26 18:11:06,714 - INFO - Prompt to White (doubao-seed-1-6-thinking-250615_standard):
2025-06-26 18:11:06,714 - INFO - 

You are an expert chess player. You are playing a game of chess. You are playing as White.
This is a critically urgent match. You must thoroughly analyze the position and play with utmost caution. Leverage your wisdom to secure victory.
When you have the advantage, press it relentlessly and aim for a swift checkmate. Carefully evaluate every move to eliminate any chance of a counterplay or draw by your opponent.
When at a disadvantage, strive to turn the tide and win if possible. If victory is unattainable, exhaust all possible means to force a draw.
Meticulously analyze legal moves, then select the absolute best one.

Considering the long-term strategy and short-term tactic. Analyze the position carefully. You may think through the position and consider multiple candidate moves.
When you have decided on your final move, output it in UCI notation (e.g., 'e2e4', 'g8f6' , 'e7e8q') in the following format:
```
<move>
```

For example:
```
e2e4
```
You can think and reason as much as you want(step by step), but your final move must be formatted exactly as shown above.

2025-06-26 18:11:06,714 - INFO - 

Current board position in FEN notation:
rn1qkb1r/pp2ppp1/4b2p/4p3/3pn3/8/PPP2PPP/R1BQKB1R w KQkq - 0 9

Partial move history in UCI notation:e4e5, d6e5, f3g5, h7h6, g5e6, c8e6, d2d4, c5d4, c3e4, f6e4


Legal moves in UCI notation: h1g1, f1a6, f1b5, f1c4, f1d3, f1e2, e1e2, d1h5, d1g4, d1d4, d1f3, d1d3, d1e2, d1d2, c1h6, c1g5, c1f4, c1e3, c1d2, a1b1, h2h3, g2g3, f2f3, c2c3, b2b3, a2a3, h2h4, g2g4, f2f4, c2c4, b2b4, a2a4


2025-06-26 18:11:06,714 - INFO - Attempt 1/3...
2025-06-26 18:20:41,757 - INFO - Raw response from White (doubao-seed-1-6-thinking-250615_standard) (took 575.04s):
```
f1c4
```
2025-06-26 18:20:41,757 - INFO - Valid move found: f1c4
2025-06-26 18:20:51,927 - INFO - Move f1c4 is not among Stockfish's top 3 recommendations
2025-06-26 18:20:51,927 - INFO - Win rate after move f1c4: 0.23%
2025-06-26 18:20:51,927 - INFO - Move: f1c4
2025-06-26 18:20:51,927 - INFO - Board after move:
r n . q k b . r
p p . . p p p .
. . . . b . . p
. . . . p . . .
. . B p n . . .
. . . . . . . .
P P P . . P P P
R . B Q K . . R
2025-06-26 18:20:53,716 - INFO - Current position win rate for Black: 99.78%
2025-06-26 18:20:58,581 - INFO - Top 3 recommended moves by Stockfish:
2025-06-26 18:20:58,581 - INFO -   1. Bxc4 (e6c4) - Win rate: 99.79%
2025-06-26 18:20:58,581 - INFO -   2. Qa5+ (d8a5) - Win rate: 99.34%
2025-06-26 18:20:58,582 - INFO -   3. Bd5 (e6d5) - Win rate: 98.31%
2025-06-26 18:20:58,582 - INFO - maia-1100_blitz's turn (Black) - Move 9
2025-06-26 18:20:58,582 - INFO - Prompt to Black (maia-1100_blitz):
2025-06-26 18:20:58,582 - INFO - 

You are an expert chess player. You are playing a game of chess. You are playing as Black.
This is a critically urgent match. You must thoroughly analyze the position and play with utmost caution. Leverage your wisdom to secure victory.
When you have the advantage, press it relentlessly and aim for a swift checkmate. Carefully evaluate every move to eliminate any chance of a counterplay or draw by your opponent.
When at a disadvantage, strive to turn the tide and win if possible. If victory is unattainable, exhaust all possible means to force a draw.
Meticulously analyze legal moves, then select the absolute best one.

Considering the long-term strategy and short-term tactic. Analyze the position carefully. You may think through the position and consider multiple candidate moves.
When you have decided on your final move, output it in UCI notation (e.g., 'e2e4', 'g8f6' , 'e7e8q') in the following format:
```
<move>
```

For example:
```
e2e4
```
You can think and reason as much as you want(step by step), but your final move must be formatted exactly as shown above.

2025-06-26 18:20:58,582 - INFO - 

Current board position in FEN notation:
rn1qkb1r/pp2ppp1/4b2p/4p3/2Bpn3/8/PPP2PPP/R1BQK2R b KQkq - 1 9

Partial move history in UCI notation:d6e5, f3g5, h7h6, g5e6, c8e6, d2d4, c5d4, c3e4, f6e4, f1c4


Legal moves in UCI notation: h8g8, h8h7, e8d7, d8c8, d8d7, d8c7, d8d6, d8b6, d8d5, d8a5, b8d7, b8c6, b8a6, e6c8, e6d7, e6f5, e6d5, e6g4, e6c4, e6h3, e4f6, e4d6, e4g5, e4c5, e4g3, e4c3, e4f2, e4d2, g7g6, f7f6, b7b6, a7a6, h6h5, d4d3, g7g5, f7f5, b7b5, a7a5


2025-06-26 18:20:59,706 - INFO - Valid move found: e6c4
2025-06-26 18:21:04,645 - INFO - Move e6c4 is Stockfish's recommendation #1
2025-06-26 18:21:04,645 - INFO - Win rate after move e6c4: 99.79%
2025-06-26 18:21:04,645 - INFO - Move: e6c4
2025-06-26 18:21:04,645 - INFO - Board after move:
r n . q k b . r
p p . . p p p .
. . . . . . . p
. . . . p . . .
. . b p n . . .
. . . . . . . .
P P P . . P P P
R . B Q K . . R
2025-06-26 18:21:07,411 - INFO - Current position win rate for White: 0.18%
2025-06-26 18:21:18,671 - INFO - Top 3 recommended moves by Stockfish:
2025-06-26 18:21:18,672 - INFO -   1. b3 (b2b3) - Win rate: 0.19%
2025-06-26 18:21:18,672 - INFO -   2. Qg4 (d1g4) - Win rate: 0.13%
2025-06-26 18:21:18,672 - INFO -   3. Bd2 (c1d2) - Win rate: 0.11%
2025-06-26 18:21:18,672 - INFO - doubao-seed-1-6-thinking-250615_standard's turn (White) - Move 10
2025-06-26 18:21:18,672 - INFO - Prompt to White (doubao-seed-1-6-thinking-250615_standard):
2025-06-26 18:21:18,672 - INFO - 

You are an expert chess player. You are playing a game of chess. You are playing as White.
This is a critically urgent match. You must thoroughly analyze the position and play with utmost caution. Leverage your wisdom to secure victory.
When you have the advantage, press it relentlessly and aim for a swift checkmate. Carefully evaluate every move to eliminate any chance of a counterplay or draw by your opponent.
When at a disadvantage, strive to turn the tide and win if possible. If victory is unattainable, exhaust all possible means to force a draw.
Meticulously analyze legal moves, then select the absolute best one.

Considering the long-term strategy and short-term tactic. Analyze the position carefully. You may think through the position and consider multiple candidate moves.
When you have decided on your final move, output it in UCI notation (e.g., 'e2e4', 'g8f6' , 'e7e8q') in the following format:
```
<move>
```

For example:
```
e2e4
```
You can think and reason as much as you want(step by step), but your final move must be formatted exactly as shown above.

2025-06-26 18:21:18,672 - INFO - 

Current board position in FEN notation:
rn1qkb1r/pp2ppp1/7p/4p3/2bpn3/8/PPP2PPP/R1BQK2R w KQkq - 0 10

Partial move history in UCI notation:f3g5, h7h6, g5e6, c8e6, d2d4, c5d4, c3e4, f6e4, f1c4, e6c4


Legal moves in UCI notation: h1g1, h1f1, d1h5, d1g4, d1d4, d1f3, d1d3, d1e2, d1d2, c1h6, c1g5, c1f4, c1e3, c1d2, a1b1, h2h3, g2g3, f2f3, c2c3, b2b3, a2a3, h2h4, g2g4, f2f4, b2b4, a2a4


2025-06-26 18:21:18,672 - INFO - Attempt 1/3...
2025-06-26 18:40:46,048 - INFO - Raw response from White (doubao-seed-1-6-thinking-250615_standard) (took 1167.38s):

```
f2f3
```
2025-06-26 18:40:46,048 - INFO - Valid move found: f2f3
2025-06-26 18:40:57,706 - INFO - Move f2f3 is not among Stockfish's top 3 recommendations
2025-06-26 18:40:57,707 - INFO - Win rate after move f2f3: 0.07%
2025-06-26 18:40:57,707 - INFO - Move: f2f3
2025-06-26 18:40:57,707 - INFO - Board after move:
r n . q k b . r
p p . . p p p .
. . . . . . . p
. . . . p . . .
. . b p n . . .
. . . . . P . .
P P P . . . P P
R . B Q K . . R
2025-06-26 18:40:58,121 - INFO - Current position win rate for Black: 99.91%
2025-06-26 18:41:05,046 - INFO - Top 3 recommended moves by Stockfish:
2025-06-26 18:41:05,046 - INFO -   1. e6 (e7e6) - Win rate: 99.94%
2025-06-26 18:41:05,046 - INFO -   2. Nf6 (e4f6) - Win rate: 99.81%
2025-06-26 18:41:05,046 - INFO -   3. Nd6 (e4d6) - Win rate: 99.77%
2025-06-26 18:41:05,046 - INFO - maia-1100_blitz's turn (Black) - Move 10
2025-06-26 18:41:05,046 - INFO - Prompt to Black (maia-1100_blitz):
2025-06-26 18:41:05,047 - INFO - 

You are an expert chess player. You are playing a game of chess. You are playing as Black.
This is a critically urgent match. You must thoroughly analyze the position and play with utmost caution. Leverage your wisdom to secure victory.
When you have the advantage, press it relentlessly and aim for a swift checkmate. Carefully evaluate every move to eliminate any chance of a counterplay or draw by your opponent.
When at a disadvantage, strive to turn the tide and win if possible. If victory is unattainable, exhaust all possible means to force a draw.
Meticulously analyze legal moves, then select the absolute best one.

Considering the long-term strategy and short-term tactic. Analyze the position carefully. You may think through the position and consider multiple candidate moves.
When you have decided on your final move, output it in UCI notation (e.g., 'e2e4', 'g8f6' , 'e7e8q') in the following format:
```
<move>
```

For example:
```
e2e4
```
You can think and reason as much as you want(step by step), but your final move must be formatted exactly as shown above.

2025-06-26 18:41:05,047 - INFO - 

Current board position in FEN notation:
rn1qkb1r/pp2ppp1/7p/4p3/2bpn3/5P2/PPP3PP/R1BQK2R b KQkq - 0 10

Partial move history in UCI notation:h7h6, g5e6, c8e6, d2d4, c5d4, c3e4, f6e4, f1c4, e6c4, f2f3


Legal moves in UCI notation: h8g8, h8h7, e8d7, d8c8, d8d7, d8c7, d8d6, d8b6, d8d5, d8a5, b8d7, b8c6, b8a6, e4f6, e4d6, e4g5, e4c5, e4g3, e4c3, e4f2, e4d2, c4e6, c4a6, c4d5, c4b5, c4d3, c4b3, c4e2, c4a2, c4f1, g7g6, f7f6, e7e6, b7b6, a7a6, h6h5, d4d3, g7g5, f7f5, b7b5, a7a5


2025-06-26 18:41:06,647 - INFO - Valid move found: e4f6
2025-06-26 18:41:13,399 - INFO - Move e4f6 is Stockfish's recommendation #2
2025-06-26 18:41:13,400 - INFO - Win rate after move e4f6: 99.81%
2025-06-26 18:41:13,400 - INFO - Move: e4f6
2025-06-26 18:41:13,400 - INFO - Board after move:
r n . q k b . r
p p . . p p p .
. . . . . n . p
. . . . p . . .
. . b p . . . .
. . . . . P . .
P P P . . . P P
R . B Q K . . R
2025-06-26 18:41:17,109 - INFO - Current position win rate for White: 0.19%
2025-06-26 18:41:24,753 - INFO - Top 3 recommended moves by Stockfish:
2025-06-26 18:41:24,753 - INFO -   1. c3 (c2c3) - Win rate: 0.19%
2025-06-26 18:41:24,753 - INFO -   2. Kf2 (e1f2) - Win rate: 0.18%
2025-06-26 18:41:24,753 - INFO -   3. b3 (b2b3) - Win rate: 0.17%
2025-06-26 18:41:24,753 - INFO - doubao-seed-1-6-thinking-250615_standard's turn (White) - Move 11
2025-06-26 18:41:24,754 - INFO - Prompt to White (doubao-seed-1-6-thinking-250615_standard):
2025-06-26 18:41:24,754 - INFO - 

You are an expert chess player. You are playing a game of chess. You are playing as White.
This is a critically urgent match. You must thoroughly analyze the position and play with utmost caution. Leverage your wisdom to secure victory.
When you have the advantage, press it relentlessly and aim for a swift checkmate. Carefully evaluate every move to eliminate any chance of a counterplay or draw by your opponent.
When at a disadvantage, strive to turn the tide and win if possible. If victory is unattainable, exhaust all possible means to force a draw.
Meticulously analyze legal moves, then select the absolute best one.

Considering the long-term strategy and short-term tactic. Analyze the position carefully. You may think through the position and consider multiple candidate moves.
When you have decided on your final move, output it in UCI notation (e.g., 'e2e4', 'g8f6' , 'e7e8q') in the following format:
```
<move>
```

For example:
```
e2e4
```
You can think and reason as much as you want(step by step), but your final move must be formatted exactly as shown above.

2025-06-26 18:41:24,754 - INFO - 

Current board position in FEN notation:
rn1qkb1r/pp2ppp1/5n1p/4p3/2bp4/5P2/PPP3PP/R1BQK2R w KQkq - 1 11

Partial move history in UCI notation:g5e6, c8e6, d2d4, c5d4, c3e4, f6e4, f1c4, e6c4, f2f3, e4f6


Legal moves in UCI notation: h1g1, h1f1, e1f2, e1d2, d1d4, d1d3, d1e2, d1d2, c1h6, c1g5, c1f4, c1e3, c1d2, a1b1, f3f4, h2h3, g2g3, c2c3, b2b3, a2a3, h2h4, g2g4, b2b4, a2a4


2025-06-26 18:41:24,754 - INFO - Attempt 1/3...
2025-06-26 18:58:36,492 - INFO - Raw response from White (doubao-seed-1-6-thinking-250615_standard) (took 1031.74s):
```
c1g5
```
2025-06-26 18:58:36,492 - INFO - Valid move found: c1g5
2025-06-26 18:58:51,634 - INFO - Move c1g5 is not among Stockfish's top 3 recommendations
2025-06-26 18:58:51,634 - INFO - Win rate after move c1g5: 0.03%
2025-06-26 18:58:51,634 - INFO - Move: c1g5
2025-06-26 18:58:51,634 - INFO - Board after move:
r n . q k b . r
p p . . p p p .
. . . . . n . p
. . . . p . B .
. . b p . . . .
. . . . . P . .
P P P . . . P P
R . . Q K . . R
2025-06-26 18:58:56,079 - INFO - Current position win rate for Black: 99.97%
2025-06-26 18:59:06,586 - INFO - Top 3 recommended moves by Stockfish:
2025-06-26 18:59:06,587 - INFO -   1. hxg5 (h6g5) - Win rate: 99.97%
2025-06-26 18:59:06,587 - INFO -   2. Nd5 (f6d5) - Win rate: 99.89%
2025-06-26 18:59:06,587 - INFO -   3. e6 (e7e6) - Win rate: 99.89%
2025-06-26 18:59:06,587 - INFO - maia-1100_blitz's turn (Black) - Move 11
2025-06-26 18:59:06,587 - INFO - Prompt to Black (maia-1100_blitz):
2025-06-26 18:59:06,587 - INFO - 

You are an expert chess player. You are playing a game of chess. You are playing as Black.
This is a critically urgent match. You must thoroughly analyze the position and play with utmost caution. Leverage your wisdom to secure victory.
When you have the advantage, press it relentlessly and aim for a swift checkmate. Carefully evaluate every move to eliminate any chance of a counterplay or draw by your opponent.
When at a disadvantage, strive to turn the tide and win if possible. If victory is unattainable, exhaust all possible means to force a draw.
Meticulously analyze legal moves, then select the absolute best one.

Considering the long-term strategy and short-term tactic. Analyze the position carefully. You may think through the position and consider multiple candidate moves.
When you have decided on your final move, output it in UCI notation (e.g., 'e2e4', 'g8f6' , 'e7e8q') in the following format:
```
<move>
```

For example:
```
e2e4
```
You can think and reason as much as you want(step by step), but your final move must be formatted exactly as shown above.

2025-06-26 18:59:06,587 - INFO - 

Current board position in FEN notation:
rn1qkb1r/pp2ppp1/5n1p/4p1B1/2bp4/5P2/PPP3PP/R2QK2R b KQkq - 2 11

Partial move history in UCI notation:c8e6, d2d4, c5d4, c3e4, f6e4, f1c4, e6c4, f2f3, e4f6, c1g5


Legal moves in UCI notation: h8g8, h8h7, e8d7, d8c8, d8d7, d8c7, d8d6, d8b6, d8d5, d8a5, b8d7, b8c6, b8a6, f6g8, f6h7, f6d7, f6h5, f6d5, f6g4, f6e4, c4e6, c4a6, c4d5, c4b5, c4d3, c4b3, c4e2, c4a2, c4f1, h6g5, g7g6, e7e6, b7b6, a7a6, h6h5, e5e4, d4d3, b7b5, a7a5


2025-06-26 18:59:07,854 - INFO - Valid move found: h6g5
2025-06-26 18:59:18,245 - INFO - Move h6g5 is Stockfish's recommendation #1
2025-06-26 18:59:18,245 - INFO - Win rate after move h6g5: 99.97%
2025-06-26 18:59:18,245 - INFO - Move: h6g5
2025-06-26 18:59:18,245 - INFO - Board after move:
r n . q k b . r
p p . . p p p .
. . . . . n . .
. . . . p . p .
. . b p . . . .
. . . . . P . .
P P P . . . P P
R . . Q K . . R
2025-06-26 18:59:31,622 - INFO - Current position win rate for White: 0.02%
2025-06-26 18:59:49,926 - INFO - Top 3 recommended moves by Stockfish:
2025-06-26 18:59:49,926 - INFO -   1. b3 (b2b3) - Win rate: 0.03%
2025-06-26 18:59:49,926 - INFO -   2. Qd2 (d1d2) - Win rate: 0.02%
2025-06-26 18:59:49,926 - INFO -   3. c3 (c2c3) - Win rate: 0.02%
2025-06-26 18:59:49,926 - INFO - doubao-seed-1-6-thinking-250615_standard's turn (White) - Move 12
2025-06-26 18:59:49,927 - INFO - Prompt to White (doubao-seed-1-6-thinking-250615_standard):
2025-06-26 18:59:49,927 - INFO - 

You are an expert chess player. You are playing a game of chess. You are playing as White.
This is a critically urgent match. You must thoroughly analyze the position and play with utmost caution. Leverage your wisdom to secure victory.
When you have the advantage, press it relentlessly and aim for a swift checkmate. Carefully evaluate every move to eliminate any chance of a counterplay or draw by your opponent.
When at a disadvantage, strive to turn the tide and win if possible. If victory is unattainable, exhaust all possible means to force a draw.
Meticulously analyze legal moves, then select the absolute best one.

Considering the long-term strategy and short-term tactic. Analyze the position carefully. You may think through the position and consider multiple candidate moves.
When you have decided on your final move, output it in UCI notation (e.g., 'e2e4', 'g8f6' , 'e7e8q') in the following format:
```
<move>
```

For example:
```
e2e4
```
You can think and reason as much as you want(step by step), but your final move must be formatted exactly as shown above.

2025-06-26 18:59:49,927 - INFO - 

Current board position in FEN notation:
rn1qkb1r/pp2ppp1/5n2/4p1p1/2bp4/5P2/PPP3PP/R2QK2R w KQkq - 0 12

Partial move history in UCI notation:d2d4, c5d4, c3e4, f6e4, f1c4, e6c4, f2f3, e4f6, c1g5, h6g5


Legal moves in UCI notation: h1g1, h1f1, e1f2, e1d2, d1d4, d1d3, d1e2, d1d2, d1c1, d1b1, a1c1, a1b1, f3f4, h2h3, g2g3, c2c3, b2b3, a2a3, h2h4, g2g4, b2b4, a2a4


2025-06-26 18:59:49,927 - INFO - Attempt 1/3...
2025-06-26 19:29:51,599 - ERROR - API connection error. Waiting...
2025-06-26 19:30:11,619 - INFO - Attempt 1/3...
2025-06-26 19:35:43,193 - INFO - Raw response from White (doubao-seed-1-6-thinking-250615_standard) (took 331.57s):
```
f3f4
```
2025-06-26 19:35:43,194 - INFO - Valid move found: f3f4
2025-06-26 19:36:10,860 - INFO - Move f3f4 is not among Stockfish's top 3 recommendations
2025-06-26 19:36:10,860 - INFO - Win rate after move f3f4: 0.00%
2025-06-26 19:36:10,860 - INFO - Move: f3f4
2025-06-26 19:36:10,860 - INFO - Board after move:
r n . q k b . r
p p . . p p p .
. . . . . n . .
. . . . p . p .
. . b p . P . .
. . . . . . . .
P P P . . . P P
R . . Q K . . R
2025-06-26 19:36:17,625 - INFO - Current position win rate for Black: 100.00%
2025-06-26 19:36:32,919 - INFO - Top 3 recommended moves by Stockfish:
2025-06-26 19:36:32,920 - INFO -   1. Ne4 (f6e4) - Win rate: 100.00%
2025-06-26 19:36:32,920 - INFO -   2. e6 (e7e6) - Win rate: 100.00%
2025-06-26 19:36:32,920 - INFO -   3. gxf4 (g5f4) - Win rate: 99.99%
2025-06-26 19:36:32,920 - INFO - maia-1100_blitz's turn (Black) - Move 12
2025-06-26 19:36:32,920 - INFO - Prompt to Black (maia-1100_blitz):
2025-06-26 19:36:32,920 - INFO - 

You are an expert chess player. You are playing a game of chess. You are playing as Black.
This is a critically urgent match. You must thoroughly analyze the position and play with utmost caution. Leverage your wisdom to secure victory.
When you have the advantage, press it relentlessly and aim for a swift checkmate. Carefully evaluate every move to eliminate any chance of a counterplay or draw by your opponent.
When at a disadvantage, strive to turn the tide and win if possible. If victory is unattainable, exhaust all possible means to force a draw.
Meticulously analyze legal moves, then select the absolute best one.

Considering the long-term strategy and short-term tactic. Analyze the position carefully. You may think through the position and consider multiple candidate moves.
When you have decided on your final move, output it in UCI notation (e.g., 'e2e4', 'g8f6' , 'e7e8q') in the following format:
```
<move>
```

For example:
```
e2e4
```
You can think and reason as much as you want(step by step), but your final move must be formatted exactly as shown above.

2025-06-26 19:36:32,920 - INFO - 

Current board position in FEN notation:
rn1qkb1r/pp2ppp1/5n2/4p1p1/2bp1P2/8/PPP3PP/R2QK2R b KQkq - 0 12

Partial move history in UCI notation:c5d4, c3e4, f6e4, f1c4, e6c4, f2f3, e4f6, c1g5, h6g5, f3f4


Legal moves in UCI notation: h8g8, h8h7, h8h6, h8h5, h8h4, h8h3, h8h2, e8d7, d8c8, d8d7, d8c7, d8d6, d8b6, d8d5, d8a5, b8d7, b8c6, b8a6, f6g8, f6h7, f6d7, f6h5, f6d5, f6g4, f6e4, c4e6, c4a6, c4d5, c4b5, c4d3, c4b3, c4e2, c4a2, c4f1, g5f4, e5f4, g7g6, e7e6, b7b6, a7a6, g5g4, e5e4, d4d3, b7b5, a7a5


2025-06-26 19:36:34,315 - INFO - Valid move found: g5f4
2025-06-26 19:36:50,158 - INFO - Move g5f4 is Stockfish's recommendation #3
2025-06-26 19:36:50,158 - INFO - Win rate after move g5f4: 99.99%
2025-06-26 19:36:50,158 - INFO - Move: g5f4
2025-06-26 19:36:50,158 - INFO - Board after move:
r n . q k b . r
p p . . p p p .
. . . . . n . .
. . . . p . . .
. . b p . p . .
. . . . . . . .
P P P . . . P P
R . . Q K . . R
2025-06-26 19:36:54,102 - INFO - Current position win rate for White: 0.01%
2025-06-26 19:37:07,761 - INFO - Top 3 recommended moves by Stockfish:
2025-06-26 19:37:07,762 - INFO -   1. b3 (b2b3) - Win rate: 0.01%
2025-06-26 19:37:07,762 - INFO -   2. Qf3 (d1f3) - Win rate: 0.01%
2025-06-26 19:37:07,762 - INFO -   3. Qd2 (d1d2) - Win rate: 0.00%
2025-06-26 19:37:07,762 - INFO - doubao-seed-1-6-thinking-250615_standard's turn (White) - Move 13
2025-06-26 19:37:07,762 - INFO - Prompt to White (doubao-seed-1-6-thinking-250615_standard):
2025-06-26 19:37:07,762 - INFO - 

You are an expert chess player. You are playing a game of chess. You are playing as White.
This is a critically urgent match. You must thoroughly analyze the position and play with utmost caution. Leverage your wisdom to secure victory.
When you have the advantage, press it relentlessly and aim for a swift checkmate. Carefully evaluate every move to eliminate any chance of a counterplay or draw by your opponent.
When at a disadvantage, strive to turn the tide and win if possible. If victory is unattainable, exhaust all possible means to force a draw.
Meticulously analyze legal moves, then select the absolute best one.

Considering the long-term strategy and short-term tactic. Analyze the position carefully. You may think through the position and consider multiple candidate moves.
When you have decided on your final move, output it in UCI notation (e.g., 'e2e4', 'g8f6' , 'e7e8q') in the following format:
```
<move>
```

For example:
```
e2e4
```
You can think and reason as much as you want(step by step), but your final move must be formatted exactly as shown above.

2025-06-26 19:37:07,762 - INFO - 

Current board position in FEN notation:
rn1qkb1r/pp2ppp1/5n2/4p3/2bp1p2/8/PPP3PP/R2QK2R w KQkq - 0 13

Partial move history in UCI notation:c3e4, f6e4, f1c4, e6c4, f2f3, e4f6, c1g5, h6g5, f3f4, g5f4


Legal moves in UCI notation: h1g1, h1f1, e1f2, e1d2, d1h5, d1g4, d1d4, d1f3, d1d3, d1e2, d1d2, d1c1, d1b1, a1c1, a1b1, h2h3, g2g3, c2c3, b2b3, a2a3, h2h4, g2g4, b2b4, a2a4


2025-06-26 19:37:07,762 - INFO - Attempt 1/3...
2025-06-26 19:44:46,725 - INFO - Raw response from White (doubao-seed-1-6-thinking-250615_standard) (took 458.96s):
```
d1d4
```
2025-06-26 19:44:46,725 - INFO - Valid move found: d1d4
2025-06-26 19:45:00,648 - INFO - Move d1d4 is not among Stockfish's top 3 recommendations
2025-06-26 19:45:00,649 - INFO - Win rate after move d1d4: 0.00%
2025-06-26 19:45:00,649 - INFO - Move: d1d4
2025-06-26 19:45:00,649 - INFO - Board after move:
r n . q k b . r
p p . . p p p .
. . . . . n . .
. . . . p . . .
. . b Q . p . .
. . . . . . . .
P P P . . . P P
R . . . K . . R
2025-06-26 19:45:00,738 - INFO - Current position win rate for Black: 100.00%
2025-06-26 19:45:16,692 - INFO - Top 3 recommended moves by Stockfish:
2025-06-26 19:45:16,692 - INFO -   1. Qxd4 (d8d4) - Win rate: 100.00%
2025-06-26 19:45:16,692 - INFO -   2. exd4 (e5d4) - Win rate: 100.00%
2025-06-26 19:45:16,693 - INFO -   3. Qa5+ (d8a5) - Win rate: 99.99%
2025-06-26 19:45:16,693 - INFO - maia-1100_blitz's turn (Black) - Move 13
2025-06-26 19:45:16,693 - INFO - Prompt to Black (maia-1100_blitz):
2025-06-26 19:45:16,693 - INFO - 

You are an expert chess player. You are playing a game of chess. You are playing as Black.
This is a critically urgent match. You must thoroughly analyze the position and play with utmost caution. Leverage your wisdom to secure victory.
When you have the advantage, press it relentlessly and aim for a swift checkmate. Carefully evaluate every move to eliminate any chance of a counterplay or draw by your opponent.
When at a disadvantage, strive to turn the tide and win if possible. If victory is unattainable, exhaust all possible means to force a draw.
Meticulously analyze legal moves, then select the absolute best one.

Considering the long-term strategy and short-term tactic. Analyze the position carefully. You may think through the position and consider multiple candidate moves.
When you have decided on your final move, output it in UCI notation (e.g., 'e2e4', 'g8f6' , 'e7e8q') in the following format:
```
<move>
```

For example:
```
e2e4
```
You can think and reason as much as you want(step by step), but your final move must be formatted exactly as shown above.

2025-06-26 19:45:16,693 - INFO - 

Current board position in FEN notation:
rn1qkb1r/pp2ppp1/5n2/4p3/2bQ1p2/8/PPP3PP/R3K2R b KQkq - 0 13

Partial move history in UCI notation:f6e4, f1c4, e6c4, f2f3, e4f6, c1g5, h6g5, f3f4, g5f4, d1d4


Legal moves in UCI notation: h8g8, h8h7, h8h6, h8h5, h8h4, h8h3, h8h2, d8c8, d8d7, d8c7, d8d6, d8b6, d8d5, d8a5, d8d4, b8d7, b8c6, b8a6, f6g8, f6h7, f6d7, f6h5, f6d5, f6g4, f6e4, c4e6, c4a6, c4d5, c4b5, c4d3, c4b3, c4e2, c4a2, c4f1, e5d4, g7g6, e7e6, b7b6, a7a6, e5e4, f4f3, g7g5, b7b5, a7a5


2025-06-26 19:45:17,874 - INFO - Valid move found: d8d4
2025-06-26 19:45:33,918 - INFO - Move d8d4 is Stockfish's recommendation #1
2025-06-26 19:45:33,919 - INFO - Win rate after move d8d4: 100.00%
2025-06-26 19:45:33,919 - INFO - Move: d8d4
2025-06-26 19:45:33,919 - INFO - Board after move:
r n . . k b . r
p p . . p p p .
. . . . . n . .
. . . . p . . .
. . b q . p . .
. . . . . . . .
P P P . . . P P
R . . . K . . R
2025-06-26 19:45:34,008 - INFO - Current position win rate for White: 0.00%
2025-06-26 19:45:34,098 - INFO - Top 3 recommended moves by Stockfish:
2025-06-26 19:45:34,099 - INFO -   1. b3 (b2b3) - Win rate: 0.00%
2025-06-26 19:45:34,099 - INFO -   2. Rf1 (h1f1) - Win rate: 0.00%
2025-06-26 19:45:34,099 - INFO -   3. c3 (c2c3) - Win rate: 0.00%
2025-06-26 19:45:34,099 - INFO - doubao-seed-1-6-thinking-250615_standard's turn (White) - Move 14
2025-06-26 19:45:34,099 - INFO - Prompt to White (doubao-seed-1-6-thinking-250615_standard):
2025-06-26 19:45:34,099 - INFO - 

You are an expert chess player. You are playing a game of chess. You are playing as White.
This is a critically urgent match. You must thoroughly analyze the position and play with utmost caution. Leverage your wisdom to secure victory.
When you have the advantage, press it relentlessly and aim for a swift checkmate. Carefully evaluate every move to eliminate any chance of a counterplay or draw by your opponent.
When at a disadvantage, strive to turn the tide and win if possible. If victory is unattainable, exhaust all possible means to force a draw.
Meticulously analyze legal moves, then select the absolute best one.

Considering the long-term strategy and short-term tactic. Analyze the position carefully. You may think through the position and consider multiple candidate moves.
When you have decided on your final move, output it in UCI notation (e.g., 'e2e4', 'g8f6' , 'e7e8q') in the following format:
```
<move>
```

For example:
```
e2e4
```
You can think and reason as much as you want(step by step), but your final move must be formatted exactly as shown above.

2025-06-26 19:45:34,099 - INFO - 

Current board position in FEN notation:
rn2kb1r/pp2ppp1/5n2/4p3/2bq1p2/8/PPP3PP/R3K2R w KQkq - 0 14

Partial move history in UCI notation:f1c4, e6c4, f2f3, e4f6, c1g5, h6g5, f3f4, g5f4, d1d4, d8d4


Legal moves in UCI notation: h1g1, h1f1, a1d1, a1c1, a1b1, h2h3, g2g3, c2c3, b2b3, a2a3, h2h4, g2g4, b2b4, a2a4


2025-06-26 19:45:34,099 - INFO - Attempt 1/3...
2025-06-26 19:53:17,752 - INFO - Raw response from White (doubao-seed-1-6-thinking-250615_standard) (took 463.65s):

```
g2g3
```
2025-06-26 19:53:17,753 - INFO - Valid move found: g2g3
2025-06-26 19:53:17,849 - INFO - Move g2g3 is not among Stockfish's top 3 recommendations
2025-06-26 19:53:17,849 - INFO - Win rate after move g2g3: 0.00%
2025-06-26 19:53:17,849 - INFO - Move: g2g3
2025-06-26 19:53:17,849 - INFO - Board after move:
r n . . k b . r
p p . . p p p .
. . . . . n . .
. . . . p . . .
. . b q . p . .
. . . . . . P .
P P P . . . . P
R . . . K . . R
2025-06-26 19:53:17,923 - INFO - Current position win rate for Black: 100.00%
2025-06-26 19:53:18,003 - INFO - Top 3 recommended moves by Stockfish:
2025-06-26 19:53:18,003 - INFO -   1. Ne4 (f6e4) - Win rate: 100.00%
2025-06-26 19:53:18,003 - INFO -   2. Qe3+ (d4e3) - Win rate: 100.00%
2025-06-26 19:53:18,003 - INFO -   3. Rxh2 (h8h2) - Win rate: 100.00%
2025-06-26 19:53:18,003 - INFO - maia-1100_blitz's turn (Black) - Move 14
2025-06-26 19:53:18,004 - INFO - Prompt to Black (maia-1100_blitz):
2025-06-26 19:53:18,004 - INFO - 

You are an expert chess player. You are playing a game of chess. You are playing as Black.
This is a critically urgent match. You must thoroughly analyze the position and play with utmost caution. Leverage your wisdom to secure victory.
When you have the advantage, press it relentlessly and aim for a swift checkmate. Carefully evaluate every move to eliminate any chance of a counterplay or draw by your opponent.
When at a disadvantage, strive to turn the tide and win if possible. If victory is unattainable, exhaust all possible means to force a draw.
Meticulously analyze legal moves, then select the absolute best one.

Considering the long-term strategy and short-term tactic. Analyze the position carefully. You may think through the position and consider multiple candidate moves.
When you have decided on your final move, output it in UCI notation (e.g., 'e2e4', 'g8f6' , 'e7e8q') in the following format:
```
<move>
```

For example:
```
e2e4
```
You can think and reason as much as you want(step by step), but your final move must be formatted exactly as shown above.

2025-06-26 19:53:18,004 - INFO - 

Current board position in FEN notation:
rn2kb1r/pp2ppp1/5n2/4p3/2bq1p2/6P1/PPP4P/R3K2R b KQkq - 0 14

Partial move history in UCI notation:e6c4, f2f3, e4f6, c1g5, h6g5, f3f4, g5f4, d1d4, d8d4, g2g3


Legal moves in UCI notation: h8g8, h8h7, h8h6, h8h5, h8h4, h8h3, h8h2, e8d8, e8d7, b8d7, b8c6, b8a6, f6g8, f6h7, f6d7, f6h5, f6d5, f6g4, f6e4, d4d8, d4d7, d4d6, d4b6, d4d5, d4c5, d4e4, d4e3, d4d3, d4c3, d4f2, d4d2, d4b2, d4g1, d4d1, c4e6, c4a6, c4d5, c4b5, c4d3, c4b3, c4e2, c4a2, c4f1, f4g3, g7g6, e7e6, b7b6, a7a6, e5e4, f4f3, g7g5, b7b5, a7a5


2025-06-26 19:53:18,550 - INFO - Valid move found: f6e4
2025-06-26 19:53:18,633 - INFO - Move f6e4 is Stockfish's recommendation #1
2025-06-26 19:53:18,633 - INFO - Win rate after move f6e4: 100.00%
2025-06-26 19:53:18,633 - INFO - Move: f6e4
2025-06-26 19:53:18,633 - INFO - Board after move:
r n . . k b . r
p p . . p p p .
. . . . . . . .
. . . . p . . .
. . b q n p . .
. . . . . . P .
P P P . . . . P
R . . . K . . R
2025-06-26 19:53:18,706 - INFO - Current position win rate for White: 0.00%
2025-06-26 19:53:18,783 - INFO - Top 3 recommended moves by Stockfish:
2025-06-26 19:53:18,783 - INFO -   1. a3 (a2a3) - Win rate: 0.00%
2025-06-26 19:53:18,783 - INFO -   2. b3 (b2b3) - Win rate: 0.00%
2025-06-26 19:53:18,783 - INFO -   3. c3 (c2c3) - Win rate: 0.00%
2025-06-26 19:53:18,783 - INFO - doubao-seed-1-6-thinking-250615_standard's turn (White) - Move 15
2025-06-26 19:53:18,784 - INFO - Prompt to White (doubao-seed-1-6-thinking-250615_standard):
2025-06-26 19:53:18,784 - INFO - 

You are an expert chess player. You are playing a game of chess. You are playing as White.
This is a critically urgent match. You must thoroughly analyze the position and play with utmost caution. Leverage your wisdom to secure victory.
When you have the advantage, press it relentlessly and aim for a swift checkmate. Carefully evaluate every move to eliminate any chance of a counterplay or draw by your opponent.
When at a disadvantage, strive to turn the tide and win if possible. If victory is unattainable, exhaust all possible means to force a draw.
Meticulously analyze legal moves, then select the absolute best one.

Considering the long-term strategy and short-term tactic. Analyze the position carefully. You may think through the position and consider multiple candidate moves.
When you have decided on your final move, output it in UCI notation (e.g., 'e2e4', 'g8f6' , 'e7e8q') in the following format:
```
<move>
```

For example:
```
e2e4
```
You can think and reason as much as you want(step by step), but your final move must be formatted exactly as shown above.

2025-06-26 19:53:18,784 - INFO - 

Current board position in FEN notation:
rn2kb1r/pp2ppp1/8/4p3/2bqnp2/6P1/PPP4P/R3K2R w KQkq - 1 15

Partial move history in UCI notation:f2f3, e4f6, c1g5, h6g5, f3f4, g5f4, d1d4, d8d4, g2g3, f6e4


Legal moves in UCI notation: h1g1, h1f1, a1d1, a1c1, a1b1, g3f4, g3g4, h2h3, c2c3, b2b3, a2a3, h2h4, b2b4, a2a4


2025-06-26 19:53:18,784 - INFO - Attempt 1/3...
2025-06-26 20:01:39,556 - INFO - Raw response from White (doubao-seed-1-6-thinking-250615_standard) (took 500.77s):
```
b2b4
```
2025-06-26 20:01:39,556 - INFO - Valid move found: b2b4
2025-06-26 20:01:39,633 - INFO - Move b2b4 is not among Stockfish's top 3 recommendations
2025-06-26 20:01:39,634 - INFO - Win rate after move b2b4: 0.00%
2025-06-26 20:01:39,634 - INFO - Move: b2b4
2025-06-26 20:01:39,634 - INFO - Board after move:
r n . . k b . r
p p . . p p p .
. . . . . . . .
. . . . p . . .
. P b q n p . .
. . . . . . P .
P . P . . . . P
R . . . K . . R
2025-06-26 20:01:39,706 - INFO - Current position win rate for Black: 100.00%
2025-06-26 20:01:39,780 - INFO - Top 3 recommended moves by Stockfish:
2025-06-26 20:01:39,780 - INFO -   1. Qxa1# (d4a1) - Win rate: 100.00%
2025-06-26 20:01:39,780 - INFO -   2. Qd2# (d4d2) - Win rate: 100.00%
2025-06-26 20:01:39,780 - INFO -   3. Qc3+ (d4c3) - Win rate: 100.00%
2025-06-26 20:01:39,780 - INFO - maia-1100_blitz's turn (Black) - Move 15
2025-06-26 20:01:39,781 - INFO - Prompt to Black (maia-1100_blitz):
2025-06-26 20:01:39,781 - INFO - 

You are an expert chess player. You are playing a game of chess. You are playing as Black.
This is a critically urgent match. You must thoroughly analyze the position and play with utmost caution. Leverage your wisdom to secure victory.
When you have the advantage, press it relentlessly and aim for a swift checkmate. Carefully evaluate every move to eliminate any chance of a counterplay or draw by your opponent.
When at a disadvantage, strive to turn the tide and win if possible. If victory is unattainable, exhaust all possible means to force a draw.
Meticulously analyze legal moves, then select the absolute best one.

Considering the long-term strategy and short-term tactic. Analyze the position carefully. You may think through the position and consider multiple candidate moves.
When you have decided on your final move, output it in UCI notation (e.g., 'e2e4', 'g8f6' , 'e7e8q') in the following format:
```
<move>
```

For example:
```
e2e4
```
You can think and reason as much as you want(step by step), but your final move must be formatted exactly as shown above.

2025-06-26 20:01:39,781 - INFO - 

Current board position in FEN notation:
rn2kb1r/pp2ppp1/8/4p3/1Pbqnp2/6P1/P1P4P/R3K2R b KQkq - 0 15

Partial move history in UCI notation:e4f6, c1g5, h6g5, f3f4, g5f4, d1d4, d8d4, g2g3, f6e4, b2b4


Legal moves in UCI notation: h8g8, h8h7, h8h6, h8h5, h8h4, h8h3, h8h2, e8d8, e8d7, b8d7, b8c6, b8a6, e4f6, e4d6, e4g5, e4c5, e4g3, e4c3, e4f2, e4d2, d4d8, d4d7, d4d6, d4b6, d4d5, d4c5, d4e3, d4d3, d4c3, d4f2, d4d2, d4b2, d4g1, d4d1, d4a1, c4e6, c4a6, c4d5, c4b5, c4d3, c4b3, c4e2, c4a2, c4f1, f4g3, g7g6, f7f6, e7e6, b7b6, a7a6, f4f3, g7g5, f7f5, b7b5, a7a5


2025-06-26 20:01:39,782 - INFO - Valid move found: d4a1
2025-06-26 20:01:39,860 - INFO - Move d4a1 is Stockfish's recommendation #1
2025-06-26 20:01:39,860 - INFO - Win rate after move d4a1: 100.00%
2025-06-26 20:01:39,860 - INFO - Move: d4a1
2025-06-26 20:01:39,860 - INFO - Board after move:
r n . . k b . r
p p . . p p p .
. . . . . . . .
. . . . p . . .
. P b . n p . .
. . . . . . P .
P . P . . . . P
q . . . K . . R
2025-06-26 20:01:39,860 - INFO - Checkmate! maia-1100_blitz wins!
2025-06-26 20:01:39,942 - INFO - === Player Move Quality Statistics ===
2025-06-26 20:01:39,942 - INFO - doubao-seed-1-6-thinking-250615_standard:
2025-06-26 20:01:39,942 - INFO -   Total moves: 15
2025-06-26 20:01:39,942 - INFO -   Optimal moves (in top 3): 3 (20.0%)
2025-06-26 20:01:39,942 - INFO - maia-1100_blitz:
2025-06-26 20:01:39,942 - INFO -   Total moves: 15
2025-06-26 20:01:39,942 - INFO -   Optimal moves (in top 3): 14 (93.3%)
2025-06-26 20:01:39,942 - INFO - === Player Attempt Statistics ===
2025-06-26 20:01:39,942 - INFO - doubao-seed-1-6-thinking-250615_standard:
2025-06-26 20:01:39,942 - INFO -   Total attempts: 16
2025-06-26 20:01:39,942 - INFO -   Parsing errors: 0 (0.0% of attempts)
2025-06-26 20:01:39,942 - INFO -   Illegal moves: 0 (0.0% of attempts)
2025-06-26 20:01:39,942 - INFO -   forbidden thinking: 0 (0.0% of attempts)
2025-06-26 20:01:39,942 - INFO -   Successful moves: 15 (93.8% of attempts)
2025-06-26 20:01:39,942 - INFO - maia-1100_blitz:
2025-06-26 20:01:39,942 - INFO -   Total attempts: 15
2025-06-26 20:01:39,942 - INFO -   Parsing errors: 0 (0.0% of attempts)
2025-06-26 20:01:39,942 - INFO -   Illegal moves: 0 (0.0% of attempts)
2025-06-26 20:01:39,942 - INFO -   forbidden thinking: 0 (0.0% of attempts)
2025-06-26 20:01:39,943 - INFO -   Successful moves: 15 (100.0% of attempts)
2025-06-26 20:01:39,943 - INFO - Game completed!
2025-06-26 20:01:39,943 - INFO - Result: 0-1
2025-06-26 20:01:39,943 - INFO - Termination: checkmate
2025-06-26 20:01:39,943 - INFO - Final FEN: rn2kb1r/pp2ppp1/8/4p3/1Pb1np2/6P1/P1P4P/q3K2R w Kkq - 0 16
2025-06-26 20:01:39,943 - INFO - Move history: e2e4, c7c5, g1f3, d7d6, b1c3, g8f6, e4e5, d6e5, f3g5, h7h6, g5e6, c8e6, d2d4, c5d4, c3e4, f6e4, f1c4, e6c4, f2f3, e4f6, c1g5, h6g5, f3f4, g5f4, d1d4, d8d4, g2g3, f6e4, b2b4, d4a1
