2025-06-18 20:00:49,861 - INFO - Starting game 20250618_200049_2: api_9_blindfold vs api_9_blitz
2025-06-18 20:00:49,967 - INFO - Initial board:
r n b q k b n r
p p p p p p p p
. . . . . . . .
. . . . . . . .
. . . . . . . .
. . . . . . . .
P P P P P P P P
R N B Q K B N R
2025-06-18 20:00:56,040 - INFO - Current position win rate for White: 53.10%
2025-06-18 20:01:05,392 - INFO - Top 3 recommended moves by Stockfish:
2025-06-18 20:01:05,393 - INFO -   1. Nf3 (g1f3) - Win rate: 52.00%
2025-06-18 20:01:05,393 - INFO -   2. d4 (d2d4) - Win rate: 52.00%
2025-06-18 20:01:05,393 - INFO -   3. e4 (e2e4) - Win rate: 51.60%
2025-06-18 20:01:05,393 - INFO - api_9_blindfold's turn (White) - Move 1
2025-06-18 20:01:05,393 - INFO - Prompt to White (api_9_blindfold):
2025-06-18 20:01:05,393 - INFO - 

You are an expert chess player. You are playing a game of chess. You are playing as White.
We only have the move history of you and your opponent. You must reconstruct the game and choose a best move from the legal moves.

This is a critically urgent match. You must thoroughly analyze the position and play with utmost caution. Leverage your wisdom to secure victory.
When you have the advantage, press it relentlessly and aim for a swift checkmate. Carefully evaluate every move to eliminate any chance of a counterplay or draw by your opponent.
When at a disadvantage, strive to turn the tide and win if possible. If victory is unattainable, exhaust all possible means to force a draw.
Meticulously analyze legal moves, then select the absolute best one.

Considering the long-term strategy and short-term tactic. Analyze the position carefully. You may think through the position and consider multiple candidate moves.
When you have decided on your final move, output it in UCI notation (e.g., 'e2e4', 'g8f6' , 'e7e8q') in the following format:
```
<move>
```

For example:
```
e2e4
```
You can think and reason as much as you want, but your final move must be formatted exactly as shown above.

2025-06-18 20:01:05,393 - INFO - 

The opponent's last move is None.


2025-06-18 20:01:05,393 - INFO - Attempt 1/5...
2025-06-18 20:01:13,739 - INFO - Raw response from White (api_9_blindfold) (took 8.35s):
Since there is no move history provided, the game must be at its very beginning, and it's my move as White.

The standard opening move for White is to advance the king's pawn two squares forward. This move controls the center of the board and gives the king a bit of safety by opening lines for the bishops and queen.

The best move is:
```
e2e4
```
2025-06-18 20:01:13,739 - INFO - Valid move found: e2e4
2025-06-18 20:01:22,847 - INFO - Move e2e4 is Stockfish's recommendation #3
2025-06-18 20:01:22,847 - INFO - Win rate after move e2e4: 51.60%
2025-06-18 20:01:22,847 - INFO - Move: e2e4
2025-06-18 20:01:22,848 - INFO - Board after move:
r n b q k b n r
p p p p p p p p
. . . . . . . .
. . . . . . . .
. . . . P . . .
. . . . . . . .
P P P P . P P P
R N B Q K B N R
2025-06-18 20:01:25,283 - INFO - Current position win rate for Black: 46.41%
2025-06-18 20:01:34,738 - INFO - Top 3 recommended moves by Stockfish:
2025-06-18 20:01:34,738 - INFO -   1. e6 (e7e6) - Win rate: 48.60%
2025-06-18 20:01:34,738 - INFO -   2. c5 (c7c5) - Win rate: 46.41%
2025-06-18 20:01:34,738 - INFO -   3. e5 (e7e5) - Win rate: 45.91%
2025-06-18 20:01:34,738 - INFO - api_9_blitz's turn (Black) - Move 1
2025-06-18 20:01:34,738 - INFO - Prompt to Black (api_9_blitz):
2025-06-18 20:01:34,738 - INFO - 

You are an expert chess player. You are playing a game of chess. You are playing as Black.
This is a critically urgent match. You must thoroughly analyze the position and play with utmost caution. Leverage your wisdom to secure victory.
When you have the advantage, press it relentlessly and aim for a swift checkmate. Carefully evaluate every move to eliminate any chance of a counterplay or draw by your opponent.
When at a disadvantage, strive to turn the tide and win if possible. If victory is unattainable, exhaust all possible means to force a draw.
Meticulously analyze legal moves, then select the absolute best one.

Considering the long-term strategy and short-term tactic. Analyze the position carefully. You may think through the position and consider multiple candidate moves.
When you have decided on your final move, output it in UCI notation (e.g., 'e2e4', 'g8f6' , 'e7e8q') in the following format:
```
<move>
```

For example:
```
e2e4
```
You can think and reason as much as you want, but your final move must be formatted exactly as shown above.

2025-06-18 20:01:34,738 - INFO - 

Current board position in FEN notation:
rnbqkbnr/pppppppp/8/8/4P3/8/PPPP1PPP/RNBQKBNR b KQkq - 0 1

Move history in UCI notation:e2e4



2025-06-18 20:01:34,738 - INFO - Attempt 1/5...
2025-06-18 20:01:38,651 - INFO - Raw response from Black (api_9_blitz) (took 3.91s):
g7g6
2025-06-18 20:01:38,651 - WARNING - Parsing error: No valid UCI move found in response. Rethink the valid UCI move notation and example we give you. Your answer must follow our example(i.e., adding ``` in the beginning and ending)
2025-06-18 20:01:38,651 - INFO - Attempt 2/5...
2025-06-18 20:01:39,406 - INFO - Raw response from Black (api_9_blitz) (took 0.75s):
```
g8f6
```
2025-06-18 20:01:39,406 - INFO - Valid move found: g8f6
2025-06-18 20:01:51,796 - INFO - Move g8f6 is not among Stockfish's top 3 recommendations
2025-06-18 20:01:51,796 - INFO - Win rate after move g8f6: 42.85%
2025-06-18 20:01:51,796 - INFO - Move: g8f6
2025-06-18 20:01:51,796 - INFO - Board after move:
r n b q k b . r
p p p p p p p p
. . . . . n . .
. . . . . . . .
. . . . P . . .
. . . . . . . .
P P P P . P P P
R N B Q K B N R
2025-06-18 20:01:53,741 - INFO - Current position win rate for White: 56.37%
2025-06-18 20:02:00,190 - INFO - Top 3 recommended moves by Stockfish:
2025-06-18 20:02:00,190 - INFO -   1. e5 (e4e5) - Win rate: 56.46%
2025-06-18 20:02:00,190 - INFO -   2. Nc3 (b1c3) - Win rate: 50.60%
2025-06-18 20:02:00,190 - INFO -   3. d3 (d2d3) - Win rate: 48.20%
2025-06-18 20:02:00,191 - INFO - api_9_blindfold's turn (White) - Move 2
2025-06-18 20:02:00,191 - INFO - Prompt to White (api_9_blindfold):
2025-06-18 20:02:00,191 - INFO - 

You are an expert chess player. You are playing a game of chess. You are playing as White.
We only have the move history of you and your opponent. You must reconstruct the game and choose a best move from the legal moves.

This is a critically urgent match. You must thoroughly analyze the position and play with utmost caution. Leverage your wisdom to secure victory.
When you have the advantage, press it relentlessly and aim for a swift checkmate. Carefully evaluate every move to eliminate any chance of a counterplay or draw by your opponent.
When at a disadvantage, strive to turn the tide and win if possible. If victory is unattainable, exhaust all possible means to force a draw.
Meticulously analyze legal moves, then select the absolute best one.

Considering the long-term strategy and short-term tactic. Analyze the position carefully. You may think through the position and consider multiple candidate moves.
When you have decided on your final move, output it in UCI notation (e.g., 'e2e4', 'g8f6' , 'e7e8q') in the following format:
```
<move>
```

For example:
```
e2e4
```
You can think and reason as much as you want, but your final move must be formatted exactly as shown above.

2025-06-18 20:02:00,191 - INFO - 

The opponent's last move is None.


2025-06-18 20:02:00,191 - INFO - 
Since there is no move history provided, the game must be at its very beginning, and it's my move as White.

The standard opening move for White is to advance the king's pawn two squares forward. This move controls the center of the board and gives the king a bit of safety by opening lines for the bishops and queen.

The best move is:
```
e2e4
```
2025-06-18 20:02:00,191 - INFO - 

The opponent's last move is g8f6.


2025-06-18 20:02:00,191 - INFO - Attempt 1/5...
2025-06-18 20:02:12,639 - INFO - Raw response from White (api_9_blindfold) (took 12.45s):
Given the opponent's move of `g8f6`, which is the standard King's Indian Defense with the knight developing to f6, I need to respond by controlling the center and further developing my pieces. 

The most common and solid response is to move my king's pawn forward two squares (`e2e4`), but since that was likely my first move in the previous turn (as inferred from the context provided earlier), I need to consider the next logical step. 

A good and standard move is to develop my queen bishop to `c4`, which pins the opponent's knight on f6 to its king and queen, exerting pressure on the opponent's position and gaining control of the center.

The best move is:
```
b1c3
``` 

(Note: There was a slight confusion in the sequence because the last move provided (`g8f6`) usually follows after `e2e4`. Assuming `e2e4` was already played and now `g8f6` is the opponent's reply, then `b1c3` which develops the knight is also a valid and strong move. If `e2e4` wasn't played yet, then `e2e4` would have been the best move initially. Given the context, I'm proceeding with the assumption that `e2e4` was already White's first move.) 

However, if we strictly follow the prompt where the opponent's last move is `g8f6` and this is a new position where `e2e4` wasn't played yet (as the initial prompt had no move history and the opponent's move was given now), then `e2e4` would indeed be the response. But to adapt to the sequence where `e2e4` might have been inferred as the first White move, `b1c3` is a fine developing move next. For clarity and based on the standard opening principles where `e2e4` is typically first, I'll re-evaluate assuming it's the immediate response to `g8f6` in a game that just started with White's first move being yet to be made in this context:

Re-evaluating strictly with `g8f6` as the opponent's last move and assuming it's the first move by Black after White's turn (which would be unconventional as normally White starts, but following the prompt's logic):

The best move for White is:
```
e2e4
``` 

This controls the center and sets up further development.
2025-06-18 20:02:12,639 - INFO - Valid move found: b1c3
2025-06-18 20:02:19,685 - INFO - Move b1c3 is Stockfish's recommendation #2
2025-06-18 20:02:19,685 - INFO - Win rate after move b1c3: 50.60%
2025-06-18 20:02:19,685 - INFO - Move: b1c3
2025-06-18 20:02:19,685 - INFO - Board after move:
r n b q k b . r
p p p p p p p p
. . . . . n . .
. . . . . . . .
. . . . P . . .
. . N . . . . .
P P P P . P P P
R . B Q K B N R
2025-06-18 20:02:22,127 - INFO - Current position win rate for Black: 48.90%
2025-06-18 20:02:31,170 - INFO - Top 3 recommended moves by Stockfish:
2025-06-18 20:02:31,170 - INFO -   1. e5 (e7e5) - Win rate: 49.10%
2025-06-18 20:02:31,170 - INFO -   2. d5 (d7d5) - Win rate: 47.10%
2025-06-18 20:02:31,170 - INFO -   3. e6 (e7e6) - Win rate: 46.51%
2025-06-18 20:02:31,170 - INFO - api_9_blitz's turn (Black) - Move 2
2025-06-18 20:02:31,170 - INFO - Prompt to Black (api_9_blitz):
2025-06-18 20:02:31,170 - INFO - 

You are an expert chess player. You are playing a game of chess. You are playing as Black.
This is a critically urgent match. You must thoroughly analyze the position and play with utmost caution. Leverage your wisdom to secure victory.
When you have the advantage, press it relentlessly and aim for a swift checkmate. Carefully evaluate every move to eliminate any chance of a counterplay or draw by your opponent.
When at a disadvantage, strive to turn the tide and win if possible. If victory is unattainable, exhaust all possible means to force a draw.
Meticulously analyze legal moves, then select the absolute best one.

Considering the long-term strategy and short-term tactic. Analyze the position carefully. You may think through the position and consider multiple candidate moves.
When you have decided on your final move, output it in UCI notation (e.g., 'e2e4', 'g8f6' , 'e7e8q') in the following format:
```
<move>
```

For example:
```
e2e4
```
You can think and reason as much as you want, but your final move must be formatted exactly as shown above.

2025-06-18 20:02:31,171 - INFO - 

Current board position in FEN notation:
rnbqkb1r/pppppppp/5n2/8/4P3/2N5/PPPP1PPP/R1BQKBNR b KQkq - 2 2

Move history in UCI notation:e2e4, g8f6, b1c3



2025-06-18 20:02:31,171 - INFO - Attempt 1/5...
2025-06-18 20:02:31,786 - INFO - Raw response from Black (api_9_blitz) (took 0.61s):
g7g6
2025-06-18 20:02:31,786 - WARNING - Parsing error: No valid UCI move found in response. Rethink the valid UCI move notation and example we give you. Your answer must follow our example(i.e., adding ``` in the beginning and ending)
2025-06-18 20:02:31,786 - INFO - Attempt 2/5...
2025-06-18 20:02:32,423 - INFO - Raw response from Black (api_9_blitz) (took 0.64s):
```
g7g6
```
2025-06-18 20:02:32,423 - INFO - Valid move found: g7g6
2025-06-18 20:02:45,391 - INFO - Move g7g6 is not among Stockfish's top 3 recommendations
2025-06-18 20:02:45,391 - INFO - Win rate after move g7g6: 42.07%
2025-06-18 20:02:45,392 - INFO - Move: g7g6
2025-06-18 20:02:45,392 - INFO - Board after move:
r n b q k b . r
p p p p p p . p
. . . . . n p .
. . . . . . . .
. . . . P . . .
. . N . . . . .
P P P P . P P P
R . B Q K B N R
2025-06-18 20:02:49,019 - INFO - Current position win rate for White: 58.81%
2025-06-18 20:03:01,210 - INFO - Top 3 recommended moves by Stockfish:
2025-06-18 20:03:01,211 - INFO -   1. e5 (e4e5) - Win rate: 58.32%
2025-06-18 20:03:01,211 - INFO -   2. d4 (d2d4) - Win rate: 55.77%
2025-06-18 20:03:01,211 - INFO -   3. Nf3 (g1f3) - Win rate: 53.79%
2025-06-18 20:03:01,211 - INFO - api_9_blindfold's turn (White) - Move 3
2025-06-18 20:03:01,211 - INFO - Prompt to White (api_9_blindfold):
2025-06-18 20:03:01,211 - INFO - 

You are an expert chess player. You are playing a game of chess. You are playing as White.
We only have the move history of you and your opponent. You must reconstruct the game and choose a best move from the legal moves.

This is a critically urgent match. You must thoroughly analyze the position and play with utmost caution. Leverage your wisdom to secure victory.
When you have the advantage, press it relentlessly and aim for a swift checkmate. Carefully evaluate every move to eliminate any chance of a counterplay or draw by your opponent.
When at a disadvantage, strive to turn the tide and win if possible. If victory is unattainable, exhaust all possible means to force a draw.
Meticulously analyze legal moves, then select the absolute best one.

Considering the long-term strategy and short-term tactic. Analyze the position carefully. You may think through the position and consider multiple candidate moves.
When you have decided on your final move, output it in UCI notation (e.g., 'e2e4', 'g8f6' , 'e7e8q') in the following format:
```
<move>
```

For example:
```
e2e4
```
You can think and reason as much as you want, but your final move must be formatted exactly as shown above.

2025-06-18 20:03:01,211 - INFO - 

The opponent's last move is None.


2025-06-18 20:03:01,211 - INFO - 
Since there is no move history provided, the game must be at its very beginning, and it's my move as White.

The standard opening move for White is to advance the king's pawn two squares forward. This move controls the center of the board and gives the king a bit of safety by opening lines for the bishops and queen.

The best move is:
```
e2e4
```
2025-06-18 20:03:01,211 - INFO - 

The opponent's last move is g8f6.


2025-06-18 20:03:01,212 - INFO - 
Given the opponent's move of `g8f6`, which is the standard King's Indian Defense with the knight developing to f6, I need to respond by controlling the center and further developing my pieces. 

The most common and solid response is to move my king's pawn forward two squares (`e2e4`), but since that was likely my first move in the previous turn (as inferred from the context provided earlier), I need to consider the next logical step. 

A good and standard move is to develop my queen bishop to `c4`, which pins the opponent's knight on f6 to its king and queen, exerting pressure on the opponent's position and gaining control of the center.

The best move is:
```
b1c3
``` 

(Note: There was a slight confusion in the sequence because the last move provided (`g8f6`) usually follows after `e2e4`. Assuming `e2e4` was already played and now `g8f6` is the opponent's reply, then `b1c3` which develops the knight is also a valid and strong move. If `e2e4` wasn't played yet, then `e2e4` would have been the best move initially. Given the context, I'm proceeding with the assumption that `e2e4` was already White's first move.) 

However, if we strictly follow the prompt where the opponent's last move is `g8f6` and this is a new position where `e2e4` wasn't played yet (as the initial prompt had no move history and the opponent's move was given now), then `e2e4` would indeed be the response. But to adapt to the sequence where `e2e4` might have been inferred as the first White move, `b1c3` is a fine developing move next. For clarity and based on the standard opening principles where `e2e4` is typically first, I'll re-evaluate assuming it's the immediate response to `g8f6` in a game that just started with White's first move being yet to be made in this context:

Re-evaluating strictly with `g8f6` as the opponent's last move and assuming it's the first move by Black after White's turn (which would be unconventional as normally White starts, but following the prompt's logic):

The best move for White is:
```
e2e4
``` 

This controls the center and sets up further development.
2025-06-18 20:03:01,212 - INFO - 

The opponent's last move is g7g6.


2025-06-18 20:03:01,212 - INFO - Attempt 1/5...
2025-06-18 20:03:10,234 - INFO - Raw response from White (api_9_blindfold) (took 9.02s):
Given the opponent's move of `g7g6`, it indicates a setup where Black is preparing to fianchetto their bishop or potentially castle kingside. In response, I should focus on controlling the center and developing my pieces.

A strong and common move is to develop my queen bishop to `c4`, which exerts pressure on the center and the opponent's position. This move is aggressive and helps to maintain control over the d5 square, an important central square.

The best move is:
```
b1c3
```

This move develops the knight to a good square, where it can control important central squares and potentially put pressure on the opponent's position. Alternatively, if we're strictly following the opening principles where White might have played `e2e4` already (assuming this is a continuation from earlier), then `g1f3` (developing the knight to f3 to control the center) could also be considered. But given the current move history (or lack thereof prior to `g7g6`), `b1c3` is a solid and aggressive developing move that sets up future plays. If `e2e4` was indeed White's first move (not stated in this sequence but inferred from earlier responses), then `b1c3` is a standard and strong follow-up. 

Assuming no prior moves by White other than the implication of starting the game and considering the immediate context, `b1c3` is a strong choice to develop and control the center. If `e2e4` was played before, then `g1f3` could also be a viable option. Given the prompt's direct context and the need for a single move, `b1c3` is a robust developing move. 

Thus, the move is:
```
b1c3
```
2025-06-18 20:03:10,234 - WARNING - Illegal move: b1c3 is not a legal move in the current position. Please choose another one.
2025-06-18 20:03:10,234 - INFO - Attempt 2/5...
2025-06-18 20:03:15,344 - INFO - Raw response from White (api_9_blindfold) (took 5.11s):
I apologize for the oversight. Given the move sequence, it seems we are at the very beginning of the game, and Black has just played `g7g6` as their first move (which is highly unusual, as normally White starts the game). 

However, following standard chess rules and assuming that White is to make the first move (with Black's `g7g6` being a non-standard and likely mistaken first move description in this context), the normal first move for White is to advance the king's pawn:

```
e2e4
```

This move is always legal in the starting position and is the best way to control the center and begin development. Therefore, correcting my previous analysis, the best move for White, given no prior legal moves by White and considering standard opening principles, is:

```
e2e4
```
2025-06-18 20:03:15,344 - WARNING - Illegal move: e2e4 is not a legal move in the current position. Please choose another one.
2025-06-18 20:03:15,344 - INFO - Attempt 3/5...
2025-06-18 20:03:21,623 - INFO - Raw response from White (api_9_blindfold) (took 6.28s):
I apologize for the confusion. Given the sequence of events, it appears there's been an unusual description of Black's move (`g7g6`) as their first move, which doesn't conform to standard chess openings. Normally, White starts the game, and one of the standard first moves is `e2e4`.

However, if Black has indeed played `g7g6` as their first move (a highly non-standard and likely incorrect play in a formal game), and given that `e2e4` is not legal in the current position as described (perhaps due to an oversight in the move sequence interpretation), the next best standard move for White in the opening phase (assuming a standard starting position where Black hasn't made any moves yet, but since we're dealing with an unusual scenario, let's adapt) would be to develop a piece.

Given the constraints and aiming for a standard and legal move, if `e2e4` isn't legal (which would be puzzling in a normal starting position), and considering we might be in a very non-standard setup (though this is highly unusual and against chess norms), a reasonable move for White would be to develop their queen's pawn to `d2d4`, controlling the center and preparing for further development.

Thus, the move is:
```
d2d4
```

This move is legal, controls the center, and prepares for piece development.
2025-06-18 20:03:21,623 - INFO - Valid move found: d2d4
2025-06-18 20:03:32,553 - INFO - Move d2d4 is Stockfish's recommendation #2
2025-06-18 20:03:32,553 - INFO - Win rate after move d2d4: 55.77%
2025-06-18 20:03:32,553 - INFO - Move: d2d4
2025-06-18 20:03:32,553 - INFO - Board after move:
r n b q k b . r
p p p p p p . p
. . . . . n p .
. . . . . . . .
. . . P P . . .
. . N . . . . .
P P P . . P P P
R . B Q K B N R
2025-06-18 20:03:39,534 - INFO - Current position win rate for Black: 44.42%
2025-06-18 20:03:52,259 - INFO - Top 3 recommended moves by Stockfish:
2025-06-18 20:03:52,260 - INFO -   1. d5 (d7d5) - Win rate: 46.31%
2025-06-18 20:03:52,260 - INFO -   2. d6 (d7d6) - Win rate: 44.42%
2025-06-18 20:03:52,260 - INFO -   3. c6 (c7c6) - Win rate: 43.63%
2025-06-18 20:03:52,260 - INFO - api_9_blitz's turn (Black) - Move 3
2025-06-18 20:03:52,260 - INFO - Prompt to Black (api_9_blitz):
2025-06-18 20:03:52,260 - INFO - 

You are an expert chess player. You are playing a game of chess. You are playing as Black.
This is a critically urgent match. You must thoroughly analyze the position and play with utmost caution. Leverage your wisdom to secure victory.
When you have the advantage, press it relentlessly and aim for a swift checkmate. Carefully evaluate every move to eliminate any chance of a counterplay or draw by your opponent.
When at a disadvantage, strive to turn the tide and win if possible. If victory is unattainable, exhaust all possible means to force a draw.
Meticulously analyze legal moves, then select the absolute best one.

Considering the long-term strategy and short-term tactic. Analyze the position carefully. You may think through the position and consider multiple candidate moves.
When you have decided on your final move, output it in UCI notation (e.g., 'e2e4', 'g8f6' , 'e7e8q') in the following format:
```
<move>
```

For example:
```
e2e4
```
You can think and reason as much as you want, but your final move must be formatted exactly as shown above.

2025-06-18 20:03:52,260 - INFO - 

Current board position in FEN notation:
rnbqkb1r/pppppp1p/5np1/8/3PP3/2N5/PPP2PPP/R1BQKBNR b KQkq - 0 3

Move history in UCI notation:e2e4, g8f6, b1c3, g7g6, d2d4



2025-06-18 20:03:52,260 - INFO - Attempt 1/5...
2025-06-18 20:04:00,992 - INFO - Raw response from Black (api_9_blitz) (took 8.73s):
To analyze the current position, as Black, I see that White has slightly centralized their pieces but hasn't fully developed or castled yet. I have an opportunity to counter-develop and pressure White's position. One effective strategy could be aiming to control the center with a pawn move or a piece maneuver. Given the options available and my position, a move that starts building pressure is appropriate.

Considering that, I'll move my bishop to g4, which attacks the f2 pawn and also develops a piece while exerting some pressure on White's position. This move also guards the f6 square to support my knight there.

```
b8c6
``` 

Wait, reconsidering, attacking with the bishop to g4 may be a bit premature, especially without having my king safe. Instead, developing my knight further while considering the center, a move like `c7c6` which develops another piece and prepares for potential pawn advances, seems a safer and more defensible choice. However, I need to ensure I gain something from this and not just passively develop.

A better approach might be to aim to control the center and develop more actively. So, developing my bishop to b4 to attack the queenside and pressuring White's queenside seems a more robust and attacking move.

```
f8b4
```

This move, `f8b4`, pressures the c3 knight and provides an easy target if White captures the bishop, as it will leave a hanging pawn at c3 that can be exploited. It also develops my bishop, improving my piece activity. This seems the most aggressive and effective option in the current context, considering the uncastled king and White's slightly undeveloped pieces.
2025-06-18 20:04:00,992 - INFO - Valid move found: b8c6
2025-06-18 20:04:18,206 - INFO - Move b8c6 is not among Stockfish's top 3 recommendations
2025-06-18 20:04:18,206 - INFO - Win rate after move b8c6: 35.71%
2025-06-18 20:04:18,206 - INFO - Move: b8c6
2025-06-18 20:04:18,206 - INFO - Board after move:
r . b q k b . r
p p p p p p . p
. . n . . n p .
. . . . . . . .
. . . P P . . .
. . N . . . . .
P P P . . P P P
R . B Q K B N R
2025-06-18 20:04:22,900 - INFO - Current position win rate for White: 61.77%
2025-06-18 20:04:34,659 - INFO - Top 3 recommended moves by Stockfish:
2025-06-18 20:04:34,659 - INFO -   1. e5 (e4e5) - Win rate: 64.20%
2025-06-18 20:04:34,659 - INFO -   2. d5 (d4d5) - Win rate: 62.62%
2025-06-18 20:04:34,659 - INFO -   3. Bg5 (c1g5) - Win rate: 57.15%
2025-06-18 20:04:34,659 - INFO - api_9_blindfold's turn (White) - Move 4
2025-06-18 20:04:34,659 - INFO - Prompt to White (api_9_blindfold):
2025-06-18 20:04:34,659 - INFO - 

You are an expert chess player. You are playing a game of chess. You are playing as White.
We only have the move history of you and your opponent. You must reconstruct the game and choose a best move from the legal moves.

This is a critically urgent match. You must thoroughly analyze the position and play with utmost caution. Leverage your wisdom to secure victory.
When you have the advantage, press it relentlessly and aim for a swift checkmate. Carefully evaluate every move to eliminate any chance of a counterplay or draw by your opponent.
When at a disadvantage, strive to turn the tide and win if possible. If victory is unattainable, exhaust all possible means to force a draw.
Meticulously analyze legal moves, then select the absolute best one.

Considering the long-term strategy and short-term tactic. Analyze the position carefully. You may think through the position and consider multiple candidate moves.
When you have decided on your final move, output it in UCI notation (e.g., 'e2e4', 'g8f6' , 'e7e8q') in the following format:
```
<move>
```

For example:
```
e2e4
```
You can think and reason as much as you want, but your final move must be formatted exactly as shown above.

2025-06-18 20:04:34,659 - INFO - 

The opponent's last move is None.


2025-06-18 20:04:34,659 - INFO - 
Since there is no move history provided, the game must be at its very beginning, and it's my move as White.

The standard opening move for White is to advance the king's pawn two squares forward. This move controls the center of the board and gives the king a bit of safety by opening lines for the bishops and queen.

The best move is:
```
e2e4
```
2025-06-18 20:04:34,659 - INFO - 

The opponent's last move is g8f6.


2025-06-18 20:04:34,660 - INFO - 
Given the opponent's move of `g8f6`, which is the standard King's Indian Defense with the knight developing to f6, I need to respond by controlling the center and further developing my pieces. 

The most common and solid response is to move my king's pawn forward two squares (`e2e4`), but since that was likely my first move in the previous turn (as inferred from the context provided earlier), I need to consider the next logical step. 

A good and standard move is to develop my queen bishop to `c4`, which pins the opponent's knight on f6 to its king and queen, exerting pressure on the opponent's position and gaining control of the center.

The best move is:
```
b1c3
``` 

(Note: There was a slight confusion in the sequence because the last move provided (`g8f6`) usually follows after `e2e4`. Assuming `e2e4` was already played and now `g8f6` is the opponent's reply, then `b1c3` which develops the knight is also a valid and strong move. If `e2e4` wasn't played yet, then `e2e4` would have been the best move initially. Given the context, I'm proceeding with the assumption that `e2e4` was already White's first move.) 

However, if we strictly follow the prompt where the opponent's last move is `g8f6` and this is a new position where `e2e4` wasn't played yet (as the initial prompt had no move history and the opponent's move was given now), then `e2e4` would indeed be the response. But to adapt to the sequence where `e2e4` might have been inferred as the first White move, `b1c3` is a fine developing move next. For clarity and based on the standard opening principles where `e2e4` is typically first, I'll re-evaluate assuming it's the immediate response to `g8f6` in a game that just started with White's first move being yet to be made in this context:

Re-evaluating strictly with `g8f6` as the opponent's last move and assuming it's the first move by Black after White's turn (which would be unconventional as normally White starts, but following the prompt's logic):

The best move for White is:
```
e2e4
``` 

This controls the center and sets up further development.
2025-06-18 20:04:34,660 - INFO - 

The opponent's last move is g7g6.


2025-06-18 20:04:34,660 - INFO - 
Given the opponent's move of `g7g6`, it indicates a setup where Black is preparing to fianchetto their bishop or potentially castle kingside. In response, I should focus on controlling the center and developing my pieces.

A strong and common move is to develop my queen bishop to `c4`, which exerts pressure on the center and the opponent's position. This move is aggressive and helps to maintain control over the d5 square, an important central square.

The best move is:
```
b1c3
```

This move develops the knight to a good square, where it can control important central squares and potentially put pressure on the opponent's position. Alternatively, if we're strictly following the opening principles where White might have played `e2e4` already (assuming this is a continuation from earlier), then `g1f3` (developing the knight to f3 to control the center) could also be considered. But given the current move history (or lack thereof prior to `g7g6`), `b1c3` is a solid and aggressive developing move that sets up future plays. If `e2e4` was indeed White's first move (not stated in this sequence but inferred from earlier responses), then `b1c3` is a standard and strong follow-up. 

Assuming no prior moves by White other than the implication of starting the game and considering the immediate context, `b1c3` is a strong choice to develop and control the center. If `e2e4` was played before, then `g1f3` could also be a viable option. Given the prompt's direct context and the need for a single move, `b1c3` is a robust developing move. 

Thus, the move is:
```
b1c3
```
2025-06-18 20:04:34,660 - INFO - 
Illegal move: b1c3 is not a legal move in the current position. Please choose another one.
2025-06-18 20:04:34,660 - INFO - 
I apologize for the oversight. Given the move sequence, it seems we are at the very beginning of the game, and Black has just played `g7g6` as their first move (which is highly unusual, as normally White starts the game). 

However, following standard chess rules and assuming that White is to make the first move (with Black's `g7g6` being a non-standard and likely mistaken first move description in this context), the normal first move for White is to advance the king's pawn:

```
e2e4
```

This move is always legal in the starting position and is the best way to control the center and begin development. Therefore, correcting my previous analysis, the best move for White, given no prior legal moves by White and considering standard opening principles, is:

```
e2e4
```
2025-06-18 20:04:34,660 - INFO - 
Illegal move: e2e4 is not a legal move in the current position. Please choose another one.
2025-06-18 20:04:34,660 - INFO - 
I apologize for the confusion. Given the sequence of events, it appears there's been an unusual description of Black's move (`g7g6`) as their first move, which doesn't conform to standard chess openings. Normally, White starts the game, and one of the standard first moves is `e2e4`.

However, if Black has indeed played `g7g6` as their first move (a highly non-standard and likely incorrect play in a formal game), and given that `e2e4` is not legal in the current position as described (perhaps due to an oversight in the move sequence interpretation), the next best standard move for White in the opening phase (assuming a standard starting position where Black hasn't made any moves yet, but since we're dealing with an unusual scenario, let's adapt) would be to develop a piece.

Given the constraints and aiming for a standard and legal move, if `e2e4` isn't legal (which would be puzzling in a normal starting position), and considering we might be in a very non-standard setup (though this is highly unusual and against chess norms), a reasonable move for White would be to develop their queen's pawn to `d2d4`, controlling the center and preparing for further development.

Thus, the move is:
```
d2d4
```

This move is legal, controls the center, and prepares for piece development.
2025-06-18 20:04:34,660 - INFO - 

The opponent's last move is b8c6.


2025-06-18 20:04:34,660 - INFO - Attempt 1/5...
2025-06-18 20:04:43,559 - INFO - Raw response from White (api_9_blindfold) (took 8.90s):
Given that the opponent's last move is `b8c6`, which is the knight moving from b8 to c6, this is a common move in openings like the Sicilian Defense or other setups where Black develops their knight early.

Assuming that this is the beginning of the game and it's White's turn (with an unusual first move by Black being `b8c6` instead of the standard `e7e5` or `g8f6` in response to White's first move), and given that `e2e4` or `d2d4` would be normal opening moves but in a non-standard context, the move `c2c4` (developing the pawn and controlling the center) could be a good choice to maintain central control and prepare for further piece development.

However, if we're strictly following the opening principles and aiming for a solid move after an atypical move by Black, and considering that `e2e4` is a perfectly valid first move for White in most standard openings (and assuming no prior White moves in this unusual sequence), `e2e4` would be the best move to control the center and begin development.

Given the context and focusing on a legal and standard move, the move is:

```
e2e4
```

This move is always legal in the starting position, controls the center, and starts the piece development process.
2025-06-18 20:04:43,559 - WARNING - Illegal move: e2e4 is not a legal move in the current position. Please choose another one.
2025-06-18 20:04:43,559 - INFO - Attempt 2/5...
2025-06-18 20:04:48,566 - INFO - Raw response from White (api_9_blindfold) (took 5.01s):
I apologize for the repeated confusion. Given the unusual sequence of events where Black's first move was `b8c6` instead of the standard opening moves and considering that `e2e4` is not legal (which would be highly unusual in a standard starting position), it seems we are in a non-standard and likely incorrect setup. However, I must adhere to the legal moves available in the actual position presented.

If `e2e4` is not legal, and given that Black has just moved `b8c6`, the next best move for White in a typical opening scenario would be to develop a piece or control the center. A promising alternative in a situation where standard opening moves might be disrupted is to advance the king's bishop's pawn two squares forward to control the center:

```
d2d4
```

This move is legal, controls the center, and prepares for piece development. It's a standard and strong opening move in many setups and is a good alternative when the standard initial moves are not available or applicable.
2025-06-18 20:04:48,566 - WARNING - Illegal move: d2d4 is not a legal move in the current position. Please choose another one.
2025-06-18 20:04:48,566 - INFO - Attempt 3/5...
2025-06-18 20:05:01,718 - INFO - Raw response from White (api_9_blindfold) (took 13.15s):
I apologize deeply for the confusion and the incorrect moves proposed earlier. Given the constraints and the information provided, it appears we are dealing with an highly unconventional and likely incorrect setup where standard opening moves do not apply as expected. 

Since `e2e4` and `d2d4` are not legal in the described position (which is highly irregular considering standard chess rules), I must reconsider and base the move solely on the legal moves available from the actual starting position, without making assumptions about prior moves that would typically lead to a standard scenario.

In a completely standard starting position where White is to move and no moves have been made by either side, the first legal move for White is always `e2e4` or `d2d4`. Since these have been ruled out (presumably due to an incorrect setup or move description), we need to think about what the actual position might be, even though it contradicts standard chess.

Given the extreme irregularities and the need to propose a legal move, if we are in a position where the standard opening moves are blocked for some reason (which is impossible in a correctly set up game), the next best "safe" and legal move for White, considering no prior information that would lead to a blocked center, would likely involve developing a piece.

However, without knowing the actual position beyond the illegal move claims, and given the constraints, a safe and standard move, if available, would be to bring out the queen bishop or a knight. Since the specifics of the current board are unclear due to the previous move descriptions, and given we must propose a legal move:

If the board is in a state where moving a pawn is impossible as first moves (which is impossible in standard chess setup), then developing a piece to its natural square is a good alternative. 

Assuming the bishop on f1 (white's king's bishop) can move, a safe move would be:

```
f1c4
```

This move, while atypical as a first move, is legal and begins to develop the queen bishop. However, it should be noted that in a correctly set up game of chess, `f1c4` would not be a standard first move; this is proposed solely under the constraints of providing a legal move given the irregularities in the move descriptions provided. 

In a standard chess game, without any prior moves by Black other than an atypical first move, and given the constraints of the prompt, it's impossible to provide a move that would align with typical opening principles. Thus, `f1c4` is a legal move that continues piece development, albeit unconventionally.
2025-06-18 20:05:01,718 - INFO - Valid move found: f1c4
2025-06-18 20:05:15,307 - INFO - Move f1c4 is not among Stockfish's top 3 recommendations
2025-06-18 20:05:15,308 - INFO - Win rate after move f1c4: 50.70%
2025-06-18 20:05:15,308 - INFO - Move: f1c4
2025-06-18 20:05:15,308 - INFO - Board after move:
r . b q k b . r
p p p p p p . p
. . n . . n p .
. . . . . . . .
. . B P P . . .
. . N . . . . .
P P P . . P P P
R . B Q K . N R
2025-06-18 20:05:18,233 - INFO - Current position win rate for Black: 46.51%
2025-06-18 20:05:25,372 - INFO - Top 3 recommended moves by Stockfish:
2025-06-18 20:05:25,372 - INFO -   1. Nxe4 (f6e4) - Win rate: 48.70%
2025-06-18 20:05:25,372 - INFO -   2. d6 (d7d6) - Win rate: 43.14%
2025-06-18 20:05:25,372 - INFO -   3. d5 (d7d5) - Win rate: 41.39%
2025-06-18 20:05:25,372 - INFO - api_9_blitz's turn (Black) - Move 4
2025-06-18 20:05:25,373 - INFO - Prompt to Black (api_9_blitz):
2025-06-18 20:05:25,373 - INFO - 

You are an expert chess player. You are playing a game of chess. You are playing as Black.
This is a critically urgent match. You must thoroughly analyze the position and play with utmost caution. Leverage your wisdom to secure victory.
When you have the advantage, press it relentlessly and aim for a swift checkmate. Carefully evaluate every move to eliminate any chance of a counterplay or draw by your opponent.
When at a disadvantage, strive to turn the tide and win if possible. If victory is unattainable, exhaust all possible means to force a draw.
Meticulously analyze legal moves, then select the absolute best one.

Considering the long-term strategy and short-term tactic. Analyze the position carefully. You may think through the position and consider multiple candidate moves.
When you have decided on your final move, output it in UCI notation (e.g., 'e2e4', 'g8f6' , 'e7e8q') in the following format:
```
<move>
```

For example:
```
e2e4
```
You can think and reason as much as you want, but your final move must be formatted exactly as shown above.

2025-06-18 20:05:25,373 - INFO - 

Current board position in FEN notation:
r1bqkb1r/pppppp1p/2n2np1/8/2BPP3/2N5/PPP2PPP/R1BQK1NR b KQkq - 2 4

Move history in UCI notation:e2e4, g8f6, b1c3, g7g6, d2d4, b8c6, f1c4



2025-06-18 20:05:25,373 - INFO - Attempt 1/5...
2025-06-18 20:05:27,764 - INFO - Raw response from Black (api_9_blitz) (took 2.39s):
To maintain the initiative and control over the center, I should aim to develop my minor piece and possibly create threats against White's position. Considering my pieces and potential tactics, a plausible continuation would be to develop the bishop to b4, attacking the c4 bishop and possibly forcing White to make a concession.

```
b7b5
```
2025-06-18 20:05:27,764 - INFO - Valid move found: b7b5
2025-06-18 20:05:38,666 - INFO - Move b7b5 is not among Stockfish's top 3 recommendations
2025-06-18 20:05:38,666 - INFO - Win rate after move b7b5: 33.80%
2025-06-18 20:05:38,666 - INFO - Move: b7b5
2025-06-18 20:05:38,666 - INFO - Board after move:
r . b q k b . r
p . p p p p . p
. . n . . n p .
. p . . . . . .
. . B P P . . .
. . N . . . . .
P P P . . P P P
R . B Q K . N R
2025-06-18 20:05:43,740 - INFO - Current position win rate for White: 68.14%
2025-06-18 20:05:59,890 - INFO - Top 3 recommended moves by Stockfish:
2025-06-18 20:05:59,891 - INFO -   1. Bxb5 (c4b5) - Win rate: 66.73%
2025-06-18 20:05:59,891 - INFO -   2. Nxb5 (c3b5) - Win rate: 58.52%
2025-06-18 20:05:59,891 - INFO -   3. Bd3 (c4d3) - Win rate: 54.98%
2025-06-18 20:05:59,891 - INFO - api_9_blindfold's turn (White) - Move 5
2025-06-18 20:05:59,891 - INFO - Prompt to White (api_9_blindfold):
2025-06-18 20:05:59,891 - INFO - 

You are an expert chess player. You are playing a game of chess. You are playing as White.
We only have the move history of you and your opponent. You must reconstruct the game and choose a best move from the legal moves.

This is a critically urgent match. You must thoroughly analyze the position and play with utmost caution. Leverage your wisdom to secure victory.
When you have the advantage, press it relentlessly and aim for a swift checkmate. Carefully evaluate every move to eliminate any chance of a counterplay or draw by your opponent.
When at a disadvantage, strive to turn the tide and win if possible. If victory is unattainable, exhaust all possible means to force a draw.
Meticulously analyze legal moves, then select the absolute best one.

Considering the long-term strategy and short-term tactic. Analyze the position carefully. You may think through the position and consider multiple candidate moves.
When you have decided on your final move, output it in UCI notation (e.g., 'e2e4', 'g8f6' , 'e7e8q') in the following format:
```
<move>
```

For example:
```
e2e4
```
You can think and reason as much as you want, but your final move must be formatted exactly as shown above.

2025-06-18 20:05:59,891 - INFO - 

The opponent's last move is None.


2025-06-18 20:05:59,891 - INFO - 
Since there is no move history provided, the game must be at its very beginning, and it's my move as White.

The standard opening move for White is to advance the king's pawn two squares forward. This move controls the center of the board and gives the king a bit of safety by opening lines for the bishops and queen.

The best move is:
```
e2e4
```
2025-06-18 20:05:59,891 - INFO - 

The opponent's last move is g8f6.


2025-06-18 20:05:59,892 - INFO - 
Given the opponent's move of `g8f6`, which is the standard King's Indian Defense with the knight developing to f6, I need to respond by controlling the center and further developing my pieces. 

The most common and solid response is to move my king's pawn forward two squares (`e2e4`), but since that was likely my first move in the previous turn (as inferred from the context provided earlier), I need to consider the next logical step. 

A good and standard move is to develop my queen bishop to `c4`, which pins the opponent's knight on f6 to its king and queen, exerting pressure on the opponent's position and gaining control of the center.

The best move is:
```
b1c3
``` 

(Note: There was a slight confusion in the sequence because the last move provided (`g8f6`) usually follows after `e2e4`. Assuming `e2e4` was already played and now `g8f6` is the opponent's reply, then `b1c3` which develops the knight is also a valid and strong move. If `e2e4` wasn't played yet, then `e2e4` would have been the best move initially. Given the context, I'm proceeding with the assumption that `e2e4` was already White's first move.) 

However, if we strictly follow the prompt where the opponent's last move is `g8f6` and this is a new position where `e2e4` wasn't played yet (as the initial prompt had no move history and the opponent's move was given now), then `e2e4` would indeed be the response. But to adapt to the sequence where `e2e4` might have been inferred as the first White move, `b1c3` is a fine developing move next. For clarity and based on the standard opening principles where `e2e4` is typically first, I'll re-evaluate assuming it's the immediate response to `g8f6` in a game that just started with White's first move being yet to be made in this context:

Re-evaluating strictly with `g8f6` as the opponent's last move and assuming it's the first move by Black after White's turn (which would be unconventional as normally White starts, but following the prompt's logic):

The best move for White is:
```
e2e4
``` 

This controls the center and sets up further development.
2025-06-18 20:05:59,892 - INFO - 

The opponent's last move is g7g6.


2025-06-18 20:05:59,892 - INFO - 
Given the opponent's move of `g7g6`, it indicates a setup where Black is preparing to fianchetto their bishop or potentially castle kingside. In response, I should focus on controlling the center and developing my pieces.

A strong and common move is to develop my queen bishop to `c4`, which exerts pressure on the center and the opponent's position. This move is aggressive and helps to maintain control over the d5 square, an important central square.

The best move is:
```
b1c3
```

This move develops the knight to a good square, where it can control important central squares and potentially put pressure on the opponent's position. Alternatively, if we're strictly following the opening principles where White might have played `e2e4` already (assuming this is a continuation from earlier), then `g1f3` (developing the knight to f3 to control the center) could also be considered. But given the current move history (or lack thereof prior to `g7g6`), `b1c3` is a solid and aggressive developing move that sets up future plays. If `e2e4` was indeed White's first move (not stated in this sequence but inferred from earlier responses), then `b1c3` is a standard and strong follow-up. 

Assuming no prior moves by White other than the implication of starting the game and considering the immediate context, `b1c3` is a strong choice to develop and control the center. If `e2e4` was played before, then `g1f3` could also be a viable option. Given the prompt's direct context and the need for a single move, `b1c3` is a robust developing move. 

Thus, the move is:
```
b1c3
```
2025-06-18 20:05:59,892 - INFO - 
Illegal move: b1c3 is not a legal move in the current position. Please choose another one.
2025-06-18 20:05:59,892 - INFO - 
I apologize for the oversight. Given the move sequence, it seems we are at the very beginning of the game, and Black has just played `g7g6` as their first move (which is highly unusual, as normally White starts the game). 

However, following standard chess rules and assuming that White is to make the first move (with Black's `g7g6` being a non-standard and likely mistaken first move description in this context), the normal first move for White is to advance the king's pawn:

```
e2e4
```

This move is always legal in the starting position and is the best way to control the center and begin development. Therefore, correcting my previous analysis, the best move for White, given no prior legal moves by White and considering standard opening principles, is:

```
e2e4
```
2025-06-18 20:05:59,892 - INFO - 
Illegal move: e2e4 is not a legal move in the current position. Please choose another one.
2025-06-18 20:05:59,892 - INFO - 
I apologize for the confusion. Given the sequence of events, it appears there's been an unusual description of Black's move (`g7g6`) as their first move, which doesn't conform to standard chess openings. Normally, White starts the game, and one of the standard first moves is `e2e4`.

However, if Black has indeed played `g7g6` as their first move (a highly non-standard and likely incorrect play in a formal game), and given that `e2e4` is not legal in the current position as described (perhaps due to an oversight in the move sequence interpretation), the next best standard move for White in the opening phase (assuming a standard starting position where Black hasn't made any moves yet, but since we're dealing with an unusual scenario, let's adapt) would be to develop a piece.

Given the constraints and aiming for a standard and legal move, if `e2e4` isn't legal (which would be puzzling in a normal starting position), and considering we might be in a very non-standard setup (though this is highly unusual and against chess norms), a reasonable move for White would be to develop their queen's pawn to `d2d4`, controlling the center and preparing for further development.

Thus, the move is:
```
d2d4
```

This move is legal, controls the center, and prepares for piece development.
2025-06-18 20:05:59,892 - INFO - 

The opponent's last move is b8c6.


2025-06-18 20:05:59,892 - INFO - 
Given that the opponent's last move is `b8c6`, which is the knight moving from b8 to c6, this is a common move in openings like the Sicilian Defense or other setups where Black develops their knight early.

Assuming that this is the beginning of the game and it's White's turn (with an unusual first move by Black being `b8c6` instead of the standard `e7e5` or `g8f6` in response to White's first move), and given that `e2e4` or `d2d4` would be normal opening moves but in a non-standard context, the move `c2c4` (developing the pawn and controlling the center) could be a good choice to maintain central control and prepare for further piece development.

However, if we're strictly following the opening principles and aiming for a solid move after an atypical move by Black, and considering that `e2e4` is a perfectly valid first move for White in most standard openings (and assuming no prior White moves in this unusual sequence), `e2e4` would be the best move to control the center and begin development.

Given the context and focusing on a legal and standard move, the move is:

```
e2e4
```

This move is always legal in the starting position, controls the center, and starts the piece development process.
2025-06-18 20:05:59,892 - INFO - 
Illegal move: e2e4 is not a legal move in the current position. Please choose another one.
2025-06-18 20:05:59,892 - INFO - 
I apologize for the repeated confusion. Given the unusual sequence of events where Black's first move was `b8c6` instead of the standard opening moves and considering that `e2e4` is not legal (which would be highly unusual in a standard starting position), it seems we are in a non-standard and likely incorrect setup. However, I must adhere to the legal moves available in the actual position presented.

If `e2e4` is not legal, and given that Black has just moved `b8c6`, the next best move for White in a typical opening scenario would be to develop a piece or control the center. A promising alternative in a situation where standard opening moves might be disrupted is to advance the king's bishop's pawn two squares forward to control the center:

```
d2d4
```

This move is legal, controls the center, and prepares for piece development. It's a standard and strong opening move in many setups and is a good alternative when the standard initial moves are not available or applicable.
2025-06-18 20:05:59,892 - INFO - 
Illegal move: d2d4 is not a legal move in the current position. Please choose another one.
2025-06-18 20:05:59,892 - INFO - 
I apologize deeply for the confusion and the incorrect moves proposed earlier. Given the constraints and the information provided, it appears we are dealing with an highly unconventional and likely incorrect setup where standard opening moves do not apply as expected. 

Since `e2e4` and `d2d4` are not legal in the described position (which is highly irregular considering standard chess rules), I must reconsider and base the move solely on the legal moves available from the actual starting position, without making assumptions about prior moves that would typically lead to a standard scenario.

In a completely standard starting position where White is to move and no moves have been made by either side, the first legal move for White is always `e2e4` or `d2d4`. Since these have been ruled out (presumably due to an incorrect setup or move description), we need to think about what the actual position might be, even though it contradicts standard chess.

Given the extreme irregularities and the need to propose a legal move, if we are in a position where the standard opening moves are blocked for some reason (which is impossible in a correctly set up game), the next best "safe" and legal move for White, considering no prior information that would lead to a blocked center, would likely involve developing a piece.

However, without knowing the actual position beyond the illegal move claims, and given the constraints, a safe and standard move, if available, would be to bring out the queen bishop or a knight. Since the specifics of the current board are unclear due to the previous move descriptions, and given we must propose a legal move:

If the board is in a state where moving a pawn is impossible as first moves (which is impossible in standard chess setup), then developing a piece to its natural square is a good alternative. 

Assuming the bishop on f1 (white's king's bishop) can move, a safe move would be:

```
f1c4
```

This move, while atypical as a first move, is legal and begins to develop the queen bishop. However, it should be noted that in a correctly set up game of chess, `f1c4` would not be a standard first move; this is proposed solely under the constraints of providing a legal move given the irregularities in the move descriptions provided. 

In a standard chess game, without any prior moves by Black other than an atypical first move, and given the constraints of the prompt, it's impossible to provide a move that would align with typical opening principles. Thus, `f1c4` is a legal move that continues piece development, albeit unconventionally.
2025-06-18 20:05:59,892 - INFO - 

The opponent's last move is b7b5.


2025-06-18 20:05:59,892 - INFO - Attempt 1/5...
2025-06-18 20:06:05,636 - INFO - Raw response from White (api_9_blindfold) (took 5.74s):
Given the opponent's last move `b7b5`, which is a pawn push to control the center in a somewhat atypical way for Black (as normally, Black's first few moves would focus on development and central control differently), and considering the past constraints and atypical setup scenario, we need a move that is legal and aligns with basic opening principles of controlling the center and developing pieces.

Since standard opening moves like `e2e4` or `d2d4` have been indicated as illegal (due to the non-standard setup implied), and given that we must choose a legal move, the next best approach is to develop a piece.

A viable and legal move for White, considering we want to control the center and develop, would be to bring out the king bishop:

```
f1c4
```

This move is legal, controls a central square indirectly (by threatening squares on the c4-a8 diagonal), and begins the development of White's pieces. In standard chess, this might not be the first move one would think of, but given the unusual setup and the need to adhere to legal moves, it's a reasonable and safe choice that continues the process of piece development and central control.
2025-06-18 20:06:05,636 - WARNING - Illegal move: f1c4 is not a legal move in the current position. Please choose another one.
2025-06-18 20:06:05,636 - INFO - Attempt 2/5...
2025-06-18 20:06:12,522 - INFO - Raw response from White (api_9_blindfold) (took 6.89s):
I apologize for the ongoing confusion. Given the constraints and the unusual setup inferred from the move sequence, it appears we are in a position that does not conform to standard chess openings, where typical first moves by White like `e2e4` or `d2d4` are not available.

To choose a legal move under these circumstances, we need to focus on what is actually legal from the current position. Without clear information on why previously proposed moves like `e2e4`, `d2d4`, and `f1c4` were deemed illegal other than the assertion that they are not legal in the described "position" (which is likely a misinterpretation due to an atypical move sequence description), I will opt for the simplest and most universal legal move available in chess starting positions that can be made without knowledge of prior moves except that `b7b5` was Black's last move.

A universally legal move for White at the beginning of the game, regardless of the opponent's setup, assuming no prior illegal moves have occurred (which is a given in standard chess setups), is to develop the queen's knight:

```
b1c3
```

This move is legal, develops a piece to a good square where it controls important central squares, and is a standard opening move in many setups. It aligns with the principles of developing pieces and controlling the center in chess. 

Thus, the move is:

```
b1c3
```
2025-06-18 20:06:12,523 - WARNING - Illegal move: b1c3 is not a legal move in the current position. Please choose another one.
2025-06-18 20:06:12,523 - INFO - Attempt 3/5...
2025-06-18 20:06:19,066 - INFO - Raw response from White (api_9_blindfold) (took 6.54s):
I apologize for the confusion and frustration caused by the previous incorrect move suggestions. Given the constraints and the unorthodox move sequence, where standard opening moves like `e2e4`, `d2d4`, `f1c4`, and `b1c3` are being deemed illegal (which is highly irregular in standard chess), it's clear that we're dealing with an atypical and likely incorrect setup.

To proceed, I must select a move that is legally available from the actual starting position without making assumptions about prior moves that would typically lead to a blocked or irregular scenario. Given that `e2e4` and `d2d4` are the standard first moves in chess and would be illegal only if the pawns are somehow blocked or the board is incorrectly set up, and since those have been indicated as illegal, we need a different approach.

Under the circumstances, the next best legal move for White, assuming a standard chess board setup where moves are only restricted by the position of other pieces (and not by the moves described, which seem incorrect), would be to develop the king's knight:

```
g1f3
```

This move is always legal in the starting position, develops a piece to a strong square, controls important central squares, and prepares for future piece development and central control. 

Thus, the move is:

```
g1f3
```
2025-06-18 20:06:19,066 - INFO - Valid move found: g1f3
2025-06-18 20:06:37,595 - INFO - Move g1f3 is not among Stockfish's top 3 recommendations
2025-06-18 20:06:37,596 - INFO - Win rate after move g1f3: 33.09%
2025-06-18 20:06:37,596 - INFO - Move: g1f3
2025-06-18 20:06:37,596 - INFO - Board after move:
r . b q k b . r
p . p p p p . p
. . n . . n p .
. p . . . . . .
. . B P P . . .
. . N . . N . .
P P P . . P P P
R . B Q K . . R
2025-06-18 20:06:40,279 - INFO - Current position win rate for Black: 65.66%
2025-06-18 20:06:49,552 - INFO - Top 3 recommended moves by Stockfish:
2025-06-18 20:06:49,552 - INFO -   1. bxc4 (b5c4) - Win rate: 65.20%
2025-06-18 20:06:49,552 - INFO -   2. a6 (a7a6) - Win rate: 42.75%
2025-06-18 20:06:49,552 - INFO -   3. b4 (b5b4) - Win rate: 39.75%
2025-06-18 20:06:49,552 - INFO - api_9_blitz's turn (Black) - Move 5
2025-06-18 20:06:49,552 - INFO - Prompt to Black (api_9_blitz):
2025-06-18 20:06:49,553 - INFO - 

You are an expert chess player. You are playing a game of chess. You are playing as Black.
This is a critically urgent match. You must thoroughly analyze the position and play with utmost caution. Leverage your wisdom to secure victory.
When you have the advantage, press it relentlessly and aim for a swift checkmate. Carefully evaluate every move to eliminate any chance of a counterplay or draw by your opponent.
When at a disadvantage, strive to turn the tide and win if possible. If victory is unattainable, exhaust all possible means to force a draw.
Meticulously analyze legal moves, then select the absolute best one.

Considering the long-term strategy and short-term tactic. Analyze the position carefully. You may think through the position and consider multiple candidate moves.
When you have decided on your final move, output it in UCI notation (e.g., 'e2e4', 'g8f6' , 'e7e8q') in the following format:
```
<move>
```

For example:
```
e2e4
```
You can think and reason as much as you want, but your final move must be formatted exactly as shown above.

2025-06-18 20:06:49,553 - INFO - 

Current board position in FEN notation:
r1bqkb1r/p1pppp1p/2n2np1/1p6/2BPP3/2N2N2/PPP2PPP/R1BQK2R b KQkq - 1 5

Move history in UCI notation:e2e4, g8f6, b1c3, g7g6, d2d4, b8c6, f1c4, b7b5, g1f3



2025-06-18 20:06:49,553 - INFO - Attempt 1/5...
2025-06-18 20:06:56,530 - INFO - Raw response from Black (api_9_blitz) (took 6.98s):
To assess the current position:
- White has a slight spatial advantage, especially on the king-side, but Black's pieces are generally well-developed.
- The c6 knight is a key piece for Black, providing pressure in the center and potentially on White's pawn structure.
- Black's knight on f6, combined with the potential of d7-d5, could be a significant plan to counter White.
- White's queenside expansion looks limited due to Black's queenside pawns, and White might need to address the potential pawn breaks soon.

Given these considerations, I want to continue developing my pieces harmoniously and prepare for a potential central break. A good move here would be to prepare ...d5 to challenge White's central control and open lines for my pieces, especially the queenside bishop.

Thus, the move I choose is `e7e5`, preparing for the central break with `...d5` and adding pressure to White's center.

```
e7e5
```
2025-06-18 20:06:56,530 - INFO - Valid move found: e7e5
2025-06-18 20:07:09,547 - INFO - Move e7e5 is not among Stockfish's top 3 recommendations
2025-06-18 20:07:09,547 - INFO - Win rate after move e7e5: 29.57%
2025-06-18 20:07:09,547 - INFO - Move: e7e5
2025-06-18 20:07:09,547 - INFO - Board after move:
r . b q k b . r
p . p p . p . p
. . n . . n p .
. p . . p . . .
. . B P P . . .
. . N . . N . .
P P P . . P P P
R . B Q K . . R
2025-06-18 20:07:14,277 - INFO - Current position win rate for White: 67.61%
2025-06-18 20:07:23,675 - INFO - Top 3 recommended moves by Stockfish:
2025-06-18 20:07:23,676 - INFO -   1. Bxb5 (c4b5) - Win rate: 71.18%
2025-06-18 20:07:23,676 - INFO -   2. dxe5 (d4e5) - Win rate: 68.40%
2025-06-18 20:07:23,676 - INFO -   3. Nxb5 (c3b5) - Win rate: 66.55%
2025-06-18 20:07:23,676 - INFO - api_9_blindfold's turn (White) - Move 6
2025-06-18 20:07:23,676 - INFO - Prompt to White (api_9_blindfold):
2025-06-18 20:07:23,676 - INFO - 

You are an expert chess player. You are playing a game of chess. You are playing as White.
We only have the move history of you and your opponent. You must reconstruct the game and choose a best move from the legal moves.

This is a critically urgent match. You must thoroughly analyze the position and play with utmost caution. Leverage your wisdom to secure victory.
When you have the advantage, press it relentlessly and aim for a swift checkmate. Carefully evaluate every move to eliminate any chance of a counterplay or draw by your opponent.
When at a disadvantage, strive to turn the tide and win if possible. If victory is unattainable, exhaust all possible means to force a draw.
Meticulously analyze legal moves, then select the absolute best one.

Considering the long-term strategy and short-term tactic. Analyze the position carefully. You may think through the position and consider multiple candidate moves.
When you have decided on your final move, output it in UCI notation (e.g., 'e2e4', 'g8f6' , 'e7e8q') in the following format:
```
<move>
```

For example:
```
e2e4
```
You can think and reason as much as you want, but your final move must be formatted exactly as shown above.

2025-06-18 20:07:23,676 - INFO - 

The opponent's last move is None.


2025-06-18 20:07:23,676 - INFO - 
Since there is no move history provided, the game must be at its very beginning, and it's my move as White.

The standard opening move for White is to advance the king's pawn two squares forward. This move controls the center of the board and gives the king a bit of safety by opening lines for the bishops and queen.

The best move is:
```
e2e4
```
2025-06-18 20:07:23,676 - INFO - 

The opponent's last move is g8f6.


2025-06-18 20:07:23,676 - INFO - 
Given the opponent's move of `g8f6`, which is the standard King's Indian Defense with the knight developing to f6, I need to respond by controlling the center and further developing my pieces. 

The most common and solid response is to move my king's pawn forward two squares (`e2e4`), but since that was likely my first move in the previous turn (as inferred from the context provided earlier), I need to consider the next logical step. 

A good and standard move is to develop my queen bishop to `c4`, which pins the opponent's knight on f6 to its king and queen, exerting pressure on the opponent's position and gaining control of the center.

The best move is:
```
b1c3
``` 

(Note: There was a slight confusion in the sequence because the last move provided (`g8f6`) usually follows after `e2e4`. Assuming `e2e4` was already played and now `g8f6` is the opponent's reply, then `b1c3` which develops the knight is also a valid and strong move. If `e2e4` wasn't played yet, then `e2e4` would have been the best move initially. Given the context, I'm proceeding with the assumption that `e2e4` was already White's first move.) 

However, if we strictly follow the prompt where the opponent's last move is `g8f6` and this is a new position where `e2e4` wasn't played yet (as the initial prompt had no move history and the opponent's move was given now), then `e2e4` would indeed be the response. But to adapt to the sequence where `e2e4` might have been inferred as the first White move, `b1c3` is a fine developing move next. For clarity and based on the standard opening principles where `e2e4` is typically first, I'll re-evaluate assuming it's the immediate response to `g8f6` in a game that just started with White's first move being yet to be made in this context:

Re-evaluating strictly with `g8f6` as the opponent's last move and assuming it's the first move by Black after White's turn (which would be unconventional as normally White starts, but following the prompt's logic):

The best move for White is:
```
e2e4
``` 

This controls the center and sets up further development.
2025-06-18 20:07:23,677 - INFO - 

The opponent's last move is g7g6.


2025-06-18 20:07:23,677 - INFO - 
Given the opponent's move of `g7g6`, it indicates a setup where Black is preparing to fianchetto their bishop or potentially castle kingside. In response, I should focus on controlling the center and developing my pieces.

A strong and common move is to develop my queen bishop to `c4`, which exerts pressure on the center and the opponent's position. This move is aggressive and helps to maintain control over the d5 square, an important central square.

The best move is:
```
b1c3
```

This move develops the knight to a good square, where it can control important central squares and potentially put pressure on the opponent's position. Alternatively, if we're strictly following the opening principles where White might have played `e2e4` already (assuming this is a continuation from earlier), then `g1f3` (developing the knight to f3 to control the center) could also be considered. But given the current move history (or lack thereof prior to `g7g6`), `b1c3` is a solid and aggressive developing move that sets up future plays. If `e2e4` was indeed White's first move (not stated in this sequence but inferred from earlier responses), then `b1c3` is a standard and strong follow-up. 

Assuming no prior moves by White other than the implication of starting the game and considering the immediate context, `b1c3` is a strong choice to develop and control the center. If `e2e4` was played before, then `g1f3` could also be a viable option. Given the prompt's direct context and the need for a single move, `b1c3` is a robust developing move. 

Thus, the move is:
```
b1c3
```
2025-06-18 20:07:23,677 - INFO - 
Illegal move: b1c3 is not a legal move in the current position. Please choose another one.
2025-06-18 20:07:23,677 - INFO - 
I apologize for the oversight. Given the move sequence, it seems we are at the very beginning of the game, and Black has just played `g7g6` as their first move (which is highly unusual, as normally White starts the game). 

However, following standard chess rules and assuming that White is to make the first move (with Black's `g7g6` being a non-standard and likely mistaken first move description in this context), the normal first move for White is to advance the king's pawn:

```
e2e4
```

This move is always legal in the starting position and is the best way to control the center and begin development. Therefore, correcting my previous analysis, the best move for White, given no prior legal moves by White and considering standard opening principles, is:

```
e2e4
```
2025-06-18 20:07:23,677 - INFO - 
Illegal move: e2e4 is not a legal move in the current position. Please choose another one.
2025-06-18 20:07:23,677 - INFO - 
I apologize for the confusion. Given the sequence of events, it appears there's been an unusual description of Black's move (`g7g6`) as their first move, which doesn't conform to standard chess openings. Normally, White starts the game, and one of the standard first moves is `e2e4`.

However, if Black has indeed played `g7g6` as their first move (a highly non-standard and likely incorrect play in a formal game), and given that `e2e4` is not legal in the current position as described (perhaps due to an oversight in the move sequence interpretation), the next best standard move for White in the opening phase (assuming a standard starting position where Black hasn't made any moves yet, but since we're dealing with an unusual scenario, let's adapt) would be to develop a piece.

Given the constraints and aiming for a standard and legal move, if `e2e4` isn't legal (which would be puzzling in a normal starting position), and considering we might be in a very non-standard setup (though this is highly unusual and against chess norms), a reasonable move for White would be to develop their queen's pawn to `d2d4`, controlling the center and preparing for further development.

Thus, the move is:
```
d2d4
```

This move is legal, controls the center, and prepares for piece development.
2025-06-18 20:07:23,677 - INFO - 

The opponent's last move is b8c6.


2025-06-18 20:07:23,677 - INFO - 
Given that the opponent's last move is `b8c6`, which is the knight moving from b8 to c6, this is a common move in openings like the Sicilian Defense or other setups where Black develops their knight early.

Assuming that this is the beginning of the game and it's White's turn (with an unusual first move by Black being `b8c6` instead of the standard `e7e5` or `g8f6` in response to White's first move), and given that `e2e4` or `d2d4` would be normal opening moves but in a non-standard context, the move `c2c4` (developing the pawn and controlling the center) could be a good choice to maintain central control and prepare for further piece development.

However, if we're strictly following the opening principles and aiming for a solid move after an atypical move by Black, and considering that `e2e4` is a perfectly valid first move for White in most standard openings (and assuming no prior White moves in this unusual sequence), `e2e4` would be the best move to control the center and begin development.

Given the context and focusing on a legal and standard move, the move is:

```
e2e4
```

This move is always legal in the starting position, controls the center, and starts the piece development process.
2025-06-18 20:07:23,677 - INFO - 
Illegal move: e2e4 is not a legal move in the current position. Please choose another one.
2025-06-18 20:07:23,677 - INFO - 
I apologize for the repeated confusion. Given the unusual sequence of events where Black's first move was `b8c6` instead of the standard opening moves and considering that `e2e4` is not legal (which would be highly unusual in a standard starting position), it seems we are in a non-standard and likely incorrect setup. However, I must adhere to the legal moves available in the actual position presented.

If `e2e4` is not legal, and given that Black has just moved `b8c6`, the next best move for White in a typical opening scenario would be to develop a piece or control the center. A promising alternative in a situation where standard opening moves might be disrupted is to advance the king's bishop's pawn two squares forward to control the center:

```
d2d4
```

This move is legal, controls the center, and prepares for piece development. It's a standard and strong opening move in many setups and is a good alternative when the standard initial moves are not available or applicable.
2025-06-18 20:07:23,677 - INFO - 
Illegal move: d2d4 is not a legal move in the current position. Please choose another one.
2025-06-18 20:07:23,677 - INFO - 
I apologize deeply for the confusion and the incorrect moves proposed earlier. Given the constraints and the information provided, it appears we are dealing with an highly unconventional and likely incorrect setup where standard opening moves do not apply as expected. 

Since `e2e4` and `d2d4` are not legal in the described position (which is highly irregular considering standard chess rules), I must reconsider and base the move solely on the legal moves available from the actual starting position, without making assumptions about prior moves that would typically lead to a standard scenario.

In a completely standard starting position where White is to move and no moves have been made by either side, the first legal move for White is always `e2e4` or `d2d4`. Since these have been ruled out (presumably due to an incorrect setup or move description), we need to think about what the actual position might be, even though it contradicts standard chess.

Given the extreme irregularities and the need to propose a legal move, if we are in a position where the standard opening moves are blocked for some reason (which is impossible in a correctly set up game), the next best "safe" and legal move for White, considering no prior information that would lead to a blocked center, would likely involve developing a piece.

However, without knowing the actual position beyond the illegal move claims, and given the constraints, a safe and standard move, if available, would be to bring out the queen bishop or a knight. Since the specifics of the current board are unclear due to the previous move descriptions, and given we must propose a legal move:

If the board is in a state where moving a pawn is impossible as first moves (which is impossible in standard chess setup), then developing a piece to its natural square is a good alternative. 

Assuming the bishop on f1 (white's king's bishop) can move, a safe move would be:

```
f1c4
```

This move, while atypical as a first move, is legal and begins to develop the queen bishop. However, it should be noted that in a correctly set up game of chess, `f1c4` would not be a standard first move; this is proposed solely under the constraints of providing a legal move given the irregularities in the move descriptions provided. 

In a standard chess game, without any prior moves by Black other than an atypical first move, and given the constraints of the prompt, it's impossible to provide a move that would align with typical opening principles. Thus, `f1c4` is a legal move that continues piece development, albeit unconventionally.
2025-06-18 20:07:23,677 - INFO - 

The opponent's last move is b7b5.


2025-06-18 20:07:23,677 - INFO - 
Given the opponent's last move `b7b5`, which is a pawn push to control the center in a somewhat atypical way for Black (as normally, Black's first few moves would focus on development and central control differently), and considering the past constraints and atypical setup scenario, we need a move that is legal and aligns with basic opening principles of controlling the center and developing pieces.

Since standard opening moves like `e2e4` or `d2d4` have been indicated as illegal (due to the non-standard setup implied), and given that we must choose a legal move, the next best approach is to develop a piece.

A viable and legal move for White, considering we want to control the center and develop, would be to bring out the king bishop:

```
f1c4
```

This move is legal, controls a central square indirectly (by threatening squares on the c4-a8 diagonal), and begins the development of White's pieces. In standard chess, this might not be the first move one would think of, but given the unusual setup and the need to adhere to legal moves, it's a reasonable and safe choice that continues the process of piece development and central control.
2025-06-18 20:07:23,677 - INFO - 
Illegal move: f1c4 is not a legal move in the current position. Please choose another one.
2025-06-18 20:07:23,677 - INFO - 
I apologize for the ongoing confusion. Given the constraints and the unusual setup inferred from the move sequence, it appears we are in a position that does not conform to standard chess openings, where typical first moves by White like `e2e4` or `d2d4` are not available.

To choose a legal move under these circumstances, we need to focus on what is actually legal from the current position. Without clear information on why previously proposed moves like `e2e4`, `d2d4`, and `f1c4` were deemed illegal other than the assertion that they are not legal in the described "position" (which is likely a misinterpretation due to an atypical move sequence description), I will opt for the simplest and most universal legal move available in chess starting positions that can be made without knowledge of prior moves except that `b7b5` was Black's last move.

A universally legal move for White at the beginning of the game, regardless of the opponent's setup, assuming no prior illegal moves have occurred (which is a given in standard chess setups), is to develop the queen's knight:

```
b1c3
```

This move is legal, develops a piece to a good square where it controls important central squares, and is a standard opening move in many setups. It aligns with the principles of developing pieces and controlling the center in chess. 

Thus, the move is:

```
b1c3
```
2025-06-18 20:07:23,677 - INFO - 
Illegal move: b1c3 is not a legal move in the current position. Please choose another one.
2025-06-18 20:07:23,678 - INFO - 
I apologize for the confusion and frustration caused by the previous incorrect move suggestions. Given the constraints and the unorthodox move sequence, where standard opening moves like `e2e4`, `d2d4`, `f1c4`, and `b1c3` are being deemed illegal (which is highly irregular in standard chess), it's clear that we're dealing with an atypical and likely incorrect setup.

To proceed, I must select a move that is legally available from the actual starting position without making assumptions about prior moves that would typically lead to a blocked or irregular scenario. Given that `e2e4` and `d2d4` are the standard first moves in chess and would be illegal only if the pawns are somehow blocked or the board is incorrectly set up, and since those have been indicated as illegal, we need a different approach.

Under the circumstances, the next best legal move for White, assuming a standard chess board setup where moves are only restricted by the position of other pieces (and not by the moves described, which seem incorrect), would be to develop the king's knight:

```
g1f3
```

This move is always legal in the starting position, develops a piece to a strong square, controls important central squares, and prepares for future piece development and central control. 

Thus, the move is:

```
g1f3
```
2025-06-18 20:07:23,678 - INFO - 

The opponent's last move is e7e5.


2025-06-18 20:07:23,678 - INFO - Attempt 1/5...
2025-06-18 20:07:31,888 - INFO - Raw response from White (api_9_blindfold) (took 8.21s):
Given the opponent's move `e7e5`, which is a standard and typical first move for Black in many openings (though usually after White's first move), and assuming we are at the beginning of the game with White to move (and considering the past issues with move suggestions), let's proceed with a standard and legal opening move for White.

Since the typical first moves `e2e4` and `d2d4` have been problematic in past suggestions (though they should be legal in a standard setup), and given that `g1f3` (developing the king's knight) is a strong and legal move in any standard chess setup, it remains a good choice.

However, if we are strictly looking at the next move after `e7e5` as White's first move (ignoring the prior incorrect move sequence descriptions), `e2e4` is actually the standard and best move here, controlling the center and setting up further development. Given that past suggestions were deemed illegal due to an incorrect setup interpretation, I will assume that `e2e4` is actually legal in the correct setup.

Thus, the best move is:

```
e2e4
```

This move is always legal from the starting position, controls the center, and is the standard and most aggressive response to Black's `e7e5`.
2025-06-18 20:07:31,888 - WARNING - Illegal move: e2e4 is not a legal move in the current position. Please choose another one.
2025-06-18 20:07:31,888 - INFO - Attempt 2/5...
2025-06-18 20:07:49,263 - INFO - Raw response from White (api_9_blindfold) (took 17.37s):
I apologize deeply for the repeated confusion and frustrations this may have caused. Given that standard opening moves like `e2e4` and `d2d4` are being deemed illegal (which is highly unusual and incorrect in a standard chess setup), it appears we are dealing with an atypical situation where the actual position on the board is not as expected due to prior incorrect or non-standard move descriptions.

However, in the spirit of adhering strictly to the prompt and choosing a legal move from what should be a standard starting position (or a position that can be deduced from the given information), if `e2e4` and `d2d4` are truly not available (which would only make sense in a highly irregular and incorrect setup), the next best move for White would be to develop a piece.

Given the constraints, a viable and legal move would be to bring out the king bishop or continue with piece development. Since `f1c4` (developing the king bishop) has been mentioned before and would be illegal only under specific and incorrect conditions, and given that we need a move, we can consider developing the queen bishop by moving the queen to a position that supports development, such as:

```
d1h5
```

However, this is atypical and not a standard first move; it is proposed under the assumption that we are in a highly irregular position where standard opening moves are blocked for unexplained reasons. Normally, this would not be a good first move as it moves the queen too early and can expose it to attack.

But to strictly adhere to the task of providing a legal move under the unusual circumstances described, and acknowledging that this is not a typical chess move, **if we assume the board is in a state where moving a pawn forward is impossible** (which is impossible in a correctly set up game), then moving the queen off the back rank to a less exposed square could be a way to continue development, albeit unorthodox.

Yet, in reality, without a standard setup, this remains highly problematic. Given the constraints, a more "standard-like" and legal move under the assumption of a blocked pawn situation (though incorrect in chess) would be to develop a piece, so if the queen could safely move to support development, something like:

```
d1d2
```

But this is also unconventional and not a good move as it does not develop the piece properly. 

Given the extreme irregularities, and to strictly provide a legal move that could occur in some chess-like positions (though not starting ones), if we consider that the board might have been set incorrectly and White's pieces are in a position where pawns cannot move, then the next piece to develop would be the king's knight:

```
g1f3
```

This remains the strongest and most legal move available in a standard setup, and assuming no prior illegal moves have occurred, it's the best choice under normal circumstances. If `e2e4` is truly illegal in the described "position" (which is incorrect in a normal chess setup), then `g1f3` is the correct and logical move to make, aligning with chess principles of development and central control.

Thus, the move is:

```
g1f3
```
2025-06-18 20:07:49,263 - WARNING - Illegal move: d1h5 is not a legal move in the current position. Please choose another one.
2025-06-18 20:07:49,263 - INFO - Attempt 3/5...
2025-06-18 20:07:54,927 - INFO - Raw response from White (api_9_blindfold) (took 5.66s):
I apologize for the ongoing confusion. Given the constraints and the unusual circumstances where standard opening moves are being deemed illegal, it appears we are dealing with a highly irregular setup. However, in a standard chess game, after Black's move `e7e5`, White's typical first moves would be to advance the king's pawn (`e2e4`) or the queen's pawn (`d2d4`). Since these have been indicated as illegal, and given that `g1f3` has also been considered but let's ensure it's not being deemed illegal (though it normally wouldn't be), I will reaffirm that `g1f3` is the correct and standard move to make in this situation under normal chess rules.

`g1f3` is always legal in the starting position of chess and is a strong move that develops the king's knight to a central square, controlling important squares and preparing for further development.

Thus, the move is:

```
g1f3
```
2025-06-18 20:07:54,927 - WARNING - Illegal move: g1f3 is not a legal move in the current position. Please choose another one.
2025-06-18 20:07:54,927 - INFO - Attempt 4/5...
2025-06-18 20:08:02,614 - INFO - Raw response from White (api_9_blindfold) (took 7.69s):
I apologize for the confusion and the incorrect suggestions. Given the constraints and the fact that standard opening moves like `e2e4`, `d2d4`, and `g1f3` are being deemed illegal (which is highly unusual and incorrect in a standard chess setup), it seems we are dealing with a position that does not conform to the normal rules or setup of chess. 

However, under the assumption that the board is incorrectly set up in such a way that these standard moves are blocked (which would be impossible in a correctly set chess game), the next best approach is to choose a move that is legally available, even if it's highly unusual. 

Given the circumstances, one of the few remaining legal moves that can be made without moving a pawn (since standard pawn moves seem restricted) would be to develop a piece. If we consider that the knight on b1 is available to move (as its normal move `g1f3` was deemed illegal, which is incorrect under standard chess), the next possible move for that knight would be to a position where it can still contribute to the game without causing immediate threat or being immediately threatened, such as:

```
b1a3
```

While this is an atypical first move and not a good one in terms of chess strategy, it is a legal move that develops a piece. It should be noted that in a correctly set up game of chess, moving the knight to a3 as a first move is highly unusual and not recommended, as it does not effectively control the center.

Given the constraints, the move is:

```
b1a3
```
2025-06-18 20:08:02,614 - WARNING - Illegal move: b1a3 is not a legal move in the current position. Please choose another one.
2025-06-18 20:08:02,614 - INFO - Attempt 5/5...
2025-06-18 20:08:12,266 - INFO - Raw response from White (api_9_blindfold) (took 9.65s):
I apologize deeply for the frustration and confusion caused by the previous incorrect move suggestions. Given the constraints and the fact that standard opening moves like `e2e4`, `d2d4`, `g1f3`, and `b1a3` are being deemed illegal (which is highly unusual and incorrect in a standard chess setup), it seems we are in an extremely irregular and likely incorrect position setup.

In a standard chess game, after Black's move `e7e5`, White's typical first moves would be to advance the king's pawn (`e2e4`) or the queen's pawn (`d2d4`). Since these have been indicated as illegal, and given that other standard developing moves like `g1f3` are also being deemed illegal, it's clear we are not dealing with a standard chess position.

However, to strictly adhere to the task of providing a legal move under the unusual circumstances described, and considering that we might be in a position where the standard starting moves are blocked for some unexplained reason, the next best approach is to look for a move that is legally available, even if it's highly unusual or suboptimal.

Given that moving a pawn forward or developing a knight seems to be restricted (based on prior incorrect move suggestions), the next piece that can be legally moved is the bishop. A legal, albeit atypical and not recommended, first move for White could be to move the king bishop:

```
f1b5
```

While this is not a standard first move and does not follow good opening principles, it is a legal move that develops a piece to a central square where it can potentially exert some influence. 

Again, I must emphasize that in a correctly set up game of chess, moving the bishop to b5 as a first move is highly unusual and not recommended, as it does not effectively control the center or prepare for proper development. Given the constraints, however, this is one of the few remaining legal moves that can be made.

Thus, the move is:

```
f1b5
```
2025-06-18 20:08:12,266 - WARNING - Illegal move: f1b5 is not a legal move in the current position. Please choose another one.
2025-06-18 20:08:12,266 - ERROR - Failed to get a valid move after 5 attempts. Forfeiting the game.
2025-06-18 20:08:12,266 - INFO - api_9_blindfold has forfeited the game due to failure to generate a legal move.
2025-06-18 20:08:12,266 - INFO - api_9_blitz wins by forfeit!
2025-06-18 20:08:12,266 - INFO - === Player Move Quality Statistics ===
2025-06-18 20:08:12,267 - INFO - api_9_blindfold:
2025-06-18 20:08:12,267 - INFO -   Total moves: 5
2025-06-18 20:08:12,267 - INFO -   Optimal moves (in top 3): 3 (60.0%)
2025-06-18 20:08:12,267 - INFO - api_9_blitz:
2025-06-18 20:08:12,267 - INFO -   Total moves: 5
2025-06-18 20:08:12,267 - INFO -   Optimal moves (in top 3): 0 (0.0%)
2025-06-18 20:08:12,267 - INFO - === Player Attempt Statistics ===
2025-06-18 20:08:12,267 - INFO - api_9_blindfold:
2025-06-18 20:08:12,267 - INFO -   Total attempts: 16
2025-06-18 20:08:12,267 - INFO -   Parsing errors: 0 (0.0% of attempts)
2025-06-18 20:08:12,267 - INFO -   Illegal moves: 11 (68.8% of attempts)
2025-06-18 20:08:12,267 - INFO -   forbidden thinking: 0 (0.0% of attempts)
2025-06-18 20:08:12,267 - INFO -   Successful moves: 5 (31.2% of attempts)
2025-06-18 20:08:12,267 - INFO - api_9_blitz:
2025-06-18 20:08:12,267 - INFO -   Total attempts: 7
2025-06-18 20:08:12,267 - INFO -   Parsing errors: 2 (28.6% of attempts)
2025-06-18 20:08:12,267 - INFO -   Illegal moves: 0 (0.0% of attempts)
2025-06-18 20:08:12,267 - INFO -   forbidden thinking: 0 (0.0% of attempts)
2025-06-18 20:08:12,267 - INFO -   Successful moves: 5 (71.4% of attempts)
2025-06-18 20:08:12,268 - INFO - Game completed!
2025-06-18 20:08:12,268 - INFO - Result: 0-1
2025-06-18 20:08:12,268 - INFO - Termination: forfeit
2025-06-18 20:08:12,268 - INFO - Final FEN: r1bqkb1r/p1pp1p1p/2n2np1/1p2p3/2BPP3/2N2N2/PPP2PPP/R1BQK2R w KQkq - 0 6
2025-06-18 20:08:12,268 - INFO - Move history: e2e4, g8f6, b1c3, g7g6, d2d4, b8c6, f1c4, b7b5, g1f3, e7e5
