2025-06-18 20:00:49,861 - INFO - Starting game 20250618_200049_1: api_9_blindfold vs api_9_blitz
2025-06-18 20:00:49,964 - INFO - Initial board:
r n b q k b n r
p p p p p p p p
. . . . . . . .
. . . . . . . .
. . . . . . . .
. . . . . . . .
P P P P P P P P
R N B Q K B N R
2025-06-18 20:00:56,020 - INFO - Current position win rate for White: 53.10%
2025-06-18 20:01:05,381 - INFO - Top 3 recommended moves by Stockfish:
2025-06-18 20:01:05,381 - INFO -   1. Nf3 (g1f3) - Win rate: 52.00%
2025-06-18 20:01:05,382 - INFO -   2. d4 (d2d4) - Win rate: 52.00%
2025-06-18 20:01:05,382 - INFO -   3. e4 (e2e4) - Win rate: 51.60%
2025-06-18 20:01:05,382 - INFO - api_9_blindfold's turn (White) - Move 1
2025-06-18 20:01:05,382 - INFO - Prompt to White (api_9_blindfold):
2025-06-18 20:01:05,382 - INFO - 

You are an expert chess player. You are playing a game of chess. You are playing as White.
We only have the move history of you and your opponent. You must reconstruct the game and choose a best move from the legal moves.

This is a critically urgent match. You must thoroughly analyze the position and play with utmost caution. Leverage your wisdom to secure victory.
When you have the advantage, press it relentlessly and aim for a swift checkmate. Carefully evaluate every move to eliminate any chance of a counterplay or draw by your opponent.
When at a disadvantage, strive to turn the tide and win if possible. If victory is unattainable, exhaust all possible means to force a draw.
Meticulously analyze legal moves, then select the absolute best one.

Considering the long-term strategy and short-term tactic. Analyze the position carefully. You may think through the position and consider multiple candidate moves.
When you have decided on your final move, output it in UCI notation (e.g., 'e2e4', 'g8f6' , 'e7e8q') in the following format:
```
<move>
```

For example:
```
e2e4
```
You can think and reason as much as you want, but your final move must be formatted exactly as shown above.

2025-06-18 20:01:05,382 - INFO - 

The opponent's last move is None.


2025-06-18 20:01:05,382 - INFO - Attempt 1/5...
2025-06-18 20:01:08,292 - INFO - Raw response from White (api_9_blindfold) (took 2.91s):
Since the opponent hasn't made any moves yet, and as White, I have the advantage of starting the game. A common and solid opening move is to advance the king's pawn two squares. This move not only occupies the center of the board but also paves the way for developing other pieces.

My candidate move is to play `e2e4`. 

```
e2e4
```
2025-06-18 20:01:08,292 - INFO - Valid move found: e2e4
2025-06-18 20:01:17,424 - INFO - Move e2e4 is Stockfish's recommendation #3
2025-06-18 20:01:17,424 - INFO - Win rate after move e2e4: 51.60%
2025-06-18 20:01:17,424 - INFO - Move: e2e4
2025-06-18 20:01:17,424 - INFO - Board after move:
r n b q k b n r
p p p p p p p p
. . . . . . . .
. . . . . . . .
. . . . P . . .
. . . . . . . .
P P P P . P P P
R N B Q K B N R
2025-06-18 20:01:20,001 - INFO - Current position win rate for Black: 46.41%
2025-06-18 20:01:29,470 - INFO - Top 3 recommended moves by Stockfish:
2025-06-18 20:01:29,470 - INFO -   1. e6 (e7e6) - Win rate: 48.60%
2025-06-18 20:01:29,470 - INFO -   2. c5 (c7c5) - Win rate: 46.41%
2025-06-18 20:01:29,470 - INFO -   3. e5 (e7e5) - Win rate: 45.91%
2025-06-18 20:01:29,470 - INFO - api_9_blitz's turn (Black) - Move 1
2025-06-18 20:01:29,470 - INFO - Prompt to Black (api_9_blitz):
2025-06-18 20:01:29,470 - INFO - 

You are an expert chess player. You are playing a game of chess. You are playing as Black.
This is a critically urgent match. You must thoroughly analyze the position and play with utmost caution. Leverage your wisdom to secure victory.
When you have the advantage, press it relentlessly and aim for a swift checkmate. Carefully evaluate every move to eliminate any chance of a counterplay or draw by your opponent.
When at a disadvantage, strive to turn the tide and win if possible. If victory is unattainable, exhaust all possible means to force a draw.
Meticulously analyze legal moves, then select the absolute best one.

Considering the long-term strategy and short-term tactic. Analyze the position carefully. You may think through the position and consider multiple candidate moves.
When you have decided on your final move, output it in UCI notation (e.g., 'e2e4', 'g8f6' , 'e7e8q') in the following format:
```
<move>
```

For example:
```
e2e4
```
You can think and reason as much as you want, but your final move must be formatted exactly as shown above.

2025-06-18 20:01:29,471 - INFO - 

Current board position in FEN notation:
rnbqkbnr/pppppppp/8/8/4P3/8/PPPP1PPP/RNBQKBNR b KQkq - 0 1

Move history in UCI notation:e2e4



2025-06-18 20:01:29,471 - INFO - Attempt 1/5...
2025-06-18 20:01:32,769 - INFO - Raw response from Black (api_9_blitz) (took 3.30s):
Considering the position, it's the start of the game and I need to make a move that sets the tone for my strategy. As Black, I need to respond actively to maintain balance and perhaps even gain an edge. Given that White has advanced the e-pawn, a common and solid move in the opening, I should aim to control the center and develop my pieces harmoniously.

One of the strongest and most common responses for Black after e2e4 is to play ...e7e5, developing the center and setting up potential future pawn breaks or piece exchanges. This move helps me to contest the center and keeps my options open for further development.

Therefore, my final move is:
```
e7e5
```
2025-06-18 20:01:32,769 - INFO - Valid move found: e7e5
2025-06-18 20:01:42,159 - INFO - Move e7e5 is Stockfish's recommendation #3
2025-06-18 20:01:42,160 - INFO - Win rate after move e7e5: 45.91%
2025-06-18 20:01:42,160 - INFO - Move: e7e5
2025-06-18 20:01:42,160 - INFO - Board after move:
r n b q k b n r
p p p p . p p p
. . . . . . . .
. . . . p . . .
. . . . P . . .
. . . . . . . .
P P P P . P P P
R N B Q K B N R
2025-06-18 20:01:46,551 - INFO - Current position win rate for White: 53.10%
2025-06-18 20:01:55,667 - INFO - Top 3 recommended moves by Stockfish:
2025-06-18 20:01:55,667 - INFO -   1. Nf3 (g1f3) - Win rate: 52.00%
2025-06-18 20:01:55,668 - INFO -   2. Nc3 (b1c3) - Win rate: 51.30%
2025-06-18 20:01:55,668 - INFO -   3. Bc4 (f1c4) - Win rate: 50.90%
2025-06-18 20:01:55,668 - INFO - api_9_blindfold's turn (White) - Move 2
2025-06-18 20:01:55,668 - INFO - Prompt to White (api_9_blindfold):
2025-06-18 20:01:55,668 - INFO - 

You are an expert chess player. You are playing a game of chess. You are playing as White.
We only have the move history of you and your opponent. You must reconstruct the game and choose a best move from the legal moves.

This is a critically urgent match. You must thoroughly analyze the position and play with utmost caution. Leverage your wisdom to secure victory.
When you have the advantage, press it relentlessly and aim for a swift checkmate. Carefully evaluate every move to eliminate any chance of a counterplay or draw by your opponent.
When at a disadvantage, strive to turn the tide and win if possible. If victory is unattainable, exhaust all possible means to force a draw.
Meticulously analyze legal moves, then select the absolute best one.

Considering the long-term strategy and short-term tactic. Analyze the position carefully. You may think through the position and consider multiple candidate moves.
When you have decided on your final move, output it in UCI notation (e.g., 'e2e4', 'g8f6' , 'e7e8q') in the following format:
```
<move>
```

For example:
```
e2e4
```
You can think and reason as much as you want, but your final move must be formatted exactly as shown above.

2025-06-18 20:01:55,668 - INFO - 

The opponent's last move is None.


2025-06-18 20:01:55,668 - INFO - 
Since the opponent hasn't made any moves yet, and as White, I have the advantage of starting the game. A common and solid opening move is to advance the king's pawn two squares. This move not only occupies the center of the board but also paves the way for developing other pieces.

My candidate move is to play `e2e4`. 

```
e2e4
```
2025-06-18 20:01:55,668 - INFO - 

The opponent's last move is e7e5.


2025-06-18 20:01:55,668 - INFO - Attempt 1/5...
2025-06-18 20:01:58,485 - INFO - Raw response from White (api_9_blindfold) (took 2.82s):
Given the opponent's move advancing the king's pawn two squares (`e7e5`), it's a standard and solid opening response. To maintain the initiative and continue controlling the center, a good move for White would be to develop the knight to an active square.

One of the standard and aggressive replies after `1. e4 e5` is `2. Nf3`, developing the king's knight to a position from where it can attack important squares and also protect the central pawn `e4`.

Therefore, my move is:

```
g1f3
```
2025-06-18 20:01:58,485 - INFO - Valid move found: g1f3
2025-06-18 20:02:07,530 - INFO - Move g1f3 is Stockfish's recommendation #1
2025-06-18 20:02:07,531 - INFO - Win rate after move g1f3: 52.00%
2025-06-18 20:02:07,531 - INFO - Move: g1f3
2025-06-18 20:02:07,531 - INFO - Board after move:
r n b q k b n r
p p p p . p p p
. . . . . . . .
. . . . p . . .
. . . . P . . .
. . . . . N . .
P P P P . P P P
R N B Q K B . R
2025-06-18 20:02:11,845 - INFO - Current position win rate for Black: 46.31%
2025-06-18 20:02:23,874 - INFO - Top 3 recommended moves by Stockfish:
2025-06-18 20:02:23,874 - INFO -   1. Nc6 (b8c6) - Win rate: 47.60%
2025-06-18 20:02:23,874 - INFO -   2. Nf6 (g8f6) - Win rate: 47.40%
2025-06-18 20:02:23,874 - INFO -   3. d6 (d7d6) - Win rate: 46.11%
2025-06-18 20:02:23,874 - INFO - api_9_blitz's turn (Black) - Move 2
2025-06-18 20:02:23,874 - INFO - Prompt to Black (api_9_blitz):
2025-06-18 20:02:23,874 - INFO - 

You are an expert chess player. You are playing a game of chess. You are playing as Black.
This is a critically urgent match. You must thoroughly analyze the position and play with utmost caution. Leverage your wisdom to secure victory.
When you have the advantage, press it relentlessly and aim for a swift checkmate. Carefully evaluate every move to eliminate any chance of a counterplay or draw by your opponent.
When at a disadvantage, strive to turn the tide and win if possible. If victory is unattainable, exhaust all possible means to force a draw.
Meticulously analyze legal moves, then select the absolute best one.

Considering the long-term strategy and short-term tactic. Analyze the position carefully. You may think through the position and consider multiple candidate moves.
When you have decided on your final move, output it in UCI notation (e.g., 'e2e4', 'g8f6' , 'e7e8q') in the following format:
```
<move>
```

For example:
```
e2e4
```
You can think and reason as much as you want, but your final move must be formatted exactly as shown above.

2025-06-18 20:02:23,875 - INFO - 

Current board position in FEN notation:
rnbqkbnr/pppp1ppp/8/4p3/4P3/5N2/PPPP1PPP/RNBQKB1R b KQkq - 1 2

Move history in UCI notation:e2e4, e7e5, g1f3



2025-06-18 20:02:23,875 - INFO - Attempt 1/5...
2025-06-18 20:02:24,447 - INFO - Raw response from Black (api_9_blitz) (took 0.57s):
g7g6
2025-06-18 20:02:24,447 - WARNING - Parsing error: No valid UCI move found in response. Rethink the valid UCI move notation and example we give you. Your answer must follow our example(i.e., adding ``` in the beginning and ending)
2025-06-18 20:02:24,447 - INFO - Attempt 2/5...
2025-06-18 20:02:25,059 - INFO - Raw response from Black (api_9_blitz) (took 0.61s):
```
g7g6
```
2025-06-18 20:02:25,059 - INFO - Valid move found: g7g6
2025-06-18 20:02:40,822 - INFO - Move g7g6 is not among Stockfish's top 3 recommendations
2025-06-18 20:02:40,823 - INFO - Win rate after move g7g6: 40.13%
2025-06-18 20:02:40,823 - INFO - Move: g7g6
2025-06-18 20:02:40,823 - INFO - Board after move:
r n b q k b n r
p p p p . p . p
. . . . . . p .
. . . . p . . .
. . . . P . . .
. . . . . N . .
P P P P . P P P
R N B Q K B . R
2025-06-18 20:02:46,138 - INFO - Current position win rate for White: 62.43%
2025-06-18 20:02:55,290 - INFO - Top 3 recommended moves by Stockfish:
2025-06-18 20:02:55,291 - INFO -   1. Nxe5 (f3e5) - Win rate: 62.62%
2025-06-18 20:02:55,291 - INFO -   2. d4 (d2d4) - Win rate: 57.93%
2025-06-18 20:02:55,291 - INFO -   3. Bc4 (f1c4) - Win rate: 54.69%
2025-06-18 20:02:55,291 - INFO - api_9_blindfold's turn (White) - Move 3
2025-06-18 20:02:55,292 - INFO - Prompt to White (api_9_blindfold):
2025-06-18 20:02:55,292 - INFO - 

You are an expert chess player. You are playing a game of chess. You are playing as White.
We only have the move history of you and your opponent. You must reconstruct the game and choose a best move from the legal moves.

This is a critically urgent match. You must thoroughly analyze the position and play with utmost caution. Leverage your wisdom to secure victory.
When you have the advantage, press it relentlessly and aim for a swift checkmate. Carefully evaluate every move to eliminate any chance of a counterplay or draw by your opponent.
When at a disadvantage, strive to turn the tide and win if possible. If victory is unattainable, exhaust all possible means to force a draw.
Meticulously analyze legal moves, then select the absolute best one.

Considering the long-term strategy and short-term tactic. Analyze the position carefully. You may think through the position and consider multiple candidate moves.
When you have decided on your final move, output it in UCI notation (e.g., 'e2e4', 'g8f6' , 'e7e8q') in the following format:
```
<move>
```

For example:
```
e2e4
```
You can think and reason as much as you want, but your final move must be formatted exactly as shown above.

2025-06-18 20:02:55,292 - INFO - 

The opponent's last move is None.


2025-06-18 20:02:55,292 - INFO - 
Since the opponent hasn't made any moves yet, and as White, I have the advantage of starting the game. A common and solid opening move is to advance the king's pawn two squares. This move not only occupies the center of the board but also paves the way for developing other pieces.

My candidate move is to play `e2e4`. 

```
e2e4
```
2025-06-18 20:02:55,292 - INFO - 

The opponent's last move is e7e5.


2025-06-18 20:02:55,292 - INFO - 
Given the opponent's move advancing the king's pawn two squares (`e7e5`), it's a standard and solid opening response. To maintain the initiative and continue controlling the center, a good move for White would be to develop the knight to an active square.

One of the standard and aggressive replies after `1. e4 e5` is `2. Nf3`, developing the king's knight to a position from where it can attack important squares and also protect the central pawn `e4`.

Therefore, my move is:

```
g1f3
```
2025-06-18 20:02:55,292 - INFO - 

The opponent's last move is g7g6.


2025-06-18 20:02:55,292 - INFO - Attempt 1/5...
2025-06-18 20:02:58,231 - INFO - Raw response from White (api_9_blindfold) (took 2.94s):
The opponent has developed their pawn on the kingside, continuing their setup. Meanwhile, I have played `1. e4 e5 2. Nf3`. To further control the center and prepare for potential piece development, a common and good response would be to play `d2d4`, capturing the center and opening lines for queenside development.

Playing `d4` will give me more space in the center, challenge the opponent's pawn on `e5`, and potentially open the way for my bishop on `c1` after future moves.

Therefore, my move is:

```
d2d4
```
2025-06-18 20:02:58,231 - INFO - Valid move found: d2d4
2025-06-18 20:03:07,695 - INFO - Move d2d4 is Stockfish's recommendation #2
2025-06-18 20:03:07,695 - INFO - Win rate after move d2d4: 57.93%
2025-06-18 20:03:07,695 - INFO - Move: d2d4
2025-06-18 20:03:07,696 - INFO - Board after move:
r n b q k b n r
p p p p . p . p
. . . . . . p .
. . . . p . . .
. . . P P . . .
. . . . . N . .
P P P . . P P P
R N B Q K B . R
2025-06-18 20:03:10,170 - INFO - Current position win rate for Black: 43.34%
2025-06-18 20:03:22,333 - INFO - Top 3 recommended moves by Stockfish:
2025-06-18 20:03:22,333 - INFO -   1. exd4 (e5d4) - Win rate: 42.26%
2025-06-18 20:03:22,333 - INFO -   2. Bg7 (f8g7) - Win rate: 37.10%
2025-06-18 20:03:22,333 - INFO -   3. Nc6 (b8c6) - Win rate: 34.80%
2025-06-18 20:03:22,334 - INFO - api_9_blitz's turn (Black) - Move 3
2025-06-18 20:03:22,334 - INFO - Prompt to Black (api_9_blitz):
2025-06-18 20:03:22,334 - INFO - 

You are an expert chess player. You are playing a game of chess. You are playing as Black.
This is a critically urgent match. You must thoroughly analyze the position and play with utmost caution. Leverage your wisdom to secure victory.
When you have the advantage, press it relentlessly and aim for a swift checkmate. Carefully evaluate every move to eliminate any chance of a counterplay or draw by your opponent.
When at a disadvantage, strive to turn the tide and win if possible. If victory is unattainable, exhaust all possible means to force a draw.
Meticulously analyze legal moves, then select the absolute best one.

Considering the long-term strategy and short-term tactic. Analyze the position carefully. You may think through the position and consider multiple candidate moves.
When you have decided on your final move, output it in UCI notation (e.g., 'e2e4', 'g8f6' , 'e7e8q') in the following format:
```
<move>
```

For example:
```
e2e4
```
You can think and reason as much as you want, but your final move must be formatted exactly as shown above.

2025-06-18 20:03:22,334 - INFO - 

Current board position in FEN notation:
rnbqkbnr/pppp1p1p/6p1/4p3/3PP3/5N2/PPP2PPP/RNBQKB1R b KQkq - 0 3

Move history in UCI notation:e2e4, e7e5, g1f3, g7g6, d2d4



2025-06-18 20:03:22,334 - INFO - Attempt 1/5...
2025-06-18 20:03:26,257 - INFO - Raw response from Black (api_9_blitz) (took 3.92s):
I need to carefully evaluate the current position. White has developed a piece and is exerting some pressure, but Black has an equal material count and can start to develop actively. 

I think about my options: I could castle, which would be a safe move, or develop my pieces to create threats. Castling would be a defensive move, but developing a piece would allow me to put more pressure on White.

Considering that, I will move my bishop out to put pressure on White's pawn structure and also develop my pieces. 

```
b8c6
```
2025-06-18 20:03:26,257 - INFO - Valid move found: b8c6
2025-06-18 20:03:38,450 - INFO - Move b8c6 is Stockfish's recommendation #3
2025-06-18 20:03:38,451 - INFO - Win rate after move b8c6: 34.80%
2025-06-18 20:03:38,451 - INFO - Move: b8c6
2025-06-18 20:03:38,451 - INFO - Board after move:
r . b q k b n r
p p p p . p . p
. . n . . . p .
. . . . p . . .
. . . P P . . .
. . . . . N . .
P P P . . P P P
R N B Q K B . R
2025-06-18 20:03:42,416 - INFO - Current position win rate for White: 63.18%
2025-06-18 20:03:50,473 - INFO - Top 3 recommended moves by Stockfish:
2025-06-18 20:03:50,473 - INFO -   1. d5 (d4d5) - Win rate: 65.57%
2025-06-18 20:03:50,474 - INFO -   2. dxe5 (d4e5) - Win rate: 63.46%
2025-06-18 20:03:50,474 - INFO -   3. Nxe5 (f3e5) - Win rate: 61.02%
2025-06-18 20:03:50,474 - INFO - api_9_blindfold's turn (White) - Move 4
2025-06-18 20:03:50,474 - INFO - Prompt to White (api_9_blindfold):
2025-06-18 20:03:50,474 - INFO - 

You are an expert chess player. You are playing a game of chess. You are playing as White.
We only have the move history of you and your opponent. You must reconstruct the game and choose a best move from the legal moves.

This is a critically urgent match. You must thoroughly analyze the position and play with utmost caution. Leverage your wisdom to secure victory.
When you have the advantage, press it relentlessly and aim for a swift checkmate. Carefully evaluate every move to eliminate any chance of a counterplay or draw by your opponent.
When at a disadvantage, strive to turn the tide and win if possible. If victory is unattainable, exhaust all possible means to force a draw.
Meticulously analyze legal moves, then select the absolute best one.

Considering the long-term strategy and short-term tactic. Analyze the position carefully. You may think through the position and consider multiple candidate moves.
When you have decided on your final move, output it in UCI notation (e.g., 'e2e4', 'g8f6' , 'e7e8q') in the following format:
```
<move>
```

For example:
```
e2e4
```
You can think and reason as much as you want, but your final move must be formatted exactly as shown above.

2025-06-18 20:03:50,474 - INFO - 

The opponent's last move is None.


2025-06-18 20:03:50,474 - INFO - 
Since the opponent hasn't made any moves yet, and as White, I have the advantage of starting the game. A common and solid opening move is to advance the king's pawn two squares. This move not only occupies the center of the board but also paves the way for developing other pieces.

My candidate move is to play `e2e4`. 

```
e2e4
```
2025-06-18 20:03:50,474 - INFO - 

The opponent's last move is e7e5.


2025-06-18 20:03:50,474 - INFO - 
Given the opponent's move advancing the king's pawn two squares (`e7e5`), it's a standard and solid opening response. To maintain the initiative and continue controlling the center, a good move for White would be to develop the knight to an active square.

One of the standard and aggressive replies after `1. e4 e5` is `2. Nf3`, developing the king's knight to a position from where it can attack important squares and also protect the central pawn `e4`.

Therefore, my move is:

```
g1f3
```
2025-06-18 20:03:50,474 - INFO - 

The opponent's last move is g7g6.


2025-06-18 20:03:50,474 - INFO - 
The opponent has developed their pawn on the kingside, continuing their setup. Meanwhile, I have played `1. e4 e5 2. Nf3`. To further control the center and prepare for potential piece development, a common and good response would be to play `d2d4`, capturing the center and opening lines for queenside development.

Playing `d4` will give me more space in the center, challenge the opponent's pawn on `e5`, and potentially open the way for my bishop on `c1` after future moves.

Therefore, my move is:

```
d2d4
```
2025-06-18 20:03:50,474 - INFO - 

The opponent's last move is b8c6.


2025-06-18 20:03:50,474 - INFO - Attempt 1/5...
2025-06-18 20:03:53,621 - INFO - Raw response from White (api_9_blindfold) (took 3.15s):
The opponent has developed their knight to an active square (`c6`), which supports their central pawn (`e5`) and also allows for future development options. Given the position, to maintain control of the center and potentially open lines for my pieces, I should continue developing while also preparing to challenge the opponent's central presence.

A strong move is `d4e5`, capturing the opponent's pawn on `e5` and opening up lines for my pieces. This move also gives me a temporary material advantage (an extra pawn) and challenges the opponent's knight, forcing them to react.

Therefore, my move is:

```
d4e5
```
2025-06-18 20:03:53,621 - INFO - Valid move found: d4e5
2025-06-18 20:04:01,818 - INFO - Move d4e5 is Stockfish's recommendation #2
2025-06-18 20:04:01,819 - INFO - Win rate after move d4e5: 63.46%
2025-06-18 20:04:01,819 - INFO - Move: d4e5
2025-06-18 20:04:01,819 - INFO - Board after move:
r . b q k b n r
p p p p . p . p
. . n . . . p .
. . . . P . . .
. . . . P . . .
. . . . . N . .
P P P . . P P P
R N B Q K B . R
2025-06-18 20:04:05,369 - INFO - Current position win rate for Black: 39.08%
2025-06-18 20:04:17,403 - INFO - Top 3 recommended moves by Stockfish:
2025-06-18 20:04:17,404 - INFO -   1. h6 (h7h6) - Win rate: 35.80%
2025-06-18 20:04:17,404 - INFO -   2. d6 (d7d6) - Win rate: 35.62%
2025-06-18 20:04:17,404 - INFO -   3. Bg7 (f8g7) - Win rate: 34.25%
2025-06-18 20:04:17,404 - INFO - api_9_blitz's turn (Black) - Move 4
2025-06-18 20:04:17,404 - INFO - Prompt to Black (api_9_blitz):
2025-06-18 20:04:17,404 - INFO - 

You are an expert chess player. You are playing a game of chess. You are playing as Black.
This is a critically urgent match. You must thoroughly analyze the position and play with utmost caution. Leverage your wisdom to secure victory.
When you have the advantage, press it relentlessly and aim for a swift checkmate. Carefully evaluate every move to eliminate any chance of a counterplay or draw by your opponent.
When at a disadvantage, strive to turn the tide and win if possible. If victory is unattainable, exhaust all possible means to force a draw.
Meticulously analyze legal moves, then select the absolute best one.

Considering the long-term strategy and short-term tactic. Analyze the position carefully. You may think through the position and consider multiple candidate moves.
When you have decided on your final move, output it in UCI notation (e.g., 'e2e4', 'g8f6' , 'e7e8q') in the following format:
```
<move>
```

For example:
```
e2e4
```
You can think and reason as much as you want, but your final move must be formatted exactly as shown above.

2025-06-18 20:04:17,404 - INFO - 

Current board position in FEN notation:
r1bqkbnr/pppp1p1p/2n3p1/4P3/4P3/5N2/PPP2PPP/RNBQKB1R b KQkq - 0 4

Move history in UCI notation:e2e4, e7e5, g1f3, g7g6, d2d4, b8c6, d4e5



2025-06-18 20:04:17,404 - INFO - Attempt 1/5...
2025-06-18 20:04:19,028 - INFO - Raw response from Black (api_9_blitz) (took 1.62s):
To press my advantage and develop actively, I'll seek to control the center and set up threats against White's king. A good move is to develop the bishop, which also helps control key squares and could potentially support future pawn advances or attacks.

```
f8b4
```
2025-06-18 20:04:19,028 - INFO - Valid move found: f8b4
2025-06-18 20:04:34,640 - INFO - Move f8b4 is not among Stockfish's top 3 recommendations
2025-06-18 20:04:34,641 - INFO - Win rate after move f8b4: 32.21%
2025-06-18 20:04:34,641 - INFO - Move: f8b4
2025-06-18 20:04:34,641 - INFO - Board after move:
r . b q k . n r
p p p p . p . p
. . n . . . p .
. . . . P . . .
. b . . P . . .
. . . . . N . .
P P P . . P P P
R N B Q K B . R
2025-06-18 20:04:40,008 - INFO - Current position win rate for White: 69.42%
2025-06-18 20:04:52,248 - INFO - Top 3 recommended moves by Stockfish:
2025-06-18 20:04:52,249 - INFO -   1. Nbd2 (b1d2) - Win rate: 67.44%
2025-06-18 20:04:52,249 - INFO -   2. c3 (c2c3) - Win rate: 66.55%
2025-06-18 20:04:52,249 - INFO -   3. Bd2 (c1d2) - Win rate: 65.66%
2025-06-18 20:04:52,249 - INFO - api_9_blindfold's turn (White) - Move 5
2025-06-18 20:04:52,249 - INFO - Prompt to White (api_9_blindfold):
2025-06-18 20:04:52,249 - INFO - 

You are an expert chess player. You are playing a game of chess. You are playing as White.
We only have the move history of you and your opponent. You must reconstruct the game and choose a best move from the legal moves.

This is a critically urgent match. You must thoroughly analyze the position and play with utmost caution. Leverage your wisdom to secure victory.
When you have the advantage, press it relentlessly and aim for a swift checkmate. Carefully evaluate every move to eliminate any chance of a counterplay or draw by your opponent.
When at a disadvantage, strive to turn the tide and win if possible. If victory is unattainable, exhaust all possible means to force a draw.
Meticulously analyze legal moves, then select the absolute best one.

Considering the long-term strategy and short-term tactic. Analyze the position carefully. You may think through the position and consider multiple candidate moves.
When you have decided on your final move, output it in UCI notation (e.g., 'e2e4', 'g8f6' , 'e7e8q') in the following format:
```
<move>
```

For example:
```
e2e4
```
You can think and reason as much as you want, but your final move must be formatted exactly as shown above.

2025-06-18 20:04:52,249 - INFO - 

The opponent's last move is None.


2025-06-18 20:04:52,249 - INFO - 
Since the opponent hasn't made any moves yet, and as White, I have the advantage of starting the game. A common and solid opening move is to advance the king's pawn two squares. This move not only occupies the center of the board but also paves the way for developing other pieces.

My candidate move is to play `e2e4`. 

```
e2e4
```
2025-06-18 20:04:52,249 - INFO - 

The opponent's last move is e7e5.


2025-06-18 20:04:52,249 - INFO - 
Given the opponent's move advancing the king's pawn two squares (`e7e5`), it's a standard and solid opening response. To maintain the initiative and continue controlling the center, a good move for White would be to develop the knight to an active square.

One of the standard and aggressive replies after `1. e4 e5` is `2. Nf3`, developing the king's knight to a position from where it can attack important squares and also protect the central pawn `e4`.

Therefore, my move is:

```
g1f3
```
2025-06-18 20:04:52,249 - INFO - 

The opponent's last move is g7g6.


2025-06-18 20:04:52,250 - INFO - 
The opponent has developed their pawn on the kingside, continuing their setup. Meanwhile, I have played `1. e4 e5 2. Nf3`. To further control the center and prepare for potential piece development, a common and good response would be to play `d2d4`, capturing the center and opening lines for queenside development.

Playing `d4` will give me more space in the center, challenge the opponent's pawn on `e5`, and potentially open the way for my bishop on `c1` after future moves.

Therefore, my move is:

```
d2d4
```
2025-06-18 20:04:52,250 - INFO - 

The opponent's last move is b8c6.


2025-06-18 20:04:52,250 - INFO - 
The opponent has developed their knight to an active square (`c6`), which supports their central pawn (`e5`) and also allows for future development options. Given the position, to maintain control of the center and potentially open lines for my pieces, I should continue developing while also preparing to challenge the opponent's central presence.

A strong move is `d4e5`, capturing the opponent's pawn on `e5` and opening up lines for my pieces. This move also gives me a temporary material advantage (an extra pawn) and challenges the opponent's knight, forcing them to react.

Therefore, my move is:

```
d4e5
```
2025-06-18 20:04:52,250 - INFO - 

The opponent's last move is f8b4.


2025-06-18 20:04:52,250 - INFO - Attempt 1/5...
2025-06-18 20:04:56,086 - INFO - Raw response from White (api_9_blindfold) (took 3.84s):
The opponent has developed their bishop to `b4`, which puts some pressure on my knight on `f3` and also potentially on my future queenside developments. To counteract this pressure and to continue maintaining control of the board, I need to safeguard my knight and also look for opportunities to develop my pieces.

A good move here would be to castle kingside (`e1g1`), which will enhance the safety of my king and also connect my rooks. Castling will also keep my king away from the center, where most of the action might be taking place over the next few moves. 

Moreover, castling will allow me to develop my king's rook to a more active square, preparing for future attacks or defences. 

Therefore, my move is:

```
e1g1
```
2025-06-18 20:04:56,087 - WARNING - Illegal move: e1g1 is not a legal move in the current position. Please choose another one.
2025-06-18 20:04:56,087 - INFO - Attempt 2/5...
2025-06-18 20:05:01,043 - INFO - Raw response from White (api_9_blindfold) (took 4.96s):
I apologize for the oversight. Given the current position, after `1. e4 e5 2. Nf3 g6 3. d4 exd4 4. Nxd4 Nc6 5. Nxe5 Bxb4+`, I cannot castle kingside yet because the king's path is not clear, and the rook is not in its initial position. 

Instead, considering the position, I need to safeguard my pieces and be prepared to respond to the opponent's threats. The opponent's bishop is on `b4`, checking me (though it's not a forced check), and I need to either move my king, block the check, or capture the bishop. 

Since the check is not forced (I can choose not to respond to it directly if there are better options), a good move would be to continue development and strengthen my position. `Bd2` is a good move here as it develops my bishop to an active square, where it can support my pieces and potentially put pressure on the opponent's position. 

Therefore, my move is:

```
c1d2
```
2025-06-18 20:05:01,044 - INFO - Valid move found: c1d2
2025-06-18 20:05:13,479 - INFO - Move c1d2 is Stockfish's recommendation #3
2025-06-18 20:05:13,479 - INFO - Win rate after move c1d2: 65.66%
2025-06-18 20:05:13,479 - INFO - Move: c1d2
2025-06-18 20:05:13,479 - INFO - Board after move:
r . b q k . n r
p p p p . p . p
. . n . . . p .
. . . . P . . .
. b . . P . . .
. . . . . N . .
P P P B . P P P
R N . Q K B . R
2025-06-18 20:05:17,674 - INFO - Current position win rate for Black: 31.86%
2025-06-18 20:05:27,893 - INFO - Top 3 recommended moves by Stockfish:
2025-06-18 20:05:27,893 - INFO -   1. d5 (d7d5) - Win rate: 33.80%
2025-06-18 20:05:27,894 - INFO -   2. Qe7 (d8e7) - Win rate: 33.72%
2025-06-18 20:05:27,894 - INFO -   3. f6 (f7f6) - Win rate: 32.13%
2025-06-18 20:05:27,894 - INFO - api_9_blitz's turn (Black) - Move 5
2025-06-18 20:05:27,894 - INFO - Prompt to Black (api_9_blitz):
2025-06-18 20:05:27,894 - INFO - 

You are an expert chess player. You are playing a game of chess. You are playing as Black.
This is a critically urgent match. You must thoroughly analyze the position and play with utmost caution. Leverage your wisdom to secure victory.
When you have the advantage, press it relentlessly and aim for a swift checkmate. Carefully evaluate every move to eliminate any chance of a counterplay or draw by your opponent.
When at a disadvantage, strive to turn the tide and win if possible. If victory is unattainable, exhaust all possible means to force a draw.
Meticulously analyze legal moves, then select the absolute best one.

Considering the long-term strategy and short-term tactic. Analyze the position carefully. You may think through the position and consider multiple candidate moves.
When you have decided on your final move, output it in UCI notation (e.g., 'e2e4', 'g8f6' , 'e7e8q') in the following format:
```
<move>
```

For example:
```
e2e4
```
You can think and reason as much as you want, but your final move must be formatted exactly as shown above.

2025-06-18 20:05:27,894 - INFO - 

Current board position in FEN notation:
r1bqk1nr/pppp1p1p/2n3p1/4P3/1b2P3/5N2/PPPB1PPP/RN1QKB1R b KQkq - 2 5

Move history in UCI notation:e2e4, e7e5, g1f3, g7g6, d2d4, b8c6, d4e5, f8b4, c1d2



2025-06-18 20:05:27,894 - INFO - Attempt 1/5...
2025-06-18 20:05:35,124 - INFO - Raw response from Black (api_9_blitz) (took 7.23s):
In this position, Black has developed pieces and White has castled kingside. However, White's king is still somewhat exposed, and there's potential for Black to launch an attack. The white b4 pawn is a target for Black's b7 pawn, but more importantly, Black's minor pieces can be more active.

Given the position, a reasonable move can be to bring the bishop to a more aggressive position while also preparing to potentially castle kingside. But considering the immediacy of potential threats, I can consider more proactive moves. 

Looking at the available moves, bringing the bishop to g7 (Bb7 to g7) could be a way to control the center and begin to build up pressure along the g1-a7 diagonal. However, this is a bit passive given the current setup. 

Alternatively, developing the knight to a more central square could be advantageous. Moving the knight from g8 to f6 (Nf6) strengthens the control over the important e4 and d5 squares and prepares for future attacks or defensive maneuvers. This is typically a strong square for the knight and would help coordinate an attack on White's kingside if the opportunity arises.

Hence, a solid and aggressive next move considering Black's position and potential to control the centre and prepare for attacks would be:
```
g8f6
```
2025-06-18 20:05:35,125 - INFO - Valid move found: g8f6
2025-06-18 20:05:46,853 - INFO - Move g8f6 is not among Stockfish's top 3 recommendations
2025-06-18 20:05:46,853 - INFO - Win rate after move g8f6: 13.38%
2025-06-18 20:05:46,854 - INFO - Move: g8f6
2025-06-18 20:05:46,854 - INFO - Board after move:
r . b q k . . r
p p p p . p . p
. . n . . n p .
. . . . P . . .
. b . . P . . .
. . . . . N . .
P P P B . P P P
R N . Q K B . R
2025-06-18 20:05:48,623 - INFO - Current position win rate for White: 86.72%
2025-06-18 20:05:55,091 - INFO - Top 3 recommended moves by Stockfish:
2025-06-18 20:05:55,091 - INFO -   1. exf6 (e5f6) - Win rate: 86.76%
2025-06-18 20:05:55,092 - INFO -   2. Bxb4 (d2b4) - Win rate: 85.81%
2025-06-18 20:05:55,092 - INFO -   3. c3 (c2c3) - Win rate: 82.11%
2025-06-18 20:05:55,092 - INFO - api_9_blindfold's turn (White) - Move 6
2025-06-18 20:05:55,092 - INFO - Prompt to White (api_9_blindfold):
2025-06-18 20:05:55,092 - INFO - 

You are an expert chess player. You are playing a game of chess. You are playing as White.
We only have the move history of you and your opponent. You must reconstruct the game and choose a best move from the legal moves.

This is a critically urgent match. You must thoroughly analyze the position and play with utmost caution. Leverage your wisdom to secure victory.
When you have the advantage, press it relentlessly and aim for a swift checkmate. Carefully evaluate every move to eliminate any chance of a counterplay or draw by your opponent.
When at a disadvantage, strive to turn the tide and win if possible. If victory is unattainable, exhaust all possible means to force a draw.
Meticulously analyze legal moves, then select the absolute best one.

Considering the long-term strategy and short-term tactic. Analyze the position carefully. You may think through the position and consider multiple candidate moves.
When you have decided on your final move, output it in UCI notation (e.g., 'e2e4', 'g8f6' , 'e7e8q') in the following format:
```
<move>
```

For example:
```
e2e4
```
You can think and reason as much as you want, but your final move must be formatted exactly as shown above.

2025-06-18 20:05:55,092 - INFO - 

The opponent's last move is None.


2025-06-18 20:05:55,092 - INFO - 
Since the opponent hasn't made any moves yet, and as White, I have the advantage of starting the game. A common and solid opening move is to advance the king's pawn two squares. This move not only occupies the center of the board but also paves the way for developing other pieces.

My candidate move is to play `e2e4`. 

```
e2e4
```
2025-06-18 20:05:55,093 - INFO - 

The opponent's last move is e7e5.


2025-06-18 20:05:55,093 - INFO - 
Given the opponent's move advancing the king's pawn two squares (`e7e5`), it's a standard and solid opening response. To maintain the initiative and continue controlling the center, a good move for White would be to develop the knight to an active square.

One of the standard and aggressive replies after `1. e4 e5` is `2. Nf3`, developing the king's knight to a position from where it can attack important squares and also protect the central pawn `e4`.

Therefore, my move is:

```
g1f3
```
2025-06-18 20:05:55,093 - INFO - 

The opponent's last move is g7g6.


2025-06-18 20:05:55,093 - INFO - 
The opponent has developed their pawn on the kingside, continuing their setup. Meanwhile, I have played `1. e4 e5 2. Nf3`. To further control the center and prepare for potential piece development, a common and good response would be to play `d2d4`, capturing the center and opening lines for queenside development.

Playing `d4` will give me more space in the center, challenge the opponent's pawn on `e5`, and potentially open the way for my bishop on `c1` after future moves.

Therefore, my move is:

```
d2d4
```
2025-06-18 20:05:55,093 - INFO - 

The opponent's last move is b8c6.


2025-06-18 20:05:55,093 - INFO - 
The opponent has developed their knight to an active square (`c6`), which supports their central pawn (`e5`) and also allows for future development options. Given the position, to maintain control of the center and potentially open lines for my pieces, I should continue developing while also preparing to challenge the opponent's central presence.

A strong move is `d4e5`, capturing the opponent's pawn on `e5` and opening up lines for my pieces. This move also gives me a temporary material advantage (an extra pawn) and challenges the opponent's knight, forcing them to react.

Therefore, my move is:

```
d4e5
```
2025-06-18 20:05:55,093 - INFO - 

The opponent's last move is f8b4.


2025-06-18 20:05:55,093 - INFO - 
The opponent has developed their bishop to `b4`, which puts some pressure on my knight on `f3` and also potentially on my future queenside developments. To counteract this pressure and to continue maintaining control of the board, I need to safeguard my knight and also look for opportunities to develop my pieces.

A good move here would be to castle kingside (`e1g1`), which will enhance the safety of my king and also connect my rooks. Castling will also keep my king away from the center, where most of the action might be taking place over the next few moves. 

Moreover, castling will allow me to develop my king's rook to a more active square, preparing for future attacks or defences. 

Therefore, my move is:

```
e1g1
```
2025-06-18 20:05:55,093 - INFO - 
Illegal move: e1g1 is not a legal move in the current position. Please choose another one.
2025-06-18 20:05:55,093 - INFO - 
I apologize for the oversight. Given the current position, after `1. e4 e5 2. Nf3 g6 3. d4 exd4 4. Nxd4 Nc6 5. Nxe5 Bxb4+`, I cannot castle kingside yet because the king's path is not clear, and the rook is not in its initial position. 

Instead, considering the position, I need to safeguard my pieces and be prepared to respond to the opponent's threats. The opponent's bishop is on `b4`, checking me (though it's not a forced check), and I need to either move my king, block the check, or capture the bishop. 

Since the check is not forced (I can choose not to respond to it directly if there are better options), a good move would be to continue development and strengthen my position. `Bd2` is a good move here as it develops my bishop to an active square, where it can support my pieces and potentially put pressure on the opponent's position. 

Therefore, my move is:

```
c1d2
```
2025-06-18 20:05:55,093 - INFO - 

The opponent's last move is g8f6.


2025-06-18 20:05:55,093 - INFO - Attempt 1/5...
2025-06-18 20:05:59,537 - INFO - Raw response from White (api_9_blindfold) (took 4.44s):
Given the current position and the opponent's move, developing the knight to `f6` is a typical move in the Sicilian Defense or similar setups, aiming to control the center and prepare for future piece development. 

To maintain control of the board and continue with my piece development, I should respond by developing my own pieces. Since I previously played `c1d2` (developing my bishop), a good next move would be to castle kingside (`e1g1`), provided that it's now a legal move. Castling kingside will secure my king's position, connect my rooks, and prepare for future attacks or defences. 

In the current position, assuming the king's path to `g1` is clear (which it should be, given the moves played so far), castling kingside is a strong and safe move. 

Therefore, my move is:

```
e1g1
```
2025-06-18 20:05:59,537 - WARNING - Illegal move: e1g1 is not a legal move in the current position. Please choose another one.
2025-06-18 20:05:59,537 - INFO - Attempt 2/5...
2025-06-18 20:06:04,867 - INFO - Raw response from White (api_9_blindfold) (took 5.33s):
I apologize for the confusion earlier and appreciate your patience. Given the current position, considering the opponents' moves and the state of the board, after the sequence of moves: 

1. e4 e5 
2. Nf3 g6 
3. d4 exd4 
4. Nxd4 Nc6 
5. Nxe5 Bxb4+ 
6. c1d2 g8f6 

I realize now that I cannot castle kingside immediately because my king's path is not entirely clear or safe due to the ongoing threats and piece positions. 

Instead, I should focus on further developing my pieces and safeguarding my position. A good move here would be to play `c2c3`, strengthening my pawns and preparing to support my pieces on the queenside. This move also helps in preventing the opponent from easily attacking my kingside pawns and potentially preparing for future pawn breaks or piece developments.

Therefore, my move is:

```
c2c3
```
2025-06-18 20:06:04,867 - INFO - Valid move found: c2c3
2025-06-18 20:06:11,300 - INFO - Move c2c3 is Stockfish's recommendation #3
2025-06-18 20:06:11,301 - INFO - Win rate after move c2c3: 82.11%
2025-06-18 20:06:11,301 - INFO - Move: c2c3
2025-06-18 20:06:11,301 - INFO - Board after move:
r . b q k . . r
p p p p . p . p
. . n . . n p .
. . . . P . . .
. b . . P . . .
. . P . . N . .
P P . B . P P P
R N . Q K B . R
2025-06-18 20:06:17,539 - INFO - Current position win rate for Black: 17.95%
2025-06-18 20:06:25,678 - INFO - Top 3 recommended moves by Stockfish:
2025-06-18 20:06:25,678 - INFO -   1. Nxe4 (f6e4) - Win rate: 17.71%
2025-06-18 20:06:25,678 - INFO -   2. Be7 (b4e7) - Win rate: 17.31%
2025-06-18 20:06:25,678 - INFO -   3. Bc5 (b4c5) - Win rate: 16.69%
2025-06-18 20:06:25,678 - INFO - api_9_blitz's turn (Black) - Move 6
2025-06-18 20:06:25,678 - INFO - Prompt to Black (api_9_blitz):
2025-06-18 20:06:25,679 - INFO - 

You are an expert chess player. You are playing a game of chess. You are playing as Black.
This is a critically urgent match. You must thoroughly analyze the position and play with utmost caution. Leverage your wisdom to secure victory.
When you have the advantage, press it relentlessly and aim for a swift checkmate. Carefully evaluate every move to eliminate any chance of a counterplay or draw by your opponent.
When at a disadvantage, strive to turn the tide and win if possible. If victory is unattainable, exhaust all possible means to force a draw.
Meticulously analyze legal moves, then select the absolute best one.

Considering the long-term strategy and short-term tactic. Analyze the position carefully. You may think through the position and consider multiple candidate moves.
When you have decided on your final move, output it in UCI notation (e.g., 'e2e4', 'g8f6' , 'e7e8q') in the following format:
```
<move>
```

For example:
```
e2e4
```
You can think and reason as much as you want, but your final move must be formatted exactly as shown above.

2025-06-18 20:06:25,679 - INFO - 

Current board position in FEN notation:
r1bqk2r/pppp1p1p/2n2np1/4P3/1b2P3/2P2N2/PP1B1PPP/RN1QKB1R b KQkq - 0 6

Move history in UCI notation:e7e5, g1f3, g7g6, d2d4, b8c6, d4e5, f8b4, c1d2, g8f6, c2c3



2025-06-18 20:06:25,679 - INFO - Attempt 1/5...
2025-06-18 20:06:30,022 - INFO - Raw response from Black (api_9_blitz) (took 4.34s):
To analyze the position, I am playing as Black. The board shows that White has developed pieces well, with their knights and bishops in play. However, the center seems to be slightly open, and White has control over the e5 square. My strategy should focus on controlling the center and developing my pieces harmoniously while looking for opportunities to exploit White's weaknesses. 

One move to consider is developing my knight to a more active square. Currently, my knight on b8 is yet to develop, and placing it on e7 would help control the center better and connect with my other pieces. 

Let's evaluate the candidate move:
- Moving my knight to e7 (g8e7) advances development, provides control over key squares, and connects my pieces.

The best move, considering the position and long-term strategy is:

```
g8e7
```
2025-06-18 20:06:30,022 - WARNING - Illegal move: g8e7 is not a legal move in the current position. Please choose another one.
2025-06-18 20:06:30,022 - INFO - Attempt 2/5...
2025-06-18 20:06:34,611 - INFO - Raw response from Black (api_9_blitz) (took 4.59s):
Apologies for the oversight. Let's reassess the position carefully. Given that moving the knight to e7 is not feasible from g8 directly, I need to reconsider my options based on legal moves available.

Looking at the current setup:
- White's pieces are actively placed with kingside development.
- I need to ensure I develop my pieces effectively while keeping an eye on maintaining or gaining control over the center.

A suitable legal move would be to develop another piece effectively—like bringing my bishop into play or further securing the center. Considering the board layout, and given I have a bishop at f8 that isn't particularly active, moving the c8 bishop to d7 could be a solid choice. This helps to control the center, apply some pressure on White's position, and begins to harness potential threats against White's pieces.

Thus, the best move, considering the legal moves and long-term strategy, is:

```
c8d7
```
2025-06-18 20:06:34,612 - WARNING - Illegal move: c8d7 is not a legal move in the current position. Please choose another one.
2025-06-18 20:06:34,612 - INFO - Attempt 3/5...
2025-06-18 20:06:42,336 - INFO - Raw response from Black (api_9_blitz) (took 7.72s):
I apologize for my earlier mistakes. Let's carefully re-examine the current position to select a valid and strategic legal move.

The current position is as follows:
- White has developed their pieces adequately, with bishops and knights positioned for future potential.
- On the Black's side, I still need to develop my pieces properly.

Given the FEN and move history, let's determine valid and strategic options:
- An effective move could be to develop the queen's bishop. Moving the bishop to d6 is not possible directly, but considering Black's need to develop, moving the knight to d5 might not be an option yet without causing weaknesses. 
- Alternatively, a move like securing the center by advancing one of my central pawns isn't beneficial at this stage as e5 is already defended.
  
Looking carefully at the board, one valid and strategically sound move is to develop the bishop, preferably to a square where it exerts influence on White's position. 

The best legal move, considering development and influence, would be to maneuver the bishop to a square like e7 (assuming my king's bishop), which is not possible directly from its current location. Hence, I should instead consider moving the knight from b8 to a safer or more active position.

Given these insights and ensuring the move is legal, the move that fits strategic goals and is valid is advancing the pawn at f7 to f6. This move helps to build a blockade near the center and can aid in creating future opportunities, especially considering the pawn structure and positioning of White's pieces.

Thus, the correct and strategic legal move is:

```
f7f6
```
2025-06-18 20:06:42,336 - WARNING - Illegal move: f7f6 is not a legal move in the current position. Please choose another one.
2025-06-18 20:06:42,336 - INFO - Attempt 4/5...
2025-06-18 20:06:53,252 - INFO - Raw response from Black (api_9_blitz) (took 10.92s):
I apologize for the repeated mistakes. Let's carefully analyze the position again to identify a valid and strategic move.

Looking at the board state:
- White's pieces are actively developed and positioned favorably.
- Black's pieces are less developed, and I need to find a move that advances my development while maintaining or gaining control of the center.

Considering the FEN notation and the move history:
- My king's bishop is at f8, with no immediate strong diagonal moves.
- The queen's bishop is not yet developed.
- The knights are either in position or could be moved to better squares.

Given this, let's evaluate legal moves. A valid and strategic move might be to move my queen's bishop to d7, which is not available directly from its starting position but suggests looking at knight development.

However, one valid move that can be made is moving the knight from its starting position to a more active square. Specifically, moving my knight from g8 to f6 could be considered, but it doesn't maximize my control over the center effectively. 

Given the constraints and the need for a valid move, a strategic and legal alternative is to develop my queen's bishop to a square where it becomes more active. The bishop at f8 needs to move in a way that supports development and the center. 

Considering all possible legal moves, one valid and strategic option is to move my queen's bishop to the square e6, using the fact that moving to some squares directly is blocked, but bishop moves diagonally. 

Thus, the correct and strategic legal move is:

```
b8d7
```

This move develops the knight to d7, which is a valid and strategic choice to exert pressure and improve development.
2025-06-18 20:06:53,252 - WARNING - Illegal move: b8d7 is not a legal move in the current position. Please choose another one.
2025-06-18 20:06:53,252 - INFO - Attempt 5/5...
2025-06-18 20:06:59,704 - INFO - Raw response from Black (api_9_blitz) (took 6.45s):
I apologize for the confusion and missteps. Let's carefully reassess the current position to choose a valid and strategic move.

Given the position:
- White's pieces are well-developed, controlling the center, and threatening certain squares.
- Black's pieces are less developed and need strategic movement to gain equality or advantage.

Looking at the FEN notation and the move history:
- I need a move that develops a piece and improves my position.
- A useful strategy might be to develop the queen's bishop, but it's currently in a non-optimal position at c8.
- The knight at g8 has no immediate favorable moves without causing vulnerabilities.

Considering the legal and strategic moves:
- Moving my pawn to e6 can help control the center and potentially open up lines for my bishop.

This move, `e7e6`, is valid. It develops the pawn towards the center, ensuring stronger control over key squares and potentially preparing for future piece developments or attacks.

Thus, the correct and strategic legal move is:

```
e7e6
```
2025-06-18 20:06:59,704 - WARNING - Illegal move: e7e6 is not a legal move in the current position. Please choose another one.
2025-06-18 20:06:59,705 - ERROR - Failed to get a valid move after 5 attempts. Forfeiting the game.
2025-06-18 20:06:59,705 - INFO - api_9_blitz has forfeited the game due to failure to generate a legal move.
2025-06-18 20:06:59,705 - INFO - api_9_blindfold wins by forfeit!
2025-06-18 20:06:59,705 - INFO - === Player Move Quality Statistics ===
2025-06-18 20:06:59,705 - INFO - api_9_blindfold:
2025-06-18 20:06:59,705 - INFO -   Total moves: 6
2025-06-18 20:06:59,705 - INFO -   Optimal moves (in top 3): 6 (100.0%)
2025-06-18 20:06:59,705 - INFO - api_9_blitz:
2025-06-18 20:06:59,705 - INFO -   Total moves: 5
2025-06-18 20:06:59,705 - INFO -   Optimal moves (in top 3): 2 (40.0%)
2025-06-18 20:06:59,705 - INFO - === Player Attempt Statistics ===
2025-06-18 20:06:59,705 - INFO - api_9_blindfold:
2025-06-18 20:06:59,705 - INFO -   Total attempts: 8
2025-06-18 20:06:59,705 - INFO -   Parsing errors: 0 (0.0% of attempts)
2025-06-18 20:06:59,705 - INFO -   Illegal moves: 2 (25.0% of attempts)
2025-06-18 20:06:59,706 - INFO -   forbidden thinking: 0 (0.0% of attempts)
2025-06-18 20:06:59,706 - INFO -   Successful moves: 6 (75.0% of attempts)
2025-06-18 20:06:59,706 - INFO - api_9_blitz:
2025-06-18 20:06:59,706 - INFO -   Total attempts: 11
2025-06-18 20:06:59,706 - INFO -   Parsing errors: 1 (9.1% of attempts)
2025-06-18 20:06:59,706 - INFO -   Illegal moves: 5 (45.5% of attempts)
2025-06-18 20:06:59,706 - INFO -   forbidden thinking: 0 (0.0% of attempts)
2025-06-18 20:06:59,706 - INFO -   Successful moves: 5 (45.5% of attempts)
2025-06-18 20:06:59,706 - INFO - Game completed!
2025-06-18 20:06:59,706 - INFO - Result: 1-0
2025-06-18 20:06:59,706 - INFO - Termination: forfeit
2025-06-18 20:06:59,706 - INFO - Final FEN: r1bqk2r/pppp1p1p/2n2np1/4P3/1b2P3/2P2N2/PP1B1PPP/RN1QKB1R b KQkq - 0 6
2025-06-18 20:06:59,706 - INFO - Move history: e2e4, e7e5, g1f3, g7g6, d2d4, b8c6, d4e5, f8b4, c1d2, g8f6, c2c3
