2025-06-03 14:57:27,057 - INFO - Starting game 20250603_145712_2: api_9_code vs api_9_code
2025-06-03 14:57:27,133 - INFO - Initial board:
r n b q k b n r
p p p p p p p p
. . . . . . . .
. . . . . . . .
. . . . . . . .
. . . . . . . .
P P P P P P P P
R N B Q K B N R
2025-06-03 14:57:32,737 - INFO - Current position win rate for White: 53.10%
2025-06-03 14:57:41,251 - INFO - Top 3 recommended moves by Stockfish:
2025-06-03 14:57:41,252 - INFO -   1. Nf3 (g1f3) - Win rate: 52.00%
2025-06-03 14:57:41,252 - INFO -   2. d4 (d2d4) - Win rate: 52.00%
2025-06-03 14:57:41,252 - INFO -   3. e4 (e2e4) - Win rate: 51.60%
2025-06-03 14:57:41,252 - INFO - api_9_code's turn (White) - Move 1
2025-06-03 14:57:41,252 - INFO - Prompt to White (api_9_code):

You are playing a game of chess. You are playing as White.

Current board position in FEN notation:
rnbqkbnr/pppppppp/8/8/8/8/PPPPPPPP/RNBQKBNR w KQkq - 0 1

Legal moves in UCI notation: g1h3, g1f3, b1c3, b1a3, h2h3, g2g3, f2f3, e2e3, d2d3, c2c3, b2b3, a2a3, h2h4, g2g4, f2f4, e2e4, d2d4, c2c4, b2b4, a2a4

Analyze the position carefully. You may think through the position and consider multiple candidate moves.
When you have decided on your final move, output it in UCI notation (e.g., 'e2e4', 'g8f6') in the following format:

```
<move>
```

You can think and reason as much as you want, but your final move must be formatted exactly as shown above.

2025-06-03 14:57:41,252 - INFO - Attempt 1/3...
2025-06-03 14:57:41,257 - ERROR - Error getting move: Error code: 404 - {'detail': 'Not Found'}
2025-06-03 14:57:41,257 - INFO - Attempt 2/3...
2025-06-03 14:57:41,261 - ERROR - Error getting move: Error code: 404 - {'detail': 'Not Found'}
2025-06-03 14:57:41,261 - INFO - Attempt 3/3...
2025-06-03 14:57:41,265 - ERROR - Error getting move: Error code: 404 - {'detail': 'Not Found'}
2025-06-03 14:57:41,265 - ERROR - Failed to get a valid move after 3 attempts. Forfeiting the game.
2025-06-03 14:57:41,265 - INFO - api_9_code has forfeited the game due to failure to generate a legal move.
2025-06-03 14:57:41,265 - INFO - api_9_code wins by forfeit!
2025-06-03 14:57:41,265 - INFO - === Player Move Quality Statistics ===
2025-06-03 14:57:41,265 - INFO - === Player Attempt Statistics ===
2025-06-03 14:57:41,265 - INFO - api_9_code:
2025-06-03 14:57:41,265 - INFO -   Total attempts: 3
2025-06-03 14:57:41,266 - INFO -   Parsing errors: 0 (0.0% of attempts)
2025-06-03 14:57:41,266 - INFO -   Illegal moves: 0 (0.0% of attempts)
2025-06-03 14:57:41,266 - INFO -   Successful moves: 0 (0.0% of attempts)
2025-06-03 14:57:41,266 - INFO - Game completed!
2025-06-03 14:57:41,266 - INFO - Result: 0-1
2025-06-03 14:57:41,266 - INFO - Termination: forfeit
2025-06-03 14:57:41,266 - INFO - Final FEN: rnbqkbnr/pppppppp/8/8/8/8/PPPPPPPP/RNBQKBNR w KQkq - 0 1
2025-06-03 14:57:41,266 - INFO - Move history: 
