2025-07-04 14:32:33,190 - INFO - Starting game 20250704_143233_1: api_9_bullet vs random_player_blitz
2025-07-04 14:32:33,284 - INFO - Initial board:
r n b q k b n r
p p p p p p p p
. . . . . . . .
. . . . . . . .
. . . . . . . .
. . . . . . . .
P P P P P P P P
R N B Q K B N R
2025-07-04 14:32:38,777 - INFO - Current position win rate for White: 53.10%
2025-07-04 14:32:47,412 - INFO - Top 3 recommended moves by Stockfish:
2025-07-04 14:32:47,413 - INFO -   1. Nf3 (g1f3) - Win rate: 52.00%
2025-07-04 14:32:47,413 - INFO -   2. d4 (d2d4) - Win rate: 52.00%
2025-07-04 14:32:47,413 - INFO -   3. e4 (e2e4) - Win rate: 51.60%
2025-07-04 14:32:47,413 - INFO - api_9_bullet's turn (White) - Move 1
2025-07-04 14:32:47,413 - INFO - Prompt to White (api_9_bullet):
2025-07-04 14:32:47,413 - INFO - 

You are an expert chess player. You are playing a game of chess. You are playing as White.
This is a critically urgent match. You must thoroughly analyze the position and play with utmost caution. Leverage your wisdom to secure victory.
When you have the advantage, press it relentlessly and aim for a swift checkmate. Carefully evaluate every move to eliminate any chance of a counterplay or draw by your opponent.
When at a disadvantage, strive to turn the tide and win if possible. If victory is unattainable, exhaust all possible means to force a draw.
Meticulously analyze legal moves, then select the absolute best one.

Considering the long-term strategy and short-term tactic. Analyze the position carefully. You may think through the position and consider multiple candidate moves.
When you have decided on your final move, output it in UCI notation (e.g., 'e2e4', 'g8f6' , 'e7e8q') in the following format:
```
<move>
```

For example:
```
e2e4
```
You must give me your answer directly without using any other words. I will not accept your answer if there exists any other words. Only output ```<move>```. 
Your final move must be formatted exactly as shown above.

2025-07-04 14:32:47,413 - INFO - 

Current board position in FEN notation:
rnbqkbnr/pppppppp/8/8/8/8/PPPPPPPP/RNBQKBNR w KQkq - 0 1

Legal moves in UCI notation: g1h3, g1f3, b1c3, b1a3, h2h3, g2g3, f2f3, e2e3, d2d3, c2c3, b2b3, a2a3, h2h4, g2g4, f2f4, e2e4, d2d4, c2c4, b2b4, a2a4



2025-07-04 14:32:47,414 - INFO - Attempt 1/5...
2025-07-04 14:32:49,124 - ERROR - Error code: 503 - {'error': {'message': '当前分组 default 下对于模型 api_9 无可用渠道 (request id: 202507041432491086402511Oci45Mc)', 'type': 'new_api_error'}}
2025-07-04 14:33:09,144 - INFO - Attempt 1/5...
2025-07-04 14:33:10,589 - ERROR - Error code: 503 - {'error': {'message': '当前分组 default 下对于模型 api_9 无可用渠道 (request id: 20250704143310572589340kTz5tV13)', 'type': 'new_api_error'}}
