2025-06-18 20:06:59,709 - INFO - Starting game 20250618_200049_3: api_9_blitz vs api_9_blindfold
2025-06-18 20:06:59,786 - INFO - Initial board:
r n b q k b n r
p p p p p p p p
. . . . . . . .
. . . . . . . .
. . . . . . . .
. . . . . . . .
P P P P P P P P
R N B Q K B N R
2025-06-18 20:07:05,656 - INFO - Current position win rate for White: 53.10%
2025-06-18 20:07:15,089 - INFO - Top 3 recommended moves by Stockfish:
2025-06-18 20:07:15,089 - INFO -   1. Nf3 (g1f3) - Win rate: 52.00%
2025-06-18 20:07:15,089 - INFO -   2. d4 (d2d4) - Win rate: 52.00%
2025-06-18 20:07:15,089 - INFO -   3. e4 (e2e4) - Win rate: 51.60%
2025-06-18 20:07:15,090 - INFO - api_9_blitz's turn (White) - Move 1
2025-06-18 20:07:15,090 - INFO - Prompt to White (api_9_blitz):
2025-06-18 20:07:15,090 - INFO - 

You are an expert chess player. You are playing a game of chess. You are playing as White.
This is a critically urgent match. You must thoroughly analyze the position and play with utmost caution. Leverage your wisdom to secure victory.
When you have the advantage, press it relentlessly and aim for a swift checkmate. Carefully evaluate every move to eliminate any chance of a counterplay or draw by your opponent.
When at a disadvantage, strive to turn the tide and win if possible. If victory is unattainable, exhaust all possible means to force a draw.
Meticulously analyze legal moves, then select the absolute best one.

Considering the long-term strategy and short-term tactic. Analyze the position carefully. You may think through the position and consider multiple candidate moves.
When you have decided on your final move, output it in UCI notation (e.g., 'e2e4', 'g8f6' , 'e7e8q') in the following format:
```
<move>
```

For example:
```
e2e4
```
You can think and reason as much as you want, but your final move must be formatted exactly as shown above.

2025-06-18 20:07:15,090 - INFO - 

Current board position in FEN notation:
rnbqkbnr/pppppppp/8/8/8/8/PPPPPPPP/RNBQKBNR w KQkq - 0 1



2025-06-18 20:07:15,090 - INFO - Attempt 1/5...
2025-06-18 20:07:15,754 - INFO - Raw response from White (api_9_blitz) (took 0.66s):
```
e2e4
```
2025-06-18 20:07:15,754 - INFO - Valid move found: e2e4
2025-06-18 20:07:25,240 - INFO - Move e2e4 is Stockfish's recommendation #3
2025-06-18 20:07:25,240 - INFO - Win rate after move e2e4: 51.60%
2025-06-18 20:07:25,240 - INFO - Move: e2e4
2025-06-18 20:07:25,240 - INFO - Board after move:
r n b q k b n r
p p p p p p p p
. . . . . . . .
. . . . . . . .
. . . . P . . .
. . . . . . . .
P P P P . P P P
R N B Q K B N R
2025-06-18 20:07:27,889 - INFO - Current position win rate for Black: 46.41%
2025-06-18 20:07:37,671 - INFO - Top 3 recommended moves by Stockfish:
2025-06-18 20:07:37,672 - INFO -   1. e6 (e7e6) - Win rate: 48.60%
2025-06-18 20:07:37,672 - INFO -   2. c5 (c7c5) - Win rate: 46.41%
2025-06-18 20:07:37,672 - INFO -   3. e5 (e7e5) - Win rate: 45.91%
2025-06-18 20:07:37,672 - INFO - api_9_blindfold's turn (Black) - Move 1
2025-06-18 20:07:37,672 - INFO - Prompt to Black (api_9_blindfold):
2025-06-18 20:07:37,672 - INFO - 

You are an expert chess player. You are playing a game of chess. You are playing as Black.
We only have the move history of you and your opponent. You must reconstruct the game and choose a best move from the legal moves.

This is a critically urgent match. You must thoroughly analyze the position and play with utmost caution. Leverage your wisdom to secure victory.
When you have the advantage, press it relentlessly and aim for a swift checkmate. Carefully evaluate every move to eliminate any chance of a counterplay or draw by your opponent.
When at a disadvantage, strive to turn the tide and win if possible. If victory is unattainable, exhaust all possible means to force a draw.
Meticulously analyze legal moves, then select the absolute best one.

Considering the long-term strategy and short-term tactic. Analyze the position carefully. You may think through the position and consider multiple candidate moves.
When you have decided on your final move, output it in UCI notation (e.g., 'e2e4', 'g8f6' , 'e7e8q') in the following format:
```
<move>
```

For example:
```
e2e4
```
You can think and reason as much as you want, but your final move must be formatted exactly as shown above.

2025-06-18 20:07:37,672 - INFO - 

The opponent's last move is e2e4.


2025-06-18 20:07:37,673 - INFO - Attempt 1/5...
2025-06-18 20:07:38,216 - INFO - Raw response from Black (api_9_blindfold) (took 0.54s):
e7e5
2025-06-18 20:07:38,216 - WARNING - Parsing error: No valid UCI move found in response. Rethink the valid UCI move notation and example we give you. Your answer must follow our example(i.e., adding ``` in the beginning and ending)
2025-06-18 20:07:38,216 - INFO - Attempt 2/5...
2025-06-18 20:07:38,902 - INFO - Raw response from Black (api_9_blindfold) (took 0.69s):
```
g8f6
```
2025-06-18 20:07:38,902 - INFO - Valid move found: g8f6
2025-06-18 20:07:51,723 - INFO - Move g8f6 is not among Stockfish's top 3 recommendations
2025-06-18 20:07:51,725 - INFO - Win rate after move g8f6: 42.85%
2025-06-18 20:07:51,725 - INFO - Move: g8f6
2025-06-18 20:07:51,725 - INFO - Board after move:
r n b q k b . r
p p p p p p p p
. . . . . n . .
. . . . . . . .
. . . . P . . .
. . . . . . . .
P P P P . P P P
R N B Q K B N R
2025-06-18 20:07:53,806 - INFO - Current position win rate for White: 56.37%
2025-06-18 20:08:00,845 - INFO - Top 3 recommended moves by Stockfish:
2025-06-18 20:08:00,846 - INFO -   1. e5 (e4e5) - Win rate: 56.46%
2025-06-18 20:08:00,846 - INFO -   2. Nc3 (b1c3) - Win rate: 50.60%
2025-06-18 20:08:00,846 - INFO -   3. d3 (d2d3) - Win rate: 48.20%
2025-06-18 20:08:00,846 - INFO - api_9_blitz's turn (White) - Move 2
2025-06-18 20:08:00,846 - INFO - Prompt to White (api_9_blitz):
2025-06-18 20:08:00,846 - INFO - 

You are an expert chess player. You are playing a game of chess. You are playing as White.
This is a critically urgent match. You must thoroughly analyze the position and play with utmost caution. Leverage your wisdom to secure victory.
When you have the advantage, press it relentlessly and aim for a swift checkmate. Carefully evaluate every move to eliminate any chance of a counterplay or draw by your opponent.
When at a disadvantage, strive to turn the tide and win if possible. If victory is unattainable, exhaust all possible means to force a draw.
Meticulously analyze legal moves, then select the absolute best one.

Considering the long-term strategy and short-term tactic. Analyze the position carefully. You may think through the position and consider multiple candidate moves.
When you have decided on your final move, output it in UCI notation (e.g., 'e2e4', 'g8f6' , 'e7e8q') in the following format:
```
<move>
```

For example:
```
e2e4
```
You can think and reason as much as you want, but your final move must be formatted exactly as shown above.

2025-06-18 20:08:00,846 - INFO - 

Current board position in FEN notation:
rnbqkb1r/pppppppp/5n2/8/4P3/8/PPPP1PPP/RNBQKBNR w KQkq - 1 2

Move history in UCI notation:e2e4, g8f6



2025-06-18 20:08:00,846 - INFO - Attempt 1/5...
2025-06-18 20:08:03,073 - INFO - Raw response from White (api_9_blitz) (took 2.23s):
To continue the opening with a solid and aggressive move, I'll develop my pieces and put pressure on Black's position. Given the current setup, moving the knight out to a more active square while also preparing to castle could be beneficial. However, placing a knight on f3 is a very common and strong reply to Black's last move (f6), preparing for future actions in the center and king's side.

```
g1f3
```
2025-06-18 20:08:03,073 - INFO - Valid move found: g1f3
2025-06-18 20:08:13,576 - INFO - Move g1f3 is not among Stockfish's top 3 recommendations
2025-06-18 20:08:13,576 - INFO - Win rate after move g1f3: 44.42%
2025-06-18 20:08:13,576 - INFO - Move: g1f3
2025-06-18 20:08:13,576 - INFO - Board after move:
r n b q k b . r
p p p p p p p p
. . . . . n . .
. . . . . . . .
. . . . P . . .
. . . . . N . .
P P P P . P P P
R N B Q K B . R
2025-06-18 20:08:19,776 - INFO - Current position win rate for Black: 54.39%
2025-06-18 20:08:26,925 - INFO - Top 3 recommended moves by Stockfish:
2025-06-18 20:08:26,925 - INFO -   1. Nxe4 (f6e4) - Win rate: 54.39%
2025-06-18 20:08:26,926 - INFO -   2. d6 (d7d6) - Win rate: 46.80%
2025-06-18 20:08:26,926 - INFO -   3. e5 (e7e5) - Win rate: 45.81%
2025-06-18 20:08:26,926 - INFO - api_9_blindfold's turn (Black) - Move 2
2025-06-18 20:08:26,926 - INFO - Prompt to Black (api_9_blindfold):
2025-06-18 20:08:26,926 - INFO - 

You are an expert chess player. You are playing a game of chess. You are playing as Black.
We only have the move history of you and your opponent. You must reconstruct the game and choose a best move from the legal moves.

This is a critically urgent match. You must thoroughly analyze the position and play with utmost caution. Leverage your wisdom to secure victory.
When you have the advantage, press it relentlessly and aim for a swift checkmate. Carefully evaluate every move to eliminate any chance of a counterplay or draw by your opponent.
When at a disadvantage, strive to turn the tide and win if possible. If victory is unattainable, exhaust all possible means to force a draw.
Meticulously analyze legal moves, then select the absolute best one.

Considering the long-term strategy and short-term tactic. Analyze the position carefully. You may think through the position and consider multiple candidate moves.
When you have decided on your final move, output it in UCI notation (e.g., 'e2e4', 'g8f6' , 'e7e8q') in the following format:
```
<move>
```

For example:
```
e2e4
```
You can think and reason as much as you want, but your final move must be formatted exactly as shown above.

2025-06-18 20:08:26,926 - INFO - 

The opponent's last move is e2e4.


2025-06-18 20:08:26,926 - INFO - 
e7e5
2025-06-18 20:08:26,926 - INFO - 
Parsing error: No valid UCI move found in response. Rethink the valid UCI move notation and example we give you. Your answer must follow our example(i.e., adding ``` in the beginning and ending)
2025-06-18 20:08:26,926 - INFO - 
```
g8f6
```
2025-06-18 20:08:26,926 - INFO - 

The opponent's last move is g1f3.


2025-06-18 20:08:26,926 - INFO - Attempt 1/5...
2025-06-18 20:08:27,586 - INFO - Raw response from Black (api_9_blindfold) (took 0.66s):
```
b8c6
```
2025-06-18 20:08:27,586 - INFO - Valid move found: b8c6
2025-06-18 20:08:36,071 - INFO - Move b8c6 is not among Stockfish's top 3 recommendations
2025-06-18 20:08:36,071 - INFO - Win rate after move b8c6: 41.78%
2025-06-18 20:08:36,071 - INFO - Move: b8c6
2025-06-18 20:08:36,071 - INFO - Board after move:
r . b q k b . r
p p p p p p p p
. . n . . n . .
. . . . . . . .
. . . . P . . .
. . . . . N . .
P P P P . P P P
R N B Q K B . R
2025-06-18 20:08:38,903 - INFO - Current position win rate for White: 59.10%
2025-06-18 20:08:54,437 - INFO - Top 3 recommended moves by Stockfish:
2025-06-18 20:08:54,437 - INFO -   1. e5 (e4e5) - Win rate: 56.46%
2025-06-18 20:08:54,438 - INFO -   2. Nc3 (b1c3) - Win rate: 50.80%
2025-06-18 20:08:54,438 - INFO -   3. d4 (d2d4) - Win rate: 48.90%
2025-06-18 20:08:54,438 - INFO - api_9_blitz's turn (White) - Move 3
2025-06-18 20:08:54,438 - INFO - Prompt to White (api_9_blitz):
2025-06-18 20:08:54,438 - INFO - 

You are an expert chess player. You are playing a game of chess. You are playing as White.
This is a critically urgent match. You must thoroughly analyze the position and play with utmost caution. Leverage your wisdom to secure victory.
When you have the advantage, press it relentlessly and aim for a swift checkmate. Carefully evaluate every move to eliminate any chance of a counterplay or draw by your opponent.
When at a disadvantage, strive to turn the tide and win if possible. If victory is unattainable, exhaust all possible means to force a draw.
Meticulously analyze legal moves, then select the absolute best one.

Considering the long-term strategy and short-term tactic. Analyze the position carefully. You may think through the position and consider multiple candidate moves.
When you have decided on your final move, output it in UCI notation (e.g., 'e2e4', 'g8f6' , 'e7e8q') in the following format:
```
<move>
```

For example:
```
e2e4
```
You can think and reason as much as you want, but your final move must be formatted exactly as shown above.

2025-06-18 20:08:54,438 - INFO - 

Current board position in FEN notation:
r1bqkb1r/pppppppp/2n2n2/8/4P3/5N2/PPPP1PPP/RNBQKB1R w KQkq - 3 3

Move history in UCI notation:e2e4, g8f6, g1f3, b8c6



2025-06-18 20:08:54,438 - INFO - Attempt 1/5...
2025-06-18 20:08:56,265 - INFO - Raw response from White (api_9_blitz) (took 1.83s):
After analyzing the position, I see that I have a slight advantage due to better piece development. I should continue with developing my pieces and controlling the center. A good move would be to develop my bishop to b5, putting pressure on Black's pawn structure and potentially opening up lines for my pieces.
```
b1c3
```
2025-06-18 20:08:56,265 - INFO - Valid move found: b1c3
2025-06-18 20:09:11,669 - INFO - Move b1c3 is Stockfish's recommendation #2
2025-06-18 20:09:11,669 - INFO - Win rate after move b1c3: 50.80%
2025-06-18 20:09:11,669 - INFO - Move: b1c3
2025-06-18 20:09:11,670 - INFO - Board after move:
r . b q k b . r
p p p p p p p p
. . n . . n . .
. . . . . . . .
. . . . P . . .
. . N . . N . .
P P P P . P P P
R . B Q K B . R
2025-06-18 20:09:15,442 - INFO - Current position win rate for Black: 48.50%
2025-06-18 20:09:24,024 - INFO - Top 3 recommended moves by Stockfish:
2025-06-18 20:09:24,024 - INFO -   1. e5 (e7e5) - Win rate: 49.10%
2025-06-18 20:09:24,024 - INFO -   2. e6 (e7e6) - Win rate: 45.61%
2025-06-18 20:09:24,025 - INFO -   3. d5 (d7d5) - Win rate: 45.12%
2025-06-18 20:09:24,025 - INFO - api_9_blindfold's turn (Black) - Move 3
2025-06-18 20:09:24,025 - INFO - Prompt to Black (api_9_blindfold):
2025-06-18 20:09:24,025 - INFO - 

You are an expert chess player. You are playing a game of chess. You are playing as Black.
We only have the move history of you and your opponent. You must reconstruct the game and choose a best move from the legal moves.

This is a critically urgent match. You must thoroughly analyze the position and play with utmost caution. Leverage your wisdom to secure victory.
When you have the advantage, press it relentlessly and aim for a swift checkmate. Carefully evaluate every move to eliminate any chance of a counterplay or draw by your opponent.
When at a disadvantage, strive to turn the tide and win if possible. If victory is unattainable, exhaust all possible means to force a draw.
Meticulously analyze legal moves, then select the absolute best one.

Considering the long-term strategy and short-term tactic. Analyze the position carefully. You may think through the position and consider multiple candidate moves.
When you have decided on your final move, output it in UCI notation (e.g., 'e2e4', 'g8f6' , 'e7e8q') in the following format:
```
<move>
```

For example:
```
e2e4
```
You can think and reason as much as you want, but your final move must be formatted exactly as shown above.

2025-06-18 20:09:24,025 - INFO - 

The opponent's last move is e2e4.


2025-06-18 20:09:24,025 - INFO - 
e7e5
2025-06-18 20:09:24,025 - INFO - 
Parsing error: No valid UCI move found in response. Rethink the valid UCI move notation and example we give you. Your answer must follow our example(i.e., adding ``` in the beginning and ending)
2025-06-18 20:09:24,025 - INFO - 
```
g8f6
```
2025-06-18 20:09:24,025 - INFO - 

The opponent's last move is g1f3.


2025-06-18 20:09:24,025 - INFO - 
```
b8c6
```
2025-06-18 20:09:24,025 - INFO - 

The opponent's last move is b1c3.


2025-06-18 20:09:24,025 - INFO - Attempt 1/5...
2025-06-18 20:09:24,638 - INFO - Raw response from Black (api_9_blindfold) (took 0.61s):
```
f8b4
```
2025-06-18 20:09:24,639 - WARNING - Illegal move: f8b4 is not a legal move in the current position. Please choose another one.
2025-06-18 20:09:24,639 - INFO - Attempt 2/5...
2025-06-18 20:09:25,348 - INFO - Raw response from Black (api_9_blindfold) (took 0.71s):
```
d7d6
```
2025-06-18 20:09:25,349 - INFO - Valid move found: d7d6
2025-06-18 20:09:37,098 - INFO - Move d7d6 is not among Stockfish's top 3 recommendations
2025-06-18 20:09:37,098 - INFO - Win rate after move d7d6: 44.92%
2025-06-18 20:09:37,098 - INFO - Move: d7d6
2025-06-18 20:09:37,098 - INFO - Board after move:
r . b q k b . r
p p p . p p p p
. . n p . n . .
. . . . . . . .
. . . . P . . .
. . N . . N . .
P P P P . P P P
R . B Q K B . R
2025-06-18 20:09:43,244 - INFO - Current position win rate for White: 53.49%
2025-06-18 20:09:51,945 - INFO - Top 3 recommended moves by Stockfish:
2025-06-18 20:09:51,946 - INFO -   1. d4 (d2d4) - Win rate: 54.69%
2025-06-18 20:09:51,946 - INFO -   2. Be2 (f1e2) - Win rate: 54.19%
2025-06-18 20:09:51,946 - INFO -   3. Bb5 (f1b5) - Win rate: 52.90%
2025-06-18 20:09:51,946 - INFO - api_9_blitz's turn (White) - Move 4
2025-06-18 20:09:51,946 - INFO - Prompt to White (api_9_blitz):
2025-06-18 20:09:51,946 - INFO - 

You are an expert chess player. You are playing a game of chess. You are playing as White.
This is a critically urgent match. You must thoroughly analyze the position and play with utmost caution. Leverage your wisdom to secure victory.
When you have the advantage, press it relentlessly and aim for a swift checkmate. Carefully evaluate every move to eliminate any chance of a counterplay or draw by your opponent.
When at a disadvantage, strive to turn the tide and win if possible. If victory is unattainable, exhaust all possible means to force a draw.
Meticulously analyze legal moves, then select the absolute best one.

Considering the long-term strategy and short-term tactic. Analyze the position carefully. You may think through the position and consider multiple candidate moves.
When you have decided on your final move, output it in UCI notation (e.g., 'e2e4', 'g8f6' , 'e7e8q') in the following format:
```
<move>
```

For example:
```
e2e4
```
You can think and reason as much as you want, but your final move must be formatted exactly as shown above.

2025-06-18 20:09:51,946 - INFO - 

Current board position in FEN notation:
r1bqkb1r/ppp1pppp/2np1n2/8/4P3/2N2N2/PPPP1PPP/R1BQKB1R w KQkq - 0 4

Move history in UCI notation:e2e4, g8f6, g1f3, b8c6, b1c3, d7d6



2025-06-18 20:09:51,947 - INFO - Attempt 1/5...
2025-06-18 20:09:53,928 - INFO - Raw response from White (api_9_blitz) (took 1.98s):
After careful analysis of the position, I see that White has a slight advantage due to better piece development and control over the center. My strategy will be to continue developing pieces and maintain pressure on Black's position. The move `d2d4` supports the center, provides more space for my pieces, and prepares for a potential pawn storm on the kingside.

```
d2d4
```
2025-06-18 20:09:53,929 - INFO - Valid move found: d2d4
2025-06-18 20:10:02,567 - INFO - Move d2d4 is Stockfish's recommendation #1
2025-06-18 20:10:02,567 - INFO - Win rate after move d2d4: 54.69%
2025-06-18 20:10:02,567 - INFO - Move: d2d4
2025-06-18 20:10:02,567 - INFO - Board after move:
r . b q k b . r
p p p . p p p p
. . n p . n . .
. . . . . . . .
. . . P P . . .
. . N . . N . .
P P P . . P P P
R . B Q K B . R
2025-06-18 20:10:05,131 - INFO - Current position win rate for Black: 46.01%
2025-06-18 20:10:14,775 - INFO - Top 3 recommended moves by Stockfish:
2025-06-18 20:10:14,775 - INFO -   1. e5 (e7e5) - Win rate: 45.41%
2025-06-18 20:10:14,775 - INFO -   2. a6 (a7a6) - Win rate: 43.44%
2025-06-18 20:10:14,775 - INFO -   3. e6 (e7e6) - Win rate: 43.34%
2025-06-18 20:10:14,775 - INFO - api_9_blindfold's turn (Black) - Move 4
2025-06-18 20:10:14,775 - INFO - Prompt to Black (api_9_blindfold):
2025-06-18 20:10:14,775 - INFO - 

You are an expert chess player. You are playing a game of chess. You are playing as Black.
We only have the move history of you and your opponent. You must reconstruct the game and choose a best move from the legal moves.

This is a critically urgent match. You must thoroughly analyze the position and play with utmost caution. Leverage your wisdom to secure victory.
When you have the advantage, press it relentlessly and aim for a swift checkmate. Carefully evaluate every move to eliminate any chance of a counterplay or draw by your opponent.
When at a disadvantage, strive to turn the tide and win if possible. If victory is unattainable, exhaust all possible means to force a draw.
Meticulously analyze legal moves, then select the absolute best one.

Considering the long-term strategy and short-term tactic. Analyze the position carefully. You may think through the position and consider multiple candidate moves.
When you have decided on your final move, output it in UCI notation (e.g., 'e2e4', 'g8f6' , 'e7e8q') in the following format:
```
<move>
```

For example:
```
e2e4
```
You can think and reason as much as you want, but your final move must be formatted exactly as shown above.

2025-06-18 20:10:14,775 - INFO - 

The opponent's last move is e2e4.


2025-06-18 20:10:14,776 - INFO - 
e7e5
2025-06-18 20:10:14,776 - INFO - 
Parsing error: No valid UCI move found in response. Rethink the valid UCI move notation and example we give you. Your answer must follow our example(i.e., adding ``` in the beginning and ending)
2025-06-18 20:10:14,776 - INFO - 
```
g8f6
```
2025-06-18 20:10:14,776 - INFO - 

The opponent's last move is g1f3.


2025-06-18 20:10:14,776 - INFO - 
```
b8c6
```
2025-06-18 20:10:14,776 - INFO - 

The opponent's last move is b1c3.


2025-06-18 20:10:14,776 - INFO - 
```
f8b4
```
2025-06-18 20:10:14,776 - INFO - 
Illegal move: f8b4 is not a legal move in the current position. Please choose another one.
2025-06-18 20:10:14,776 - INFO - 
```
d7d6
```
2025-06-18 20:10:14,776 - INFO - 

The opponent's last move is d2d4.


2025-06-18 20:10:14,776 - INFO - Attempt 1/5...
2025-06-18 20:10:15,488 - INFO - Raw response from Black (api_9_blindfold) (took 0.71s):
```
e5d4
```
2025-06-18 20:10:15,488 - WARNING - Illegal move: e5d4 is not a legal move in the current position. Please choose another one.
2025-06-18 20:10:15,488 - INFO - Attempt 2/5...
2025-06-18 20:10:16,156 - INFO - Raw response from Black (api_9_blindfold) (took 0.67s):
```
c8g4
```
2025-06-18 20:10:16,157 - INFO - Valid move found: c8g4
2025-06-18 20:10:29,356 - INFO - Move c8g4 is not among Stockfish's top 3 recommendations
2025-06-18 20:10:29,356 - INFO - Win rate after move c8g4: 43.44%
2025-06-18 20:10:29,356 - INFO - Move: c8g4
2025-06-18 20:10:29,356 - INFO - Board after move:
r . . q k b . r
p p p . p p p p
. . n p . n . .
. . . . . . . .
. . . P P . b .
. . N . . N . .
P P P . . P P P
R . B Q K B . R
2025-06-18 20:10:33,935 - INFO - Current position win rate for White: 55.97%
2025-06-18 20:10:47,191 - INFO - Top 3 recommended moves by Stockfish:
2025-06-18 20:10:47,191 - INFO -   1. Bb5 (f1b5) - Win rate: 57.44%
2025-06-18 20:10:47,191 - INFO -   2. Bg5 (c1g5) - Win rate: 56.95%
2025-06-18 20:10:47,191 - INFO -   3. d5 (d4d5) - Win rate: 56.46%
2025-06-18 20:10:47,191 - INFO - api_9_blitz's turn (White) - Move 5
2025-06-18 20:10:47,192 - INFO - Prompt to White (api_9_blitz):
2025-06-18 20:10:47,192 - INFO - 

You are an expert chess player. You are playing a game of chess. You are playing as White.
This is a critically urgent match. You must thoroughly analyze the position and play with utmost caution. Leverage your wisdom to secure victory.
When you have the advantage, press it relentlessly and aim for a swift checkmate. Carefully evaluate every move to eliminate any chance of a counterplay or draw by your opponent.
When at a disadvantage, strive to turn the tide and win if possible. If victory is unattainable, exhaust all possible means to force a draw.
Meticulously analyze legal moves, then select the absolute best one.

Considering the long-term strategy and short-term tactic. Analyze the position carefully. You may think through the position and consider multiple candidate moves.
When you have decided on your final move, output it in UCI notation (e.g., 'e2e4', 'g8f6' , 'e7e8q') in the following format:
```
<move>
```

For example:
```
e2e4
```
You can think and reason as much as you want, but your final move must be formatted exactly as shown above.

2025-06-18 20:10:47,192 - INFO - 

Current board position in FEN notation:
r2qkb1r/ppp1pppp/2np1n2/8/3PP1b1/2N2N2/PPP2PPP/R1BQKB1R w KQkq - 1 5

Move history in UCI notation:e2e4, g8f6, g1f3, b8c6, b1c3, d7d6, d2d4, c8g4



2025-06-18 20:10:47,192 - INFO - Attempt 1/5...
2025-06-18 20:10:53,507 - INFO - Raw response from White (api_9_blitz) (took 6.31s):
Analyzing the current board position, White has a slight advantage with better center control and more developed pieces. The Black king is still in the center, and White has the opportunity to exert pressure on Black's position.

Considering White's pieces, the knights are well-placed, and there's an opportunity to further control the center and potentially launch an attack against Black's king. The bishop on f3 is a good piece that supports both attacks and defenses.

One viable move is to develop a piece, control more squares, and maintain control over the center. A good candidate move is to move the bishop to a more active square, or to bring another piece into play. However, since the bishop is already in a good position, another option is to advance the h-pawn to h3, which would kick out the black bishop on g4 and also develop the kingside.

After careful consideration, the move h2h3 is a solid developing move that also prevents Black's bishop from landing on h3 with a check and controlling the g2 square. It prepares for further kingside development and maintains the balance between attack and defense.

Thus, the best move is:
```
h2h3
```
2025-06-18 20:10:53,507 - INFO - Valid move found: h2h3
2025-06-18 20:11:09,814 - INFO - Move h2h3 is not among Stockfish's top 3 recommendations
2025-06-18 20:11:09,815 - INFO - Win rate after move h2h3: 53.39%
2025-06-18 20:11:09,815 - INFO - Move: h2h3
2025-06-18 20:11:09,815 - INFO - Board after move:
r . . q k b . r
p p p . p p p p
. . n p . n . .
. . . . . . . .
. . . P P . b .
. . N . . N . P
P P P . . P P .
R . B Q K B . R
2025-06-18 20:11:13,894 - INFO - Current position win rate for Black: 46.11%
2025-06-18 20:11:26,575 - INFO - Top 3 recommended moves by Stockfish:
2025-06-18 20:11:26,575 - INFO -   1. Bxf3 (g4f3) - Win rate: 46.80%
2025-06-18 20:11:26,575 - INFO -   2. Bh5 (g4h5) - Win rate: 40.42%
2025-06-18 20:11:26,575 - INFO -   3. Bc8 (g4c8) - Win rate: 38.41%
2025-06-18 20:11:26,575 - INFO - api_9_blindfold's turn (Black) - Move 5
2025-06-18 20:11:26,576 - INFO - Prompt to Black (api_9_blindfold):
2025-06-18 20:11:26,576 - INFO - 

You are an expert chess player. You are playing a game of chess. You are playing as Black.
We only have the move history of you and your opponent. You must reconstruct the game and choose a best move from the legal moves.

This is a critically urgent match. You must thoroughly analyze the position and play with utmost caution. Leverage your wisdom to secure victory.
When you have the advantage, press it relentlessly and aim for a swift checkmate. Carefully evaluate every move to eliminate any chance of a counterplay or draw by your opponent.
When at a disadvantage, strive to turn the tide and win if possible. If victory is unattainable, exhaust all possible means to force a draw.
Meticulously analyze legal moves, then select the absolute best one.

Considering the long-term strategy and short-term tactic. Analyze the position carefully. You may think through the position and consider multiple candidate moves.
When you have decided on your final move, output it in UCI notation (e.g., 'e2e4', 'g8f6' , 'e7e8q') in the following format:
```
<move>
```

For example:
```
e2e4
```
You can think and reason as much as you want, but your final move must be formatted exactly as shown above.

2025-06-18 20:11:26,576 - INFO - 

The opponent's last move is e2e4.


2025-06-18 20:11:26,576 - INFO - 
e7e5
2025-06-18 20:11:26,576 - INFO - 
Parsing error: No valid UCI move found in response. Rethink the valid UCI move notation and example we give you. Your answer must follow our example(i.e., adding ``` in the beginning and ending)
2025-06-18 20:11:26,576 - INFO - 
```
g8f6
```
2025-06-18 20:11:26,576 - INFO - 

The opponent's last move is g1f3.


2025-06-18 20:11:26,576 - INFO - 
```
b8c6
```
2025-06-18 20:11:26,576 - INFO - 

The opponent's last move is b1c3.


2025-06-18 20:11:26,576 - INFO - 
```
f8b4
```
2025-06-18 20:11:26,576 - INFO - 
Illegal move: f8b4 is not a legal move in the current position. Please choose another one.
2025-06-18 20:11:26,577 - INFO - 
```
d7d6
```
2025-06-18 20:11:26,577 - INFO - 

The opponent's last move is d2d4.


2025-06-18 20:11:26,577 - INFO - 
```
e5d4
```
2025-06-18 20:11:26,577 - INFO - 
Illegal move: e5d4 is not a legal move in the current position. Please choose another one.
2025-06-18 20:11:26,577 - INFO - 
```
c8g4
```
2025-06-18 20:11:26,577 - INFO - 

The opponent's last move is h2h3.


2025-06-18 20:11:26,577 - INFO - Attempt 1/5...
2025-06-18 20:11:27,425 - INFO - Raw response from Black (api_9_blindfold) (took 0.85s):
```
g4h5
2025-06-18 20:11:27,425 - WARNING - Parsing error: No valid UCI move found in response. Rethink the valid UCI move notation and example we give you. Your answer must follow our example(i.e., adding ``` in the beginning and ending)
2025-06-18 20:11:27,425 - INFO - Attempt 2/5...
2025-06-18 20:11:28,120 - INFO - Raw response from Black (api_9_blindfold) (took 0.69s):
```
g7g6
```
2025-06-18 20:11:28,120 - INFO - Valid move found: g7g6
2025-06-18 20:11:41,658 - INFO - Move g7g6 is not among Stockfish's top 3 recommendations
2025-06-18 20:11:41,659 - INFO - Win rate after move g7g6: 13.66%
2025-06-18 20:11:41,659 - INFO - Move: g7g6
2025-06-18 20:11:41,659 - INFO - Board after move:
r . . q k b . r
p p p . p p . p
. . n p . n p .
. . . . . . . .
. . . P P . b .
. . N . . N . P
P P P . . P P .
R . B Q K B . R
2025-06-18 20:11:43,651 - INFO - Current position win rate for White: 87.44%
2025-06-18 20:11:51,788 - INFO - Top 3 recommended moves by Stockfish:
2025-06-18 20:11:51,789 - INFO -   1. hxg4 (h3g4) - Win rate: 87.39%
2025-06-18 20:11:51,789 - INFO -   2. Bb5 (f1b5) - Win rate: 58.81%
2025-06-18 20:11:51,789 - INFO -   3. Be3 (c1e3) - Win rate: 58.61%
2025-06-18 20:11:51,789 - INFO - api_9_blitz's turn (White) - Move 6
2025-06-18 20:11:51,789 - INFO - Prompt to White (api_9_blitz):
2025-06-18 20:11:51,789 - INFO - 

You are an expert chess player. You are playing a game of chess. You are playing as White.
This is a critically urgent match. You must thoroughly analyze the position and play with utmost caution. Leverage your wisdom to secure victory.
When you have the advantage, press it relentlessly and aim for a swift checkmate. Carefully evaluate every move to eliminate any chance of a counterplay or draw by your opponent.
When at a disadvantage, strive to turn the tide and win if possible. If victory is unattainable, exhaust all possible means to force a draw.
Meticulously analyze legal moves, then select the absolute best one.

Considering the long-term strategy and short-term tactic. Analyze the position carefully. You may think through the position and consider multiple candidate moves.
When you have decided on your final move, output it in UCI notation (e.g., 'e2e4', 'g8f6' , 'e7e8q') in the following format:
```
<move>
```

For example:
```
e2e4
```
You can think and reason as much as you want, but your final move must be formatted exactly as shown above.

2025-06-18 20:11:51,789 - INFO - 

Current board position in FEN notation:
r2qkb1r/ppp1pp1p/2np1np1/8/3PP1b1/2N2N1P/PPP2PP1/R1BQKB1R w KQkq - 0 6

Move history in UCI notation:e2e4, g8f6, g1f3, b8c6, b1c3, d7d6, d2d4, c8g4, h2h3, g7g6



2025-06-18 20:11:51,789 - INFO - Attempt 1/5...
2025-06-18 20:12:00,358 - INFO - Raw response from White (api_9_blitz) (took 8.57s):
I need to carefully assess the current position and find the most advantageous move. I am White and currently have a small advantage in material and position. I have to continue developing my pieces, controlling the center, and creating threats against Black's pieces.

Analyzing the board:
- My pieces are somewhat developed, but I still have space to improve their positions.
- The pawn on e4 controls the central square, and my knight on f3 is well-placed, attacking the pawn on d5 (if it were there) and keeping an eye on the king's side.
- Black's bishop on g4 is hanging, but capturing it with h3*g4 would open my king's side, potentially giving Black chances to attack. It's a risky move, and not the most advantageous at this moment.
- The queen on d8 and the knight on f6 put pressure on my position, but they are not immediately threatening.
- The open f-file and the d-file (after an eventual exchange) could provide opportunities for a breakthrough.

Considering these factors, here are my candidate moves:
1. `b2b3` - Developing the bishop and preparing to castle kingside, but it doesn't put immediate pressure on Black.
2. `f3g5` - Capturing the bishop on g4, but this weakens my kingside significantly and could lead to a counterattack.
3. `f1d3` - Bringing another piece into the game, but it's a slow move and doesn't take advantage of the current situation.
4. `c1g5` - Capturing the bishop with the queen, which provides a material advantage and immediately threatens Black's position.

After considering the options, `c1g5` appears to be the most aggressive and advantageous move. I capture Black's bishop, gain a material advantage, and leave Black's king's side defense exposed.

```
c1g5
```
2025-06-18 20:12:00,358 - INFO - Valid move found: c1g5
2025-06-18 20:12:10,809 - INFO - Move c1g5 is not among Stockfish's top 3 recommendations
2025-06-18 20:12:10,810 - INFO - Win rate after move c1g5: 52.90%
2025-06-18 20:12:10,810 - INFO - Move: c1g5
2025-06-18 20:12:10,810 - INFO - Board after move:
r . . q k b . r
p p p . p p . p
. . n p . n p .
. . . . . . B .
. . . P P . b .
. . N . . N . P
P P P . . P P .
R . . Q K B . R
2025-06-18 20:12:13,352 - INFO - Current position win rate for Black: 45.41%
2025-06-18 20:12:22,403 - INFO - Top 3 recommended moves by Stockfish:
2025-06-18 20:12:22,404 - INFO -   1. Bxf3 (g4f3) - Win rate: 47.10%
2025-06-18 20:12:22,404 - INFO -   2. Bc8 (g4c8) - Win rate: 39.46%
2025-06-18 20:12:22,404 - INFO -   3. Bd7 (g4d7) - Win rate: 38.70%
2025-06-18 20:12:22,404 - INFO - api_9_blindfold's turn (Black) - Move 6
2025-06-18 20:12:22,404 - INFO - Prompt to Black (api_9_blindfold):
2025-06-18 20:12:22,404 - INFO - 

You are an expert chess player. You are playing a game of chess. You are playing as Black.
We only have the move history of you and your opponent. You must reconstruct the game and choose a best move from the legal moves.

This is a critically urgent match. You must thoroughly analyze the position and play with utmost caution. Leverage your wisdom to secure victory.
When you have the advantage, press it relentlessly and aim for a swift checkmate. Carefully evaluate every move to eliminate any chance of a counterplay or draw by your opponent.
When at a disadvantage, strive to turn the tide and win if possible. If victory is unattainable, exhaust all possible means to force a draw.
Meticulously analyze legal moves, then select the absolute best one.

Considering the long-term strategy and short-term tactic. Analyze the position carefully. You may think through the position and consider multiple candidate moves.
When you have decided on your final move, output it in UCI notation (e.g., 'e2e4', 'g8f6' , 'e7e8q') in the following format:
```
<move>
```

For example:
```
e2e4
```
You can think and reason as much as you want, but your final move must be formatted exactly as shown above.

2025-06-18 20:12:22,404 - INFO - 

The opponent's last move is e2e4.


2025-06-18 20:12:22,405 - INFO - 
e7e5
2025-06-18 20:12:22,405 - INFO - 
Parsing error: No valid UCI move found in response. Rethink the valid UCI move notation and example we give you. Your answer must follow our example(i.e., adding ``` in the beginning and ending)
2025-06-18 20:12:22,405 - INFO - 
```
g8f6
```
2025-06-18 20:12:22,405 - INFO - 

The opponent's last move is g1f3.


2025-06-18 20:12:22,405 - INFO - 
```
b8c6
```
2025-06-18 20:12:22,405 - INFO - 

The opponent's last move is b1c3.


2025-06-18 20:12:22,405 - INFO - 
```
f8b4
```
2025-06-18 20:12:22,405 - INFO - 
Illegal move: f8b4 is not a legal move in the current position. Please choose another one.
2025-06-18 20:12:22,405 - INFO - 
```
d7d6
```
2025-06-18 20:12:22,405 - INFO - 

The opponent's last move is d2d4.


2025-06-18 20:12:22,405 - INFO - 
```
e5d4
```
2025-06-18 20:12:22,405 - INFO - 
Illegal move: e5d4 is not a legal move in the current position. Please choose another one.
2025-06-18 20:12:22,405 - INFO - 
```
c8g4
```
2025-06-18 20:12:22,406 - INFO - 

The opponent's last move is h2h3.


2025-06-18 20:12:22,406 - INFO - 
```
g4h5
2025-06-18 20:12:22,406 - INFO - 
Parsing error: No valid UCI move found in response. Rethink the valid UCI move notation and example we give you. Your answer must follow our example(i.e., adding ``` in the beginning and ending)
2025-06-18 20:12:22,406 - INFO - 
```
g7g6
```
2025-06-18 20:12:22,406 - INFO - 

The opponent's last move is c1g5.


2025-06-18 20:12:22,406 - INFO - Attempt 1/5...
2025-06-18 20:12:23,229 - INFO - Raw response from Black (api_9_blindfold) (took 0.82s):
```
e8g8
```
2025-06-18 20:12:23,229 - WARNING - Illegal move: e8g8 is not a legal move in the current position. Please choose another one.
2025-06-18 20:12:23,230 - INFO - Attempt 2/5...
2025-06-18 20:12:24,018 - INFO - Raw response from Black (api_9_blindfold) (took 0.79s):
```
d8e7
```
2025-06-18 20:12:24,018 - WARNING - Illegal move: d8e7 is not a legal move in the current position. Please choose another one.
2025-06-18 20:12:24,018 - INFO - Attempt 3/5...
2025-06-18 20:12:24,685 - INFO - Raw response from Black (api_9_blindfold) (took 0.67s):
```
h5d1
2025-06-18 20:12:24,685 - WARNING - Parsing error: No valid UCI move found in response. Rethink the valid UCI move notation and example we give you. Your answer must follow our example(i.e., adding ``` in the beginning and ending)
2025-06-18 20:12:24,685 - INFO - Attempt 4/5...
2025-06-18 20:12:25,383 - INFO - Raw response from Black (api_9_blindfold) (took 0.70s):
```
d1h5
```
2025-06-18 20:12:25,383 - WARNING - Illegal move: d1h5 is not a legal move in the current position. Please choose another one.
2025-06-18 20:12:25,383 - INFO - Attempt 5/5...
2025-06-18 20:12:26,048 - INFO - Raw response from Black (api_9_blindfold) (took 0.66s):
```
a8d8
2025-06-18 20:12:26,049 - WARNING - Parsing error: No valid UCI move found in response. Rethink the valid UCI move notation and example we give you. Your answer must follow our example(i.e., adding ``` in the beginning and ending)
2025-06-18 20:12:26,049 - ERROR - Failed to get a valid move after 5 attempts. Forfeiting the game.
2025-06-18 20:12:26,049 - INFO - api_9_blindfold has forfeited the game due to failure to generate a legal move.
2025-06-18 20:12:26,049 - INFO - api_9_blitz wins by forfeit!
2025-06-18 20:12:26,049 - INFO - === Player Move Quality Statistics ===
2025-06-18 20:12:26,049 - INFO - api_9_blitz:
2025-06-18 20:12:26,049 - INFO -   Total moves: 6
2025-06-18 20:12:26,049 - INFO -   Optimal moves (in top 3): 3 (50.0%)
2025-06-18 20:12:26,049 - INFO - api_9_blindfold:
2025-06-18 20:12:26,049 - INFO -   Total moves: 5
2025-06-18 20:12:26,049 - INFO -   Optimal moves (in top 3): 0 (0.0%)
2025-06-18 20:12:26,049 - INFO - === Player Attempt Statistics ===
2025-06-18 20:12:26,049 - INFO - api_9_blitz:
2025-06-18 20:12:26,049 - INFO -   Total attempts: 6
2025-06-18 20:12:26,050 - INFO -   Parsing errors: 0 (0.0% of attempts)
2025-06-18 20:12:26,050 - INFO -   Illegal moves: 0 (0.0% of attempts)
2025-06-18 20:12:26,050 - INFO -   forbidden thinking: 0 (0.0% of attempts)
2025-06-18 20:12:26,050 - INFO -   Successful moves: 6 (100.0% of attempts)
2025-06-18 20:12:26,050 - INFO - api_9_blindfold:
2025-06-18 20:12:26,050 - INFO -   Total attempts: 14
2025-06-18 20:12:26,050 - INFO -   Parsing errors: 4 (28.6% of attempts)
2025-06-18 20:12:26,050 - INFO -   Illegal moves: 5 (35.7% of attempts)
2025-06-18 20:12:26,050 - INFO -   forbidden thinking: 0 (0.0% of attempts)
2025-06-18 20:12:26,050 - INFO -   Successful moves: 5 (35.7% of attempts)
2025-06-18 20:12:26,050 - INFO - Game completed!
2025-06-18 20:12:26,050 - INFO - Result: 1-0
2025-06-18 20:12:26,050 - INFO - Termination: forfeit
2025-06-18 20:12:26,050 - INFO - Final FEN: r2qkb1r/ppp1pp1p/2np1np1/6B1/3PP1b1/2N2N1P/PPP2PP1/R2QKB1R b KQkq - 1 6
2025-06-18 20:12:26,050 - INFO - Move history: e2e4, g8f6, g1f3, b8c6, b1c3, d7d6, d2d4, c8g4, h2h3, g7g6, c1g5
