2025-06-12 10:45:48,532 - INFO - Starting game 20250612_104548_2: api_9 vs doubao-1.5-lite
2025-06-12 10:45:48,626 - INFO - Initial board:
r n b q k b n r
p p p p p p p p
. . . . . . . .
. . . . . . . .
. . . . . . . .
. . . . . . . .
P P P P P P P P
R N B Q K B N R
2025-06-12 10:45:54,169 - INFO - Current position win rate for White: 53.10%
2025-06-12 10:46:02,908 - INFO - Top 3 recommended moves by Stockfish:
2025-06-12 10:46:02,908 - INFO -   1. Nf3 (g1f3) - Win rate: 52.00%
2025-06-12 10:46:02,908 - INFO -   2. d4 (d2d4) - Win rate: 52.00%
2025-06-12 10:46:02,908 - INFO -   3. e4 (e2e4) - Win rate: 51.60%
2025-06-12 10:46:02,908 - INFO - api_9's turn (White) - Move 1
2025-06-12 10:46:02,909 - INFO - Prompt to White (api_9):

You are an expert chess player. You are playing a game of chess. You are playing as White.

Current board position in FEN notation:
rnbqkbnr/pppppppp/8/8/8/8/PPPPPPPP/RNBQKBNR w KQkq - 0 1


Legal moves in UCI notation: g1h3, g1f3, b1c3, b1a3, h2h3, g2g3, f2f3, e2e3, d2d3, c2c3, b2b3, a2a3, h2h4, g2g4, f2f4, e2e4, d2d4, c2c4, b2b4, a2a4

This is a critically urgent match. You must thoroughly analyze the position and play with utmost caution. Leverage your wisdom to secure victory.
When you have the advantage, press it relentlessly and aim for a swift checkmate. Carefully evaluate every move to eliminate any chance of a counterplay or draw by your opponent.
When at a disadvantage, strive to turn the tide and win if possible. If victory is unattainable, exhaust all possible means to force a draw.
Meticulously analyze legal moves, then select the absolute best one.

Considering the long-term strategy and short-term tactic. Analyze the position carefully. You may think through the position and consider multiple candidate moves.
When you have decided on your final move, output it in UCI notation (e.g., 'e2e4', 'g8f6' , 'e7e8q') in the following format:
```
<move>
```

For example:
```
e2e4
```
You can think and reason as much as you want, but your final move must be formatted exactly as shown above.

2025-06-12 10:46:02,909 - INFO - Attempt 1/5...
2025-06-12 10:46:03,876 - INFO - Raw response from White (api_9) (took 0.97s):
```
e2e4
```
2025-06-12 10:46:03,876 - INFO - Valid move found: e2e4
2025-06-12 10:46:12,570 - INFO - Move e2e4 is Stockfish's recommendation #3
2025-06-12 10:46:12,571 - INFO - Win rate after move e2e4: 51.60%
2025-06-12 10:46:12,571 - INFO - Move: e2e4
2025-06-12 10:46:12,571 - INFO - Board after move:
r n b q k b n r
p p p p p p p p
. . . . . . . .
. . . . . . . .
. . . . P . . .
. . . . . . . .
P P P P . P P P
R N B Q K B N R
2025-06-12 10:46:15,009 - INFO - Current position win rate for Black: 46.41%
2025-06-12 10:46:23,652 - INFO - Top 3 recommended moves by Stockfish:
2025-06-12 10:46:23,652 - INFO -   1. e6 (e7e6) - Win rate: 48.60%
2025-06-12 10:46:23,652 - INFO -   2. c5 (c7c5) - Win rate: 46.41%
2025-06-12 10:46:23,652 - INFO -   3. e5 (e7e5) - Win rate: 45.91%
2025-06-12 10:46:23,652 - INFO - doubao-1.5-lite's turn (Black) - Move 1
2025-06-12 10:46:23,653 - INFO - Prompt to Black (doubao-1.5-lite):

You are an expert chess player. You are playing a game of chess. You are playing as Black.

Current board position in FEN notation:
rnbqkbnr/pppppppp/8/8/4P3/8/PPPP1PPP/RNBQKBNR b KQkq - 0 1

Move history in UCI notation:e2e4


Legal moves in UCI notation: g8h6, g8f6, b8c6, b8a6, h7h6, g7g6, f7f6, e7e6, d7d6, c7c6, b7b6, a7a6, h7h5, g7g5, f7f5, e7e5, d7d5, c7c5, b7b5, a7a5

This is a critically urgent match. You must thoroughly analyze the position and play with utmost caution. Leverage your wisdom to secure victory.
When you have the advantage, press it relentlessly and aim for a swift checkmate. Carefully evaluate every move to eliminate any chance of a counterplay or draw by your opponent.
When at a disadvantage, strive to turn the tide and win if possible. If victory is unattainable, exhaust all possible means to force a draw.
Meticulously analyze legal moves, then select the absolute best one.

Considering the long-term strategy and short-term tactic. Analyze the position carefully. You may think through the position and consider multiple candidate moves.
When you have decided on your final move, output it in UCI notation (e.g., 'e2e4', 'g8f6' , 'e7e8q') in the following format:
```
<move>
```

For example:
```
e2e4
```
You can think and reason as much as you want, but your final move must be formatted exactly as shown above.

2025-06-12 10:46:23,653 - INFO - Attempt 1/5...
2025-06-12 10:46:24,453 - INFO - Raw response from Black (doubao-1.5-lite) (took 0.80s):
```
e7e6
```
2025-06-12 10:46:24,453 - INFO - Valid move found: e7e6
2025-06-12 10:46:33,181 - INFO - Move e7e6 is Stockfish's recommendation #1
2025-06-12 10:46:33,182 - INFO - Win rate after move e7e6: 48.60%
2025-06-12 10:46:33,182 - INFO - Move: e7e6
2025-06-12 10:46:33,182 - INFO - Board after move:
r n b q k b n r
p p p p . p p p
. . . . p . . .
. . . . . . . .
. . . . P . . .
. . . . . . . .
P P P P . P P P
R N B Q K B N R
2025-06-12 10:46:36,703 - INFO - Current position win rate for White: 50.60%
2025-06-12 10:46:45,470 - INFO - Top 3 recommended moves by Stockfish:
2025-06-12 10:46:45,470 - INFO -   1. Nf3 (g1f3) - Win rate: 51.50%
2025-06-12 10:46:45,470 - INFO -   2. Nc3 (b1c3) - Win rate: 50.80%
2025-06-12 10:46:45,470 - INFO -   3. d4 (d2d4) - Win rate: 50.00%
2025-06-12 10:46:45,470 - INFO - api_9's turn (White) - Move 2
2025-06-12 10:46:45,470 - INFO - Prompt to White (api_9):

You are an expert chess player. You are playing a game of chess. You are playing as White.

Current board position in FEN notation:
rnbqkbnr/pppp1ppp/4p3/8/4P3/8/PPPP1PPP/RNBQKBNR w KQkq - 0 2

Move history in UCI notation:e2e4, e7e6


Legal moves in UCI notation: g1h3, g1f3, g1e2, f1a6, f1b5, f1c4, f1d3, f1e2, e1e2, d1h5, d1g4, d1f3, d1e2, b1c3, b1a3, e4e5, h2h3, g2g3, f2f3, d2d3, c2c3, b2b3, a2a3, h2h4, g2g4, f2f4, d2d4, c2c4, b2b4, a2a4

This is a critically urgent match. You must thoroughly analyze the position and play with utmost caution. Leverage your wisdom to secure victory.
When you have the advantage, press it relentlessly and aim for a swift checkmate. Carefully evaluate every move to eliminate any chance of a counterplay or draw by your opponent.
When at a disadvantage, strive to turn the tide and win if possible. If victory is unattainable, exhaust all possible means to force a draw.
Meticulously analyze legal moves, then select the absolute best one.

Considering the long-term strategy and short-term tactic. Analyze the position carefully. You may think through the position and consider multiple candidate moves.
When you have decided on your final move, output it in UCI notation (e.g., 'e2e4', 'g8f6' , 'e7e8q') in the following format:
```
<move>
```

For example:
```
e2e4
```
You can think and reason as much as you want, but your final move must be formatted exactly as shown above.

2025-06-12 10:46:45,471 - INFO - Attempt 1/5...
2025-06-12 10:46:46,321 - INFO - Raw response from White (api_9) (took 0.85s):
```
b1c3
```
2025-06-12 10:46:46,321 - INFO - Valid move found: b1c3
2025-06-12 10:46:54,708 - INFO - Move b1c3 is Stockfish's recommendation #2
2025-06-12 10:46:54,709 - INFO - Win rate after move b1c3: 50.80%
2025-06-12 10:46:54,709 - INFO - Move: b1c3
2025-06-12 10:46:54,709 - INFO - Board after move:
r n b q k b n r
p p p p . p p p
. . . . p . . .
. . . . . . . .
. . . . P . . .
. . N . . . . .
P P P P . P P P
R . B Q K B N R
2025-06-12 10:46:56,955 - INFO - Current position win rate for Black: 47.80%
2025-06-12 10:47:05,505 - INFO - Top 3 recommended moves by Stockfish:
2025-06-12 10:47:05,506 - INFO -   1. d5 (d7d5) - Win rate: 48.40%
2025-06-12 10:47:05,506 - INFO -   2. c5 (c7c5) - Win rate: 46.61%
2025-06-12 10:47:05,506 - INFO -   3. Nf6 (g8f6) - Win rate: 45.41%
2025-06-12 10:47:05,506 - INFO - doubao-1.5-lite's turn (Black) - Move 2
2025-06-12 10:47:05,506 - INFO - Prompt to Black (doubao-1.5-lite):

You are an expert chess player. You are playing a game of chess. You are playing as Black.

Current board position in FEN notation:
rnbqkbnr/pppp1ppp/4p3/8/4P3/2N5/PPPP1PPP/R1BQKBNR b KQkq - 1 2

Move history in UCI notation:e2e4, e7e6, b1c3


Legal moves in UCI notation: g8e7, g8h6, g8f6, f8e7, f8d6, f8c5, f8b4, f8a3, e8e7, d8e7, d8f6, d8g5, d8h4, b8c6, b8a6, h7h6, g7g6, f7f6, d7d6, c7c6, b7b6, a7a6, e6e5, h7h5, g7g5, f7f5, d7d5, c7c5, b7b5, a7a5

This is a critically urgent match. You must thoroughly analyze the position and play with utmost caution. Leverage your wisdom to secure victory.
When you have the advantage, press it relentlessly and aim for a swift checkmate. Carefully evaluate every move to eliminate any chance of a counterplay or draw by your opponent.
When at a disadvantage, strive to turn the tide and win if possible. If victory is unattainable, exhaust all possible means to force a draw.
Meticulously analyze legal moves, then select the absolute best one.

Considering the long-term strategy and short-term tactic. Analyze the position carefully. You may think through the position and consider multiple candidate moves.
When you have decided on your final move, output it in UCI notation (e.g., 'e2e4', 'g8f6' , 'e7e8q') in the following format:
```
<move>
```

For example:
```
e2e4
```
You can think and reason as much as you want, but your final move must be formatted exactly as shown above.

2025-06-12 10:47:05,507 - INFO - Attempt 1/5...
2025-06-12 10:47:06,461 - INFO - Raw response from Black (doubao-1.5-lite) (took 0.95s):
```
c7c6
```
2025-06-12 10:47:06,462 - INFO - Valid move found: c7c6
2025-06-12 10:47:19,171 - INFO - Move c7c6 is not among Stockfish's top 3 recommendations
2025-06-12 10:47:19,171 - INFO - Win rate after move c7c6: 44.92%
2025-06-12 10:47:19,171 - INFO - Move: c7c6
2025-06-12 10:47:19,171 - INFO - Board after move:
r n b q k b n r
p p . p . p p p
. . p . p . . .
. . . . . . . .
. . . . P . . .
. . N . . . . .
P P P P . P P P
R . B Q K B N R
2025-06-12 10:47:22,402 - INFO - Current position win rate for White: 54.69%
2025-06-12 10:47:29,979 - INFO - Top 3 recommended moves by Stockfish:
2025-06-12 10:47:29,979 - INFO -   1. Nf3 (g1f3) - Win rate: 54.29%
2025-06-12 10:47:29,979 - INFO -   2. d4 (d2d4) - Win rate: 54.29%
2025-06-12 10:47:29,979 - INFO -   3. a3 (a2a3) - Win rate: 52.90%
2025-06-12 10:47:29,979 - INFO - api_9's turn (White) - Move 3
2025-06-12 10:47:29,980 - INFO - Prompt to White (api_9):

You are an expert chess player. You are playing a game of chess. You are playing as White.

Current board position in FEN notation:
rnbqkbnr/pp1p1ppp/2p1p3/8/4P3/2N5/PPPP1PPP/R1BQKBNR w KQkq - 0 3

Move history in UCI notation:e2e4, e7e6, b1c3, c7c6


Legal moves in UCI notation: c3d5, c3b5, c3a4, c3e2, c3b1, g1h3, g1f3, g1e2, f1a6, f1b5, f1c4, f1d3, f1e2, e1e2, d1h5, d1g4, d1f3, d1e2, a1b1, e4e5, h2h3, g2g3, f2f3, d2d3, b2b3, a2a3, h2h4, g2g4, f2f4, d2d4, b2b4, a2a4

This is a critically urgent match. You must thoroughly analyze the position and play with utmost caution. Leverage your wisdom to secure victory.
When you have the advantage, press it relentlessly and aim for a swift checkmate. Carefully evaluate every move to eliminate any chance of a counterplay or draw by your opponent.
When at a disadvantage, strive to turn the tide and win if possible. If victory is unattainable, exhaust all possible means to force a draw.
Meticulously analyze legal moves, then select the absolute best one.

Considering the long-term strategy and short-term tactic. Analyze the position carefully. You may think through the position and consider multiple candidate moves.
When you have decided on your final move, output it in UCI notation (e.g., 'e2e4', 'g8f6' , 'e7e8q') in the following format:
```
<move>
```

For example:
```
e2e4
```
You can think and reason as much as you want, but your final move must be formatted exactly as shown above.

2025-06-12 10:47:29,980 - INFO - Attempt 1/5...
2025-06-12 10:48:49,500 - INFO - Raw response from White (api_9) (took 79.52s):
Alright, let's tackle this chess position step by step. I'll start by understanding the current state of the game and then evaluate the possible moves to determine the best course of action.

### Understanding the Current Position

**FEN Notation**: `rnbqkbnr/pp1p1ppp/2p1p3/8/4P3/2N5/PPPP1PPP/R1BQKBNR w KQkq - 0 3`

Breaking down the FEN:
- **Pieces**: 
  - White: All pieces are at their starting positions except for the Knight on b1 which has moved to c3 (as seen from the move history).
  - Black: All pieces are at their starting positions.
- **Side to move**: White (indicated by 'w').
- **Castling rights**: Both White and Black can castle Kingside and Queenside (KQkq).
- **En passant**: None ('-' indicates no en passant target square).
- **Halfmove clock**: 0 (no halfmoves since last pawn move or capture).
- **Fullmove number**: 3.

**Move History**: `e2e4, e7e6, b1c3, c7c6`
- White's moves: e4, Nc3
- Black's moves: e6, c6

So, the sequence is:
1. e4 e6
2. Nc3 c6

This is a fairly open position with both sides having developed their Knights. Black has fianchettoed their King's Bishop by moving c7 to c6, which is a common setup in the French Defense or similar openings.

**Legal Moves**: The list provided includes various moves for White. I'll focus on these to evaluate the best next move.

### Evaluating the Position

White's pieces:
- Pawns: e4, d2, f2, g2, h2, a2, b2, c2
- Knights: b1 (now at c3), g1
- Bishops: c1, f1
- Rooks: a1, h1
- Queen: d1
- King: e1

Black's pieces (visible from the board):
- Pawns: a7, b7, d7, e6, f7, g7, h7
- Knights: b8, g8
- Bishops: c8, f8
- Rooks: a8, h8
- Queen: d8
- King: e8

From the move history, Black has moved e7 to e6 and c7 to c6. This suggests they might be preparing to fianchetto their King's Bishop (Bf8 to g7) or Queen's Bishop (Bc8 to b7). 

### Analyzing Possible Moves

Looking at the legal moves listed, let's categorize them:

1. **Knight Moves from c3**:
   - c3d5: Moving the Knight to d5. This attacks Black's e6 pawn and possibly the c6 pawn if it moves. It also eyes the f6 square if Black's Knight moves.
   - c3b5: Moving to b5, attacking a7 pawn.
   - c3a4: Moving to a4, which seems less useful unless there's a specific plan.
   - c3e2: Retreating the Knight to e2, which seems passive.
   - c3b1: Retreating to b1, even worse than e2.

2. **G1 Knight Moves (original position)**:
   - g1h3, g1f3, g1e2: These are the original squares the Knight can move to from g1. But since the Knight is already at c3, these might be less relevant unless we're considering moving the g1 Knight, but it hasn't moved yet.

Wait a minute, the move history shows that the Knight from b1 moved to c3 (b1c3), so the Knight at g1 hasn't moved yet. So the "g1" moves are about moving the Knight from g1 to h3, f3, or e2. But since the game is in the early stages, moving the g1 Knight might be more relevant.

But looking back, the legal moves include moves like "d1h5", "d1g4", etc., which are Queen moves (d1 is the starting square of the Queen). So the list seems to include all possible legal moves, not just those from a specific piece.

Given that, let's list the moves by piece:

- **Queen (d1)**: d1h5, d1g4, d1f3, d1e2
- **Rooks (a1, h1)**: a1b1 (castling), h1g1 (castling), but also moves like a1a3 (though rooks usually don't move one square unless it's castling), but the list shows moves like "d2d3" which is a pawn move, so perhaps the list is not strictly by piece.

Wait, the legal moves include pawn moves (like e4e5, h2h3, etc.), knight moves, bishop moves (f1a6, etc.), rook moves (like a1b1 which is castling), queen moves, and king moves (e1e2).

Given that, it's a list of all possible legal moves from the current position.

### Selecting the Best Move

Given that, let's evaluate some candidate moves:

1. **e4e5**: Advancing the e-pawn to e5. This challenges Black's e6 pawn and opens lines for the Bishop on f1 and Queen on d1. It's an aggressive move that controls the center.
   
   After e4e5, Black might respond with d7d5, attacking the e5 pawn. Then White can play Nc3d5 (if Black plays d5), winning a pawn since the Knight on c3 is attacking e6 and can take d5 with check.

2. **c3d5**: As mentioned earlier, moving the Knight to d5. This attacks e6 and puts pressure on the d5 square. If Black captures d5, then the Knight can take e6 with check, winning a pawn.

   But after c3d5, Black can play c6d5, attacking the Knight. Then White might have to move the Knight back, which might not be ideal.

3. **d2d4**: Advancing the d-pawn to d4. This also controls the center but is more passive than e4e5. It prepares for moves like Bf1d3 or Qd1d4.

4. **g1f3**: Moving the Knight from g1 to f3. This is a common developing move, preparing to castle and connecting the Rooks. It also eyes the e5 and d4 squares.

5. **f1a6**: Moving the Bishop from f1 to a6. This seems odd as it's a long move that doesn't immediately influence the center. It might be to pin something, but not sure.

6. **d1e2**: Moving the Queen to e2. This seems passive; the Queen is better placed in the center.

Among these, e4e5 seems most aggressive and central. It directly challenges Black's e6 pawn and controls the center.

### Considering Black's Possible Responses

If White plays e4e5:
- Black's most natural response is d7d5 (attacking e5 and preparing to develop the Bishop).
  - Then White can play Nc3d5, winning a pawn since Nxe6+ is a fork.
- Alternatively, Black might play c6d5 (if they moved c6 to d5 earlier), but that seems less likely.

Another line: after e4e5, Black plays Ng8f6 (developing the Knight), then White can play Bf1d3, attacking f5.

But the immediate e4e5 seems strong.

### Verifying Other Moves

Let's check if any other move is better:

- c3d5: If Black responds c6d5, then Nc3d5 attacks e6, but after c6d5, Nxd5 is not possible because c6 is already on d5? Wait, no, c3d5 is moving the Knight to d5, and if Black plays c6d5 (moving the pawn to d5), then the Knight at d5 is attacked by the pawn, so White would have to move it back, which is not great.

So e4e5 seems better because it's a pawn move that controls the center and doesn't immediately lose tempo if Black responds correctly.

### Final Decision

After evaluating, the most promising move is **e4e5**. It:
- Advances the central pawn.
- Challenges Black's e6 pawn.
- Prepares
2025-06-12 10:48:49,500 - WARNING - Parsing error: No valid UCI move found in response. Rethink the valid UCI move notation and example we give you. Your answer must follow our example(i.e., adding ``` in the beginning and ending)
2025-06-12 10:48:49,501 - INFO - Attempt 2/5...
2025-06-12 10:48:50,948 - INFO - Raw response from White (api_9) (took 1.45s):
```
e4e5
```
2025-06-12 10:48:50,948 - INFO - Valid move found: e4e5
2025-06-12 10:49:01,269 - INFO - Move e4e5 is not among Stockfish's top 3 recommendations
2025-06-12 10:49:01,269 - INFO - Win rate after move e4e5: 49.90%
2025-06-12 10:49:01,269 - INFO - Move: e4e5
2025-06-12 10:49:01,270 - INFO - Board after move:
r n b q k b n r
p p . p . p p p
. . p . p . . .
. . . . P . . .
. . . . . . . .
. . N . . . . .
P P P P . P P P
R . B Q K B N R
2025-06-12 10:49:03,581 - INFO - Current position win rate for Black: 47.80%
2025-06-12 10:49:11,192 - INFO - Top 3 recommended moves by Stockfish:
2025-06-12 10:49:11,193 - INFO -   1. c5 (c6c5) - Win rate: 50.50%
2025-06-12 10:49:11,193 - INFO -   2. d5 (d7d5) - Win rate: 50.30%
2025-06-12 10:49:11,193 - INFO -   3. d6 (d7d6) - Win rate: 47.90%
2025-06-12 10:49:11,193 - INFO - doubao-1.5-lite's turn (Black) - Move 3
2025-06-12 10:49:11,194 - INFO - Prompt to Black (doubao-1.5-lite):

You are an expert chess player. You are playing a game of chess. You are playing as Black.

Current board position in FEN notation:
rnbqkbnr/pp1p1ppp/2p1p3/4P3/8/2N5/PPPP1PPP/R1BQKBNR b KQkq - 0 3

Move history in UCI notation:e2e4, e7e6, b1c3, c7c6, e4e5


Legal moves in UCI notation: g8e7, g8h6, g8f6, f8e7, f8d6, f8c5, f8b4, f8a3, e8e7, d8e7, d8c7, d8f6, d8b6, d8g5, d8a5, d8h4, b8a6, h7h6, g7g6, f7f6, d7d6, b7b6, a7a6, c6c5, h7h5, g7g5, f7f5, d7d5, b7b5, a7a5

This is a critically urgent match. You must thoroughly analyze the position and play with utmost caution. Leverage your wisdom to secure victory.
When you have the advantage, press it relentlessly and aim for a swift checkmate. Carefully evaluate every move to eliminate any chance of a counterplay or draw by your opponent.
When at a disadvantage, strive to turn the tide and win if possible. If victory is unattainable, exhaust all possible means to force a draw.
Meticulously analyze legal moves, then select the absolute best one.

Considering the long-term strategy and short-term tactic. Analyze the position carefully. You may think through the position and consider multiple candidate moves.
When you have decided on your final move, output it in UCI notation (e.g., 'e2e4', 'g8f6' , 'e7e8q') in the following format:
```
<move>
```

For example:
```
e2e4
```
You can think and reason as much as you want, but your final move must be formatted exactly as shown above.

2025-06-12 10:49:11,194 - INFO - Attempt 1/5...
2025-06-12 10:49:11,940 - INFO - Raw response from Black (doubao-1.5-lite) (took 0.75s):
```
d7d5
```
2025-06-12 10:49:11,940 - INFO - Valid move found: d7d5
2025-06-12 10:49:20,050 - INFO - Move d7d5 is Stockfish's recommendation #2
2025-06-12 10:49:20,050 - INFO - Win rate after move d7d5: 50.30%
2025-06-12 10:49:20,050 - INFO - Move: d7d5
2025-06-12 10:49:20,051 - INFO - Board after move:
r n b q k b n r
p p . . . p p p
. . p . p . . .
. . . p P . . .
. . . . . . . .
. . N . . . . .
P P P P . P P P
R . B Q K B N R
2025-06-12 10:49:23,496 - INFO - Current position win rate for White: 51.10%
2025-06-12 10:49:33,173 - INFO - Top 3 recommended moves by Stockfish:
2025-06-12 10:49:33,174 - INFO -   1. d4 (d2d4) - Win rate: 51.80%
2025-06-12 10:49:33,174 - INFO -   2. Nf3 (g1f3) - Win rate: 50.30%
2025-06-12 10:49:33,174 - INFO -   3. Nce2 (c3e2) - Win rate: 49.40%
2025-06-12 10:49:33,174 - INFO - api_9's turn (White) - Move 4
2025-06-12 10:49:33,174 - INFO - Prompt to White (api_9):

You are an expert chess player. You are playing a game of chess. You are playing as White.

Current board position in FEN notation:
rnbqkbnr/pp3ppp/2p1p3/3pP3/8/2N5/PPPP1PPP/R1BQKBNR w KQkq d6 0 4

Move history in UCI notation:e2e4, e7e6, b1c3, c7c6, e4e5, d7d5


Legal moves in UCI notation: c3d5, c3b5, c3e4, c3a4, c3e2, c3b1, g1h3, g1f3, g1e2, f1a6, f1b5, f1c4, f1d3, f1e2, e1e2, d1h5, d1g4, d1f3, d1e2, a1b1, h2h3, g2g3, f2f3, d2d3, b2b3, a2a3, h2h4, g2g4, f2f4, d2d4, b2b4, a2a4, e5d6

This is a critically urgent match. You must thoroughly analyze the position and play with utmost caution. Leverage your wisdom to secure victory.
When you have the advantage, press it relentlessly and aim for a swift checkmate. Carefully evaluate every move to eliminate any chance of a counterplay or draw by your opponent.
When at a disadvantage, strive to turn the tide and win if possible. If victory is unattainable, exhaust all possible means to force a draw.
Meticulously analyze legal moves, then select the absolute best one.

Considering the long-term strategy and short-term tactic. Analyze the position carefully. You may think through the position and consider multiple candidate moves.
When you have decided on your final move, output it in UCI notation (e.g., 'e2e4', 'g8f6' , 'e7e8q') in the following format:
```
<move>
```

For example:
```
e2e4
```
You can think and reason as much as you want, but your final move must be formatted exactly as shown above.

2025-06-12 10:49:33,174 - INFO - Attempt 1/5...
2025-06-12 10:49:34,103 - INFO - Raw response from White (api_9) (took 0.93s):
```
e5d6
```
2025-06-12 10:49:34,103 - INFO - Valid move found: e5d6
2025-06-12 10:49:45,175 - INFO - Move e5d6 is not among Stockfish's top 3 recommendations
2025-06-12 10:49:45,176 - INFO - Win rate after move e5d6: 49.70%
2025-06-12 10:49:45,176 - INFO - Move: e5d6
2025-06-12 10:49:45,176 - INFO - Board after move:
r n b q k b n r
p p . . . p p p
. . p P p . . .
. . . . . . . .
. . . . . . . .
. . N . . . . .
P P P P . P P P
R . B Q K B N R
2025-06-12 10:49:46,189 - INFO - Current position win rate for Black: 52.50%
2025-06-12 10:49:49,144 - INFO - Top 3 recommended moves by Stockfish:
2025-06-12 10:49:49,144 - INFO -   1. Nf6 (g8f6) - Win rate: 50.60%
2025-06-12 10:49:49,144 - INFO -   2. Bxd6 (f8d6) - Win rate: 49.30%
2025-06-12 10:49:49,144 - INFO -   3. h6 (h7h6) - Win rate: 47.70%
2025-06-12 10:49:49,144 - INFO - doubao-1.5-lite's turn (Black) - Move 4
2025-06-12 10:49:49,145 - INFO - Prompt to Black (doubao-1.5-lite):

You are an expert chess player. You are playing a game of chess. You are playing as Black.

Current board position in FEN notation:
rnbqkbnr/pp3ppp/2pPp3/8/8/2N5/PPPP1PPP/R1BQKBNR b KQkq - 0 4

Move history in UCI notation:e2e4, e7e6, b1c3, c7c6, e4e5, d7d5, e5d6


Legal moves in UCI notation: g8e7, g8h6, g8f6, f8e7, f8d6, e8d7, d8e7, d8d7, d8c7, d8f6, d8d6, d8b6, d8g5, d8a5, d8h4, c8d7, b8d7, b8a6, h7h6, g7g6, f7f6, b7b6, a7a6, e6e5, c6c5, h7h5, g7g5, f7f5, b7b5, a7a5

This is a critically urgent match. You must thoroughly analyze the position and play with utmost caution. Leverage your wisdom to secure victory.
When you have the advantage, press it relentlessly and aim for a swift checkmate. Carefully evaluate every move to eliminate any chance of a counterplay or draw by your opponent.
When at a disadvantage, strive to turn the tide and win if possible. If victory is unattainable, exhaust all possible means to force a draw.
Meticulously analyze legal moves, then select the absolute best one.

Considering the long-term strategy and short-term tactic. Analyze the position carefully. You may think through the position and consider multiple candidate moves.
When you have decided on your final move, output it in UCI notation (e.g., 'e2e4', 'g8f6' , 'e7e8q') in the following format:
```
<move>
```

For example:
```
e2e4
```
You can think and reason as much as you want, but your final move must be formatted exactly as shown above.

2025-06-12 10:49:49,145 - INFO - Attempt 1/5...
2025-06-12 10:49:49,943 - INFO - Raw response from Black (doubao-1.5-lite) (took 0.80s):
```
c6c5
```
2025-06-12 10:49:49,943 - INFO - Valid move found: c6c5
2025-06-12 10:49:55,246 - INFO - Move c6c5 is not among Stockfish's top 3 recommendations
2025-06-12 10:49:55,247 - INFO - Win rate after move c6c5: 42.46%
2025-06-12 10:49:55,247 - INFO - Move: c6c5
2025-06-12 10:49:55,247 - INFO - Board after move:
r n b q k b n r
p p . . . p p p
. . . P p . . .
. . p . . . . .
. . . . . . . .
. . N . . . . .
P P P P . P P P
R . B Q K B N R
2025-06-12 10:50:01,349 - INFO - Current position win rate for White: 58.71%
2025-06-12 10:50:08,869 - INFO - Top 3 recommended moves by Stockfish:
2025-06-12 10:50:08,869 - INFO -   1. d4 (d2d4) - Win rate: 57.44%
2025-06-12 10:50:08,869 - INFO -   2. Nf3 (g1f3) - Win rate: 54.19%
2025-06-12 10:50:08,869 - INFO -   3. Nb5 (c3b5) - Win rate: 53.89%
2025-06-12 10:50:08,869 - INFO - api_9's turn (White) - Move 5
2025-06-12 10:50:08,870 - INFO - Prompt to White (api_9):

You are an expert chess player. You are playing a game of chess. You are playing as White.

Current board position in FEN notation:
rnbqkbnr/pp3ppp/3Pp3/2p5/8/2N5/PPPP1PPP/R1BQKBNR w KQkq - 0 5

Move history in UCI notation:e2e4, e7e6, b1c3, c7c6, e4e5, d7d5, e5d6, c6c5


Legal moves in UCI notation: c3d5, c3b5, c3e4, c3a4, c3e2, c3b1, g1h3, g1f3, g1e2, f1a6, f1b5, f1c4, f1d3, f1e2, e1e2, d1h5, d1g4, d1f3, d1e2, a1b1, d6d7, h2h3, g2g3, f2f3, d2d3, b2b3, a2a3, h2h4, g2g4, f2f4, d2d4, b2b4, a2a4

This is a critically urgent match. You must thoroughly analyze the position and play with utmost caution. Leverage your wisdom to secure victory.
When you have the advantage, press it relentlessly and aim for a swift checkmate. Carefully evaluate every move to eliminate any chance of a counterplay or draw by your opponent.
When at a disadvantage, strive to turn the tide and win if possible. If victory is unattainable, exhaust all possible means to force a draw.
Meticulously analyze legal moves, then select the absolute best one.

Considering the long-term strategy and short-term tactic. Analyze the position carefully. You may think through the position and consider multiple candidate moves.
When you have decided on your final move, output it in UCI notation (e.g., 'e2e4', 'g8f6' , 'e7e8q') in the following format:
```
<move>
```

For example:
```
e2e4
```
You can think and reason as much as you want, but your final move must be formatted exactly as shown above.

2025-06-12 10:50:08,870 - INFO - Attempt 1/5...
2025-06-12 10:50:30,509 - INFO - Raw response from White (api_9) (took 21.64s):
Let's analyze the position carefully:

1. Current position evaluation:
- Material: Equal (both have 1 queen, 2 rooks, 2 knights, 1 bishop, 8 pawns)
- White has a slight space advantage in the center
- Black's queen is slightly exposed on c8
- White's knight on c3 is well placed
- The d6-pawn is advanced but vulnerable

2. Key strategic considerations:
- The d6-pawn is a target (it's only protected by the queen)
- White's queen can potentially join the attack via d1 or e2
- Black's king is still in the center but has no immediate threats
- Need to maintain pressure while developing pieces harmoniously

3. Evaluating the legal moves:
- d1h5/d1g4/d1f3/d1e2: Queen moves - d1h5 is interesting to attack the d6-pawn directly
- c3d5: Knight move to continue pressure on d6
- g1h3/g1f3: King's knight development - g1f3 maintains more options
- f1a6/f1b5: Bishop moves - f1b5 attacks the weak d6-pawn
- e1e2: King move - passive but safe
- Other moves are either passive or don't contribute to immediate goals

4. Best candidate moves:
- d1h5: Direct assault on the d6-pawn with Qh5+ if they capture
- f1b5: Bishop move to pin and attack d6
- g1f3: Develop knight while maintaining pressure

5. Deep analysis of d1h5:
After Qd1-h5:
- Threatens Qxh7+
- If Black plays g7-g6, then Qh5-h4 threatens mate
- If Black captures d6xe5, Qh5-h7+ forces Kf8 then Qh7-h8+
- Also maintains control of the central light squares

This move creates immediate threats and forces Black to react defensively, maintaining the initiative.

The absolute best move is:
```
d1h5
```
2025-06-12 10:50:30,509 - INFO - Valid move found: d1h5
2025-06-12 10:50:42,245 - INFO - Move d1h5 is not among Stockfish's top 3 recommendations
2025-06-12 10:50:42,245 - INFO - Win rate after move d1h5: 47.60%
2025-06-12 10:50:42,246 - INFO - Move: d1h5
2025-06-12 10:50:42,246 - INFO - Board after move:
r n b q k b n r
p p . . . p p p
. . . P p . . .
. . p . . . . Q
. . . . . . . .
. . N . . . . .
P P P P . P P P
R . B . K B N R
2025-06-12 10:50:45,353 - INFO - Current position win rate for Black: 52.30%
2025-06-12 10:50:52,257 - INFO - Top 3 recommended moves by Stockfish:
2025-06-12 10:50:52,258 - INFO -   1. Bxd6 (f8d6) - Win rate: 53.10%
2025-06-12 10:50:52,258 - INFO -   2. Qxd6 (d8d6) - Win rate: 52.00%
2025-06-12 10:50:52,258 - INFO -   3. Nc6 (b8c6) - Win rate: 49.00%
2025-06-12 10:50:52,258 - INFO - doubao-1.5-lite's turn (Black) - Move 5
2025-06-12 10:50:52,258 - INFO - Prompt to Black (doubao-1.5-lite):

You are an expert chess player. You are playing a game of chess. You are playing as Black.

Current board position in FEN notation:
rnbqkbnr/pp3ppp/3Pp3/2p4Q/8/2N5/PPPP1PPP/R1B1KBNR b KQkq - 1 5

Move history in UCI notation:e2e4, e7e6, b1c3, c7c6, e4e5, d7d5, e5d6, c6c5, d1h5


Legal moves in UCI notation: g8e7, g8h6, g8f6, f8e7, f8d6, e8d7, d8e7, d8d7, d8c7, d8f6, d8d6, d8b6, d8g5, d8a5, d8h4, c8d7, b8d7, b8c6, b8a6, h7h6, g7g6, b7b6, a7a6, e6e5, c5c4, g7g5, b7b5, a7a5

This is a critically urgent match. You must thoroughly analyze the position and play with utmost caution. Leverage your wisdom to secure victory.
When you have the advantage, press it relentlessly and aim for a swift checkmate. Carefully evaluate every move to eliminate any chance of a counterplay or draw by your opponent.
When at a disadvantage, strive to turn the tide and win if possible. If victory is unattainable, exhaust all possible means to force a draw.
Meticulously analyze legal moves, then select the absolute best one.

Considering the long-term strategy and short-term tactic. Analyze the position carefully. You may think through the position and consider multiple candidate moves.
When you have decided on your final move, output it in UCI notation (e.g., 'e2e4', 'g8f6' , 'e7e8q') in the following format:
```
<move>
```

For example:
```
e2e4
```
You can think and reason as much as you want, but your final move must be formatted exactly as shown above.

2025-06-12 10:50:52,258 - INFO - Attempt 1/5...
2025-06-12 10:50:53,004 - INFO - Raw response from Black (doubao-1.5-lite) (took 0.75s):
```
c5c4
```
2025-06-12 10:50:53,005 - INFO - Valid move found: c5c4
2025-06-12 10:51:01,868 - INFO - Move c5c4 is not among Stockfish's top 3 recommendations
2025-06-12 10:51:01,868 - INFO - Win rate after move c5c4: 39.94%
2025-06-12 10:51:01,868 - INFO - Move: c5c4
2025-06-12 10:51:01,868 - INFO - Board after move:
r n b q k b n r
p p . . . p p p
. . . P p . . .
. . . . . . . Q
. . p . . . . .
. . N . . . . .
P P P P . P P P
R . B . K B N R
2025-06-12 10:51:04,508 - INFO - Current position win rate for White: 61.87%
2025-06-12 10:51:10,869 - INFO - Top 3 recommended moves by Stockfish:
2025-06-12 10:51:10,870 - INFO -   1. Nb5 (c3b5) - Win rate: 62.25%
2025-06-12 10:51:10,870 - INFO -   2. Bxc4 (f1c4) - Win rate: 61.96%
2025-06-12 10:51:10,870 - INFO -   3. Nf3 (g1f3) - Win rate: 59.19%
2025-06-12 10:51:10,870 - INFO - api_9's turn (White) - Move 6
2025-06-12 10:51:10,870 - INFO - Prompt to White (api_9):

You are an expert chess player. You are playing a game of chess. You are playing as White.

Current board position in FEN notation:
rnbqkbnr/pp3ppp/3Pp3/7Q/2p5/2N5/PPPP1PPP/R1B1KBNR w KQkq - 0 6

Move history in UCI notation:e2e4, e7e6, b1c3, c7c6, e4e5, d7d5, e5d6, c6c5, d1h5, c5c4


Legal moves in UCI notation: h5h7, h5f7, h5h6, h5g6, h5g5, h5f5, h5e5, h5d5, h5c5, h5b5, h5a5, h5h4, h5g4, h5h3, h5f3, h5e2, h5d1, c3d5, c3b5, c3e4, c3a4, c3e2, c3d1, c3b1, g1h3, g1f3, g1e2, f1c4, f1d3, f1e2, e1e2, e1d1, a1b1, d6d7, h2h3, g2g3, f2f3, d2d3, b2b3, a2a3, h2h4, g2g4, f2f4, d2d4, b2b4, a2a4

This is a critically urgent match. You must thoroughly analyze the position and play with utmost caution. Leverage your wisdom to secure victory.
When you have the advantage, press it relentlessly and aim for a swift checkmate. Carefully evaluate every move to eliminate any chance of a counterplay or draw by your opponent.
When at a disadvantage, strive to turn the tide and win if possible. If victory is unattainable, exhaust all possible means to force a draw.
Meticulously analyze legal moves, then select the absolute best one.

Considering the long-term strategy and short-term tactic. Analyze the position carefully. You may think through the position and consider multiple candidate moves.
When you have decided on your final move, output it in UCI notation (e.g., 'e2e4', 'g8f6' , 'e7e8q') in the following format:
```
<move>
```

For example:
```
e2e4
```
You can think and reason as much as you want, but your final move must be formatted exactly as shown above.

2025-06-12 10:51:10,871 - INFO - Attempt 1/5...
2025-06-12 10:51:29,471 - INFO - Raw response from White (api_9) (took 18.60s):
Let's analyze the position carefully to determine the best move for White.

Current Position Analysis:
1. Material: Equal (both sides have all their pieces except Black is down a pawn)
2. Position: White has a strong attack developing against Black's king
3. Piece Activity: White's pieces are more active and coordinated
4. King Safety: Black's king is still in the center while White's is safely castled

The FEN shows we're at move 6 (the last number in FEN). The move history shows an aggressive opening with White already having a strong initiative. The queen is on h5 attacking f7 and e6, while the knight on c3 is well placed.

Looking at the legal moves, White has several promising options, but we need to find the most forcing and decisive move.

Key Candidate Moves:
1. h5h7 - This would be checkmate if Black's king had no squares, but the king can escape to g8
2. h5f7 - This would be a strong knight sacrifice opening lines toward the king
3. c3e4 - Improving the knight's position and preparing for more attacks
4. g1h3 - Developing the bishop with tempo against the king

Best Move Evaluation:
The most powerful move here is h5f7+. This knight sacrifice:
- Opens lines toward Black's king
- Forces Black to respond defensively
- Continues White's attacking momentum
- Leads to a very strong positional advantage even if not immediately decisive

Black's king is still in the center and vulnerable. The knight sacrifice on f7 will make it extremely difficult for Black to organize their defense while White can bring more pieces into the attack.

Other moves like h5h7 would be premately since the king can escape, and more deliberate play is needed to maintain the initiative.

Final Decision:
```
h5f7
```
2025-06-12 10:51:29,471 - INFO - Valid move found: h5f7
2025-06-12 10:51:37,077 - INFO - Move h5f7 is not among Stockfish's top 3 recommendations
2025-06-12 10:51:37,077 - INFO - Win rate after move h5f7: 3.54%
2025-06-12 10:51:37,077 - INFO - Move: h5f7
2025-06-12 10:51:37,078 - INFO - Board after move:
r n b q k b n r
p p . . . Q p p
. . . P p . . .
. . . . . . . .
. . p . . . . .
. . N . . . . .
P P P P . P P P
R . B . K B N R
2025-06-12 10:51:38,109 - INFO - Current position win rate for Black: 96.23%
2025-06-12 10:51:39,150 - INFO - Top 3 recommended moves by Stockfish:
2025-06-12 10:51:39,150 - INFO -   1. Kxf7 (e8f7) - Win rate: 96.23%
2025-06-12 10:51:39,150 - INFO - doubao-1.5-lite's turn (Black) - Move 6
2025-06-12 10:51:39,151 - INFO - Prompt to Black (doubao-1.5-lite):

You are an expert chess player. You are playing a game of chess. You are playing as Black.

Current board position in FEN notation:
rnbqkbnr/pp3Qpp/3Pp3/8/2p5/2N5/PPPP1PPP/R1B1KBNR b KQkq - 0 6

Move history in UCI notation:e2e4, e7e6, b1c3, c7c6, e4e5, d7d5, e5d6, c6c5, d1h5, c5c4, h5f7


Legal moves in UCI notation: e8f7

This is a critically urgent match. You must thoroughly analyze the position and play with utmost caution. Leverage your wisdom to secure victory.
When you have the advantage, press it relentlessly and aim for a swift checkmate. Carefully evaluate every move to eliminate any chance of a counterplay or draw by your opponent.
When at a disadvantage, strive to turn the tide and win if possible. If victory is unattainable, exhaust all possible means to force a draw.
Meticulously analyze legal moves, then select the absolute best one.

Considering the long-term strategy and short-term tactic. Analyze the position carefully. You may think through the position and consider multiple candidate moves.
When you have decided on your final move, output it in UCI notation (e.g., 'e2e4', 'g8f6' , 'e7e8q') in the following format:
```
<move>
```

For example:
```
e2e4
```
You can think and reason as much as you want, but your final move must be formatted exactly as shown above.

2025-06-12 10:51:39,151 - INFO - Attempt 1/5...
2025-06-12 10:51:39,845 - INFO - Raw response from Black (doubao-1.5-lite) (took 0.69s):
```
e8f7
```
2025-06-12 10:51:39,845 - INFO - Valid move found: e8f7
2025-06-12 10:51:40,892 - INFO - Move e8f7 is Stockfish's recommendation #1
2025-06-12 10:51:40,893 - INFO - Win rate after move e8f7: 96.23%
2025-06-12 10:51:40,893 - INFO - Move: e8f7
2025-06-12 10:51:40,893 - INFO - Board after move:
r n b q . b n r
p p . . . k p p
. . . P p . . .
. . . . . . . .
. . p . . . . .
. . N . . . . .
P P P P . P P P
R . B . K B N R
2025-06-12 10:51:43,357 - INFO - Current position win rate for White: 3.86%
2025-06-12 10:51:50,679 - INFO - Top 3 recommended moves by Stockfish:
2025-06-12 10:51:50,679 - INFO -   1. Bxc4 (f1c4) - Win rate: 3.60%
2025-06-12 10:51:50,679 - INFO -   2. Nf3 (g1f3) - Win rate: 3.60%
2025-06-12 10:51:50,679 - INFO -   3. d3 (d2d3) - Win rate: 2.87%
2025-06-12 10:51:50,679 - INFO - api_9's turn (White) - Move 7
2025-06-12 10:51:50,680 - INFO - Prompt to White (api_9):

You are an expert chess player. You are playing a game of chess. You are playing as White.

Current board position in FEN notation:
rnbq1bnr/pp3kpp/3Pp3/8/2p5/2N5/PPPP1PPP/R1B1KBNR w KQ - 0 7

Move history in UCI notation:e2e4, e7e6, b1c3, c7c6, e4e5, d7d5, e5d6, c6c5, d1h5, c5c4, h5f7, e8f7


Legal moves in UCI notation: c3d5, c3b5, c3e4, c3a4, c3e2, c3d1, c3b1, g1h3, g1f3, g1e2, f1c4, f1d3, f1e2, e1e2, e1d1, a1b1, d6d7, h2h3, g2g3, f2f3, d2d3, b2b3, a2a3, h2h4, g2g4, f2f4, d2d4, b2b4, a2a4

This is a critically urgent match. You must thoroughly analyze the position and play with utmost caution. Leverage your wisdom to secure victory.
When you have the advantage, press it relentlessly and aim for a swift checkmate. Carefully evaluate every move to eliminate any chance of a counterplay or draw by your opponent.
When at a disadvantage, strive to turn the tide and win if possible. If victory is unattainable, exhaust all possible means to force a draw.
Meticulously analyze legal moves, then select the absolute best one.

Considering the long-term strategy and short-term tactic. Analyze the position carefully. You may think through the position and consider multiple candidate moves.
When you have decided on your final move, output it in UCI notation (e.g., 'e2e4', 'g8f6' , 'e7e8q') in the following format:
```
<move>
```

For example:
```
e2e4
```
You can think and reason as much as you want, but your final move must be formatted exactly as shown above.

2025-06-12 10:51:50,680 - INFO - Attempt 1/5...
2025-06-12 10:52:13,199 - INFO - Raw response from White (api_9) (took 22.52s):
Let's analyze the position carefully to determine the best move for White.

Current position (FEN): rnbq1bnr/pp3kpp/3Pp3/8/2p5/2N5/PPPP1PPP/R1B1KBNR w KQ - 0 7

From the move history, we can see the game has proceeded as follows:
1. e2e4 (King's Pawn opening)
2. e7e6 (Black responds with e6)
3. b1c3 (White develops Knight to c3)
4. c7c6 (Black develops c-pawn)
5. e4e5 (White advances e-pawn)
6. d7d5 (Black advances d-pawn)
7. e5d6 (White captures d5 with pawn)
8. c6c5 (Black advances c5)
9. d1h5 (White develops Queen to h5)
10. c5c4 (Black advances c4)
11. h5f7 (White captures f7 with Queen)
12. e8f7 (Black recaptures with King)

The current position shows:
- White has just captured on f7 with their Queen, and Black has recaptured with their King
- The Black King is now exposed on f7
- White has a strong development advantage with all pieces except the light-squared Bishop developed
- The Black Queen is still on her original square (a8)
- White has a lead in development and an exposed Black King to attack

Looking at the legal moves, we need to find the most aggressive continuation that presses our advantage while minimizing counterplay.

Top candidates would be moves that:
1. Continue the attack on the exposed Black King
2. Prevent Black from consolidating their position
3. Maintain our development advantage

The strongest move appears to be:

```
f1c4
```

This move:
1. Develops the Bishop to c4, adding another attacker to the Kingside
2. Eyes the a6-f1 diagonal and squares like g6 and h7
3. Prepares possible future moves like Bb3 or Bd5
4. Maintains the attack while completing our development
5. Puts additional pressure on Black's position which is already under stress from the exposed King

Other moves like g1h3 or g1f3 (Kingside castle or Knight moves) would be less aggressive when we have an exposed King to attack. The Bishop move to c4 is the most forceful and coordinates well with our other pieces.

The position is critical and we must press our advantage while the Black King is exposed. The Bishop move to c4 is the strongest continuation.
2025-06-12 10:52:13,199 - INFO - Valid move found: f1c4
2025-06-12 10:52:20,388 - INFO - Move f1c4 is Stockfish's recommendation #1
2025-06-12 10:52:20,388 - INFO - Win rate after move f1c4: 3.60%
2025-06-12 10:52:20,389 - INFO - Move: f1c4
2025-06-12 10:52:20,389 - INFO - Board after move:
r n b q . b n r
p p . . . k p p
. . . P p . . .
. . . . . . . .
. . B . . . . .
. . N . . . . .
P P P P . P P P
R . B . K . N R
2025-06-12 10:52:23,948 - INFO - Current position win rate for Black: 96.60%
2025-06-12 10:52:30,457 - INFO - Top 3 recommended moves by Stockfish:
2025-06-12 10:52:30,458 - INFO -   1. Nc6 (b8c6) - Win rate: 96.50%
2025-06-12 10:52:30,458 - INFO -   2. Bxd6 (f8d6) - Win rate: 96.36%
2025-06-12 10:52:30,458 - INFO -   3. h6 (h7h6) - Win rate: 96.36%
2025-06-12 10:52:30,458 - INFO - doubao-1.5-lite's turn (Black) - Move 7
2025-06-12 10:52:30,458 - INFO - Prompt to Black (doubao-1.5-lite):

You are an expert chess player. You are playing a game of chess. You are playing as Black.

Current board position in FEN notation:
rnbq1bnr/pp3kpp/3Pp3/8/2B5/2N5/PPPP1PPP/R1B1K1NR b KQ - 0 7

Move history in UCI notation:e2e4, e7e6, b1c3, c7c6, e4e5, d7d5, e5d6, c6c5, d1h5, c5c4, h5f7, e8f7, f1c4


Legal moves in UCI notation: g8e7, g8h6, g8f6, f8e7, f8d6, d8e8, d8e7, d8d7, d8c7, d8f6, d8d6, d8b6, d8g5, d8a5, d8h4, c8d7, b8d7, b8c6, b8a6, f7e8, f7g6, f7f6, h7h6, g7g6, b7b6, a7a6, h7h5, g7g5, b7b5, a7a5

This is a critically urgent match. You must thoroughly analyze the position and play with utmost caution. Leverage your wisdom to secure victory.
When you have the advantage, press it relentlessly and aim for a swift checkmate. Carefully evaluate every move to eliminate any chance of a counterplay or draw by your opponent.
When at a disadvantage, strive to turn the tide and win if possible. If victory is unattainable, exhaust all possible means to force a draw.
Meticulously analyze legal moves, then select the absolute best one.

Considering the long-term strategy and short-term tactic. Analyze the position carefully. You may think through the position and consider multiple candidate moves.
When you have decided on your final move, output it in UCI notation (e.g., 'e2e4', 'g8f6' , 'e7e8q') in the following format:
```
<move>
```

For example:
```
e2e4
```
You can think and reason as much as you want, but your final move must be formatted exactly as shown above.

2025-06-12 10:52:30,458 - INFO - Attempt 1/5...
2025-06-12 10:52:31,176 - INFO - Raw response from Black (doubao-1.5-lite) (took 0.72s):
```
g8f6
```
2025-06-12 10:52:31,176 - INFO - Valid move found: g8f6
2025-06-12 10:52:41,557 - INFO - Move g8f6 is not among Stockfish's top 3 recommendations
2025-06-12 10:52:41,557 - INFO - Win rate after move g8f6: 96.47%
2025-06-12 10:52:41,557 - INFO - Move: g8f6
2025-06-12 10:52:41,558 - INFO - Board after move:
r n b q . b . r
p p . . . k p p
. . . P p n . .
. . . . . . . .
. . B . . . . .
. . N . . . . .
P P P P . P P P
R . B . K . N R
2025-06-12 10:52:47,385 - INFO - Current position win rate for White: 3.49%
2025-06-12 10:53:00,179 - INFO - Top 3 recommended moves by Stockfish:
2025-06-12 10:53:00,179 - INFO -   1. Nf3 (g1f3) - Win rate: 3.58%
2025-06-12 10:53:00,179 - INFO -   2. d4 (d2d4) - Win rate: 3.54%
2025-06-12 10:53:00,180 - INFO -   3. d3 (d2d3) - Win rate: 3.48%
2025-06-12 10:53:00,180 - INFO - api_9's turn (White) - Move 8
2025-06-12 10:53:00,180 - INFO - Prompt to White (api_9):

You are an expert chess player. You are playing a game of chess. You are playing as White.

Current board position in FEN notation:
rnbq1b1r/pp3kpp/3Ppn2/8/2B5/2N5/PPPP1PPP/R1B1K1NR w KQ - 1 8

Move history in UCI notation:e2e4, e7e6, b1c3, c7c6, e4e5, d7d5, e5d6, c6c5, d1h5, c5c4, h5f7, e8f7, f1c4, g8f6


Legal moves in UCI notation: c4e6, c4a6, c4d5, c4b5, c4d3, c4b3, c4e2, c4f1, c3d5, c3b5, c3e4, c3a4, c3e2, c3d1, c3b1, g1h3, g1f3, g1e2, e1e2, e1f1, e1d1, a1b1, d6d7, h2h3, g2g3, f2f3, d2d3, b2b3, a2a3, h2h4, g2g4, f2f4, d2d4, b2b4, a2a4

This is a critically urgent match. You must thoroughly analyze the position and play with utmost caution. Leverage your wisdom to secure victory.
When you have the advantage, press it relentlessly and aim for a swift checkmate. Carefully evaluate every move to eliminate any chance of a counterplay or draw by your opponent.
When at a disadvantage, strive to turn the tide and win if possible. If victory is unattainable, exhaust all possible means to force a draw.
Meticulously analyze legal moves, then select the absolute best one.

Considering the long-term strategy and short-term tactic. Analyze the position carefully. You may think through the position and consider multiple candidate moves.
When you have decided on your final move, output it in UCI notation (e.g., 'e2e4', 'g8f6' , 'e7e8q') in the following format:
```
<move>
```

For example:
```
e2e4
```
You can think and reason as much as you want, but your final move must be formatted exactly as shown above.

2025-06-12 10:53:00,180 - INFO - Attempt 1/5...
2025-06-12 10:53:46,513 - INFO - Raw response from White (api_9) (took 46.33s):
Let me analyze this position carefully.

Current FEN: rnbq1b1r/pp3kpp/3Ppn2/8/2B5/2N5/PPPP1PPP/R1B1K1NR w KQ - 1 8

Key observations:
1. White has a significant material advantage: Queen for bishop (after next move)
2. The black king is exposed after Qf7 was captured
3. Black's pieces are poorly coordinated
4. White has multiple attacking possibilities

The move history shows that after a complex opening, we've reached a position where White is about to capture Black's queen with our bishop (c4e6 would capture the queen on f6, but that's not directly available yet).

Looking at the legal moves, the most critical ones involve attacking the exposed black king. The move c4e6 would capture Black's queen (on f6), but that's not directly available yet since our bishop is on c4. However, we can bring our queen into the attack.

Wait, actually looking again - the queen is on d8, but our bishop on c4 can capture the knight on f6 which is protecting the queen. But the queen is on f6 in this position? Wait no, the FEN shows the queen is still on d8 (rnbq1b1r). So the queen hasn't moved yet.

Wait, looking at the move history, the last moves were:
- d1h5 (queen move)
- c5c4 (black pawn move)
- h5f7 (queen captures on f7)
- e8f7 (king moves)
- f1c4 (bishop moves)

So in the current position, the white queen is on f7 (having just captured there), and the black king is on f7. So we have just delivered checkmate? Wait no, because the black king is on f8 originally, but in the FEN it shows the king is on f7 (f7 is black's piece in the FEN: rnbq1b1r/pp3kpp/... shows f7 is occupied by black's king).

Wait, no - the FEN shows the current position after the moves. Let me parse the FEN correctly:

rnbq1b1r - Black's pieces on 1st rank
pp3kpp - Black's pawns on 2nd rank, king on g8 (but wait, no - the FEN shows "pp3kpp" which is 7th rank for White, 2nd for Black. The king is on f7 in this position.

Wait, I think I'm getting confused. Let me clarify:

In FEN notation, the 6th position is White's 2nd rank (pawns), 7th is White's 1st rank (pieces). So in "pp3kpp", this is Black's 7th rank (our 2nd rank), showing black pawns with a king on f7.

So the current position has:
- White queen on f7 (from move history)
- Black king on f7
- So this is checkmate? Because the king is on f7 and the queen is attacking it with no escape squares.

Wait, but the FEN shows the king is on f7 ("pp3kpp" - the k is on the 5th file of the 7th rank), and White's queen is on f7 from the move h5f7. So yes, this would be checkmate.

But the game isn't over yet, so I must be misunderstanding. Maybe the queen is on f7 but the king is on g8? Let me re-examine the FEN.

The FEN is: rnbq1b1r/pp3kpp/3Ppn2/8/2B5/2N5/PPPP1PPP/R1B1K1NR

Breaking it down:
1. rnbq1b1r - Black's back rank
2. pp3kpp - Black's pawns on 7th rank (2nd for Black), with king on f7 (position 5 of this rank)
3. 3Ppn2 - White's pieces on 6th rank: d6 pawn, pawn, f6 knight
4. 8 - 5th rank empty
5. 2B5 - 4th rank has Bishop on c4
6. 2N5 - 3rd rank has Knight on c3
7. PPPP1PPP - 2nd rank pawns
8. R1B1K1NR - 1st rank: Rook, Bishop, King, empty, Knight, Rook

Wait, this shows White's king is on e1 (from R1B1K1NR - the K is on position 5 of the 1st rank).

So the position is:
- White queen is on f7 (from move history)
- Black king is on f7 (from FEN)
- So this is impossible - they can't be on the same square.

Ah, I see the confusion. The move history shows "h5f7" (queen moves from h5 to f7), but the FEN shows the king is on f7. So this must mean that after the queen captured on f7, the black king moved to g8, but that's not reflected in the FEN.

Wait, the move history shows:
- h5f7 (queen captures on f7)
- e8f7 (black king moves to f7?)

No, that can't be. The move history shows:
- e2e4, e7e6, b1c3, c7c6, e4e5, d7d5, e5d6, c6c5, d1h5, c5c4, h5f7, e8f7, f1c4

So after White's queen moves to f7 (h5f7), Black responds with e8f7 (king moves to f7? No, e8 is Black's back rank. So Black's king was on e8, and moved to f7? But that would be moving into check from the white queen on f7.

This suggests the move history might be incorrect or incomplete. Given this confusion, I'll focus on the current FEN position which shows:
- Black king on f7
- White queen on f7 (from move history)
- Which would mean checkmate, but since the game isn't over, this must not be the case.

Given this confusion, I'll look at the legal moves provided. The fact that "c4e6" is a legal move suggests that the bishop on c4 can capture on e6, which would be the knight on f6 (but e6 is a square, not a piece).

Wait, UCI notation is source then destination. So c4e6 means bishop moves from c4 to e6. But what's on e6? In the FEN, the 3rd rank is "3Ppn2" which is White's 6th rank (3rd rank for them), showing pawn on d6, pawn, then f6 is knight.

So c4e6 would capture the black knight on f6. That's a good move, as it:
1. Captures a knight
2. Opens lines against the black king
3. Leads to a discovered attack on the queen?

Wait, the queen is on d8 in this position (from FEN's first rank "rnbq1b1r" - queen is on b8? No, the queen is on d8 in standard setup, which would be the 4th piece in the first rank.

Wait, the first part of FEN "rnbq1b1r" shows:
- r (rook), n (knight), b (bishop), q (queen) on b8, then 1 (empty), b (bishop), r (rook) on h8.

So queen is on d8.

So c4e6 would capture the knight on f6, which is defending the queen on d8. After capturing, our bishop on e6 would attack the queen on d8, and also the king on f7 is exposed.

This seems like the strongest move. Other candidates:
- c3e4 (knight moves to e4, attacking the queen)
- g1f3 (developing knight)
But c4e6 seems most forcing.

After capturing the knight, we'll have bishop on e6 attacking queen and king, and can follow up with Bh3 or other moves.

Therefore, the best move is:

c4e6
2025-06-12 10:53:46,514 - WARNING - Parsing error: No valid UCI move found in response. Rethink the valid UCI move notation and example we give you. Your answer must follow our example(i.e., adding ``` in the beginning and ending)
2025-06-12 10:53:46,514 - INFO - Attempt 2/5...
2025-06-12 10:53:47,888 - INFO - Raw response from White (api_9) (took 1.37s):
```
c4e6
```
2025-06-12 10:53:47,888 - INFO - Valid move found: c4e6
2025-06-12 10:54:04,476 - INFO - Move c4e6 is not among Stockfish's top 3 recommendations
2025-06-12 10:54:04,476 - INFO - Win rate after move c4e6: 0.65%
2025-06-12 10:54:04,476 - INFO - Move: c4e6
2025-06-12 10:54:04,476 - INFO - Board after move:
r n b q . b . r
p p . . . k p p
. . . P B n . .
. . . . . . . .
. . . . . . . .
. . N . . . . .
P P P P . P P P
R . B . K . N R
2025-06-12 10:54:09,294 - INFO - Current position win rate for Black: 99.38%
2025-06-12 10:54:17,479 - INFO - Top 3 recommended moves by Stockfish:
2025-06-12 10:54:17,479 - INFO -   1. Bxe6 (c8e6) - Win rate: 99.30%
2025-06-12 10:54:17,479 - INFO -   2. Kxe6 (f7e6) - Win rate: 99.13%
2025-06-12 10:54:17,480 - INFO -   3. Kg6 (f7g6) - Win rate: 96.35%
2025-06-12 10:54:17,480 - INFO - doubao-1.5-lite's turn (Black) - Move 8
2025-06-12 10:54:17,480 - INFO - Prompt to Black (doubao-1.5-lite):

You are an expert chess player. You are playing a game of chess. You are playing as Black.

Current board position in FEN notation:
rnbq1b1r/pp3kpp/3PBn2/8/8/2N5/PPPP1PPP/R1B1K1NR b KQ - 0 8

Move history in UCI notation:e2e4, e7e6, b1c3, c7c6, e4e5, d7d5, e5d6, c6c5, d1h5, c5c4, h5f7, e8f7, f1c4, g8f6, c4e6


Legal moves in UCI notation: f7e8, f7g6, f7e6, c8e6

This is a critically urgent match. You must thoroughly analyze the position and play with utmost caution. Leverage your wisdom to secure victory.
When you have the advantage, press it relentlessly and aim for a swift checkmate. Carefully evaluate every move to eliminate any chance of a counterplay or draw by your opponent.
When at a disadvantage, strive to turn the tide and win if possible. If victory is unattainable, exhaust all possible means to force a draw.
Meticulously analyze legal moves, then select the absolute best one.

Considering the long-term strategy and short-term tactic. Analyze the position carefully. You may think through the position and consider multiple candidate moves.
When you have decided on your final move, output it in UCI notation (e.g., 'e2e4', 'g8f6' , 'e7e8q') in the following format:
```
<move>
```

For example:
```
e2e4
```
You can think and reason as much as you want, but your final move must be formatted exactly as shown above.

2025-06-12 10:54:17,480 - INFO - Attempt 1/5...
2025-06-12 10:54:18,222 - INFO - Raw response from Black (doubao-1.5-lite) (took 0.74s):
```
c8e6
```
2025-06-12 10:54:18,222 - INFO - Valid move found: c8e6
2025-06-12 10:54:26,167 - INFO - Move c8e6 is Stockfish's recommendation #1
2025-06-12 10:54:26,167 - INFO - Win rate after move c8e6: 99.30%
2025-06-12 10:54:26,167 - INFO - Move: c8e6
2025-06-12 10:54:26,167 - INFO - Board after move:
r n . q . b . r
p p . . . k p p
. . . P b n . .
. . . . . . . .
. . . . . . . .
. . N . . . . .
P P P P . P P P
R . B . K . N R
2025-06-12 10:54:32,798 - INFO - Current position win rate for White: 0.64%
2025-06-12 10:54:45,289 - INFO - Top 3 recommended moves by Stockfish:
2025-06-12 10:54:45,289 - INFO -   1. Nf3 (g1f3) - Win rate: 0.65%
2025-06-12 10:54:45,289 - INFO -   2. d4 (d2d4) - Win rate: 0.61%
2025-06-12 10:54:45,289 - INFO -   3. d3 (d2d3) - Win rate: 0.58%
2025-06-12 10:54:45,289 - INFO - api_9's turn (White) - Move 9
2025-06-12 10:54:45,289 - INFO - Prompt to White (api_9):

You are an expert chess player. You are playing a game of chess. You are playing as White.

Current board position in FEN notation:
rn1q1b1r/pp3kpp/3Pbn2/8/8/2N5/PPPP1PPP/R1B1K1NR w KQ - 0 9

Move history in UCI notation:e2e4, e7e6, b1c3, c7c6, e4e5, d7d5, e5d6, c6c5, d1h5, c5c4, h5f7, e8f7, f1c4, g8f6, c4e6, c8e6


Legal moves in UCI notation: c3d5, c3b5, c3e4, c3a4, c3e2, c3d1, c3b1, g1h3, g1f3, g1e2, e1e2, e1f1, e1d1, a1b1, d6d7, h2h3, g2g3, f2f3, d2d3, b2b3, a2a3, h2h4, g2g4, f2f4, d2d4, b2b4, a2a4

This is a critically urgent match. You must thoroughly analyze the position and play with utmost caution. Leverage your wisdom to secure victory.
When you have the advantage, press it relentlessly and aim for a swift checkmate. Carefully evaluate every move to eliminate any chance of a counterplay or draw by your opponent.
When at a disadvantage, strive to turn the tide and win if possible. If victory is unattainable, exhaust all possible means to force a draw.
Meticulously analyze legal moves, then select the absolute best one.

Considering the long-term strategy and short-term tactic. Analyze the position carefully. You may think through the position and consider multiple candidate moves.
When you have decided on your final move, output it in UCI notation (e.g., 'e2e4', 'g8f6' , 'e7e8q') in the following format:
```
<move>
```

For example:
```
e2e4
```
You can think and reason as much as you want, but your final move must be formatted exactly as shown above.

2025-06-12 10:54:45,290 - INFO - Attempt 1/5...
2025-06-12 10:54:59,193 - INFO - Raw response from White (api_9) (took 13.90s):
Let me analyze this position carefully.

Current FEN: rn1q1b1r/pp3kpp/3Pbn2/8/8/2N5/PPPP1PPP/R1B1K1NR w KQ - 0 9

This is a complex position with several factors to consider:

1. Material is roughly equal, though Black has a dangerous-looking bishop pair.
2. White's knight is well-placed on c3, attacking the black queen.
3. Black's king is still in the center, making it potentially vulnerable.
4. The f7-square is weakly defended (protected only by the king).
5. Black's queen on d8 is under attack and must move soon.
6. The black bishop on e6 is hanging and could be a target.

Looking at the legal moves, I need to find the one that best exploits Black's weaknesses while protecting my own position. The most critical line appears to be:

- If I play c3d5, attacking the black queen again while also eyeing the f7-square. Black would have to respond to the queen being attacked (probably with Qd8-b6), but then I could follow up with Nf3 or other moves.

But let's consider the most forcing move: c3e4. This would:
1. Fork the black queen and the bishop on e6
2. Threaten to win the bishop on e6
3. Put pressure on f7

However, this might not be the most precise as Black could respond with Qd8-b6+, attacking my rook.

Another strong candidate is g1h3 (Ng1-h3), preparing to attack the black king by f2-f4 and h2-h4, creating a mating net.

But the most precise move seems to be c3e4. Here's why:

1. It attacks both the black queen and the hanging bishop on e6
2. If Black moves the queen (Qd8-b6+), I can play Ke2, keeping the attack on the bishop
3. The move maintains strong pressure while developing harmoniously

However, after careful consideration, the absolute best move here is to immediately crush Black's position with:

c3e4

This move:
- Forks Black's queen and bishop
- Creates immediate threats against the weak f7-square
- Forces Black into passive defenses
- Maintains all of White's advantages while exploiting Black's weaknesses

Black will be forced to respond to the immediate threats, allowing White to build up a crushing attack.

Therefore, my final move is:

c3e4
2025-06-12 10:54:59,193 - WARNING - Parsing error: No valid UCI move found in response. Rethink the valid UCI move notation and example we give you. Your answer must follow our example(i.e., adding ``` in the beginning and ending)
2025-06-12 10:54:59,194 - INFO - Attempt 2/5...
2025-06-12 10:55:00,172 - INFO - Raw response from White (api_9) (took 0.98s):
```
c3e4
```
2025-06-12 10:55:00,172 - INFO - Valid move found: c3e4
2025-06-12 10:55:14,814 - INFO - Move c3e4 is not among Stockfish's top 3 recommendations
2025-06-12 10:55:14,815 - INFO - Win rate after move c3e4: 0.11%
2025-06-12 10:55:14,815 - INFO - Move: c3e4
2025-06-12 10:55:14,815 - INFO - Board after move:
r n . q . b . r
p p . . . k p p
. . . P b n . .
. . . . . . . .
. . . . N . . .
. . . . . . . .
P P P P . P P P
R . B . K . N R
2025-06-12 10:55:17,055 - INFO - Current position win rate for Black: 99.87%
2025-06-12 10:55:28,339 - INFO - Top 3 recommended moves by Stockfish:
2025-06-12 10:55:28,340 - INFO -   1. Nxe4 (f6e4) - Win rate: 99.90%
2025-06-12 10:55:28,340 - INFO -   2. Bd5 (e6d5) - Win rate: 99.77%
2025-06-12 10:55:28,340 - INFO -   3. h6 (h7h6) - Win rate: 99.67%
2025-06-12 10:55:28,340 - INFO - doubao-1.5-lite's turn (Black) - Move 9
2025-06-12 10:55:28,340 - INFO - Prompt to Black (doubao-1.5-lite):

You are an expert chess player. You are playing a game of chess. You are playing as Black.

Current board position in FEN notation:
rn1q1b1r/pp3kpp/3Pbn2/8/4N3/8/PPPP1PPP/R1B1K1NR b KQ - 1 9

Move history in UCI notation:e2e4, e7e6, b1c3, c7c6, e4e5, d7d5, e5d6, c6c5, d1h5, c5c4, h5f7, e8f7, f1c4, g8f6, c4e6, c8e6, c3e4


Legal moves in UCI notation: h8g8, f8e7, f8d6, d8e8, d8c8, d8e7, d8d7, d8c7, d8d6, d8b6, d8a5, b8d7, b8c6, b8a6, f7g8, f7e8, f7g6, f6g8, f6e8, f6d7, f6h5, f6d5, f6g4, f6e4, e6c8, e6d7, e6f5, e6d5, e6g4, e6c4, e6h3, e6b3, e6a2, h7h6, g7g6, b7b6, a7a6, h7h5, g7g5, b7b5, a7a5

This is a critically urgent match. You must thoroughly analyze the position and play with utmost caution. Leverage your wisdom to secure victory.
When you have the advantage, press it relentlessly and aim for a swift checkmate. Carefully evaluate every move to eliminate any chance of a counterplay or draw by your opponent.
When at a disadvantage, strive to turn the tide and win if possible. If victory is unattainable, exhaust all possible means to force a draw.
Meticulously analyze legal moves, then select the absolute best one.

Considering the long-term strategy and short-term tactic. Analyze the position carefully. You may think through the position and consider multiple candidate moves.
When you have decided on your final move, output it in UCI notation (e.g., 'e2e4', 'g8f6' , 'e7e8q') in the following format:
```
<move>
```

For example:
```
e2e4
```
You can think and reason as much as you want, but your final move must be formatted exactly as shown above.

2025-06-12 10:55:28,340 - INFO - Attempt 1/5...
2025-06-12 10:55:29,081 - INFO - Raw response from Black (doubao-1.5-lite) (took 0.74s):
```
f6g4
```
2025-06-12 10:55:29,082 - INFO - Valid move found: f6g4
2025-06-12 10:55:45,557 - INFO - Move f6g4 is not among Stockfish's top 3 recommendations
2025-06-12 10:55:45,558 - INFO - Win rate after move f6g4: 99.28%
2025-06-12 10:55:45,558 - INFO - Move: f6g4
2025-06-12 10:55:45,558 - INFO - Board after move:
r n . q . b . r
p p . . . k p p
. . . P b . . .
. . . . . . . .
. . . . N . n .
. . . . . . . .
P P P P . P P P
R . B . K . N R
2025-06-12 10:55:52,702 - INFO - Current position win rate for White: 0.70%
2025-06-12 10:56:06,717 - INFO - Top 3 recommended moves by Stockfish:
2025-06-12 10:56:06,718 - INFO -   1. d3 (d2d3) - Win rate: 0.68%
2025-06-12 10:56:06,718 - INFO -   2. Nf3 (g1f3) - Win rate: 0.67%
2025-06-12 10:56:06,718 - INFO -   3. h3 (h2h3) - Win rate: 0.66%
2025-06-12 10:56:06,718 - INFO - api_9's turn (White) - Move 10
2025-06-12 10:56:06,718 - INFO - Prompt to White (api_9):

You are an expert chess player. You are playing a game of chess. You are playing as White.

Current board position in FEN notation:
rn1q1b1r/pp3kpp/3Pb3/8/4N1n1/8/PPPP1PPP/R1B1K1NR w KQ - 2 10

Move history in UCI notation:e2e4, e7e6, b1c3, c7c6, e4e5, d7d5, e5d6, c6c5, d1h5, c5c4, h5f7, e8f7, f1c4, g8f6, c4e6, c8e6, c3e4, f6g4


Legal moves in UCI notation: e4f6, e4g5, e4c5, e4g3, e4c3, g1h3, g1f3, g1e2, e1e2, e1f1, e1d1, a1b1, d6d7, h2h3, g2g3, f2f3, d2d3, c2c3, b2b3, a2a3, h2h4, f2f4, d2d4, c2c4, b2b4, a2a4

This is a critically urgent match. You must thoroughly analyze the position and play with utmost caution. Leverage your wisdom to secure victory.
When you have the advantage, press it relentlessly and aim for a swift checkmate. Carefully evaluate every move to eliminate any chance of a counterplay or draw by your opponent.
When at a disadvantage, strive to turn the tide and win if possible. If victory is unattainable, exhaust all possible means to force a draw.
Meticulously analyze legal moves, then select the absolute best one.

Considering the long-term strategy and short-term tactic. Analyze the position carefully. You may think through the position and consider multiple candidate moves.
When you have decided on your final move, output it in UCI notation (e.g., 'e2e4', 'g8f6' , 'e7e8q') in the following format:
```
<move>
```

For example:
```
e2e4
```
You can think and reason as much as you want, but your final move must be formatted exactly as shown above.

2025-06-12 10:56:06,718 - INFO - Attempt 1/5...
2025-06-12 10:56:18,027 - INFO - Raw response from White (api_9) (took 11.31s):
Let's analyze the current position carefully to determine the best move for White.

Current FEN: rn1q1b1r/pp3kpp/3Pb3/8/4N1n1/8/PPPP1PPP/R1B1K1NR w KQ - 2 10

Key observations:
1. Material is roughly equal, though White has a slight advantage with the bishop pair.
2. The black queen is under attack (from White's bishop on c1) and must move or be protected.
3. White's knight on e4 is attacking black's pawn on g4 which is also defended by the bishop on f8.
4. The black king is exposed on f7 after White's last move (Qh5+ forcing Ke8 then Qxf7).
5. The black queen is currently on d8 (from the move history), though not explicitly shown in the FEN.

Looking at the legal moves, several candidates stand out:
- e4f6 (exploiting the knight's position to attack black's bishop)
- e4g5 (forking black's bishop and pawn)
- g1h3 (preparing for possible king-side attack)
- d6d7 (advancing the passed pawn)

The strongest move appears to be e4g5. Here's why:
1. It attacks black's bishop on f6 (which is currently undefended after Qxf7)
2. It creates a fork between the bishop and black's pawn on g4
3. The move maintains the initiative and pressure on black's position
4. Black has no good way to protect both the bishop and pawn simultaneously

Black's bishop on f6 is a key defender, and removing it would expose the black king further. The move also prepares possible future attack along the g-file.

Other moves like e4f6 would trade the knight for bishop, which is equal in value but White's knight is currently more active. The pawn advances (h2h4, f2f4) don't create immediate threats.

Therefore, the best move is:

```
e4g5
```
2025-06-12 10:56:18,028 - INFO - Valid move found: e4g5
2025-06-12 10:56:34,491 - INFO - Move e4g5 is not among Stockfish's top 3 recommendations
2025-06-12 10:56:34,491 - INFO - Win rate after move e4g5: 0.07%
2025-06-12 10:56:34,492 - INFO - Move: e4g5
2025-06-12 10:56:34,492 - INFO - Board after move:
r n . q . b . r
p p . . . k p p
. . . P b . . .
. . . . . . N .
. . . . . . n .
. . . . . . . .
P P P P . P P P
R . B . K . N R
2025-06-12 10:56:37,577 - INFO - Current position win rate for Black: 99.95%
2025-06-12 10:56:45,783 - INFO - Top 3 recommended moves by Stockfish:
2025-06-12 10:56:45,784 - INFO -   1. Qxg5 (d8g5) - Win rate: 99.94%
2025-06-12 10:56:45,784 - INFO -   2. Kg8 (f7g8) - Win rate: 99.48%
2025-06-12 10:56:45,784 - INFO -   3. Kg6 (f7g6) - Win rate: 99.40%
2025-06-12 10:56:45,784 - INFO - doubao-1.5-lite's turn (Black) - Move 10
2025-06-12 10:56:45,784 - INFO - Prompt to Black (doubao-1.5-lite):

You are an expert chess player. You are playing a game of chess. You are playing as Black.

Current board position in FEN notation:
rn1q1b1r/pp3kpp/3Pb3/6N1/6n1/8/PPPP1PPP/R1B1K1NR b KQ - 3 10

Move history in UCI notation:e2e4, e7e6, b1c3, c7c6, e4e5, d7d5, e5d6, c6c5, d1h5, c5c4, h5f7, e8f7, f1c4, g8f6, c4e6, c8e6, c3e4, f6g4, e4g5


Legal moves in UCI notation: f7g8, f7e8, f7g6, f7f6, d8g5

This is a critically urgent match. You must thoroughly analyze the position and play with utmost caution. Leverage your wisdom to secure victory.
When you have the advantage, press it relentlessly and aim for a swift checkmate. Carefully evaluate every move to eliminate any chance of a counterplay or draw by your opponent.
When at a disadvantage, strive to turn the tide and win if possible. If victory is unattainable, exhaust all possible means to force a draw.
Meticulously analyze legal moves, then select the absolute best one.

Considering the long-term strategy and short-term tactic. Analyze the position carefully. You may think through the position and consider multiple candidate moves.
When you have decided on your final move, output it in UCI notation (e.g., 'e2e4', 'g8f6' , 'e7e8q') in the following format:
```
<move>
```

For example:
```
e2e4
```
You can think and reason as much as you want, but your final move must be formatted exactly as shown above.

2025-06-12 10:56:45,784 - INFO - Attempt 1/5...
2025-06-12 10:56:46,483 - INFO - Raw response from Black (doubao-1.5-lite) (took 0.70s):
```
f7g8
```
2025-06-12 10:56:46,483 - INFO - Valid move found: f7g8
2025-06-12 10:56:54,695 - INFO - Move f7g8 is Stockfish's recommendation #2
2025-06-12 10:56:54,695 - INFO - Win rate after move f7g8: 99.48%
2025-06-12 10:56:54,695 - INFO - Move: f7g8
2025-06-12 10:56:54,695 - INFO - Board after move:
r n . q . b k r
p p . . . . p p
. . . P b . . .
. . . . . . N .
. . . . . . n .
. . . . . . . .
P P P P . P P P
R . B . K . N R
2025-06-12 10:56:59,512 - INFO - Current position win rate for White: 0.47%
2025-06-12 10:57:12,286 - INFO - Top 3 recommended moves by Stockfish:
2025-06-12 10:57:12,286 - INFO -   1. d3 (d2d3) - Win rate: 0.47%
2025-06-12 10:57:12,286 - INFO -   2. N1f3 (g1f3) - Win rate: 0.39%
2025-06-12 10:57:12,287 - INFO -   3. d4 (d2d4) - Win rate: 0.28%
2025-06-12 10:57:12,287 - INFO - api_9's turn (White) - Move 11
2025-06-12 10:57:12,287 - INFO - Prompt to White (api_9):

You are an expert chess player. You are playing a game of chess. You are playing as White.

Current board position in FEN notation:
rn1q1bkr/pp4pp/3Pb3/6N1/6n1/8/PPPP1PPP/R1B1K1NR w KQ - 4 11

Move history in UCI notation:e2e4, e7e6, b1c3, c7c6, e4e5, d7d5, e5d6, c6c5, d1h5, c5c4, h5f7, e8f7, f1c4, g8f6, c4e6, c8e6, c3e4, f6g4, e4g5, f7g8


Legal moves in UCI notation: g5h7, g5f7, g5e6, g5e4, g5h3, g5f3, g1h3, g1f3, g1e2, e1e2, e1f1, e1d1, a1b1, d6d7, h2h3, g2g3, f2f3, d2d3, c2c3, b2b3, a2a3, h2h4, f2f4, d2d4, c2c4, b2b4, a2a4

This is a critically urgent match. You must thoroughly analyze the position and play with utmost caution. Leverage your wisdom to secure victory.
When you have the advantage, press it relentlessly and aim for a swift checkmate. Carefully evaluate every move to eliminate any chance of a counterplay or draw by your opponent.
When at a disadvantage, strive to turn the tide and win if possible. If victory is unattainable, exhaust all possible means to force a draw.
Meticulously analyze legal moves, then select the absolute best one.

Considering the long-term strategy and short-term tactic. Analyze the position carefully. You may think through the position and consider multiple candidate moves.
When you have decided on your final move, output it in UCI notation (e.g., 'e2e4', 'g8f6' , 'e7e8q') in the following format:
```
<move>
```

For example:
```
e2e4
```
You can think and reason as much as you want, but your final move must be formatted exactly as shown above.

2025-06-12 10:57:12,287 - INFO - Attempt 1/5...
2025-06-12 10:57:17,709 - INFO - Raw response from White (api_9) (took 5.42s):
Analyzing the current position:

1. The board state shows White has a significant material advantage with an extra piece (Bishop or Knight) and better development.
2. Black's king is exposed after the recent exchanges (f7 fell), and White's pieces are well-coordinated for attack.
3. The move history shows a sharp, tactical battle with recent exchanges opening lines against Black's king.

Evaluating the legal moves:
- Many moves are defensive checks/threats (g5h7, g5f7, etc.)
- The most critical line appears to be continuing the attack against Black's exposed king
- The move g5h7 would be particularly devastating as it:
  1. Threatens checkmate on h8
  2. Attacks the rook on a8
  3. Maintains pressure on Black's weakened kingside

After careful consideration of all options and the urgent need to press the advantage:

```
g5h7
```
2025-06-12 10:57:17,709 - INFO - Valid move found: g5h7
2025-06-12 10:57:34,473 - INFO - Move g5h7 is not among Stockfish's top 3 recommendations
2025-06-12 10:57:34,473 - INFO - Win rate after move g5h7: 0.01%
2025-06-12 10:57:34,473 - INFO - Move: g5h7
2025-06-12 10:57:34,473 - INFO - Board after move:
r n . q . b k r
p p . . . . p N
. . . P b . . .
. . . . . . . .
. . . . . . n .
. . . . . . . .
P P P P . P P P
R . B . K . N R
2025-06-12 10:57:37,831 - INFO - Current position win rate for Black: 99.97%
2025-06-12 10:57:44,048 - INFO - Top 3 recommended moves by Stockfish:
2025-06-12 10:57:44,049 - INFO -   1. Qb6 (d8b6) - Win rate: 99.98%
2025-06-12 10:57:44,049 - INFO -   2. Rxh7 (h8h7) - Win rate: 99.97%
2025-06-12 10:57:44,049 - INFO -   3. Bxd6 (f8d6) - Win rate: 99.97%
2025-06-12 10:57:44,049 - INFO - doubao-1.5-lite's turn (Black) - Move 11
2025-06-12 10:57:44,049 - INFO - Prompt to Black (doubao-1.5-lite):

You are an expert chess player. You are playing a game of chess. You are playing as Black.

Current board position in FEN notation:
rn1q1bkr/pp4pN/3Pb3/8/6n1/8/PPPP1PPP/R1B1K1NR b KQ - 0 11

Move history in UCI notation:e2e4, e7e6, b1c3, c7c6, e4e5, d7d5, e5d6, c6c5, d1h5, c5c4, h5f7, e8f7, f1c4, g8f6, c4e6, c8e6, c3e4, f6g4, e4g5, f7g8, g5h7


Legal moves in UCI notation: h8h7, g8h7, g8f7, f8e7, f8d6, d8e8, d8c8, d8e7, d8d7, d8c7, d8f6, d8d6, d8b6, d8g5, d8a5, d8h4, b8d7, b8c6, b8a6, e6c8, e6f7, e6d7, e6f5, e6d5, e6c4, e6b3, e6a2, g4h6, g4f6, g4e5, g4e3, g4h2, g4f2, g7g6, b7b6, a7a6, g7g5, b7b5, a7a5

This is a critically urgent match. You must thoroughly analyze the position and play with utmost caution. Leverage your wisdom to secure victory.
When you have the advantage, press it relentlessly and aim for a swift checkmate. Carefully evaluate every move to eliminate any chance of a counterplay or draw by your opponent.
When at a disadvantage, strive to turn the tide and win if possible. If victory is unattainable, exhaust all possible means to force a draw.
Meticulously analyze legal moves, then select the absolute best one.

Considering the long-term strategy and short-term tactic. Analyze the position carefully. You may think through the position and consider multiple candidate moves.
When you have decided on your final move, output it in UCI notation (e.g., 'e2e4', 'g8f6' , 'e7e8q') in the following format:
```
<move>
```

For example:
```
e2e4
```
You can think and reason as much as you want, but your final move must be formatted exactly as shown above.

2025-06-12 10:57:44,049 - INFO - Attempt 1/5...
2025-06-12 10:57:44,878 - INFO - Raw response from Black (doubao-1.5-lite) (took 0.83s):
```
g7g6
```
2025-06-12 10:57:44,878 - INFO - Valid move found: g7g6
2025-06-12 10:57:55,414 - INFO - Move g7g6 is not among Stockfish's top 3 recommendations
2025-06-12 10:57:55,414 - INFO - Win rate after move g7g6: 99.62%
2025-06-12 10:57:55,414 - INFO - Move: g7g6
2025-06-12 10:57:55,414 - INFO - Board after move:
r n . q . b k r
p p . . . . . N
. . . P b . p .
. . . . . . . .
. . . . . . n .
. . . . . . . .
P P P P . P P P
R . B . K . N R
2025-06-12 10:58:03,079 - INFO - Current position win rate for White: 0.10%
2025-06-12 10:58:19,040 - INFO - Top 3 recommended moves by Stockfish:
2025-06-12 10:58:19,040 - INFO -   1. Nxf8 (h7f8) - Win rate: 0.10%
2025-06-12 10:58:19,040 - INFO -   2. Nf3 (g1f3) - Win rate: 0.07%
2025-06-12 10:58:19,040 - INFO -   3. d4 (d2d4) - Win rate: 0.07%
2025-06-12 10:58:19,040 - INFO - api_9's turn (White) - Move 12
2025-06-12 10:58:19,041 - INFO - Prompt to White (api_9):

You are an expert chess player. You are playing a game of chess. You are playing as White.

Current board position in FEN notation:
rn1q1bkr/pp5N/3Pb1p1/8/6n1/8/PPPP1PPP/R1B1K1NR w KQ - 0 12

Move history in UCI notation:e2e4, e7e6, b1c3, c7c6, e4e5, d7d5, e5d6, c6c5, d1h5, c5c4, h5f7, e8f7, f1c4, g8f6, c4e6, c8e6, c3e4, f6g4, e4g5, f7g8, g5h7, g7g6


Legal moves in UCI notation: h7f8, h7f6, h7g5, g1h3, g1f3, g1e2, e1e2, e1f1, e1d1, a1b1, d6d7, h2h3, g2g3, f2f3, d2d3, c2c3, b2b3, a2a3, h2h4, f2f4, d2d4, c2c4, b2b4, a2a4

This is a critically urgent match. You must thoroughly analyze the position and play with utmost caution. Leverage your wisdom to secure victory.
When you have the advantage, press it relentlessly and aim for a swift checkmate. Carefully evaluate every move to eliminate any chance of a counterplay or draw by your opponent.
When at a disadvantage, strive to turn the tide and win if possible. If victory is unattainable, exhaust all possible means to force a draw.
Meticulously analyze legal moves, then select the absolute best one.

Considering the long-term strategy and short-term tactic. Analyze the position carefully. You may think through the position and consider multiple candidate moves.
When you have decided on your final move, output it in UCI notation (e.g., 'e2e4', 'g8f6' , 'e7e8q') in the following format:
```
<move>
```

For example:
```
e2e4
```
You can think and reason as much as you want, but your final move must be formatted exactly as shown above.

2025-06-12 10:58:19,041 - INFO - Attempt 1/5...
2025-06-12 10:58:27,333 - INFO - Raw response from White (api_9) (took 8.29s):
Let's analyze the current position carefully:

1. **Position Evaluation**:
   - Material: Equal (both have 8 pawns, 2 bishops, 2 knights, 1 queen, 1 rook)
   - White has a slight spatial advantage in the center
   - Black's king is slightly exposed after the recent exchanges
   - White's last move was h7, which puts pressure on g8 and f8

2. **Key Factors**:
   - The black king is in the center with limited flight squares
   - White has coordination between the queen and rook
   - The f8 square is weakly defended
   - Black's pieces are somewhat uncoordinated

3. **Candidate Moves**:
   - h7f8 (Rook check, exploiting the weak back rank)
   - h7g5 (Continuing the attack on g6)
   - g1h3 (Developing the bishop and preparing for king safety)
   - e1e2 (Centralizing the king)

4. **Best Option**:
   The most forcing and winning move is h7f8+. This:
   - Delivers check on the black king
   - Exploits the weak back rank
   - Forces the king into a precarious position
   - Leads to immediate winning advantages

After h7f8+, the game would continue:
h7f8+ Qxf8
Then White can follow up with Qxd8+, winning the queen.

```
h7f8
```
2025-06-12 10:58:27,333 - INFO - Valid move found: h7f8
2025-06-12 10:58:43,849 - INFO - Move h7f8 is Stockfish's recommendation #1
2025-06-12 10:58:43,849 - INFO - Win rate after move h7f8: 0.10%
2025-06-12 10:58:43,849 - INFO - Move: h7f8
2025-06-12 10:58:43,849 - INFO - Board after move:
r n . q . N k r
p p . . . . . .
. . . P b . p .
. . . . . . . .
. . . . . . n .
. . . . . . . .
P P P P . P P P
R . B . K . N R
2025-06-12 10:58:46,855 - INFO - Current position win rate for Black: 99.81%
2025-06-12 10:59:01,502 - INFO - Top 3 recommended moves by Stockfish:
2025-06-12 10:59:01,503 - INFO -   1. Qxf8 (d8f8) - Win rate: 99.91%
2025-06-12 10:59:01,503 - INFO -   2. Qb6 (d8b6) - Win rate: 99.83%
2025-06-12 10:59:01,503 - INFO -   3. Kxf8 (g8f8) - Win rate: 99.62%
2025-06-12 10:59:01,503 - INFO - doubao-1.5-lite's turn (Black) - Move 12
2025-06-12 10:59:01,503 - INFO - Prompt to Black (doubao-1.5-lite):

You are an expert chess player. You are playing a game of chess. You are playing as Black.

Current board position in FEN notation:
rn1q1Nkr/pp6/3Pb1p1/8/6n1/8/PPPP1PPP/R1B1K1NR b KQ - 0 12

Move history in UCI notation:e2e4, e7e6, b1c3, c7c6, e4e5, d7d5, e5d6, c6c5, d1h5, c5c4, h5f7, e8f7, f1c4, g8f6, c4e6, c8e6, c3e4, f6g4, e4g5, f7g8, g5h7, g7g6, h7f8


Legal moves in UCI notation: h8h7, h8h6, h8h5, h8h4, h8h3, h8h2, g8f8, g8g7, g8f7, d8f8, d8e8, d8c8, d8e7, d8d7, d8c7, d8f6, d8d6, d8b6, d8g5, d8a5, d8h4, b8d7, b8c6, b8a6, e6c8, e6f7, e6d7, e6f5, e6d5, e6c4, e6b3, e6a2, g4h6, g4f6, g4e5, g4e3, g4h2, g4f2, b7b6, a7a6, g6g5, b7b5, a7a5

This is a critically urgent match. You must thoroughly analyze the position and play with utmost caution. Leverage your wisdom to secure victory.
When you have the advantage, press it relentlessly and aim for a swift checkmate. Carefully evaluate every move to eliminate any chance of a counterplay or draw by your opponent.
When at a disadvantage, strive to turn the tide and win if possible. If victory is unattainable, exhaust all possible means to force a draw.
Meticulously analyze legal moves, then select the absolute best one.

Considering the long-term strategy and short-term tactic. Analyze the position carefully. You may think through the position and consider multiple candidate moves.
When you have decided on your final move, output it in UCI notation (e.g., 'e2e4', 'g8f6' , 'e7e8q') in the following format:
```
<move>
```

For example:
```
e2e4
```
You can think and reason as much as you want, but your final move must be formatted exactly as shown above.

2025-06-12 10:59:01,503 - INFO - Attempt 1/5...
2025-06-12 10:59:02,285 - INFO - Raw response from Black (doubao-1.5-lite) (took 0.78s):
```
g6g5
```
2025-06-12 10:59:02,285 - INFO - Valid move found: g6g5
2025-06-12 10:59:23,263 - INFO - Move g6g5 is not among Stockfish's top 3 recommendations
2025-06-12 10:59:23,264 - INFO - Win rate after move g6g5: 99.32%
2025-06-12 10:59:23,264 - INFO - Move: g6g5
2025-06-12 10:59:23,264 - INFO - Board after move:
r n . q . N k r
p p . . . . . .
. . . P b . . .
. . . . . . p .
. . . . . . n .
. . . . . . . .
P P P P . P P P
R . B . K . N R
2025-06-12 10:59:29,291 - INFO - Current position win rate for White: 0.61%
2025-06-12 10:59:47,973 - INFO - Top 3 recommended moves by Stockfish:
2025-06-12 10:59:47,973 - INFO -   1. Nxe6 (f8e6) - Win rate: 0.82%
2025-06-12 10:59:47,973 - INFO -   2. f3 (f2f3) - Win rate: 0.51%
2025-06-12 10:59:47,973 - INFO -   3. Nd7 (f8d7) - Win rate: 0.48%
2025-06-12 10:59:47,973 - INFO - api_9's turn (White) - Move 13
2025-06-12 10:59:47,974 - INFO - Prompt to White (api_9):

You are an expert chess player. You are playing a game of chess. You are playing as White.

Current board position in FEN notation:
rn1q1Nkr/pp6/3Pb3/6p1/6n1/8/PPPP1PPP/R1B1K1NR w KQ - 0 13

Move history in UCI notation:e2e4, e7e6, b1c3, c7c6, e4e5, d7d5, e5d6, c6c5, d1h5, c5c4, h5f7, e8f7, f1c4, g8f6, c4e6, c8e6, c3e4, f6g4, e4g5, f7g8, g5h7, g7g6, h7f8, g6g5


Legal moves in UCI notation: f8h7, f8d7, f8g6, f8e6, g1h3, g1f3, g1e2, e1e2, e1f1, e1d1, a1b1, d6d7, h2h3, g2g3, f2f3, d2d3, c2c3, b2b3, a2a3, h2h4, f2f4, d2d4, c2c4, b2b4, a2a4

This is a critically urgent match. You must thoroughly analyze the position and play with utmost caution. Leverage your wisdom to secure victory.
When you have the advantage, press it relentlessly and aim for a swift checkmate. Carefully evaluate every move to eliminate any chance of a counterplay or draw by your opponent.
When at a disadvantage, strive to turn the tide and win if possible. If victory is unattainable, exhaust all possible means to force a draw.
Meticulously analyze legal moves, then select the absolute best one.

Considering the long-term strategy and short-term tactic. Analyze the position carefully. You may think through the position and consider multiple candidate moves.
When you have decided on your final move, output it in UCI notation (e.g., 'e2e4', 'g8f6' , 'e7e8q') in the following format:
```
<move>
```

For example:
```
e2e4
```
You can think and reason as much as you want, but your final move must be formatted exactly as shown above.

2025-06-12 10:59:47,974 - INFO - Attempt 1/5...
2025-06-12 10:59:57,393 - INFO - Raw response from White (api_9) (took 9.42s):
Let's analyze the current position carefully.

The FEN notation shows:
rn1q1Nkr/pp6/3Pb3/6p1/6n1/8/PPPP1PPP/R1B1K1NR w KQ - 0 13

Breaking this down:
- White has a knight on f8 (unusual placement)
- Black's king is on h8 (castled kingside)
- White has material advantage: rook, knight, bishop vs black's queen and rook
- Black's queen is under attack (from white's knight on f8)
- Black's king is exposed with minimal defense

The move history shows white has been very active, especially with the knight on f8 creating threats.

Looking at legal moves, the best option appears to be:
f8h7 - This move continues the attack on black's king by bringing the knight to h7, putting immediate pressure on:
1. The exposed black king on h8
2. Creating a potential mating net
3. Maintaining pressure on black's queen (which is still on d8, attacked by white's knight)

Other options like f8d7 or f8e6 would be inferior as they don't maintain the same level of pressure on black's king. Defensive moves aren't needed as white has a clear attacking advantage.

This position calls for relentless aggression while black's king is exposed. The knight on f8 is perfectly placed to deliver the final blow.

The move f8h7 is the most forcing continuation of the attack, setting up potential deadly threats against black's king while maintaining all the pressure created so far.

```
f8h7
```
2025-06-12 10:59:57,393 - INFO - Valid move found: f8h7
2025-06-12 11:00:18,827 - INFO - Move f8h7 is not among Stockfish's top 3 recommendations
2025-06-12 11:00:18,827 - INFO - Win rate after move f8h7: 0.28%
2025-06-12 11:00:18,827 - INFO - Move: f8h7
2025-06-12 11:00:18,827 - INFO - Board after move:
r n . q . . k r
p p . . . . . N
. . . P b . . .
. . . . . . p .
. . . . . . n .
. . . . . . . .
P P P P . P P P
R . B . K . N R
2025-06-12 11:00:25,882 - INFO - Current position win rate for Black: 99.76%
2025-06-12 11:00:35,718 - INFO - Top 3 recommended moves by Stockfish:
2025-06-12 11:00:35,718 - INFO -   1. Nc6 (b8c6) - Win rate: 99.69%
2025-06-12 11:00:35,718 - INFO -   2. Rxh7 (h8h7) - Win rate: 99.68%
2025-06-12 11:00:35,719 - INFO -   3. Qb6 (d8b6) - Win rate: 99.39%
2025-06-12 11:00:35,719 - INFO - doubao-1.5-lite's turn (Black) - Move 13
2025-06-12 11:00:35,719 - INFO - Prompt to Black (doubao-1.5-lite):

You are an expert chess player. You are playing a game of chess. You are playing as Black.

Current board position in FEN notation:
rn1q2kr/pp5N/3Pb3/6p1/6n1/8/PPPP1PPP/R1B1K1NR b KQ - 1 13

Move history in UCI notation:e2e4, e7e6, b1c3, c7c6, e4e5, d7d5, e5d6, c6c5, d1h5, c5c4, h5f7, e8f7, f1c4, g8f6, c4e6, c8e6, c3e4, f6g4, e4g5, f7g8, g5h7, g7g6, h7f8, g6g5, f8h7


Legal moves in UCI notation: h8h7, g8h7, g8g7, g8f7, d8f8, d8e8, d8c8, d8e7, d8d7, d8c7, d8f6, d8d6, d8b6, d8a5, b8d7, b8c6, b8a6, e6c8, e6f7, e6d7, e6f5, e6d5, e6c4, e6b3, e6a2, g4h6, g4f6, g4e5, g4e3, g4h2, g4f2, b7b6, a7a6, b7b5, a7a5

This is a critically urgent match. You must thoroughly analyze the position and play with utmost caution. Leverage your wisdom to secure victory.
When you have the advantage, press it relentlessly and aim for a swift checkmate. Carefully evaluate every move to eliminate any chance of a counterplay or draw by your opponent.
When at a disadvantage, strive to turn the tide and win if possible. If victory is unattainable, exhaust all possible means to force a draw.
Meticulously analyze legal moves, then select the absolute best one.

Considering the long-term strategy and short-term tactic. Analyze the position carefully. You may think through the position and consider multiple candidate moves.
When you have decided on your final move, output it in UCI notation (e.g., 'e2e4', 'g8f6' , 'e7e8q') in the following format:
```
<move>
```

For example:
```
e2e4
```
You can think and reason as much as you want, but your final move must be formatted exactly as shown above.

2025-06-12 11:00:35,719 - INFO - Attempt 1/5...
