2025-06-12 13:39:55,897 - INFO - Starting game 20250612_133955_1: api_9 vs doubao-1.5-lite
2025-06-12 13:39:56,005 - INFO - Initial board:
r n b q k b n r
p p p p p p p p
. . . . . . . .
. . . . . . . .
. . . . . . . .
. . . . . . . .
P P P P P P P P
R N B Q K B N R
2025-06-12 13:40:01,574 - INFO - Current position win rate for White: 53.10%
2025-06-12 13:40:10,127 - INFO - Top 3 recommended moves by Stockfish:
2025-06-12 13:40:10,127 - INFO -   1. Nf3 (g1f3) - Win rate: 52.00%
2025-06-12 13:40:10,127 - INFO -   2. d4 (d2d4) - Win rate: 52.00%
2025-06-12 13:40:10,127 - INFO -   3. e4 (e2e4) - Win rate: 51.60%
2025-06-12 13:40:10,127 - INFO - api_9's turn (White) - Move 1
2025-06-12 13:40:10,128 - INFO - Prompt to White (api_9):

You are an expert chess player. You are playing a game of chess. You are playing as White.

Current board position in FEN notation:
rnbqkbnr/pppppppp/8/8/8/8/PPPPPPPP/RNBQKBNR w KQkq - 0 1


Legal moves in UCI notation: g1h3, g1f3, b1c3, b1a3, h2h3, g2g3, f2f3, e2e3, d2d3, c2c3, b2b3, a2a3, h2h4, g2g4, f2f4, e2e4, d2d4, c2c4, b2b4, a2a4

This is a critically urgent match. You must thoroughly analyze the position and play with utmost caution. Leverage your wisdom to secure victory.
When you have the advantage, press it relentlessly and aim for a swift checkmate. Carefully evaluate every move to eliminate any chance of a counterplay or draw by your opponent.
When at a disadvantage, strive to turn the tide and win if possible. If victory is unattainable, exhaust all possible means to force a draw.
Meticulously analyze legal moves, then select the absolute best one.

Considering the long-term strategy and short-term tactic. Analyze the position carefully. You may think through the position and consider multiple candidate moves.
When you have decided on your final move, output it in UCI notation (e.g., 'e2e4', 'g8f6' , 'e7e8q') in the following format:
```
<move>
```

For example:
```
e2e4
```
You can think and reason as much as you want, but your final move must be formatted exactly as shown above.

2025-06-12 13:40:10,128 - INFO - Attempt 1/5...
2025-06-12 13:45:50,675 - ERROR - 'NoneType' object is not subscriptable
2025-06-12 13:46:10,695 - INFO - Attempt 1/5...
2025-06-12 13:49:12,390 - INFO - Raw response from White (api_9) (took 181.70s):
```
e2e4
```
2025-06-12 13:49:12,391 - INFO - Valid move found: e2e4
2025-06-12 13:49:21,130 - INFO - Move e2e4 is Stockfish's recommendation #3
2025-06-12 13:49:21,130 - INFO - Win rate after move e2e4: 51.60%
2025-06-12 13:49:21,131 - INFO - Move: e2e4
2025-06-12 13:49:21,131 - INFO - Board after move:
r n b q k b n r
p p p p p p p p
. . . . . . . .
. . . . . . . .
. . . . P . . .
. . . . . . . .
P P P P . P P P
R N B Q K B N R
2025-06-12 13:49:23,618 - INFO - Current position win rate for Black: 46.41%
2025-06-12 13:49:32,481 - INFO - Top 3 recommended moves by Stockfish:
2025-06-12 13:49:32,481 - INFO -   1. e6 (e7e6) - Win rate: 48.60%
2025-06-12 13:49:32,481 - INFO -   2. c5 (c7c5) - Win rate: 46.41%
2025-06-12 13:49:32,481 - INFO -   3. e5 (e7e5) - Win rate: 45.91%
2025-06-12 13:49:32,481 - INFO - doubao-1.5-lite's turn (Black) - Move 1
2025-06-12 13:49:32,481 - INFO - Prompt to Black (doubao-1.5-lite):

You are an expert chess player. You are playing a game of chess. You are playing as Black.

Current board position in FEN notation:
rnbqkbnr/pppppppp/8/8/4P3/8/PPPP1PPP/RNBQKBNR b KQkq - 0 1

Move history in UCI notation:e2e4


Legal moves in UCI notation: g8h6, g8f6, b8c6, b8a6, h7h6, g7g6, f7f6, e7e6, d7d6, c7c6, b7b6, a7a6, h7h5, g7g5, f7f5, e7e5, d7d5, c7c5, b7b5, a7a5

This is a critically urgent match. You must thoroughly analyze the position and play with utmost caution. Leverage your wisdom to secure victory.
When you have the advantage, press it relentlessly and aim for a swift checkmate. Carefully evaluate every move to eliminate any chance of a counterplay or draw by your opponent.
When at a disadvantage, strive to turn the tide and win if possible. If victory is unattainable, exhaust all possible means to force a draw.
Meticulously analyze legal moves, then select the absolute best one.

Considering the long-term strategy and short-term tactic. Analyze the position carefully. You may think through the position and consider multiple candidate moves.
When you have decided on your final move, output it in UCI notation (e.g., 'e2e4', 'g8f6' , 'e7e8q') in the following format:
```
<move>
```

For example:
```
e2e4
```
You can think and reason as much as you want, but your final move must be formatted exactly as shown above.

2025-06-12 13:49:32,481 - INFO - Attempt 1/5...
2025-06-12 13:49:33,238 - INFO - Raw response from Black (doubao-1.5-lite) (took 0.76s):
```
e7e6
```
2025-06-12 13:49:33,239 - INFO - Valid move found: e7e6
2025-06-12 13:49:41,937 - INFO - Move e7e6 is Stockfish's recommendation #1
2025-06-12 13:49:41,937 - INFO - Win rate after move e7e6: 48.60%
2025-06-12 13:49:41,937 - INFO - Move: e7e6
2025-06-12 13:49:41,937 - INFO - Board after move:
r n b q k b n r
p p p p . p p p
. . . . p . . .
. . . . . . . .
. . . . P . . .
. . . . . . . .
P P P P . P P P
R N B Q K B N R
2025-06-12 13:49:45,505 - INFO - Current position win rate for White: 50.60%
2025-06-12 13:49:54,245 - INFO - Top 3 recommended moves by Stockfish:
2025-06-12 13:49:54,246 - INFO -   1. Nf3 (g1f3) - Win rate: 51.50%
2025-06-12 13:49:54,246 - INFO -   2. Nc3 (b1c3) - Win rate: 50.80%
2025-06-12 13:49:54,246 - INFO -   3. d4 (d2d4) - Win rate: 50.00%
2025-06-12 13:49:54,246 - INFO - api_9's turn (White) - Move 2
2025-06-12 13:49:54,246 - INFO - Prompt to White (api_9):

You are an expert chess player. You are playing a game of chess. You are playing as White.

Current board position in FEN notation:
rnbqkbnr/pppp1ppp/4p3/8/4P3/8/PPPP1PPP/RNBQKBNR w KQkq - 0 2

Move history in UCI notation:e2e4, e7e6


Legal moves in UCI notation: g1h3, g1f3, g1e2, f1a6, f1b5, f1c4, f1d3, f1e2, e1e2, d1h5, d1g4, d1f3, d1e2, b1c3, b1a3, e4e5, h2h3, g2g3, f2f3, d2d3, c2c3, b2b3, a2a3, h2h4, g2g4, f2f4, d2d4, c2c4, b2b4, a2a4

This is a critically urgent match. You must thoroughly analyze the position and play with utmost caution. Leverage your wisdom to secure victory.
When you have the advantage, press it relentlessly and aim for a swift checkmate. Carefully evaluate every move to eliminate any chance of a counterplay or draw by your opponent.
When at a disadvantage, strive to turn the tide and win if possible. If victory is unattainable, exhaust all possible means to force a draw.
Meticulously analyze legal moves, then select the absolute best one.

Considering the long-term strategy and short-term tactic. Analyze the position carefully. You may think through the position and consider multiple candidate moves.
When you have decided on your final move, output it in UCI notation (e.g., 'e2e4', 'g8f6' , 'e7e8q') in the following format:
```
<move>
```

For example:
```
e2e4
```
You can think and reason as much as you want, but your final move must be formatted exactly as shown above.

2025-06-12 13:49:54,246 - INFO - Attempt 1/5...
2025-06-12 13:54:06,972 - INFO - Raw response from White (api_9) (took 252.73s):
Let's analyze the current position carefully.

The FEN notation shows the starting position after White's first move (e2e4) and Black's reply (e7e6). It's the second move of the game for White.

The current position is:
- White has developed a pawn to e4
- Black has responded with the e6 pawn push (French Defense or similar)
- All other pieces are in their starting positions

Looking at the legal moves, we have several options, but we need to choose the best one considering both development and long-term strategy.

Key considerations:
1. We need to develop our pieces efficiently
2. We should maintain control of the center
3. We need to coordinate our pieces while preventing Black from doing the same

Among the available moves, the most promising are:
- g1h3 (developing Knight to h3)
- b1c3 (developing Knight via c3)
- d1h5 (developing Queen to h5)
- e4e5 (pushing pawn to e5)

Analyzing these:
- g1h3 is a reasonable Knight move but doesn't directly challenge Black's position
- d1h5 is too committing at this early stage (Queen out too soon)
- e4e5 is tempting but might invite Black's d5 counter
- b1c3 is excellent - it develops a piece, maintains central control, and prepares for possible castling

The move b1c3 (Nf3 in algebraic) is the most natural and strong developing move here. It:
1. Develops a knight to an active square
2. Supports the e4 pawn
3. Doesn't overextend
4. Prepares possible castling
5. Maintains flexibility

Other moves like g1f3 (Ng1-f3) are also possible, but c3 is slightly better as it's more central and doesn't block the f-pawn yet.

Therefore, the best move is:
```
b1c3
```
2025-06-12 13:54:06,972 - INFO - Valid move found: b1c3
2025-06-12 13:54:15,772 - INFO - Move b1c3 is Stockfish's recommendation #2
2025-06-12 13:54:15,772 - INFO - Win rate after move b1c3: 50.80%
2025-06-12 13:54:15,772 - INFO - Move: b1c3
2025-06-12 13:54:15,772 - INFO - Board after move:
r n b q k b n r
p p p p . p p p
. . . . p . . .
. . . . . . . .
. . . . P . . .
. . N . . . . .
P P P P . P P P
R . B Q K B N R
2025-06-12 13:54:18,140 - INFO - Current position win rate for Black: 47.80%
2025-06-12 13:54:26,632 - INFO - Top 3 recommended moves by Stockfish:
2025-06-12 13:54:26,633 - INFO -   1. d5 (d7d5) - Win rate: 48.40%
2025-06-12 13:54:26,633 - INFO -   2. c5 (c7c5) - Win rate: 46.61%
2025-06-12 13:54:26,633 - INFO -   3. Nf6 (g8f6) - Win rate: 45.41%
2025-06-12 13:54:26,633 - INFO - doubao-1.5-lite's turn (Black) - Move 2
2025-06-12 13:54:26,633 - INFO - Prompt to Black (doubao-1.5-lite):

You are an expert chess player. You are playing a game of chess. You are playing as Black.

Current board position in FEN notation:
rnbqkbnr/pppp1ppp/4p3/8/4P3/2N5/PPPP1PPP/R1BQKBNR b KQkq - 1 2

Move history in UCI notation:e2e4, e7e6, b1c3


Legal moves in UCI notation: g8e7, g8h6, g8f6, f8e7, f8d6, f8c5, f8b4, f8a3, e8e7, d8e7, d8f6, d8g5, d8h4, b8c6, b8a6, h7h6, g7g6, f7f6, d7d6, c7c6, b7b6, a7a6, e6e5, h7h5, g7g5, f7f5, d7d5, c7c5, b7b5, a7a5

This is a critically urgent match. You must thoroughly analyze the position and play with utmost caution. Leverage your wisdom to secure victory.
When you have the advantage, press it relentlessly and aim for a swift checkmate. Carefully evaluate every move to eliminate any chance of a counterplay or draw by your opponent.
When at a disadvantage, strive to turn the tide and win if possible. If victory is unattainable, exhaust all possible means to force a draw.
Meticulously analyze legal moves, then select the absolute best one.

Considering the long-term strategy and short-term tactic. Analyze the position carefully. You may think through the position and consider multiple candidate moves.
When you have decided on your final move, output it in UCI notation (e.g., 'e2e4', 'g8f6' , 'e7e8q') in the following format:
```
<move>
```

For example:
```
e2e4
```
You can think and reason as much as you want, but your final move must be formatted exactly as shown above.

2025-06-12 13:54:26,633 - INFO - Attempt 1/5...
2025-06-12 13:54:27,330 - INFO - Raw response from Black (doubao-1.5-lite) (took 0.70s):
```
b8c6
```
2025-06-12 13:54:27,330 - INFO - Valid move found: b8c6
2025-06-12 13:54:38,072 - INFO - Move b8c6 is not among Stockfish's top 3 recommendations
2025-06-12 13:54:38,072 - INFO - Win rate after move b8c6: 43.93%
2025-06-12 13:54:38,072 - INFO - Move: b8c6
2025-06-12 13:54:38,072 - INFO - Board after move:
r . b q k b n r
p p p p . p p p
. . n . p . . .
. . . . . . . .
. . . . P . . .
. . N . . . . .
P P P P . P P P
R . B Q K B N R
2025-06-12 13:54:42,049 - INFO - Current position win rate for White: 54.98%
2025-06-12 13:54:49,135 - INFO - Top 3 recommended moves by Stockfish:
2025-06-12 13:54:49,135 - INFO -   1. Nf3 (g1f3) - Win rate: 56.17%
2025-06-12 13:54:49,135 - INFO -   2. d4 (d2d4) - Win rate: 55.28%
2025-06-12 13:54:49,135 - INFO -   3. Bb5 (f1b5) - Win rate: 51.00%
2025-06-12 13:54:49,135 - INFO - api_9's turn (White) - Move 3
2025-06-12 13:54:49,136 - INFO - Prompt to White (api_9):

You are an expert chess player. You are playing a game of chess. You are playing as White.

Current board position in FEN notation:
r1bqkbnr/pppp1ppp/2n1p3/8/4P3/2N5/PPPP1PPP/R1BQKBNR w KQkq - 2 3

Move history in UCI notation:e2e4, e7e6, b1c3, b8c6


Legal moves in UCI notation: c3d5, c3b5, c3a4, c3e2, c3b1, g1h3, g1f3, g1e2, f1a6, f1b5, f1c4, f1d3, f1e2, e1e2, d1h5, d1g4, d1f3, d1e2, a1b1, e4e5, h2h3, g2g3, f2f3, d2d3, b2b3, a2a3, h2h4, g2g4, f2f4, d2d4, b2b4, a2a4

This is a critically urgent match. You must thoroughly analyze the position and play with utmost caution. Leverage your wisdom to secure victory.
When you have the advantage, press it relentlessly and aim for a swift checkmate. Carefully evaluate every move to eliminate any chance of a counterplay or draw by your opponent.
When at a disadvantage, strive to turn the tide and win if possible. If victory is unattainable, exhaust all possible means to force a draw.
Meticulously analyze legal moves, then select the absolute best one.

Considering the long-term strategy and short-term tactic. Analyze the position carefully. You may think through the position and consider multiple candidate moves.
When you have decided on your final move, output it in UCI notation (e.g., 'e2e4', 'g8f6' , 'e7e8q') in the following format:
```
<move>
```

For example:
```
e2e4
```
You can think and reason as much as you want, but your final move must be formatted exactly as shown above.

2025-06-12 13:54:49,136 - INFO - Attempt 1/5...
2025-06-12 14:00:29,435 - ERROR - 'NoneType' object is not subscriptable
2025-06-12 14:00:49,455 - INFO - Attempt 1/5...
2025-06-12 14:03:30,353 - INFO - Raw response from White (api_9) (took 160.90s):
Let's analyze the position carefully.

Current FEN: r1bqkbnr/pppp1ppp/2n1p3/8/4P3/2N5/PPPP1PPP/R1BQKBNR w KQkq - 2 3

This is the Sicilian Defense: Alapin Variation (2.c3). Black has responded with 2...e6 and 3...c6, completing their development. The position is roughly equal, but White has a slight advantage due to the better-centered pieces and more active king's knight.

Looking at the legal moves, we need to find the move that:
1. Maintains or increases our advantage
2. Prevents Black from equalizing
3. Creates concrete attacking chances

The most promising moves appear to be:
- e4e5 (central advance to challenge Black's pawn structure)
- c3d5 (immediately targeting Black's queenside weakness)
- g1f3 (developing the king's bishop with tempo)

Among these, e4e5 is particularly strong because:
1. It creates a strong pawn center
2. Limits Black's pawn breaks
3. Prepares for potential kingside attack
4. Maintains pressure on Black's position

Black's most likely responses would be either 3...d6 or 3...Nf6, both of which would be met with continued central pressure.

Other moves like g1f3 or c3d5 are good but slightly slower in creating immediate concrete advantages.

Therefore, the best move is to advance the e-pawn:

```
e4e5
```
2025-06-12 14:03:30,354 - INFO - Valid move found: e4e5
2025-06-12 14:03:37,893 - INFO - Move e4e5 is not among Stockfish's top 3 recommendations
2025-06-12 14:03:37,893 - INFO - Win rate after move e4e5: 43.63%
2025-06-12 14:03:37,893 - INFO - Move: e4e5
2025-06-12 14:03:37,893 - INFO - Board after move:
r . b q k b n r
p p p p . p p p
. . n . p . . .
. . . . P . . .
. . . . . . . .
. . N . . . . .
P P P P . P P P
R . B Q K B N R
2025-06-12 14:03:39,943 - INFO - Current position win rate for Black: 57.15%
2025-06-12 14:03:45,498 - INFO - Top 3 recommended moves by Stockfish:
2025-06-12 14:03:45,499 - INFO -   1. Nxe5 (c6e5) - Win rate: 56.56%
2025-06-12 14:03:45,499 - INFO -   2. d6 (d7d6) - Win rate: 52.60%
2025-06-12 14:03:45,499 - INFO -   3. a6 (a7a6) - Win rate: 50.40%
2025-06-12 14:03:45,499 - INFO - doubao-1.5-lite's turn (Black) - Move 3
2025-06-12 14:03:45,499 - INFO - Prompt to Black (doubao-1.5-lite):

You are an expert chess player. You are playing a game of chess. You are playing as Black.

Current board position in FEN notation:
r1bqkbnr/pppp1ppp/2n1p3/4P3/8/2N5/PPPP1PPP/R1BQKBNR b KQkq - 0 3

Move history in UCI notation:e2e4, e7e6, b1c3, b8c6, e4e5


Legal moves in UCI notation: g8e7, g8h6, g8f6, f8e7, f8d6, f8c5, f8b4, f8a3, e8e7, d8e7, d8f6, d8g5, d8h4, a8b8, c6b8, c6e7, c6e5, c6a5, c6d4, c6b4, h7h6, g7g6, f7f6, d7d6, b7b6, a7a6, h7h5, g7g5, f7f5, d7d5, b7b5, a7a5

This is a critically urgent match. You must thoroughly analyze the position and play with utmost caution. Leverage your wisdom to secure victory.
When you have the advantage, press it relentlessly and aim for a swift checkmate. Carefully evaluate every move to eliminate any chance of a counterplay or draw by your opponent.
When at a disadvantage, strive to turn the tide and win if possible. If victory is unattainable, exhaust all possible means to force a draw.
Meticulously analyze legal moves, then select the absolute best one.

Considering the long-term strategy and short-term tactic. Analyze the position carefully. You may think through the position and consider multiple candidate moves.
When you have decided on your final move, output it in UCI notation (e.g., 'e2e4', 'g8f6' , 'e7e8q') in the following format:
```
<move>
```

For example:
```
e2e4
```
You can think and reason as much as you want, but your final move must be formatted exactly as shown above.

2025-06-12 14:03:45,499 - INFO - Attempt 1/5...
2025-06-12 14:03:46,260 - INFO - Raw response from Black (doubao-1.5-lite) (took 0.76s):
```
c6e5
```
2025-06-12 14:03:46,261 - INFO - Valid move found: c6e5
2025-06-12 14:03:51,815 - INFO - Move c6e5 is Stockfish's recommendation #1
2025-06-12 14:03:51,815 - INFO - Win rate after move c6e5: 56.56%
2025-06-12 14:03:51,815 - INFO - Move: c6e5
2025-06-12 14:03:51,816 - INFO - Board after move:
r . b q k b n r
p p p p . p p p
. . . . p . . .
. . . . n . . .
. . . . . . . .
. . N . . . . .
P P P P . P P P
R . B Q K B N R
2025-06-12 14:03:54,739 - INFO - Current position win rate for White: 44.03%
2025-06-12 14:04:03,703 - INFO - Top 3 recommended moves by Stockfish:
2025-06-12 14:04:03,703 - INFO -   1. d4 (d2d4) - Win rate: 43.14%
2025-06-12 14:04:03,703 - INFO -   2. Qe2 (d1e2) - Win rate: 39.56%
2025-06-12 14:04:03,703 - INFO -   3. Nge2 (g1e2) - Win rate: 37.94%
2025-06-12 14:04:03,703 - INFO - api_9's turn (White) - Move 4
2025-06-12 14:04:03,704 - INFO - Prompt to White (api_9):

You are an expert chess player. You are playing a game of chess. You are playing as White.

Current board position in FEN notation:
r1bqkbnr/pppp1ppp/4p3/4n3/8/2N5/PPPP1PPP/R1BQKBNR w KQkq - 0 4

Move history in UCI notation:e2e4, e7e6, b1c3, b8c6, e4e5, c6e5


Legal moves in UCI notation: c3d5, c3b5, c3e4, c3a4, c3e2, c3b1, g1h3, g1f3, g1e2, f1a6, f1b5, f1c4, f1d3, f1e2, e1e2, d1h5, d1g4, d1f3, d1e2, a1b1, h2h3, g2g3, f2f3, d2d3, b2b3, a2a3, h2h4, g2g4, f2f4, d2d4, b2b4, a2a4

This is a critically urgent match. You must thoroughly analyze the position and play with utmost caution. Leverage your wisdom to secure victory.
When you have the advantage, press it relentlessly and aim for a swift checkmate. Carefully evaluate every move to eliminate any chance of a counterplay or draw by your opponent.
When at a disadvantage, strive to turn the tide and win if possible. If victory is unattainable, exhaust all possible means to force a draw.
Meticulously analyze legal moves, then select the absolute best one.

Considering the long-term strategy and short-term tactic. Analyze the position carefully. You may think through the position and consider multiple candidate moves.
When you have decided on your final move, output it in UCI notation (e.g., 'e2e4', 'g8f6' , 'e7e8q') in the following format:
```
<move>
```

For example:
```
e2e4
```
You can think and reason as much as you want, but your final move must be formatted exactly as shown above.

2025-06-12 14:04:03,704 - INFO - Attempt 1/5...
2025-06-12 14:09:02,645 - INFO - Raw response from White (api_9) (took 298.94s):
Let's analyze the current position carefully to determine the best move for White.

Current FEN: r1bqkbnr/pppp1ppp/4p3/4n3/8/2N5/PPPP1PPP/R1BQKBNR w KQkq - 0 4

From the move history, we can see:
1. e2e4 (e4 pushed)
2. e7e6 (Black responds symmetrically)
3. b1c3 (White develops knight)
4. b8c6 (Black develops knight to c6)
5. e4e5 (White advances e-pawn)
6. c6e5 (Black's knight takes e5)

Now we're at the current position where White has just played c3 (knight to c3) and Black responded with e5 (knight takes e5).

The key features of the position:
- Material is equal
- White's knight on c3 is well-placed for central control
- Black's knight on e5 is attacking White's d4 square but is itself vulnerable
- White's kingside is fully developed
- Black's queen's bishop is still undeveloped

Evaluating the legal moves:
The most critical lines appear to be:
1. c3d5 (taking the knight) - This would be very strong as the knight on e5 is undefended and White would win material
2. c3b5 (returning to b5) - Less forcing
3. g1h3 (developing bishop) - Normal development but not exploiting the current position
4. g1f3 (another development) - Same as above
5. d1h5 (queen move) - Not well-coordinated

The best move by far is c3d5, which wins the knight on e5 since it's unprotected. Black would have no good way to recapture as:
- If ...d5xc3 then b2xc3 would give White a strong center
- If ...f8b4 then White can take the knight and develop
- Other moves would just lose material

This is a critical junction where White can gain a clear material advantage.

After c3d5, the position would be:
r1bqkbnr/pppp1ppp/4p3/3Pn3/8/2N5/PPPP1PPP/R1BQKBNR b KQkq - 1 4

And White would be up a knight with a winning position.

The other moves don't present the same level of advantage. For example, g1h3 (Bf1-h3) would be normal development but doesn't exploit Black's positional mistake.

Therefore, the best move is to capture the unprotected knight.

```
c3d5
```
2025-06-12 14:09:02,645 - INFO - Valid move found: c3d5
2025-06-12 14:09:13,930 - INFO - Move c3d5 is not among Stockfish's top 3 recommendations
2025-06-12 14:09:13,930 - INFO - Win rate after move c3d5: 16.03%
2025-06-12 14:09:13,930 - INFO - Move: c3d5
2025-06-12 14:09:13,930 - INFO - Board after move:
r . b q k b n r
p p p p . p p p
. . . . p . . .
. . . N n . . .
. . . . . . . .
. . . . . . . .
P P P P . P P P
R . B Q K B N R
2025-06-12 14:09:15,699 - INFO - Current position win rate for Black: 84.24%
2025-06-12 14:09:28,010 - INFO - Top 3 recommended moves by Stockfish:
2025-06-12 14:09:28,010 - INFO -   1. exd5 (e6d5) - Win rate: 84.08%
2025-06-12 14:09:28,010 - INFO -   2. c5 (c7c5) - Win rate: 66.20%
2025-06-12 14:09:28,010 - INFO -   3. d6 (d7d6) - Win rate: 62.15%
2025-06-12 14:09:28,010 - INFO - doubao-1.5-lite's turn (Black) - Move 4
2025-06-12 14:09:28,010 - INFO - Prompt to Black (doubao-1.5-lite):

You are an expert chess player. You are playing a game of chess. You are playing as Black.

Current board position in FEN notation:
r1bqkbnr/pppp1ppp/4p3/3Nn3/8/8/PPPP1PPP/R1BQKBNR b KQkq - 1 4

Move history in UCI notation:e2e4, e7e6, b1c3, b8c6, e4e5, c6e5, c3d5


Legal moves in UCI notation: g8e7, g8h6, g8f6, f8e7, f8d6, f8c5, f8b4, f8a3, d8e7, d8f6, d8g5, d8h4, a8b8, e5g6, e5c6, e5g4, e5c4, e5f3, e5d3, e6d5, h7h6, g7g6, f7f6, d7d6, c7c6, b7b6, a7a6, h7h5, g7g5, f7f5, c7c5, b7b5, a7a5

This is a critically urgent match. You must thoroughly analyze the position and play with utmost caution. Leverage your wisdom to secure victory.
When you have the advantage, press it relentlessly and aim for a swift checkmate. Carefully evaluate every move to eliminate any chance of a counterplay or draw by your opponent.
When at a disadvantage, strive to turn the tide and win if possible. If victory is unattainable, exhaust all possible means to force a draw.
Meticulously analyze legal moves, then select the absolute best one.

Considering the long-term strategy and short-term tactic. Analyze the position carefully. You may think through the position and consider multiple candidate moves.
When you have decided on your final move, output it in UCI notation (e.g., 'e2e4', 'g8f6' , 'e7e8q') in the following format:
```
<move>
```

For example:
```
e2e4
```
You can think and reason as much as you want, but your final move must be formatted exactly as shown above.

2025-06-12 14:09:28,011 - INFO - Attempt 1/5...
2025-06-12 14:09:28,674 - INFO - Raw response from Black (doubao-1.5-lite) (took 0.66s):
```
e5g6
```
2025-06-12 14:09:28,675 - INFO - Valid move found: e5g6
2025-06-12 14:09:43,579 - INFO - Move e5g6 is not among Stockfish's top 3 recommendations
2025-06-12 14:09:43,579 - INFO - Win rate after move e5g6: 63.09%
2025-06-12 14:09:43,579 - INFO - Move: e5g6
2025-06-12 14:09:43,579 - INFO - Board after move:
r . b q k b n r
p p p p . p p p
. . . . p . n .
. . . N . . . .
. . . . . . . .
. . . . . . . .
P P P P . P P P
R . B Q K B N R
2025-06-12 14:09:46,486 - INFO - Current position win rate for White: 35.71%
2025-06-12 14:09:56,685 - INFO - Top 3 recommended moves by Stockfish:
2025-06-12 14:09:56,685 - INFO -   1. Nc3 (d5c3) - Win rate: 36.82%
2025-06-12 14:09:56,685 - INFO -   2. Ne3 (d5e3) - Win rate: 35.43%
2025-06-12 14:09:56,685 - INFO -   3. Qe2 (d1e2) - Win rate: 34.52%
2025-06-12 14:09:56,685 - INFO - api_9's turn (White) - Move 5
2025-06-12 14:09:56,686 - INFO - Prompt to White (api_9):

You are an expert chess player. You are playing a game of chess. You are playing as White.

Current board position in FEN notation:
r1bqkbnr/pppp1ppp/4p1n1/3N4/8/8/PPPP1PPP/R1BQKBNR w KQkq - 2 5

Move history in UCI notation:e2e4, e7e6, b1c3, b8c6, e4e5, c6e5, c3d5, e5g6


Legal moves in UCI notation: d5e7, d5c7, d5f6, d5b6, d5f4, d5b4, d5e3, d5c3, g1h3, g1f3, g1e2, f1a6, f1b5, f1c4, f1d3, f1e2, e1e2, d1h5, d1g4, d1f3, d1e2, a1b1, h2h3, g2g3, f2f3, d2d3, c2c3, b2b3, a2a3, h2h4, g2g4, f2f4, d2d4, c2c4, b2b4, a2a4

This is a critically urgent match. You must thoroughly analyze the position and play with utmost caution. Leverage your wisdom to secure victory.
When you have the advantage, press it relentlessly and aim for a swift checkmate. Carefully evaluate every move to eliminate any chance of a counterplay or draw by your opponent.
When at a disadvantage, strive to turn the tide and win if possible. If victory is unattainable, exhaust all possible means to force a draw.
Meticulously analyze legal moves, then select the absolute best one.

Considering the long-term strategy and short-term tactic. Analyze the position carefully. You may think through the position and consider multiple candidate moves.
When you have decided on your final move, output it in UCI notation (e.g., 'e2e4', 'g8f6' , 'e7e8q') in the following format:
```
<move>
```

For example:
```
e2e4
```
You can think and reason as much as you want, but your final move must be formatted exactly as shown above.

2025-06-12 14:09:56,686 - INFO - Attempt 1/5...
2025-06-12 14:12:42,620 - INFO - Raw response from White (api_9) (took 165.93s):
Let's analyze the position carefully:

Current FEN: r1bqkbnr/pppp1ppp/4p1n1/3N4/8/8/PPPP1PPP/R1BQKBNR w KQkq - 2 5

This is a complex position with several pieces developed. White has a slight advantage in development but needs to capitalize on it carefully.

Key observations:
1. Black's king is still in the center (e8), making it vulnerable
2. White has control of the center with pawns on e4 and d5
3. Black's knight on g6 is pinned to the queen
4. White's queen is ideally placed on d1, supporting the center
5. Black's queen is on c8, a bit passively placed

Looking at the legal moves, the most critical ones are:
- d5e7 (winning the bishop pair and exposing Black's king)
- d5f6 (attacking the pinned knight)
- d1h5 (immediate attack on Black's weakened kingside)

The move d5e7 stands out as particularly strong because:
1. It captures Black's light-squared bishop
2. It opens the e-file for White's rook
3. It forces Black to deal with the exposed king position
4. It maintains White's central control

After d5e7, Black's position would be very uncomfortable as:
- The king's safety is compromised
- The knight on g6 is still pinned
- The queen's position becomes awkward

Other moves like d1h5 might be tempting but premature, as Black could potentially organize defense with moves like ...h7-h5 or ...g7-g6.

Therefore, the best move is to capture the bishop and press the advantage:

```
d5e7
```
2025-06-12 14:12:42,620 - INFO - Valid move found: d5e7
2025-06-12 14:12:54,470 - INFO - Move d5e7 is not among Stockfish's top 3 recommendations
2025-06-12 14:12:54,471 - INFO - Win rate after move d5e7: 13.28%
2025-06-12 14:12:54,471 - INFO - Move: d5e7
2025-06-12 14:12:54,471 - INFO - Board after move:
r . b q k b n r
p p p p N p p p
. . . . p . n .
. . . . . . . .
. . . . . . . .
. . . . . . . .
P P P P . P P P
R . B Q K B N R
2025-06-12 14:12:57,112 - INFO - Current position win rate for Black: 87.12%
2025-06-12 14:13:04,364 - INFO - Top 3 recommended moves by Stockfish:
2025-06-12 14:13:04,365 - INFO -   1. N8xe7 (g8e7) - Win rate: 87.35%
2025-06-12 14:13:04,365 - INFO -   2. Qxe7 (d8e7) - Win rate: 87.26%
2025-06-12 14:13:04,365 - INFO -   3. Bxe7 (f8e7) - Win rate: 87.21%
2025-06-12 14:13:04,365 - INFO - doubao-1.5-lite's turn (Black) - Move 5
2025-06-12 14:13:04,365 - INFO - Prompt to Black (doubao-1.5-lite):

You are an expert chess player. You are playing a game of chess. You are playing as Black.

Current board position in FEN notation:
r1bqkbnr/ppppNppp/4p1n1/8/8/8/PPPP1PPP/R1BQKBNR b KQkq - 3 5

Move history in UCI notation:e2e4, e7e6, b1c3, b8c6, e4e5, c6e5, c3d5, e5g6, d5e7


Legal moves in UCI notation: g8e7, g8h6, g8f6, f8e7, e8e7, d8e7, a8b8, g6e7, g6e5, g6h4, g6f4, h7h6, f7f6, d7d6, c7c6, b7b6, a7a6, e6e5, h7h5, f7f5, d7d5, c7c5, b7b5, a7a5

This is a critically urgent match. You must thoroughly analyze the position and play with utmost caution. Leverage your wisdom to secure victory.
When you have the advantage, press it relentlessly and aim for a swift checkmate. Carefully evaluate every move to eliminate any chance of a counterplay or draw by your opponent.
When at a disadvantage, strive to turn the tide and win if possible. If victory is unattainable, exhaust all possible means to force a draw.
Meticulously analyze legal moves, then select the absolute best one.

Considering the long-term strategy and short-term tactic. Analyze the position carefully. You may think through the position and consider multiple candidate moves.
When you have decided on your final move, output it in UCI notation (e.g., 'e2e4', 'g8f6' , 'e7e8q') in the following format:
```
<move>
```

For example:
```
e2e4
```
You can think and reason as much as you want, but your final move must be formatted exactly as shown above.

2025-06-12 14:13:04,365 - INFO - Attempt 1/5...
2025-06-12 14:13:05,162 - INFO - Raw response from Black (doubao-1.5-lite) (took 0.80s):
```
g6e7
```
2025-06-12 14:13:05,162 - INFO - Valid move found: g6e7
2025-06-12 14:13:15,673 - INFO - Move g6e7 is not among Stockfish's top 3 recommendations
2025-06-12 14:13:15,673 - INFO - Win rate after move g6e7: 85.91%
2025-06-12 14:13:15,673 - INFO - Move: g6e7
2025-06-12 14:13:15,673 - INFO - Board after move:
r . b q k b n r
p p p p n p p p
. . . . p . . .
. . . . . . . .
. . . . . . . .
. . . . . . . .
P P P P . P P P
R . B Q K B N R
2025-06-12 14:13:20,514 - INFO - Current position win rate for White: 14.09%
2025-06-12 14:13:28,544 - INFO - Top 3 recommended moves by Stockfish:
2025-06-12 14:13:28,544 - INFO -   1. d4 (d2d4) - Win rate: 14.63%
2025-06-12 14:13:28,544 - INFO -   2. Nf3 (g1f3) - Win rate: 13.42%
2025-06-12 14:13:28,544 - INFO -   3. c3 (c2c3) - Win rate: 13.01%
2025-06-12 14:13:28,544 - INFO - api_9's turn (White) - Move 6
2025-06-12 14:13:28,545 - INFO - Prompt to White (api_9):

You are an expert chess player. You are playing a game of chess. You are playing as White.

Current board position in FEN notation:
r1bqkbnr/ppppnppp/4p3/8/8/8/PPPP1PPP/R1BQKBNR w KQkq - 0 6

Move history in UCI notation:e2e4, e7e6, b1c3, b8c6, e4e5, c6e5, c3d5, e5g6, d5e7, g6e7


Legal moves in UCI notation: g1h3, g1f3, g1e2, f1a6, f1b5, f1c4, f1d3, f1e2, e1e2, d1h5, d1g4, d1f3, d1e2, a1b1, h2h3, g2g3, f2f3, d2d3, c2c3, b2b3, a2a3, h2h4, g2g4, f2f4, d2d4, c2c4, b2b4, a2a4

This is a critically urgent match. You must thoroughly analyze the position and play with utmost caution. Leverage your wisdom to secure victory.
When you have the advantage, press it relentlessly and aim for a swift checkmate. Carefully evaluate every move to eliminate any chance of a counterplay or draw by your opponent.
When at a disadvantage, strive to turn the tide and win if possible. If victory is unattainable, exhaust all possible means to force a draw.
Meticulously analyze legal moves, then select the absolute best one.

Considering the long-term strategy and short-term tactic. Analyze the position carefully. You may think through the position and consider multiple candidate moves.
When you have decided on your final move, output it in UCI notation (e.g., 'e2e4', 'g8f6' , 'e7e8q') in the following format:
```
<move>
```

For example:
```
e2e4
```
You can think and reason as much as you want, but your final move must be formatted exactly as shown above.

2025-06-12 14:13:28,545 - INFO - Attempt 1/5...
2025-06-12 14:16:43,370 - INFO - Raw response from White (api_9) (took 194.83s):
Let's analyze the position thoroughly to determine the best move for White.

Current Position Analysis (FEN: r1bqkbnr/ppppnppp/4p3/8/8/8/PPPP1PPP/R1BQKBNR w KQkq - 0 6):
1. Material is equal (both sides have equivalent material)
2. White has just played Qd1-c1 (from move history)
3. The last move was d5e7 (Nxe7) which was a mistake - it should have been Qd5 (threatening the bishop on c1) but was instead captured on e7
4. The position is now slightly worse for White due to the misplayed knight move

Key Factors:
- Black's knight on e7 is pinned to the queen (though not currently dangerous)
- The d4-square is weak
- Both kings are relatively safe
- No immediate tactics jump out
- The position is roughly equal but with Black having a slight edge due to the misplayed knight move

Best Strategic Approach:
Since the position is roughly equal and there are no immediate tactics, the best approach is to:
1. Develop harmoniously
2. Control the center
3. Maintain flexibility

Candidate Moves Evaluation:
Looking at the legal moves, several options stand out:
1. f1a6/b5/c4/d3/e2 - These are all possible moves for the bishop (Bf1), but none seem particularly urgent
2. g1h3/f3/e2 - These are possible moves for the knight (Ng1), but not ideal squares
3. e1e2 - King moves are not useful here
4. d1 moves - The queen just got developed to c1, so moving d1 (Qd1) again would be wasteful
5. a1b1 - Not useful at this point
6. Pawn moves (a2a4, b2b4, etc.) - Could help control squares but are passive

The most active and developing move appears to be:
- g1f3 (Bf1-g2 is also possible, but not in the legal moves listed)

Wait, looking at the legal moves again, the most useful developing move is:
- f1c4 (Bf1-c4), which would:
   - Control the import d5-square
   - Support the center
   - Potentially pressure Black's knight on e7
   - Be a useful square for the bishop

But there's another interesting move:
- d1h5 (Qc1-h5), which would:
   - Threaten Black's g7-pawn
   - Put pressure on Black's position
   - Be an aggressive move trying to take advantage of Black's slightly exposed king

However, after Black's last move (Nxe7), which was a mistake, the most forcing move is actually:
- d1g4 (Qc1-g4), which:
   - Threatens both Bl4 and g7
   - Puts immediate pressure on Black
   - Takes advantage of the fact that Black's knight is on e7 (though not currently in danger)

But the most precise move in this position, considering the long-term strategy, is:

```
f1c4
```

This move:
1. Develops the bishop to an active square
2. Controls the central d5-square
3. Supports the center
4. Maintains flexibility
5. Prepares possible future plans

While other moves might be more aggressive, in this roughly equal position, sound development is the best strategy. The bishop on c4 will be well-placed for both defense and offense.
2025-06-12 14:16:43,370 - INFO - Valid move found: f1c4
2025-06-12 14:16:52,425 - INFO - Move f1c4 is not among Stockfish's top 3 recommendations
2025-06-12 14:16:52,425 - INFO - Win rate after move f1c4: 11.51%
2025-06-12 14:16:52,425 - INFO - Move: f1c4
2025-06-12 14:16:52,426 - INFO - Board after move:
r . b q k b n r
p p p p n p p p
. . . . p . . .
. . . . . . . .
. . B . . . . .
. . . . . . . .
P P P P . P P P
R . B Q K . N R
2025-06-12 14:16:54,084 - INFO - Current position win rate for Black: 87.78%
2025-06-12 14:16:58,901 - INFO - Top 3 recommended moves by Stockfish:
2025-06-12 14:16:58,901 - INFO -   1. d5 (d7d5) - Win rate: 88.49%
2025-06-12 14:16:58,901 - INFO -   2. Nf6 (g8f6) - Win rate: 87.95%
2025-06-12 14:16:58,901 - INFO -   3. Nf5 (e7f5) - Win rate: 87.95%
2025-06-12 14:16:58,901 - INFO - doubao-1.5-lite's turn (Black) - Move 6
2025-06-12 14:16:58,902 - INFO - Prompt to Black (doubao-1.5-lite):

You are an expert chess player. You are playing a game of chess. You are playing as Black.

Current board position in FEN notation:
r1bqkbnr/ppppnppp/4p3/8/2B5/8/PPPP1PPP/R1BQK1NR b KQkq - 1 6

Move history in UCI notation:e2e4, e7e6, b1c3, b8c6, e4e5, c6e5, c3d5, e5g6, d5e7, g6e7, f1c4


Legal moves in UCI notation: g8h6, g8f6, a8b8, e7g6, e7c6, e7f5, e7d5, h7h6, g7g6, f7f6, d7d6, c7c6, b7b6, a7a6, e6e5, h7h5, g7g5, f7f5, d7d5, c7c5, b7b5, a7a5

This is a critically urgent match. You must thoroughly analyze the position and play with utmost caution. Leverage your wisdom to secure victory.
When you have the advantage, press it relentlessly and aim for a swift checkmate. Carefully evaluate every move to eliminate any chance of a counterplay or draw by your opponent.
When at a disadvantage, strive to turn the tide and win if possible. If victory is unattainable, exhaust all possible means to force a draw.
Meticulously analyze legal moves, then select the absolute best one.

Considering the long-term strategy and short-term tactic. Analyze the position carefully. You may think through the position and consider multiple candidate moves.
When you have decided on your final move, output it in UCI notation (e.g., 'e2e4', 'g8f6' , 'e7e8q') in the following format:
```
<move>
```

For example:
```
e2e4
```
You can think and reason as much as you want, but your final move must be formatted exactly as shown above.

2025-06-12 14:16:58,902 - INFO - Attempt 1/5...
2025-06-12 14:16:59,553 - INFO - Raw response from Black (doubao-1.5-lite) (took 0.65s):
```
e7g6
```
2025-06-12 14:16:59,554 - INFO - Valid move found: e7g6
2025-06-12 14:17:06,919 - INFO - Move e7g6 is not among Stockfish's top 3 recommendations
2025-06-12 14:17:06,919 - INFO - Win rate after move e7g6: 87.12%
2025-06-12 14:17:06,919 - INFO - Move: e7g6
2025-06-12 14:17:06,919 - INFO - Board after move:
r . b q k b n r
p p p p . p p p
. . . . p . n .
. . . . . . . .
. . B . . . . .
. . . . . . . .
P P P P . P P P
R . B Q K . N R
2025-06-12 14:17:12,629 - INFO - Current position win rate for White: 11.88%
2025-06-12 14:17:18,948 - INFO - Top 3 recommended moves by Stockfish:
2025-06-12 14:17:18,948 - INFO -   1. d4 (d2d4) - Win rate: 12.74%
2025-06-12 14:17:18,948 - INFO -   2. Nf3 (g1f3) - Win rate: 12.05%
2025-06-12 14:17:18,948 - INFO -   3. Bb3 (c4b3) - Win rate: 11.75%
2025-06-12 14:17:18,949 - INFO - api_9's turn (White) - Move 7
2025-06-12 14:17:18,949 - INFO - Prompt to White (api_9):

You are an expert chess player. You are playing a game of chess. You are playing as White.

Current board position in FEN notation:
r1bqkbnr/pppp1ppp/4p1n1/8/2B5/8/PPPP1PPP/R1BQK1NR w KQkq - 2 7

Move history in UCI notation:e2e4, e7e6, b1c3, b8c6, e4e5, c6e5, c3d5, e5g6, d5e7, g6e7, f1c4, e7g6


Legal moves in UCI notation: c4e6, c4a6, c4d5, c4b5, c4d3, c4b3, c4e2, c4f1, g1h3, g1f3, g1e2, e1e2, e1f1, d1h5, d1g4, d1f3, d1e2, a1b1, h2h3, g2g3, f2f3, d2d3, c2c3, b2b3, a2a3, h2h4, g2g4, f2f4, d2d4, b2b4, a2a4

This is a critically urgent match. You must thoroughly analyze the position and play with utmost caution. Leverage your wisdom to secure victory.
When you have the advantage, press it relentlessly and aim for a swift checkmate. Carefully evaluate every move to eliminate any chance of a counterplay or draw by your opponent.
When at a disadvantage, strive to turn the tide and win if possible. If victory is unattainable, exhaust all possible means to force a draw.
Meticulously analyze legal moves, then select the absolute best one.

Considering the long-term strategy and short-term tactic. Analyze the position carefully. You may think through the position and consider multiple candidate moves.
When you have decided on your final move, output it in UCI notation (e.g., 'e2e4', 'g8f6' , 'e7e8q') in the following format:
```
<move>
```

For example:
```
e2e4
```
You can think and reason as much as you want, but your final move must be formatted exactly as shown above.

2025-06-12 14:17:18,949 - INFO - Attempt 1/5...
2025-06-12 14:19:51,261 - INFO - Raw response from White (api_9) (took 152.31s):
Let's analyze the current position carefully to determine the best move for White.

Current FEN: r1bqkbnr/pppp1ppp/4p1n1/8/2B5/8/PPPP1PPP/R1BQK1NR w KQkq - 2 7

Key observations:
1. Material is equal (both sides have all pieces except for White's light-squared bishop which was sacrificed for a pawn)
2. White has a space advantage in the center
3. Black's queen is slightly exposed on c8
4. White's pieces are more actively placed
5. The d5-square is a key central square that could be used for White's pieces

Looking at the legal moves, we need to find the one that:
- Maintains or increases White's initiative
- Doesn't give Black any counterplay
- Develops pieces to active squares
- Controls key central squares

Evaluating the candidates:
1. c4e6 - Takes the pawn but doesn't develop anything and might be met with Bf5
2. g1h3/g1f3 - King's fianchetto options, but the king is already safely posted
3. d1h5 - Interesting, but the queen might be misplaced there
4. d1g4 - Similar to above, but g4 is less active
5. d1f3 - Queen move that controls the f-file and attacks f7
6. d1e2 - Queen retreat, not ideal
7. a1b1 - Useless move
8. h2h3/g2g3/etc. - Pawn moves that don't develop pieces

The strongest move appears to be d1f3 (Qd1-f3), which:
- Keeps the queen active
- Attacks f7 (weak point in Black's kingside)
- Prepares for potential king's side attack
- Doesn't relinquish central control
- Maintains pressure on Black's position

Other moves like c4e6 would gain material but give up the initiative, which is not ideal in this position where White has the advantage.

Therefore, the best move is:
```
d1f3
```
2025-06-12 14:19:51,262 - INFO - Valid move found: d1f3
2025-06-12 14:20:01,058 - INFO - Move d1f3 is not among Stockfish's top 3 recommendations
2025-06-12 14:20:01,059 - INFO - Win rate after move d1f3: 10.30%
2025-06-12 14:20:01,059 - INFO - Move: d1f3
2025-06-12 14:20:01,059 - INFO - Board after move:
r . b q k b n r
p p p p . p p p
. . . . p . n .
. . . . . . . .
. . B . . . . .
. . . . . Q . .
P P P P . P P P
R . B . K . N R
2025-06-12 14:20:04,282 - INFO - Current position win rate for Black: 90.38%
2025-06-12 14:20:14,217 - INFO - Top 3 recommended moves by Stockfish:
2025-06-12 14:20:14,218 - INFO -   1. d5 (d7d5) - Win rate: 90.20%
2025-06-12 14:20:14,218 - INFO -   2. Nh4 (g6h4) - Win rate: 90.13%
2025-06-12 14:20:14,218 - INFO -   3. c5 (c7c5) - Win rate: 89.77%
2025-06-12 14:20:14,218 - INFO - doubao-1.5-lite's turn (Black) - Move 7
2025-06-12 14:20:14,218 - INFO - Prompt to Black (doubao-1.5-lite):

You are an expert chess player. You are playing a game of chess. You are playing as Black.

Current board position in FEN notation:
r1bqkbnr/pppp1ppp/4p1n1/8/2B5/5Q2/PPPP1PPP/R1B1K1NR b KQkq - 3 7

Move history in UCI notation:e2e4, e7e6, b1c3, b8c6, e4e5, c6e5, c3d5, e5g6, d5e7, g6e7, f1c4, e7g6, d1f3


Legal moves in UCI notation: g8e7, g8h6, g8f6, f8e7, f8d6, f8c5, f8b4, f8a3, e8e7, d8e7, d8f6, d8g5, d8h4, a8b8, g6e7, g6e5, g6h4, g6f4, h7h6, f7f6, d7d6, c7c6, b7b6, a7a6, e6e5, h7h5, f7f5, d7d5, c7c5, b7b5, a7a5

This is a critically urgent match. You must thoroughly analyze the position and play with utmost caution. Leverage your wisdom to secure victory.
When you have the advantage, press it relentlessly and aim for a swift checkmate. Carefully evaluate every move to eliminate any chance of a counterplay or draw by your opponent.
When at a disadvantage, strive to turn the tide and win if possible. If victory is unattainable, exhaust all possible means to force a draw.
Meticulously analyze legal moves, then select the absolute best one.

Considering the long-term strategy and short-term tactic. Analyze the position carefully. You may think through the position and consider multiple candidate moves.
When you have decided on your final move, output it in UCI notation (e.g., 'e2e4', 'g8f6' , 'e7e8q') in the following format:
```
<move>
```

For example:
```
e2e4
```
You can think and reason as much as you want, but your final move must be formatted exactly as shown above.

2025-06-12 14:20:14,218 - INFO - Attempt 1/5...
2025-06-12 14:20:15,047 - INFO - Raw response from Black (doubao-1.5-lite) (took 0.83s):
```
g6e7
```
2025-06-12 14:20:15,048 - INFO - Valid move found: g6e7
2025-06-12 14:20:25,059 - INFO - Move g6e7 is not among Stockfish's top 3 recommendations
2025-06-12 14:20:25,059 - INFO - Win rate after move g6e7: 50.00%
2025-06-12 14:20:25,059 - INFO - Move: g6e7
2025-06-12 14:20:25,059 - INFO - Board after move:
r . b q k b n r
p p p p n p p p
. . . . p . . .
. . . . . . . .
. . B . . . . .
. . . . . Q . .
P P P P . P P P
R . B . K . N R
2025-06-12 14:20:25,130 - INFO - Current position win rate for White: 50.00%
2025-06-12 14:20:32,533 - INFO - Top 3 recommended moves by Stockfish:
2025-06-12 14:20:32,533 - INFO -   1. Qd1 (f3d1) - Win rate: 50.00%
2025-06-12 14:20:32,533 - INFO -   2. d4 (d2d4) - Win rate: 14.48%
2025-06-12 14:20:32,533 - INFO -   3. Bb3 (c4b3) - Win rate: 12.88%
2025-06-12 14:20:32,533 - INFO - api_9's turn (White) - Move 8
2025-06-12 14:20:32,534 - INFO - Prompt to White (api_9):

You are an expert chess player. You are playing a game of chess. You are playing as White.

Current board position in FEN notation:
r1bqkbnr/ppppnppp/4p3/8/2B5/5Q2/PPPP1PPP/R1B1K1NR w KQkq - 4 8

Move history in UCI notation:e2e4, e7e6, b1c3, b8c6, e4e5, c6e5, c3d5, e5g6, d5e7, g6e7, f1c4, e7g6, d1f3, g6e7


Legal moves in UCI notation: c4e6, c4a6, c4d5, c4b5, c4d3, c4b3, c4e2, c4f1, f3f7, f3b7, f3f6, f3c6, f3h5, f3f5, f3d5, f3g4, f3f4, f3e4, f3h3, f3g3, f3e3, f3d3, f3c3, f3b3, f3a3, f3e2, f3d1, g1h3, g1e2, e1e2, e1f1, e1d1, a1b1, h2h3, g2g3, d2d3, c2c3, b2b3, a2a3, h2h4, g2g4, d2d4, b2b4, a2a4

This is a critically urgent match. You must thoroughly analyze the position and play with utmost caution. Leverage your wisdom to secure victory.
When you have the advantage, press it relentlessly and aim for a swift checkmate. Carefully evaluate every move to eliminate any chance of a counterplay or draw by your opponent.
When at a disadvantage, strive to turn the tide and win if possible. If victory is unattainable, exhaust all possible means to force a draw.
Meticulously analyze legal moves, then select the absolute best one.

Considering the long-term strategy and short-term tactic. Analyze the position carefully. You may think through the position and consider multiple candidate moves.
When you have decided on your final move, output it in UCI notation (e.g., 'e2e4', 'g8f6' , 'e7e8q') in the following format:
```
<move>
```

For example:
```
e2e4
```
You can think and reason as much as you want, but your final move must be formatted exactly as shown above.

2025-06-12 14:20:32,534 - INFO - Attempt 1/5...
2025-06-12 14:21:56,274 - INFO - Raw response from White (api_9) (took 83.74s):
Let me analyze the position carefully.

The current FEN is: r1bqkbnr/ppppnppp/4p3/8/2B5/5Q2/PPPP1PPP/R1B1K1NR w KQkq - 4 8

This shows:
- White to move
- Black has a dangerous-looking position with pieces aimed at White's king
- White's queen is on f3, attacking several squares but also exposed
- The move history shows an active game with several exchanges already

Looking at the legal moves, I need to find the one that best:
1. Develops pieces harmoniously
2. Controls the center
3. Protects the king
4. Creates threats while avoiding counterplay

The most promising moves appear to be:
- f3f7 (attacking Black's weakened kingside)
- g1h3 (preparing a defense against Black's threats)
- e1e2 (centralizing the king and connecting rooks)

After evaluating all options, the strongest move seems to be f3f7+. This:
1. Creates an immediate threat against Black's king
2. Forces Black to respond defensively
3. Potentially opens lines for White's rooks
4. Maintains the initiative

The other options either don't create immediate threats (like e1e2) or don't properly exploit Black's weakened kingside (like g1h3). The check on f7 forces Black to address the threat immediately, giving White the initiative.

```
f3f7+
```
2025-06-12 14:21:56,275 - WARNING - Parsing error: No valid UCI move found in response. Rethink the valid UCI move notation and example we give you. Your answer must follow our example(i.e., adding ``` in the beginning and ending)
2025-06-12 14:21:56,275 - INFO - Attempt 2/5...
2025-06-12 14:22:36,821 - INFO - Raw response from White (api_9) (took 40.55s):
```
f3f7+
```
2025-06-12 14:22:36,821 - WARNING - Parsing error: No valid UCI move found in response. Rethink the valid UCI move notation and example we give you. Your answer must follow our example(i.e., adding ``` in the beginning and ending)
2025-06-12 14:22:36,822 - INFO - Attempt 3/5...
2025-06-12 14:23:09,446 - INFO - Raw response from White (api_9) (took 32.62s):
I apologize for the confusion. Let me re-express the move correctly in UCI notation with proper formatting. The correct move is:

```
f3f7+
```
2025-06-12 14:23:09,446 - WARNING - Parsing error: No valid UCI move found in response. Rethink the valid UCI move notation and example we give you. Your answer must follow our example(i.e., adding ``` in the beginning and ending)
2025-06-12 14:23:09,446 - INFO - Attempt 4/5...
2025-06-12 14:23:33,211 - INFO - Raw response from White (api_9) (took 23.76s):
I understand now. The correct move in proper UCI notation with the required formatting is:

```
f3f7+
```
2025-06-12 14:23:33,211 - WARNING - Parsing error: No valid UCI move found in response. Rethink the valid UCI move notation and example we give you. Your answer must follow our example(i.e., adding ``` in the beginning and ending)
2025-06-12 14:23:33,211 - INFO - Attempt 5/5...
2025-06-12 14:23:47,618 - INFO - Raw response from White (api_9) (took 14.41s):
I see the issue now. The correct UCI notation for the move should be:

```
f3f7+
```

However, since the system is having trouble recognizing it, I'll confirm that this is indeed the correct move in proper UCI format with the proper check indication. The queen moves from f3 to f7, delivering check to the black king.

```
f3f7+
```
2025-06-12 14:23:47,619 - WARNING - Parsing error: No valid UCI move found in response. Rethink the valid UCI move notation and example we give you. Your answer must follow our example(i.e., adding ``` in the beginning and ending)
2025-06-12 14:23:47,619 - ERROR - Failed to get a valid move after 5 attempts. Forfeiting the game.
2025-06-12 14:23:47,619 - INFO - api_9 has forfeited the game due to failure to generate a legal move.
2025-06-12 14:23:47,619 - INFO - doubao-1.5-lite wins by forfeit!
2025-06-12 14:23:47,619 - INFO - === Player Move Quality Statistics ===
2025-06-12 14:23:47,619 - INFO - api_9:
2025-06-12 14:23:47,619 - INFO -   Total moves: 7
2025-06-12 14:23:47,619 - INFO -   Optimal moves (in top 3): 2 (28.6%)
2025-06-12 14:23:47,619 - INFO - doubao-1.5-lite:
2025-06-12 14:23:47,619 - INFO -   Total moves: 7
2025-06-12 14:23:47,619 - INFO -   Optimal moves (in top 3): 2 (28.6%)
2025-06-12 14:23:47,619 - INFO - === Player Attempt Statistics ===
2025-06-12 14:23:47,619 - INFO - api_9:
2025-06-12 14:23:47,619 - INFO -   Total attempts: 14
2025-06-12 14:23:47,619 - INFO -   Parsing errors: 5 (35.7% of attempts)
2025-06-12 14:23:47,619 - INFO -   Illegal moves: 0 (0.0% of attempts)
2025-06-12 14:23:47,620 - INFO -   forbidden thinking: 0 (0.0% of attempts)
2025-06-12 14:23:47,620 - INFO -   Successful moves: 7 (50.0% of attempts)
2025-06-12 14:23:47,620 - INFO - doubao-1.5-lite:
2025-06-12 14:23:47,620 - INFO -   Total attempts: 7
2025-06-12 14:23:47,620 - INFO -   Parsing errors: 0 (0.0% of attempts)
2025-06-12 14:23:47,620 - INFO -   Illegal moves: 0 (0.0% of attempts)
2025-06-12 14:23:47,620 - INFO -   forbidden thinking: 0 (0.0% of attempts)
2025-06-12 14:23:47,620 - INFO -   Successful moves: 7 (100.0% of attempts)
2025-06-12 14:23:47,620 - INFO - Game completed!
2025-06-12 14:23:47,620 - INFO - Result: 0-1
2025-06-12 14:23:47,620 - INFO - Termination: forfeit
2025-06-12 14:23:47,620 - INFO - Final FEN: r1bqkbnr/ppppnppp/4p3/8/2B5/5Q2/PPPP1PPP/R1B1K1NR w KQkq - 4 8
2025-06-12 14:23:47,620 - INFO - Move history: e2e4, e7e6, b1c3, b8c6, e4e5, c6e5, c3d5, e5g6, d5e7, g6e7, f1c4, e7g6, d1f3, g6e7
