2025-06-03 16:12:36,416 - INFO - Starting game 20250603_153136_2: api_9_code_2 vs api_9_code_1
2025-06-03 16:12:36,491 - INFO - Initial board:
r n b q k b n r
p p p p p p p p
. . . . . . . .
. . . . . . . .
. . . . . . . .
. . . . . . . .
P P P P P P P P
R N B Q K B N R
2025-06-03 16:12:41,834 - INFO - Current position win rate for White: 53.10%
2025-06-03 16:12:50,175 - INFO - Top 3 recommended moves by Stockfish:
2025-06-03 16:12:50,176 - INFO -   1. Nf3 (g1f3) - Win rate: 52.00%
2025-06-03 16:12:50,176 - INFO -   2. d4 (d2d4) - Win rate: 52.00%
2025-06-03 16:12:50,176 - INFO -   3. e4 (e2e4) - Win rate: 51.60%
2025-06-03 16:12:50,176 - INFO - api_9_code_2's turn (White) - Move 1
2025-06-03 16:12:50,176 - INFO - Prompt to White (api_9_code_2):

You are playing a game of chess. You are playing as White.

Current board position in FEN notation:
rnbqkbnr/pppppppp/8/8/8/8/PPPPPPPP/RNBQKBNR w KQkq - 0 1

Legal moves in UCI notation: g1h3, g1f3, b1c3, b1a3, h2h3, g2g3, f2f3, e2e3, d2d3, c2c3, b2b3, a2a3, h2h4, g2g4, f2f4, e2e4, d2d4, c2c4, b2b4, a2a4

Analyze the position carefully. You may think through the position and consider multiple candidate moves.
When you have decided on your final move, output it in UCI notation (e.g., 'e2e4', 'g8f6') in the following format:

```
<move>
```

You can think and reason as much as you want, but your final move must be formatted exactly as shown above.

2025-06-03 16:12:50,176 - INFO - Attempt 1/3...
2025-06-03 16:12:54,600 - INFO - Raw response from White (api_9_code_2) (took 4.42s):
The given FEN notation represents the starting position of a chess game. White has 20 possible legal moves, all of which are pawn moves or knight moves (the knights haven't moved yet, so all their moves are the same).

In the opening phase of chess, one of the most common and principled moves is to advance the king's pawn two squares (e2e4). This move:
1. Controls the center (e4 is a central square)
2. Opens lines for the queen and bishop
3. Is a developing move that helps control the board

Other good options might include d2d4 (similar reasons) or the knight moves (g1h3 or g1f3), but e2e4 is generally considered one of the strongest and most aggressive opening moves for White.

```
e2e4
```
2025-06-03 16:12:54,601 - INFO - Valid move found: e2e4
2025-06-03 16:13:03,388 - INFO - Move e2e4 is Stockfish's recommendation #3
2025-06-03 16:13:03,388 - INFO - Win rate after move e2e4: 51.60%
2025-06-03 16:13:03,388 - INFO - Move: e2e4
2025-06-03 16:13:03,388 - INFO - Board after move:
r n b q k b n r
p p p p p p p p
. . . . . . . .
. . . . . . . .
. . . . P . . .
. . . . . . . .
P P P P . P P P
R N B Q K B N R
2025-06-03 16:13:05,825 - INFO - Current position win rate for Black: 46.41%
2025-06-03 16:13:14,499 - INFO - Top 3 recommended moves by Stockfish:
2025-06-03 16:13:14,499 - INFO -   1. e6 (e7e6) - Win rate: 48.60%
2025-06-03 16:13:14,499 - INFO -   2. c5 (c7c5) - Win rate: 46.41%
2025-06-03 16:13:14,499 - INFO -   3. e5 (e7e5) - Win rate: 45.91%
2025-06-03 16:13:14,500 - INFO - api_9_code_1's turn (Black) - Move 1
2025-06-03 16:13:14,500 - INFO - Prompt to Black (api_9_code_1):

You are playing a game of chess. You are playing as Black.

Current board position in FEN notation:
rnbqkbnr/pppppppp/8/8/4P3/8/PPPP1PPP/RNBQKBNR b KQkq - 0 1

Legal moves in UCI notation: g8h6, g8f6, b8c6, b8a6, h7h6, g7g6, f7f6, e7e6, d7d6, c7c6, b7b6, a7a6, h7h5, g7g5, f7f5, e7e5, d7d5, c7c5, b7b5, a7a5

Analyze the position carefully. You may think through the position and consider multiple candidate moves.
When you have decided on your final move, output it in UCI notation (e.g., 'e2e4', 'g8f6') in the following format:

```
<move>
```

You can think and reason as much as you want, but your final move must be formatted exactly as shown above.

2025-06-03 16:13:14,500 - INFO - Attempt 1/3...
2025-06-03 16:13:25,007 - INFO - Raw response from Black (api_9_code_1) (took 10.51s):
Let's analyze the position:

1. The FEN shows the starting position of a chess game (Black's move 1), with all pieces on their initial squares.
2. The legal moves listed are all the standard first moves Black can make from the opening position.

As Black, I have several reasonable options for my first move:
- g8h6 (Queen's Knight moving to h6)
- g8f6 (Queen's Knight moving to f6)
- b8c6 (King's Knight moving to c6)
- b8a6 (King's Knight moving to a6)
- Various pawn moves (h7h6, g7g6, etc.)

The most common and strongest first moves for Black are typically:
- g8f6 (Nimzowitsch-Larsen Attack)
- b8c6 (Alekhine's Defense)
- or various pawn moves like e7e6 (French Defense) or d7d5 (Queen's Pawn Openings)

However, looking at the legal moves, I notice that e7e5 (King's Bishop Pawn moving two squares) isn't listed as a legal move, which suggests this might be a variation where that move isn't available.

Among the options, the most natural and flexible move would be:

```
g8f6
```

This move:
1. Develops the Queen's Knight to a central square
2. Eyes the e4 and g2 squares
3. Prepares possible castling
4. Is one of the principal moves in the Two Knights Defense if White responds with e4
2025-06-03 16:13:25,007 - INFO - Valid move found: g8f6
2025-06-03 16:13:36,335 - INFO - Move g8f6 is not among Stockfish's top 3 recommendations
2025-06-03 16:13:36,335 - INFO - Win rate after move g8f6: 42.85%
2025-06-03 16:13:36,335 - INFO - Move: g8f6
2025-06-03 16:13:36,335 - INFO - Board after move:
r n b q k b . r
p p p p p p p p
. . . . . n . .
. . . . . . . .
. . . . P . . .
. . . . . . . .
P P P P . P P P
R N B Q K B N R
2025-06-03 16:13:38,197 - INFO - Current position win rate for White: 56.37%
2025-06-03 16:13:44,771 - INFO - Top 3 recommended moves by Stockfish:
2025-06-03 16:13:44,772 - INFO -   1. e5 (e4e5) - Win rate: 56.46%
2025-06-03 16:13:44,772 - INFO -   2. Nc3 (b1c3) - Win rate: 50.60%
2025-06-03 16:13:44,772 - INFO -   3. d3 (d2d3) - Win rate: 48.20%
2025-06-03 16:13:44,772 - INFO - api_9_code_2's turn (White) - Move 2
2025-06-03 16:13:44,773 - INFO - Prompt to White (api_9_code_2):

You are playing a game of chess. You are playing as White.

Current board position in FEN notation:
rnbqkb1r/pppppppp/5n2/8/4P3/8/PPPP1PPP/RNBQKBNR w KQkq - 1 2

Legal moves in UCI notation: g1h3, g1f3, g1e2, f1a6, f1b5, f1c4, f1d3, f1e2, e1e2, d1h5, d1g4, d1f3, d1e2, b1c3, b1a3, e4e5, h2h3, g2g3, f2f3, d2d3, c2c3, b2b3, a2a3, h2h4, g2g4, f2f4, d2d4, c2c4, b2b4, a2a4

Analyze the position carefully. You may think through the position and consider multiple candidate moves.
When you have decided on your final move, output it in UCI notation (e.g., 'e2e4', 'g8f6') in the following format:

```
<move>
```

You can think and reason as much as you want, but your final move must be formatted exactly as shown above.

2025-06-03 16:13:44,773 - INFO - Attempt 1/3...
2025-06-03 16:13:54,524 - INFO - Raw response from White (api_9_code_2) (took 9.75s):
Let's analyze the current position:

FEN: rnbqkb1r/pppppppp/5n2/8/4P3/8/PPPP1PPP/RNBQKBNR w KQkq - 1 2

This is the standard starting position after White's first move (e2e4) and Black's response (e7e5), but with a slight variation - the knight on f8 has moved to b8 (as seen from the FEN notation). The legal moves list confirms this is an early position with many possible developing moves.

Looking at the legal moves, the most promising candidates appear to be:
- g1h3 (Knight to h3)
- g1f3 (Knight to f3)
- b1c3 (Knight to c3)
- d1h5 (Queen to h5 - too exposing)
- d1f3 (Queen to f3 - too exposing)
- e4e5 (Pawn to e5 - advancing the center pawn)

The best developing move here is likely b1c3 (Knight to c3), which:
1. Develops a piece toward the center
2. Doesn't expose the queen prematurely like some other moves
3. Prepares for possible castling
4. Puts pressure on the center squares

However, e4e5 is also a strong central pawn push that claims more space. But since the knight moves are more about development and the pawn push might be slightly premature without other pieces developed, I think the knight move is better.

Between the knight moves, b1c3 is more flexible than g1h3 or g1f3 as it:
- Doesn't block the f-pawn
- Can be followed up with c3d5 or other central moves
- Supports the d4 square

Therefore, the best move is:

```
b1c3
```
2025-06-03 16:13:54,526 - INFO - Valid move found: b1c3
2025-06-03 16:14:01,868 - INFO - Move b1c3 is Stockfish's recommendation #2
2025-06-03 16:14:01,868 - INFO - Win rate after move b1c3: 50.60%
2025-06-03 16:14:01,868 - INFO - Move: b1c3
2025-06-03 16:14:01,868 - INFO - Board after move:
r n b q k b . r
p p p p p p p p
. . . . . n . .
. . . . . . . .
. . . . P . . .
. . N . . . . .
P P P P . P P P
R . B Q K B N R
2025-06-03 16:14:04,435 - INFO - Current position win rate for Black: 48.90%
2025-06-03 16:14:13,165 - INFO - Top 3 recommended moves by Stockfish:
2025-06-03 16:14:13,166 - INFO -   1. e5 (e7e5) - Win rate: 49.10%
2025-06-03 16:14:13,166 - INFO -   2. d5 (d7d5) - Win rate: 47.10%
2025-06-03 16:14:13,166 - INFO -   3. e6 (e7e6) - Win rate: 46.51%
2025-06-03 16:14:13,166 - INFO - api_9_code_1's turn (Black) - Move 2
2025-06-03 16:14:13,166 - INFO - Prompt to Black (api_9_code_1):

You are playing a game of chess. You are playing as Black.

Current board position in FEN notation:
rnbqkb1r/pppppppp/5n2/8/4P3/2N5/PPPP1PPP/R1BQKBNR b KQkq - 2 2

Legal moves in UCI notation: h8g8, b8c6, b8a6, f6g8, f6h5, f6d5, f6g4, f6e4, h7h6, g7g6, e7e6, d7d6, c7c6, b7b6, a7a6, h7h5, g7g5, e7e5, d7d5, c7c5, b7b5, a7a5

Analyze the position carefully. You may think through the position and consider multiple candidate moves.
When you have decided on your final move, output it in UCI notation (e.g., 'e2e4', 'g8f6') in the following format:

```
<move>
```

You can think and reason as much as you want, but your final move must be formatted exactly as shown above.

2025-06-03 16:14:13,166 - INFO - Attempt 1/3...
2025-06-03 16:14:23,149 - INFO - Raw response from Black (api_9_code_1) (took 9.98s):
Let's analyze the current position:

FEN: rnbqkb1r/pppppppp/5n2/8/4P3/2N5/PPPP1PPP/R1BQKBNR b KQkq - 2 2

This is the position after Black's second move (2...). The position shows:
- Black has just played 2...e6 (as indicated by the FEN's move counter)
- The main candidates from the legal moves list are:
  - h8g8 (Queen's Gambit Declined style)
  - b8c6 (Nimzo-Indian or Queen's Indian)
  - f6g8 (retransposition to Queen's Gambit)
  - f6h5 (Dutch-like)
  - f6g4 (with potential for kingside attack)
  - f6e4 (with potential for center control)

The most natural developing moves would be:
1. b8c6 - Developing the knight to a central square
2. f6g8 - Completing the Dutch/Queen's Gambit setup
3. f6e4 - Taking control of the center

Considering the current pawn structure (e6, d7-d2, c7-c2, b7-b2, a7-a2), f6e4 would be the most aggressive option, challenging White's center directly. However, f6g8 maintains more flexibility.

But looking at the legal moves, f6g8 is not actually available in the current list (only h8g8 is present). The knight on f6 needs to find a good square. The most natural developing move is b8c6, which:
- Develops the knight to a central square
- Supports the d5 pawn break later
- Doesn't lock in the bishop like f6e4 might

Therefore, the best move is:

```
b8c6
```
2025-06-03 16:14:23,149 - INFO - Valid move found: b8c6
2025-06-03 16:14:34,790 - INFO - Move b8c6 is not among Stockfish's top 3 recommendations
2025-06-03 16:14:34,790 - INFO - Win rate after move b8c6: 43.54%
2025-06-03 16:14:34,790 - INFO - Move: b8c6
2025-06-03 16:14:34,791 - INFO - Board after move:
r . b q k b . r
p p p p p p p p
. . n . . n . .
. . . . . . . .
. . . . P . . .
. . N . . . . .
P P P P . P P P
R . B Q K B N R
2025-06-03 16:14:38,702 - INFO - Current position win rate for White: 56.86%
2025-06-03 16:14:45,220 - INFO - Top 3 recommended moves by Stockfish:
2025-06-03 16:14:45,221 - INFO -   1. d4 (d2d4) - Win rate: 56.56%
2025-06-03 16:14:45,221 - INFO -   2. Bb5 (f1b5) - Win rate: 51.00%
2025-06-03 16:14:45,221 - INFO -   3. Nf3 (g1f3) - Win rate: 50.60%
2025-06-03 16:14:45,221 - INFO - api_9_code_2's turn (White) - Move 3
2025-06-03 16:14:45,221 - INFO - Prompt to White (api_9_code_2):

You are playing a game of chess. You are playing as White.

Current board position in FEN notation:
r1bqkb1r/pppppppp/2n2n2/8/4P3/2N5/PPPP1PPP/R1BQKBNR w KQkq - 3 3

Legal moves in UCI notation: c3d5, c3b5, c3a4, c3e2, c3b1, g1h3, g1f3, g1e2, f1a6, f1b5, f1c4, f1d3, f1e2, e1e2, d1h5, d1g4, d1f3, d1e2, a1b1, e4e5, h2h3, g2g3, f2f3, d2d3, b2b3, a2a3, h2h4, g2g4, f2f4, d2d4, b2b4, a2a4

Analyze the position carefully. You may think through the position and consider multiple candidate moves.
When you have decided on your final move, output it in UCI notation (e.g., 'e2e4', 'g8f6') in the following format:

```
<move>
```

You can think and reason as much as you want, but your final move must be formatted exactly as shown above.

2025-06-03 16:14:45,221 - INFO - Attempt 1/3...
2025-06-03 16:16:15,953 - INFO - Raw response from White (api_9_code_2) (took 90.73s):
Alright, let's tackle this chess position step by step. I'm white, and the current FEN is: 

`r1bqkb1r/pppppppp/2n2n2/8/4P3/2N5/PPPP1PPP/R1BQKBNR w KQkq - 3 3`

First, let's decode the FEN to understand the position:

- `r1bqkb1r`: Black's pieces: rook, knight, bishop, queen, king, bishop, knight, rook.
- `pppppppp`: All pawns are on their starting squares for both sides.
- `2n2n2`: Two knights and two empty squares (but wait, this seems off for the third rank; actually, it's likely `2n2n2` meaning two empty squares, knight, two empty squares, knight, two empty squares on the third rank for black's pieces, but given the context, it's more about black's pieces after the initial pawn moves. Maybe it's `2n2n2` as in two empty, knight, two empty, knight, two empty on the third rank, but given the initial pawn structure, it's likely black's knights are on their original squares (b8 and g8), but the FEN seems to suggest they're on f6 and possibly other squares. Wait, let me parse the FEN correctly.

Actually, the FEN is given as:

`r1bqkb1r/pppppppp/2n2n2/8/4P3/2N5/PPPP1PPP/R1BQKBNR w KQkq - 3 3`

Breaking it down:

1. `r1bqkb1r`: Black's first rank: rook, empty (1), bishop, queen, king, bishop, empty (1), rook.
   - So: rook on a8, empty on b8, bishop on c8, queen on d8, king on e8, bishop on f8, empty on g8, rook on h8.
   - But this seems off because black's king is on e8, and queens are on d8, which is standard.

2. `pppppppp`: Black's pawns on the second rank, all present.

3. `2n2n2`: Black's third rank: empty, knight, empty, empty, knight, empty. Wait, no, `2n2n2` is:
   - Two empty (2), knight (n), two empty (2), knight (n), two empty (2). But ranks go from a to h, so `2n2n2` would be:
     - a3: empty
     - b3: knight
     - c3: empty
     - d3: empty
     - e3: knight
     - f3: empty
     - g3: empty
     - h3: empty
   - But black's knights start on b8 and g8, so this seems like black's knights are on b3 and e3, which is unusual for the third move. Maybe black has played ...Nf6 and ...Nc6, but the FEN seems to have black's knights on different squares.

Wait, perhaps the FEN is misrepresented. The standard opening here seems to be a variation of the Sicilian Defense or similar. Given that it's move 3 for white (w KQkq - 3 3), and the position seems like an open Sicilian with black's knights on f6 and possibly c6, but the FEN shows `2n2n2` on the third rank, which is confusing.

Actually, the correct parsing is:

After the first two ranks (black's back rank and pawns), the third rank is `2n2n2`, meaning:

- a3: empty (2)
- b3: knight
- c3: empty (2) - Wait, no, `2n2n2` is:

The notation is from a8 to h8 for the first part, then a7 to h7, etc.

Actually, the standard FEN is:

Each rank is described from a8 to h8 for the first part, then a7 to h7, etc.

Given that, let's parse the given FEN correctly:

`r1bqkb1r` - a8=r, b8=empty, c8=b, d8=q, e8=k, f8=b, g8=empty, h8=r
`pppppppp` - all pawns on 7th rank
`2n2n2` - on 6th rank: a6=empty(2), b6=n, c6=empty(2), d6=n, e6=empty(2), etc.? Wait, no, `2n2n2` is:

Actually, the third part is the 6th rank (since first is 8th, second is 7th), so `2n2n2` means:

a6: 2 empty, b6: n, c6: 2 empty, d6: n, e6: 2 empty, etc. But this doesn't make sense because ranks go from a to h, so `2n2n2` is:

a6: empty (count 2), b6: n, then next is c6: empty (count 2), d6: n, e6: empty (count 2), etc. But this is 6 squares, not 8. Wait, the count is per rank, so `2n2n2` is for 8 squares:

It's read as:

- a6: empty (count 2)
- then b6: n (stop counting)
- then c6: empty (count 2)
- then d6: n
- then e6: empty (count 2)
- but this is only 6 squares, so perhaps it's a6: empty (count 2), b6: n, c6: empty (count 2), d6: n, e6: empty (count 2), f6: n, but that's more than 8.

Wait, the correct parsing is that each number is a sequence, so `2n2n2` is:

- 2 empty (a6, b6)
- then n (c6)
- then 2 empty (d6, e6)
- then n (f6)
- then 2 empty (g6, h6)

But that's 8 squares: a6 to h6.

So black's pieces on 6th rank:

a6: empty
b6: empty
c6: n
d6: empty
e6: empty
f6: n
g6: empty
h6: empty

Wait, no, that's not matching `2n2n2`. Maybe it's:

`2n2n2` is:

- 2 empty: a6, b6
- n: c6
- 2 empty: d6, e6
- n: f6
- 2 empty: g6, h6

Yes, that's 8 squares.

So black's knights are on c6 and f6.

Then the next part is empty (`8`), meaning the 5th rank is empty.

Then `4P3`: on the 4th rank, 4 empty, then P, then 3 empty.

Wait, no, `4P3` is:

- 4 empty: a4, b4, c4, d4
- P: e4
- 3 empty: f4, g4, h4

Then `2N5`: on the 3rd rank, 2 empty, then N, then 5 empty.

Wait, no, `2N5` is:

- 2 empty: a3, b3
- N: c3
- 5 empty: d3, e3, f3, g3, h3

Then `PPPP1PPP`: on the 2nd rank, P, P, P, P, empty, P, P, P.

Wait, no, `PPPP1PPP` is:

- P: a2, b2, c2, d2
- empty: e2
- P: f2, g2, h2

Then `R1BQKBNR`: on the 1st rank, R, empty, B, Q, K, B, N, R.

Wait, no, `R1BQKBNR` is:

- R: a1
- empty: b1 (count 1)
- B: c1
- Q: d1
- K: e1
- B: f1
- N: g1
- R: h1

So the position is:

Black:
- a8=r, b8=empty, c8=b, d8=q, e8=k, f8=b, g8=empty, h8=r
- pawns on a7, b7, ..., h7
- knights on c6 and f6
- empty on a6, b6, d6, e6, g6, h6
- empty on 5th rank
- on 4th rank: a4, b4, c4, d4 empty, e4=P, f4, g4, h4 empty
- on 3rd rank: a3, b3 empty, c3=N, d3, e3, f3, g3, h3 empty
- on 2nd rank: a2, b2, c2, d2=P, e2 empty, f2, g2, h2=P
- on 1st rank: a1=R, b1 empty, c1=B, d1=Q, e1=K, f1=B, g1=N, h1=R

White:
- pawns on a2, b2, c2, d2, f2, g2, h2
- knight on c3
- bishops on c1 and f1
- queen on d1
- king on e1
- rooks on a1 and h1
- empty on b1, d2, e2

Black's pawns are on their original squares, knights on c6 and f6, bishops on c8 and f8, queen on d8, king on e8, rooks on a8 and h8.

This looks like a position where black has played the Sicilian Defense with knights on c6 and f6, and white has developed a knight to c3, and possibly played e4.

Given that, the legal moves are listed, and we need to choose the best one.

The legal moves are:

c3d5, c3b5, c3a4, c3e2, c3b1, g1h3, g1f3, g1e2, f1a6, f1b5, f1c4, f1d3, f1e2, e1e2, d1h5, d1g4, d1f3, d1e2, a1b1, e4e5, h2h3, g2g3, f2f3, d2d3, b2b3, a2a3, h2h4, g2g4, f2f4, d2d4, b2b4, a2a4

Let's analyze some candidate moves:

1. **e4e5**: This would push the e-pawn forward, attacking the center. It's a common aggressive move in the Sicilian, aiming to control more central squares.

2. **g1h3** (Castling is not possible yet, but this is actually Bh3, moving the bishop from f1 to h3. But f1e2 is also listed, which is bishop move. Wait, the moves are in UCI, where the first two letters are the from and to squares, except for castling and promotions.

Wait, the moves are:

- c3d5: knight from c3 to d5
- c3b5: knight from c3 to b5
- c3a4: knight from c3 to a4
- c3e2: knight from c3 to e2
- c3b1: knight from c3 to b1 (but b1 is where the queen is, so this is likely a typo, unless Q moves)
Wait, no, the notation is from and to squares, so c3b1 is knight from c3 to b1, but b1 has the queen, so this is invalid unless Q moves. But since the queen is on d1, this seems incorrect. Maybe it's a1b1, which is rook from a1 to b1.

Looking back, the moves are:

c3d5, c3b5, c3a4, c3e2, c3b1, g1h3, g1f3, g1e2, f1a6, f1b5, f1c4, f1d3, f1e2, e1e2, d1h5, d1g4, d1f3, d1e2, a1b1, e4e5, h2h3, g2g3, f2f3, d2d3, b2b3, a2a3, h2h4, g2g4, f2f4, d2d4, b2b4, a2a4

So:

- c3d5: Nc3-d5
- c3b5: Nc3-b5
- c3a4: Nc3-a4
- c3e2: Nc3-e2
- c3b1: Nc3-b1 (but b1 is empty, queen is on d1, so this is N from c3 to b1, which is possible)
- g1h3: Bg1-h3
- g1f3: Bg1-f3
- g1e2: Bg1-e2
- f1a6: Bf1-a6
- f1b5: Bf1-b5
- f1c4: Bf1-c4
- f1d3: Bf1-d3
- f1e2: Bf1-e2
- e1e2: Ke1-e2 (king move)
- d1h5: Qd1-h5
- d1g4: Qd1-g4
- d1f3: Qd1-f3
- d1e2: Qd1-e2
- a1b1: Ra1-b1
- e4e5: e4-e5
- h2h3: h2-h3
- g2g3: g2-g3
- f2f3: f2-f3
- d2d3: d2-d3
- b2b3: b2-b3
- a2a3: a2-a3
- h2h4: h2-h4
- g2g4: g2-g4
- f2f4: f2-f4
- d2d4: d2-d4
- b2b4: b2-b4
- a2a4: a2-a4

Now, let's evaluate some moves:

- **e4e5**: This is a strong central thrust. It attacks the d6 square and aims to control more of the center. It's a common move in the Sicilian.

- **d2d3** or **d2d4**: Developing the queen's pawn. d2d4 is more aggressive, supporting e4e5.

- **a1b1**: Castling is not possible yet (king is on e1, rook on a1 and h1), so Ra1-b1 is moving the rook to b1, which is not bad but not urgent.

- **g1h3**: Moving the bishop to h3, which is a common developing move to aim at the kingside.

- **f1a6**: Bishop to a6, which is very loose and not useful.

- **d1h5**: Queen to h5 is aggressive but may be premature, exposing the queen.

Given that, the most natural developing moves are e4e5, g1h3, or d2d4.

**e4e5** seems strong, as it takes control of the center and prepares for further development.

But looking at the opponent's knights on c6 and f6, e4e5 might be met with ...d7-d5, attaking the e5 pawn.

Alternatively, **g1h3** (Bg1-h3) prepares to castle kingside and aims the bishop at the kingside.

Between e4e5 and g1h3, both are reasonable. e4e5 is more central, while g1h3 is more positional.

Given that, and considering that the engine might prefer e4e5, but g1h3 is also good.

But let's look at the position again: white's knight is on c3, bishop on f1, queen on d1, king on e1. Black's knights are on c6 and f6, which are well-placed.

e4e5 would drive back a knight if it's on d6, but black's knights are on c6 and f6. After e4e5, black might play ...d7-d5, and then e5xd6 would take a knight, but e5 is a p
2025-06-03 16:16:15,953 - WARNING - Parsing error: No valid UCI move found in response.
2025-06-03 16:16:15,953 - INFO - Attempt 2/3...
2025-06-03 16:17:29,605 - INFO - Raw response from White (api_9_code_2) (took 73.65s):
Alright, let's tackle this chess position step by step. I'm White, and the current FEN notation is:

`r1bqkb1r/pppppppp/2n2n2/8/4P3/2N5/PPPP1PPP/R1BQKBNR w KQkq - 3 3`

First, let's decode the FEN to understand the board position:

- `r1bqkb1r`: The first part describes the Black pieces. From left to right: rook, empty, bishop, queen, king, bishop, empty, rook.
- `pppppppp`: All pawns are on their initial squares for Black.
- `2n2n2`: Two empty squares, then a knight, two empty squares, then another knight.
- `8`: Eight empty squares (since it's the fourth rank, this is the center).
- `4P3`: Four empty squares, then a White pawn, then three empty squares.
- `2N5`: Two empty squares, then a White knight, then five empty squares.
- `PPPP1PPP`: White pawns on their initial squares except the fifth pawn is advanced one square.
- `R1BQKBNR`: White pieces: rook, empty, bishop, queen, king, bishop, knight, rook.

So, the board looks like this (with White's pieces at the bottom and Black's at the top):

```
r . b q k b . r
p p p p p p p p
. . n . . n . .
. . . . . . . .
. . . . P . . .
. . N . . . . .
P P P P . P P P
R . B Q K B N R
```

Now, the legal moves given are in UCI notation. Let's list them out for clarity:

1. c3d5
2. c3b5
3. c3a4
4. c3e2
5. c3b1
6. g1h3
7. g1f3
8. g1e2
9. f1a6
10. f1b5
11. f1c4
12. f1d3
13. f1e2
14. e1e2
15. d1h5
16. d1g4
17. d1f3
18. d1e2
19. a1b1
20. e4e5
21. h2h3
22. g2g3
23. f2f3
24. d2d3
25. b2b3
26. a2a3
27. h2h4
28. g2g4
29. f2f4
30. d2d4
31. b2b4
32. a2a4

Now, let's analyze the position:

- Material is equal (both have the same number and types of pieces).
- White's knight on c3 is developed, and the other is on its initial square (b1).
- The Black knight on f6 is threatening White's pawn on e4 (since knights move in L-shapes, it can capture the pawn if not protected).
- The pawn on e4 is protected by the knight on c3 and the king on e1.
- The center is not fully controlled yet; the next move should aim to control the center or develop pieces.

Given the legal moves, let's categorize them:

**Development/Pawn Moves**:
- e4e5: Advancing the e-pawn to e5, controlling more center squares.
- h2h3, g2g3, f2f3, d2d3, b2b3, a2a3: Moving pawns forward, but these are less aggressive.
- h2h4, g2g4, f2f4, d2d4, b2b4, a2a4: Moving pawns two squares forward, which are standard opening moves.

**Knight Moves**:
- c3d5: Moving the knight from c3 to d5, which could be good for controlling the center.
- c3b5, c3a4, c3e2: These seem less useful; moving the knight to e2 is retreat.

**Bishop Moves**:
- f1a6, f1b5, f1c4, f1d3, f1e2: These are all possible bishop moves from its initial square (f1). Moving to a6 or b5 could be aggressive, but the bishop may get trapped or not have good squares.

**Queen Moves**:
- d1h5, d1g4, d1f3, d1e2: Moving the queen out early is risky; d1e2 is retreat.

**King Moves**:
- e1e2: Moving the king is not advisable early; it's safer to castle.

**Rook Moves**:
- a1b1: Castling queenside (moving the rook to b1 as part of castling).

**Other**:
- g1h3, g1f3, g1e2: Moving the knight from g1 (which is currently on b1, so this seems incorrect; maybe it's the king's bishop? Wait, no, the king's bishop is on f1. The queen's knight is on b1, so g1 is not a piece here. Maybe these are king moves, but king is on e1. Seems like a typo in move listing; perhaps it's the king's bishop moving to h3 or f3.

Given that, let's focus on sensible moves:

1. **e4e5**: Advancing the e-pawn to e5, attacking the Black knight on f6. This would force Black to respond to the knight on f6. If they move it, the center opens up for White. If they capture the pawn (e5), the knight on f6 is pinned to the queen on d8, so capturing would lose the queen. This seems very strong.

2. **c3d5**: Moving the knight to d5, controlling the center squares. This is also a good move, putting pressure on the Black pawns.

3. **g1f3** or **g1h3**: If these are bishop moves from f1 to h3 or f3, that's developing the bishop. f3 is better for attacking or defending.

4. **f1a6** or **f1b5**: Developing the bishop aggressively, but may hang the bishop.

5. **a1b1**: Castling queenside (O-O-O), which is safe but not immediately necessary.

6. **d1h5** or **d1g4**: Moving the queen out early is risky; the queen can be harassed by Black's developing pieces.

Given these options, **e4e5** seems the most forcing move, attacking the Black knight on f6. Black cannot capture the pawn (exf6?), because the knight is pinned to the queen (if Black captures e.p., the knight is taken, and the pawn would be on e5, but actually, the knight is not pinned to the queen in this case; the queen is on d8, knight on f6, so exf6 would be allowed, but then White can play Qe2, attacking the queen. Alternatively, Black could respond with ...g7-g5, attacking the knight on f6, but that weakens the kingside.

Wait, let's think more carefully about e4e5:

After e4e5, the knight on f6 is attacked. Black's options:
- ...Nf6xe4: captures the pawn, but then the knight is on e4, and White can play Qe2, attacking the Black queen on d8.
- ...g7-g5: attacking the knight on f6, but this weakens the kingside.
- ...d7-d5: protecting the knight, but then the center is closed.

None of these are great for Black; e4e5 seems to put pressure on Black.

Another strong move is **c3d5**, placing the knight on d5, from where it can jump to b6 or c7, attacking Black's pieces.

Between e4e5 and c3d5, both are good, but e4e5 is more immediate in attacking the Black knight.

Alternatively, **g1f3** (if that's Bf3) is also good for developing the bishop.

But looking at the legal moves, the bishop moves are from f1 to a6, b5, etc., not f3. So g1h3 may be a typo; perhaps it's Bf3 (but that's not a legal move from g1). Maybe the bishop moves are f1 to other squares, like f1e2 (which is retreat), or f1 to c4, which is good.

Wait, the legal moves include f1a6, f1b5, f1c4, f1d3, f1e2. So f1c4 is bishop to c4, which is a good developing move, controlling the center.

So another candidate is **f1c4**, developing the bishop to c4.

Now, comparing:
- e4e5: immediate attack on Black's knight.
- c3d5: develop knight to d5.
- f1c4: develop bishop to c4.

Given that, **e4e5** seems most aggressive.

But looking at the position, the pawn on e4 is already advanced, and e4e5 is pushing it further, which could overextend. Maybe developing a piece is safer.

Between c3d5 and f1c4:
- c3d5: knight to d5, controlling center.
- f1c4: bishop to c4, controlling center and possibly queenside.

Both are good. Maybe c3d5 is more central.

Alternatively, **a1b1** is castling queenside, which is safe, but not urgent.

Another idea: the Black knight on f6 is threatening White's e4 pawn. So defending e4 is important. The pawn is defended by Nc3 and Ke1. Maybe **d2d3** to add another defender to e4.

Between d2d3 and e4e5:
- d2d3: passive defense.
- e4e5: active attack.

e4e5 seems better.

Given all this, the strongest move seems to be **e4e5**, attacking the Black knight on f6 and taking control of the center.

However, looking at the legal moves, e4e5 is listed as "e4e5", which is correct.

But wait, in the list, "e4e5" is there, so that's a valid move.

Thus, the best move is **e4e5**.

But let me check if Black can take the pawn:

After e4e5, if Black plays ...Nf6xe4, then the knight is on e4, and White can play Qe2, attacking the Black queen on d8. Black would have to move the queen, losing a tempo.

Alternatively, Black can play ...g7-g5, attacking the knight on f6, but that weakens the kingside.

So e4e5 is safe and strong.

Therefore, the final move is:

```
e4e5
```
2025-06-03 16:17:29,605 - INFO - Valid move found: e4e5
2025-06-03 16:17:37,099 - INFO - Move e4e5 is not among Stockfish's top 3 recommendations
2025-06-03 16:17:37,100 - INFO - Win rate after move e4e5: 46.80%
2025-06-03 16:17:37,100 - INFO - Move: e4e5
2025-06-03 16:17:37,100 - INFO - Board after move:
r . b q k b . r
p p p p p p p p
. . n . . n . .
. . . . P . . .
. . . . . . . .
. . N . . . . .
P P P P . P P P
R . B Q K B N R
2025-06-03 16:17:38,284 - INFO - Current position win rate for Black: 52.60%
2025-06-03 16:17:44,594 - INFO - Top 3 recommended moves by Stockfish:
2025-06-03 16:17:44,596 - INFO -   1. Nxe5 (c6e5) - Win rate: 52.70%
2025-06-03 16:17:44,596 - INFO -   2. Ng8 (f6g8) - Win rate: 41.29%
2025-06-03 16:17:44,596 - INFO -   3. d5 (d7d5) - Win rate: 25.73%
2025-06-03 16:17:44,596 - INFO - api_9_code_1's turn (Black) - Move 3
2025-06-03 16:17:44,596 - INFO - Prompt to Black (api_9_code_1):

You are playing a game of chess. You are playing as Black.

Current board position in FEN notation:
r1bqkb1r/pppppppp/2n2n2/4P3/8/2N5/PPPP1PPP/R1BQKBNR b KQkq - 0 3

Legal moves in UCI notation: h8g8, a8b8, f6g8, f6h5, f6d5, f6g4, f6e4, c6b8, c6e5, c6a5, c6d4, c6b4, h7h6, g7g6, e7e6, d7d6, b7b6, a7a6, h7h5, g7g5, d7d5, b7b5, a7a5

Analyze the position carefully. You may think through the position and consider multiple candidate moves.
When you have decided on your final move, output it in UCI notation (e.g., 'e2e4', 'g8f6') in the following format:

```
<move>
```

You can think and reason as much as you want, but your final move must be formatted exactly as shown above.

2025-06-03 16:17:44,596 - INFO - Attempt 1/3...
2025-06-03 16:19:03,846 - INFO - Raw response from Black (api_9_code_1) (took 79.25s):
Alright, let's tackle this chess position step by step. I'm playing as Black, and the current FEN notation is:

`r1bqkb1r/pppppppp/2n2n2/4P3/8/2N5/PPPP1PPP/R1BQKBNR b KQkq - 0 3`

First, let's decode the FEN to understand the board position:

- `r1bqkb1r`: Black's pieces: rook at a8, knight at b8, bishop at c8, queen at d8, king at e8, bishop at f8, rook at h8.
- `pppppppp`: All pawns are at their starting positions for Black (a7 to h7).
- `2n2n2`: The next part is empty (since it's after the pawns), then knight at c6 and knight at f6.
- `4P3`: Four empty squares, then white's pawn at e5.
- The rest are empty squares until we reach White's pieces, which are at their starting positions (but since it's Black's turn, we can ignore White's setup for move generation).

So, the board looks like this (from Black's perspective):

```
r n b q k b r
p p p p p p p
. . n . . n . .
. . . . P . . .
. . . . . . . .
. . N . . . . .
P P P P . P P P
R . B Q K B N R
```

Wait, actually, the FEN is a bit more precise. Let me parse it correctly:

The FEN is divided into 6 parts separated by '/':

1. `r1bqkb1r` - Black's back rank: r (a8), 1 (empty b8), b (c8), q (d8), k (e8), b (f8), 1 (empty g8), r (h8)
   So: a8=r, c8=b, d8=q, e8=k, f8=b, h8=r
   b8 and g8 are empty.

2. `pppppppp` - All pawns on the 7th rank (a7-h7)

3. `2n2n2` - Two empty squares, then n at c6, two empty squares, then n at f6
   So: a6 and b6 are empty, c6=n, d6 and e6 empty, f6=n, g6 and h6 empty.

4. `4P3` - Four empty squares, then P at e5, then three empty squares
   So: a5, b5, c5, d5 empty, e5=P, f5, g5, h5 empty.

5. The rest are empty until White's side, but since it's Black's turn, we can ignore White's pieces for move generation.

Legal moves given are:
h8g8, a8b8, f6g8, f6h5, f6d5, f6g4, f6e4, c6b8, c6e5, c6a5, c6d4, c6b4, h7h6, g7g6, e7e6, d7d6, b7b6, a7a6, h7h5, g7g5, d7d5, b7b5, a7a5

Now, let's analyze the position. It's the opening, and Black has a few options. The given legal moves suggest that the knight at f6 and c6 can move, and some pawns can advance.

Key pieces:
- Knights at c6 and f6
- Pawns at a7, b7, c7, d7, e7, f7, g7, h7

Looking at the moves, the most active piece seems to be the knight at f6, with possible moves to g8, h5, d5, g4, e4.

Similarly, the knight at c6 can move to b8, e5, a5, d4, b4.

Pawns can move forward: h7h6, g7g6, e7e6, d7d6, b7b6, a7a6, and also h7h5, g7g5, d7d5, b7b5, a7a5.

Additionally, the rook at a8 can move to b8 (a8b8), and the rook at h8 can move to g8 (h8g8).

Now, let's think about the best move. This looks like a French Defense or a similar opening where Black has fianchettoed a bishop and has knights at c6 and f6.

The move `f6g8` is interesting - it's a knight move from f6 to g8. This is a unusual move, as it's a long move for the knight, and it's also a capture of a pawn if there's one at g8, but in this position, g8 is empty, and h8 has a rook. So f6g8 would put the knight at g8, attacking the rook at h8, but since it's a rook, it's not a direct capture unless the rook moves.

Wait, but in the FEN, h8 has a rook (r at h8), and g8 is empty. So f6g8 would move the knight to g8, next to the rook. That seems awkward, as the knight doesn't have good squares from g8, and it's not clear why we'd want to move the knight there.

Similarly, `h8g8` moves the rook from h8 to g8, which is a short move, possibly to clear the h-file, but not sure if that's useful yet.

`a8b8` moves the rook from a8 to b8, which is also a short move, possibly to support a pawn advance on the queenside.

Looking at the knight moves from f6:
- f6h5: moves the knight to h5, attacking the e5 pawn and possibly putting pressure on White's center.
- f6d5: moves the knight to d5, centralizing it and putting pressure on e3 and c3.
- f6g4: moves the knight to g4, possibly to attack h2 or support a pawn push to g3.
- f6e4: moves the knight to e4, which is a strong central square, attacking d2 and f2.

From c6:
- c6b8: moves the knight to b8, which is a long move, possibly to support a queenside expansion.
- c6e5: moves the knight to e5, attacking d3 and f3, and possibly supporting a pawn break.
- c6a5: moves the knight to a5, putting pressure on b3 and c4.
- c6d4: moves the knight to d4, attacking c2 and e2, and possibly supporting a pawn break.
- c6b4: moves the knight to b4, attacking a2 and c2.

Pawn moves:
- h7h6: advances the h-pawn, possibly to support a kingside attack.
- g7g6: advances the g-pawn, similarly supporting kingside.
- e7e6: advances the e-pawn, which is already at e5 controlled by White's pawn.
- d7d6: advances the d-pawn, possibly to control e5.
- b7b6: advances the b-pawn, supporting queenside.
- a7a6: advances the a-pawn, similarly queenside.
- h7h5: jumps the h-pawn forward, possibly to atack g4 or f3.
- g7g5: jumps the g-pawn forward, possibly to attack f4 or e3.
- d7d5: jumps the d-pawn forward, challenging the center.
- b7b5: jumps the b-pawn forward, challenging the queenside.
- a7a5: jumps the a-pawn forward, challenging the queenside.

Given all these options, the most thematic moves in the opening are usually to develop pieces or contest the center.

The move `f6e4` catches my eye - moving the knight to e4, a strong central square, attacking d2 and f2, and possibly supporting a pawn break with ...d7d5.

Similarly, `c6e5` moves the other knight to e5, attacking d3 and f3, and supporting ...d7d5 or ...e7e6.

Between these, `f6e4` seems more active, as e4 is a more central square, and the knight on e4 can influence both sides of the board.

Alternatively, `d7d5` is a direct pawn break in the center, challenging White's pawn at e5.

But since the knights are already well-placed at c6 and f6, developing them further makes sense.

Between `f6e4` and `c6e5`, `f6e4` seems more aggressive, putting the knight on a strong square and attacking key white squares.

Therefore, my candidate moves are `f6e4` and `d7d5`.

Between these, `f6e4` seems more dynamic, as it improves the knight's position significantly.

Thus, my final move is `f6e4`.

However, looking at the legal moves, `f6e4` is listed, so that's a valid option.

But let me think if there's a better move. `c6e5` is also good, but e5 is already under White's control with the pawn at e5, so the knight on e5 might be under some pressure.

`f6e4` is a square where the knight is not directly opposed, and it's a strong outpost.

Therefore, I think `f6e4` is the best move here.

But wait, another thought: the move `a8b8` (rook from a8 to b8) is also listed. This could be to support a queenside expansion with ...b7b5 or ...a7a5, but that's slower.

Similarly, `h8g8` is moving the rook, but that seems passive.

The pawn moves like `g7g6` or `h7h6` start kingside play, but that's usually done after some development.

Given that, `f6e4` seems best.

But let me check if there's a standard response here. This looks like a position where Black has knights at c6 and f6, and White has a pawn at e5, similar to the Advance Variation of the French Defense.

In that case, a common move is to play ...d7d5, challenging the center.

But `d7d5` is also a legal move, and it's a direct pawn break.

Between `f6e4` and `d7d5`, both are good, but `d7d5` is more straightforward in challenging the center.

Therefore, maybe `d7d5` is better.

But `d7d5` is a pawn move, while `f6e4` is a development move. In the opening, development is usually prioritized.

But since the knights are already developed, challenging the center is also valid.

Given that, and that `d7d5` is a direct challenge to White's pawn at e5, I think `d7d5` might be the better move here.

But looking at the legal moves, `d7d5` is listed, so that's an option.

However, `f6e4` is also very good, putting the knight on a strong square.

I think both are good, but `f6e4` is more active and immediately improves the knight's position.

Therefore, my final decision is `f6e4`.

But to be sure, let me think if there's any refutation to `f6e4`. After `f6e4`, White might play something like d2d3 or Nge2, but Black can follow up with ...d7d5 or ...c6e5.

It seems solid.

Alternatively, `d7d5` is also solid, challenging the center immediately.

Given that, and that both are good, but `f6e4` is more active, I'll go with `f6e4`.

However, looking back at the legal moves, `f6e4` is listed, so that's valid.

But another thought: the move `c6e5` is also very strong, attacking the pawn at e5 and preparing ...d7d5.

But `f6e4` seems more immediate.

Given that, I think `f6e4` is the best move here.

But to confirm, let me think if there's a standard move in this position. In the French Defense, when Black has knights at c6 and f6, and White has e5, a common move is to play ...d7d5, challenging the center.

But `d7d5` is a pawn move, while `f6e4` is a development move. Since the knights are already developed, challenging the center is also valid.

Given that, and that `d7d5` is listed, I think `d7d5` might be the more straightforward move here.

But `f6e4` is also very good. I'm torn between the two.

Given that, and that the knights are already well-placed, I think `d7d5` is the better move to challenge the center directly.

Therefore, my final move is `d7d5`.

But looking at the legal moves, `d7d5` is indeed listed, so that's valid.

However, another perspective: `f6e4` is a more active and aggressive move, putting the knight on a strong square and attacking key white squares, which might be more in line with the spirit of the position.

Given that, I think `f6e4` is the better choice here.

Therefore, after reconsidering, my final move is `f6e4`.

But to be absolutely sure, let me think one more time. In the opening, development is key, and `f6e4` is a developing move that also improves the knight's position significantly, attacking key squares. `d7d5` is a pawn move that challenges the center but doesn't develop any pieces.

Given that, `f6e4` seems superior.

Thus, my final answer is `f6e4`.

However, looking back at the legal moves, `f6e4` is listed, so that's correct.

But another thought: the move `c6e5` is also very strong, attacking the pawn at e5 and preparing ...d7d5. But `f6e4` seems more active.

Given that, I think `f6e4` is the best move here.

Therefore, my final move is:

```
f6e4
```
2025-06-03 16:19:03,846 - INFO - Valid move found: f6e4
2025-06-03 16:19:12,060 - INFO - Move f6e4 is not among Stockfish's top 3 recommendations
2025-06-03 16:19:12,060 - INFO - Win rate after move f6e4: 20.42%
2025-06-03 16:19:12,060 - INFO - Move: f6e4
2025-06-03 16:19:12,060 - INFO - Board after move:
r . b q k b . r
p p p p p p p p
. . n . . . . .
. . . . P . . .
. . . . n . . .
. . N . . . . .
P P P P . P P P
R . B Q K B N R
2025-06-03 16:19:15,253 - INFO - Current position win rate for White: 79.12%
2025-06-03 16:19:25,419 - INFO - Top 3 recommended moves by Stockfish:
2025-06-03 16:19:25,420 - INFO -   1. Nxe4 (c3e4) - Win rate: 78.45%
2025-06-03 16:19:25,420 - INFO -   2. d4 (d2d4) - Win rate: 53.69%
2025-06-03 16:19:25,420 - INFO -   3. Nf3 (g1f3) - Win rate: 51.60%
2025-06-03 16:19:25,420 - INFO - api_9_code_2's turn (White) - Move 4
2025-06-03 16:19:25,420 - INFO - Prompt to White (api_9_code_2):

You are playing a game of chess. You are playing as White.

Current board position in FEN notation:
r1bqkb1r/pppppppp/2n5/4P3/4n3/2N5/PPPP1PPP/R1BQKBNR w KQkq - 1 4

Legal moves in UCI notation: c3d5, c3b5, c3e4, c3a4, c3e2, c3b1, g1h3, g1f3, g1e2, f1a6, f1b5, f1c4, f1d3, f1e2, e1e2, d1h5, d1g4, d1f3, d1e2, a1b1, e5e6, h2h3, g2g3, f2f3, d2d3, b2b3, a2a3, h2h4, g2g4, f2f4, d2d4, b2b4, a2a4

Analyze the position carefully. You may think through the position and consider multiple candidate moves.
When you have decided on your final move, output it in UCI notation (e.g., 'e2e4', 'g8f6') in the following format:

```
<move>
```

You can think and reason as much as you want, but your final move must be formatted exactly as shown above.

2025-06-03 16:19:25,420 - INFO - Attempt 1/3...
2025-06-03 16:19:48,078 - INFO - Raw response from White (api_9_code_2) (took 22.66s):
Let's analyze the position carefully.

The FEN notation given is: r1bqkb1r/pppppppp/2n5/4P3/4n3/2N5/PPPP1PPP/R1BQKBNR w KQkq - 1 4

This translates to:
- White's pieces: King at e1, Queen at d1, Rooks at a1 and h1, Bishops at c1 and f1, Knights at b1 and b8 (wait no, looking at the FEN more carefully, the knight placement is different), Pawns at a2, b2, c2, d2, e2, f2, g2, h2
- Black's pieces: King at e8, Queen at d8, Rooks at a8 and h8, Bishops at c8 and f8, Knights at b8 and c6, Pawns at a7, b7, c7, d7, e7, f7, g7, h7
- White to move
- Castling rights: Both kings and queens can castle (KQkq)
- No en passant possible
- Halfmove clock: 1
- Fullmove number: 4

Looking at the legal moves, we have several options. The position shows that:
1. Black has just played ...Nxe4 (capturing White's knight that was on e4)
2. White's knight on c3 is undeveloped
3. The center is somewhat open with pawns on e5 and e4 (though e4 was just captured)

The most critical move appears to be responding to Black's knight capture on e4. The knight on c3 is well-placed to recapture, but we also have other options.

After careful consideration, the best move seems to be:

c3e4

This recaptures the pawn on e4 with the knight, maintaining material balance while keeping the initiative. Other options like d1h5 or d1g4 would be too passive, and moves like g1h3 or g1f3 would waste time when we need to respond to the immediate threat.

However, looking again at the legal moves, I notice that c3e4 is not actually listed among the legal moves (though c3e2 is). The correct recapture would actually be d1xh5 (capturing Black's knight that just took on e4), but d1h5 is one of the listed legal moves.

Wait, let me re-examine the position more carefully. The FEN shows that after Black's move ...Nxe4, White's knight that was on e4 was captured. The knight on c3 can't directly recapture e4 because it's not positioned to do so. The correct recapture would actually be with the queen (d1xh5 is not possible since the queen is on d1, and the knight was captured on e4).

Wait no, the knight was captured on e4, so to recapture we'd need a piece that can reach e4 in one move. The knight on c3 can reach e4 with c3e4, which is one of the legal moves listed. This must be the correct move, as it's the most natural response to Black's capture.

But looking back at the legal moves list, c3e4 is not present - the knight moves from c3 are listed as: c3d5, c3b5, c3e4 (wait yes, there it is - c3e4 is indeed a legal move). So this is the correct move.

Therefore, the best move is:
2025-06-03 16:19:48,078 - WARNING - Parsing error: No valid UCI move found in response.
2025-06-03 16:19:48,078 - INFO - Attempt 2/3...
2025-06-03 16:20:03,446 - INFO - Raw response from White (api_9_code_2) (took 15.37s):
Let me analyze the position carefully.

The current board position in FEN is:
r1bqkb1r/pppppppp/2n5/4P3/4n3/2N5/PPPP1PPP/R1BQKBNR w KQkq - 1 4

This shows:
- White to play (the 'w' in the FEN)
- Black has just played ...Nf6 (the 'n' in the 4th column from the end)
- The knight on f6 is attacking White's e4 pawn (which was played earlier, as we see e5 in the FEN which would have been e4 before the pawn move)

Looking at the legal moves provided, I notice several options:
1. c3d5 - This would develop the knight but seems passive
2. c3b5 - This is a more aggressive knight move, attacking the b7 pawn
3. c3e4 - This would challenge Black's knight on f6
4. c3a4 - This develops the knight but doesn't immediately threaten anything
5. c3e2, c3b1 - These seem like less active moves for the knight
6. g1h3, g1f3, g1e2 - Kingside castling and some knight moves
7. f1a6, f1b5, etc. - These are all possible moves for the bishop, but many seem random
8. d1h5, d1g4 - Queen moves that seem speculative
9. a1b1 - Castling rights haven't been lost yet, so this is unnecessary
10. e5e6 - Advancing the pawn, but this might not be best
11. The other pawn moves (h3, g3, etc.) are simple developments

The most critical line appears to involve the knight on f6. White's best move seems to be challenging this knight directly. Between c3e4 and c3b5, the most aggressive is c3b5 which attacks the b7 pawn and forces Black to respond.

However, looking deeper, the move f1c4 (Bishop to c4) is actually a very strong move that:
1. Develops the bishop to an excellent square
2. Eyes the f7 weakness
3. Supports the e4 pawn
4. Puts pressure on Black's position

This is actually the best move in this position as it follows good opening principles of development and central control.

But looking at the legal moves list, I notice f1c4 is indeed an option. This is better than the knight moves I initially considered because it:
- Develops a piece
- Controls the central squares
- Doesn't block any other pieces
- Prepares for possible castling

Therefore, the best move is:

f1c4
2025-06-03 16:20:03,446 - WARNING - Parsing error: No valid UCI move found in response.
2025-06-03 16:20:03,446 - INFO - Attempt 3/3...
2025-06-03 16:21:17,157 - INFO - Raw response from White (api_9_code_2) (took 73.71s):
Alright, let's tackle this chess position step by step. I'm playing as White, and the current board is given in FEN notation. First, I'll parse the FEN to understand the board setup, then look at the legal moves provided, and finally analyze the position to choose the best move.

### Understanding the FEN Notation:
The FEN provided is: `r1bqkb1r/pppppppp/2n5/4P3/4n3/2N5/PPPP1PPP/R1BQKBNR w KQkq - 1 4`

Breaking it down:
- `r1bqkb1r`: Black's pieces: Rook, knight, bishop, queen, king, bishop, knight, rook.
- `pppppppp`: All pawns for Black.
- `2n5`: Empty square, knight, five empty squares.
- `4P3`: Four empty squares, White's pawn, three empty squares.
- `4n3`: Four empty squares, Black's knight, three empty squares.
- `2N5`: Empty square, White's knight, five empty squares.
- `PPPP1PPP`: White's pawns (missing the pawn that was originally on e2, which has moved to e5).
- `R1BQKBNR`: White's pieces: Rook, knight, bishop, queen, king, bishop, knight, rook.
- `w`: White's turn to move.
- `KQkq`: Castling rights: White can castle kingside (K) and queenside (Q), Black can castle kingside (k) and queenside (q).
- `-`: No en passant target square.
- `1`: Halfmove clock (number of moves since last pawn move or capture).
- `4`: Fullmove number (current move is move 4).

From this, the board looks like:
- Black has a knight on c6 and e4 (the one on e4 is attacking White's e5 pawn).
- White has a knight on b1 (original position), but the knight on c3 is likely from the initial move (since the FEN shows `2N5`, meaning the knight is on c3, not b1; wait, let me re-examine).

Wait a minute, the FEN shows `2N5` for White's knight, which is on c3 (since the rank is the 6th in FEN, which is the 3rd rank from White's side). So White's knight is on c3, not b1. The `R1BQKBNR` suggests that the rook is on a1, knight on b1 (but this seems conflicting with the `2N5` which is on c3). Maybe the FEN is showing that after the first move, the knight has moved from b1 to c3.

Given that, the position is likely after the moves:
1. e4 (White's pawn to e4)
2. e5 (Black's pawn to e5)
3. Nf3 (White's knight to f3)
4. Nc6 (Black's knight to c6)
5. Nc3 (White's knight to c3)
6. Nf6 (Black's knight to f6)
But the FEN shows `4P3` and `4n3`, meaning the e5 pawn is still there, and Black's knight is on e4, not f6. Hmm, maybe the moves were:
1. e4 e5
2. Nf3 Nc6
3. Nc3 Nf6
But then Black's knight would be on f6, not e4. Alternatively, maybe:
1. e4 e5
2. Nf3 Nc6
3. Nc3 Bb4 (but the FEN doesn't show a bishop on b4)
Wait, the FEN shows `4n3`, meaning Black's knight is on e4 (since it's the 5th rank from White's side, which is the 4th rank in FEN).

So likely moves:
1. e4 e5
2. Nf3 Nc6
3. Nc3 Nf6
But then knight would be on f6, not e4. Alternatively, maybe:
1. e4 e5
2. Nf3 Nc6
3. Nc3 Nge7 (but that's unusual)
Wait, perhaps the opening is Vienna Game:
1. e4 e5
2. Nc3 Nf6
3. f4 (but the FEN doesn't show a pawn on f4)
Hmm, maybe the moves are:
1. e4 e5
2. Nf3 Nc6
3. Nc3 Nf6
But then the knight is on f6, not e4. The FEN shows knight on e4, so maybe:
1. e4 e5
2. Nf3 Nc6
3. Nc3 Bc5 (but the FEN doesn't show bishop on c5)
Alternatively, maybe:
1. e4 e5
2. Nf3 Nc6
3. Nc3 d6
But then the FEN doesn't show d6. This is confusing. Maybe the initial moves are:
1. e4 e5
2. Nf3 Nf6
3. Nc3 Nc6
Then both knights are on c3 and f6, but the FEN shows knight on e4, which would be from:
1. e4 e5
2. Nf3 Nc6
3. Nc3 Nf6
Then Black's knight moves from f6 to e4 (but that's an unusual move). Maybe the initial moves are:
1. e4 e5
2. Nf3 Nc6
3. Nc3 Bb4
But then the bishop would be on b4, not knight on e4. 

This is getting messy. Maybe the initial moves are:
1. e4 e5
2. Nf3 Nc6
3. Nc3 Nf6
4. Bb5 (but the FEN doesn't show bishop on b5)
Alternatively, maybe the position is after:
1. e4 e5
2. Nf3 Nc6
3. Nc3 Nge7
But that's unusual. 

Given the confusion in reconstructing the initial moves, let's focus on the current position from the FEN:
- White's pieces:
  - Pawns: a2, b2, c2, d2, e5, f2, g2, h2 (missing e2, which has moved to e5)
  - Knights: b1 (original), but the one on the board is on c3 (from the move Nc3)
  - Bishops: c1, f1
  - Rooks: a1, h1
  - Queen: d1
  - King: e1
- Black's pieces:
  - Pawns: a7, b7, c7, d7, e6 (since e5 is White's pawn), f7, g7, h7
  - Knights: c6, e4
  - Bishops: c8, f8
  - Rooks: a8, h8
  - Queen: d8
  - King: e8

### Analyzing the Position:
White to move. The key features:
- White's e5 pawn is attacked by Black's knight on e4.
- White's knight on c3 is well-placed to support the center.
- Black's knight on e4 is hanging (not defended) and can be captured by White's knight on c3 or queen on d1.
- The center is somewhat open with pawns on e5 and e6.

### Legal Moves:
The legal moves provided are:
c3d5, c3b5, c3e4, c3a4, c3e2, c3b1, g1h3, g1f3, g1e2, f1a6, f1b5, f1c4, f1d3, f1e2, e1e2, d1h5, d1g4, d1f3, d1e2, a1b1, e5e6, h2h3, g2g3, f2f3, d2d3, b2b3, a2a3, h2h4, g2g4, f2f4, d2d4, b2b4, a2a4

Key moves:
- c3d5: Knight captures knight (Nxd5), but d5 is not occupied by a knight; perhaps c3 moves to d5, but that's not how UCI works. Wait, UCI is source then target square, so c3d5 is knight from c3 to d5.
- c3e4: Knight from c3 to e4, attacking Black's knight on e4.
- d1h5: Queen moves to h5 (Qh5), attacking h7.
- d1e2: Queen moves to e2 (Qe2).
- e5e6: Pawn from e5 to e6.
- g1f3: Bishop moves from g1 to f3 (Bg2 to f3? Wait, bishop is on f1, so f1f3 is bishop from f1 to f3.
- g1h3: Bishop from g1 to h3 (unlikely, since bishop is on f1).
- f1a6: Bishop from f1 to a6 (unlikely).
- f1b5: Bishop from f1 to b5 (Bxb5?).
- e1e2: King moves to e2 (unlikely, since the king is safe on e1).
- a1b1: Rook from a1 to b1 (Rb1), freeing the queen.

### Evaluating Moves:
1. **c3e4 (Nxe4)**: Capturing Black's knight on e4. This is tempting because the knight is hanging (not defended). After Nxe4, Black can recapture with d7-d5 or queen to e7. But since the knight is not defended, this is likely good.
   - After Nxe4, Black might play d5 (pawn to d5), attacking White's knight on e4 and White's pawn on e5.
   - Alternatively, Black might play Qe7, defending the knight, but then White can play d2d4, opening the center.

2. **d1h5 (Qh5)**: Queen moves to h5, attacking h7. This is a strong threat, but the queen is leaving the back rank, and the move might be slow since Black can respond with ...g7-g6 or ...Nf6.

3. **d1e2 (Qe2)**: Queen moves to e2, supporting the center. This is a developing move, preparing for possible castling.

4. **e5e6 (exf6)**: Pawn captures on e6, but the piece on e6 is White's own pawn. Wait, the FEN shows `4P3` and `4n3`, meaning e5 is White's pawn, and e6 is empty (Black's pawn is on e6, but the FEN shows `4n3`, meaning Black's knight is on e4, and `4P3` is White's pawn on e5 and empty on e6. So e5e6 is pawn from e5 to e6, which is just a pawn move, not a capture.

5. **f1b5 (Bxb5)**: Bishop captures on b5. But the piece on b5 is Black's pawn, and the bishop is on f1, so Bxb5 is possible if the pawn is on b5, but the FEN shows `pppppppp`, so b5 is occupied by Black's pawn. But the bishop is on f1, so Bxb5 is possible, but it's a long move.

6. **a1b1 (Rb1)**: Rook moves from a1 to b1, freeing the queen. This is a developing move, allowing the queen to move.

### Best Move:
The most critical feature is that Black's knight on e4 is hanging. White can capture it with the knight on c3 (Nxe4). This is likely the best move because:
- It captures an undefended piece.
- It removes a direct attacker of White's e5 pawn.
- It opens the center for White's pieces.

After Nxe4, Black's possible responses:
- d5: Attacks the knight on e4 and the pawn on e5. White can then play d2d4, opening the center.
- Qe7: Defends the knight, but then White can play d2d4 or Bf1-b5.

Other moves like Qh5 or Bf3 are possible, but capturing the knight seems more direct.

### Final Move:
`c3e4` (Nxe4)
2025-06-03 16:21:17,158 - WARNING - Parsing error: No valid UCI move found in response.
2025-06-03 16:21:17,158 - ERROR - Failed to get a valid move after 3 attempts. Forfeiting the game.
2025-06-03 16:21:17,158 - INFO - api_9_code_2 has forfeited the game due to failure to generate a legal move.
2025-06-03 16:21:17,158 - INFO - api_9_code_1 wins by forfeit!
2025-06-03 16:21:17,158 - INFO - === Player Move Quality Statistics ===
2025-06-03 16:21:17,158 - INFO - api_9_code_2:
2025-06-03 16:21:17,158 - INFO -   Total moves: 3
2025-06-03 16:21:17,158 - INFO -   Optimal moves (in top 3): 2 (66.7%)
2025-06-03 16:21:17,158 - INFO - api_9_code_1:
2025-06-03 16:21:17,159 - INFO -   Total moves: 3
2025-06-03 16:21:17,159 - INFO -   Optimal moves (in top 3): 0 (0.0%)
2025-06-03 16:21:17,159 - INFO - === Player Attempt Statistics ===
2025-06-03 16:21:17,159 - INFO - api_9_code_2:
2025-06-03 16:21:17,159 - INFO -   Total attempts: 7
2025-06-03 16:21:17,159 - INFO -   Parsing errors: 4 (57.1% of attempts)
2025-06-03 16:21:17,159 - INFO -   Illegal moves: 0 (0.0% of attempts)
2025-06-03 16:21:17,159 - INFO -   Successful moves: 3 (42.9% of attempts)
2025-06-03 16:21:17,159 - INFO - api_9_code_1:
2025-06-03 16:21:17,159 - INFO -   Total attempts: 3
2025-06-03 16:21:17,159 - INFO -   Parsing errors: 0 (0.0% of attempts)
2025-06-03 16:21:17,159 - INFO -   Illegal moves: 0 (0.0% of attempts)
2025-06-03 16:21:17,159 - INFO -   Successful moves: 3 (100.0% of attempts)
2025-06-03 16:21:17,159 - INFO - Game completed!
2025-06-03 16:21:17,159 - INFO - Result: 0-1
2025-06-03 16:21:17,159 - INFO - Termination: forfeit
2025-06-03 16:21:17,160 - INFO - Final FEN: r1bqkb1r/pppppppp/2n5/4P3/4n3/2N5/PPPP1PPP/R1BQKBNR w KQkq - 1 4
2025-06-03 16:21:17,160 - INFO - Move history: e2e4, g8f6, b1c3, b8c6, e4e5, f6e4
