2025-06-26 20:01:39,947 - INFO - Starting game 20250626_172124_3: maia-1100_blitz vs doubao-seed-1-6-thinking-250615_standard
2025-06-26 20:01:40,022 - INFO - Initial board:
r n b q k b n r
p p p p p p p p
. . . . . . . .
. . . . . . . .
. . . . . . . .
. . . . . . . .
P P P P P P P P
R N B Q K B N R
2025-06-26 20:01:45,391 - INFO - Current position win rate for White: 53.10%
2025-06-26 20:01:53,562 - INFO - Top 3 recommended moves by Stockfish:
2025-06-26 20:01:53,563 - INFO -   1. Nf3 (g1f3) - Win rate: 52.00%
2025-06-26 20:01:53,563 - INFO -   2. d4 (d2d4) - Win rate: 52.00%
2025-06-26 20:01:53,563 - INFO -   3. e4 (e2e4) - Win rate: 51.60%
2025-06-26 20:01:53,563 - INFO - maia-1100_blitz's turn (White) - Move 1
2025-06-26 20:01:53,563 - INFO - Prompt to White (maia-1100_blitz):
2025-06-26 20:01:53,563 - INFO - 

You are an expert chess player. You are playing a game of chess. You are playing as White.
This is a critically urgent match. You must thoroughly analyze the position and play with utmost caution. Leverage your wisdom to secure victory.
When you have the advantage, press it relentlessly and aim for a swift checkmate. Carefully evaluate every move to eliminate any chance of a counterplay or draw by your opponent.
When at a disadvantage, strive to turn the tide and win if possible. If victory is unattainable, exhaust all possible means to force a draw.
Meticulously analyze legal moves, then select the absolute best one.

Considering the long-term strategy and short-term tactic. Analyze the position carefully. You may think through the position and consider multiple candidate moves.
When you have decided on your final move, output it in UCI notation (e.g., 'e2e4', 'g8f6' , 'e7e8q') in the following format:
```
<move>
```

For example:
```
e2e4
```
You can think and reason as much as you want(step by step), but your final move must be formatted exactly as shown above.

2025-06-26 20:01:53,563 - INFO - 

Current board position in FEN notation:
rnbqkbnr/pppppppp/8/8/8/8/PPPPPPPP/RNBQKBNR w KQkq - 0 1


Legal moves in UCI notation: g1h3, g1f3, b1c3, b1a3, h2h3, g2g3, f2f3, e2e3, d2d3, c2c3, b2b3, a2a3, h2h4, g2g4, f2f4, e2e4, d2d4, c2c4, b2b4, a2a4


2025-06-26 20:01:55,070 - INFO - Valid move found: e2e4
2025-06-26 20:02:03,391 - INFO - Move e2e4 is Stockfish's recommendation #3
2025-06-26 20:02:03,391 - INFO - Win rate after move e2e4: 51.60%
2025-06-26 20:02:03,392 - INFO - Move: e2e4
2025-06-26 20:02:03,392 - INFO - Board after move:
r n b q k b n r
p p p p p p p p
. . . . . . . .
. . . . . . . .
. . . . P . . .
. . . . . . . .
P P P P . P P P
R N B Q K B N R
2025-06-26 20:02:05,892 - INFO - Current position win rate for Black: 46.41%
2025-06-26 20:02:14,449 - INFO - Top 3 recommended moves by Stockfish:
2025-06-26 20:02:14,450 - INFO -   1. e6 (e7e6) - Win rate: 48.60%
2025-06-26 20:02:14,450 - INFO -   2. c5 (c7c5) - Win rate: 46.41%
2025-06-26 20:02:14,450 - INFO -   3. e5 (e7e5) - Win rate: 45.91%
2025-06-26 20:02:14,450 - INFO - doubao-seed-1-6-thinking-250615_standard's turn (Black) - Move 1
2025-06-26 20:02:14,450 - INFO - Prompt to Black (doubao-seed-1-6-thinking-250615_standard):
2025-06-26 20:02:14,450 - INFO - 

You are an expert chess player. You are playing a game of chess. You are playing as Black.
This is a critically urgent match. You must thoroughly analyze the position and play with utmost caution. Leverage your wisdom to secure victory.
When you have the advantage, press it relentlessly and aim for a swift checkmate. Carefully evaluate every move to eliminate any chance of a counterplay or draw by your opponent.
When at a disadvantage, strive to turn the tide and win if possible. If victory is unattainable, exhaust all possible means to force a draw.
Meticulously analyze legal moves, then select the absolute best one.

Considering the long-term strategy and short-term tactic. Analyze the position carefully. You may think through the position and consider multiple candidate moves.
When you have decided on your final move, output it in UCI notation (e.g., 'e2e4', 'g8f6' , 'e7e8q') in the following format:
```
<move>
```

For example:
```
e2e4
```
You can think and reason as much as you want(step by step), but your final move must be formatted exactly as shown above.

2025-06-26 20:02:14,451 - INFO - 

Current board position in FEN notation:
rnbqkbnr/pppppppp/8/8/4P3/8/PPPP1PPP/RNBQKBNR b KQkq - 0 1

Partial move history in UCI notation:e2e4


Legal moves in UCI notation: g8h6, g8f6, b8c6, b8a6, h7h6, g7g6, f7f6, e7e6, d7d6, c7c6, b7b6, a7a6, h7h5, g7g5, f7f5, e7e5, d7d5, c7c5, b7b5, a7a5


2025-06-26 20:02:14,451 - INFO - Attempt 1/3...
2025-06-26 20:03:09,028 - INFO - Raw response from Black (doubao-seed-1-6-thinking-250615_standard) (took 54.58s):




```
e7e5
```
2025-06-26 20:03:09,028 - INFO - Valid move found: e7e5
2025-06-26 20:03:17,315 - INFO - Move e7e5 is Stockfish's recommendation #3
2025-06-26 20:03:17,316 - INFO - Win rate after move e7e5: 45.91%
2025-06-26 20:03:17,316 - INFO - Move: e7e5
2025-06-26 20:03:17,316 - INFO - Board after move:
r n b q k b n r
p p p p . p p p
. . . . . . . .
. . . . p . . .
. . . . P . . .
. . . . . . . .
P P P P . P P P
R N B Q K B N R
2025-06-26 20:03:21,295 - INFO - Current position win rate for White: 53.10%
2025-06-26 20:03:29,459 - INFO - Top 3 recommended moves by Stockfish:
2025-06-26 20:03:29,459 - INFO -   1. Nf3 (g1f3) - Win rate: 52.00%
2025-06-26 20:03:29,459 - INFO -   2. Nc3 (b1c3) - Win rate: 51.30%
2025-06-26 20:03:29,460 - INFO -   3. Bc4 (f1c4) - Win rate: 50.90%
2025-06-26 20:03:29,460 - INFO - maia-1100_blitz's turn (White) - Move 2
2025-06-26 20:03:29,460 - INFO - Prompt to White (maia-1100_blitz):
2025-06-26 20:03:29,460 - INFO - 

You are an expert chess player. You are playing a game of chess. You are playing as White.
This is a critically urgent match. You must thoroughly analyze the position and play with utmost caution. Leverage your wisdom to secure victory.
When you have the advantage, press it relentlessly and aim for a swift checkmate. Carefully evaluate every move to eliminate any chance of a counterplay or draw by your opponent.
When at a disadvantage, strive to turn the tide and win if possible. If victory is unattainable, exhaust all possible means to force a draw.
Meticulously analyze legal moves, then select the absolute best one.

Considering the long-term strategy and short-term tactic. Analyze the position carefully. You may think through the position and consider multiple candidate moves.
When you have decided on your final move, output it in UCI notation (e.g., 'e2e4', 'g8f6' , 'e7e8q') in the following format:
```
<move>
```

For example:
```
e2e4
```
You can think and reason as much as you want(step by step), but your final move must be formatted exactly as shown above.

2025-06-26 20:03:29,460 - INFO - 

Current board position in FEN notation:
rnbqkbnr/pppp1ppp/8/4p3/4P3/8/PPPP1PPP/RNBQKBNR w KQkq - 0 2

Partial move history in UCI notation:e2e4, e7e5


Legal moves in UCI notation: g1h3, g1f3, g1e2, f1a6, f1b5, f1c4, f1d3, f1e2, e1e2, d1h5, d1g4, d1f3, d1e2, b1c3, b1a3, h2h3, g2g3, f2f3, d2d3, c2c3, b2b3, a2a3, h2h4, g2g4, f2f4, d2d4, c2c4, b2b4, a2a4


2025-06-26 20:03:30,660 - INFO - Valid move found: g1f3
2025-06-26 20:03:38,937 - INFO - Move g1f3 is Stockfish's recommendation #1
2025-06-26 20:03:38,938 - INFO - Win rate after move g1f3: 52.00%
2025-06-26 20:03:38,938 - INFO - Move: g1f3
2025-06-26 20:03:38,938 - INFO - Board after move:
r n b q k b n r
p p p p . p p p
. . . . . . . .
. . . . p . . .
. . . . P . . .
. . . . . N . .
P P P P . P P P
R N B Q K B . R
2025-06-26 20:03:43,192 - INFO - Current position win rate for Black: 46.31%
2025-06-26 20:03:54,414 - INFO - Top 3 recommended moves by Stockfish:
2025-06-26 20:03:54,414 - INFO -   1. Nc6 (b8c6) - Win rate: 47.60%
2025-06-26 20:03:54,414 - INFO -   2. Nf6 (g8f6) - Win rate: 47.40%
2025-06-26 20:03:54,415 - INFO -   3. d6 (d7d6) - Win rate: 46.11%
2025-06-26 20:03:54,415 - INFO - doubao-seed-1-6-thinking-250615_standard's turn (Black) - Move 2
2025-06-26 20:03:54,415 - INFO - Prompt to Black (doubao-seed-1-6-thinking-250615_standard):
2025-06-26 20:03:54,415 - INFO - 

You are an expert chess player. You are playing a game of chess. You are playing as Black.
This is a critically urgent match. You must thoroughly analyze the position and play with utmost caution. Leverage your wisdom to secure victory.
When you have the advantage, press it relentlessly and aim for a swift checkmate. Carefully evaluate every move to eliminate any chance of a counterplay or draw by your opponent.
When at a disadvantage, strive to turn the tide and win if possible. If victory is unattainable, exhaust all possible means to force a draw.
Meticulously analyze legal moves, then select the absolute best one.

Considering the long-term strategy and short-term tactic. Analyze the position carefully. You may think through the position and consider multiple candidate moves.
When you have decided on your final move, output it in UCI notation (e.g., 'e2e4', 'g8f6' , 'e7e8q') in the following format:
```
<move>
```

For example:
```
e2e4
```
You can think and reason as much as you want(step by step), but your final move must be formatted exactly as shown above.

2025-06-26 20:03:54,415 - INFO - 

Current board position in FEN notation:
rnbqkbnr/pppp1ppp/8/4p3/4P3/5N2/PPPP1PPP/RNBQKB1R b KQkq - 1 2

Partial move history in UCI notation:e2e4, e7e5, g1f3


Legal moves in UCI notation: g8e7, g8h6, g8f6, f8e7, f8d6, f8c5, f8b4, f8a3, e8e7, d8e7, d8f6, d8g5, d8h4, b8c6, b8a6, h7h6, g7g6, f7f6, d7d6, c7c6, b7b6, a7a6, h7h5, g7g5, f7f5, d7d5, c7c5, b7b5, a7a5


2025-06-26 20:03:54,415 - INFO - Attempt 1/3...
2025-06-26 20:08:39,385 - INFO - Raw response from Black (doubao-seed-1-6-thinking-250615_standard) (took 284.97s):
```
b8c6
```
2025-06-26 20:08:39,386 - INFO - Valid move found: b8c6
2025-06-26 20:08:54,478 - INFO - Move b8c6 is Stockfish's recommendation #1
2025-06-26 20:08:54,478 - INFO - Win rate after move b8c6: 47.60%
2025-06-26 20:08:54,478 - INFO - Move: b8c6
2025-06-26 20:08:54,478 - INFO - Board after move:
r . b q k b n r
p p p p . p p p
. . n . . . . .
. . . . p . . .
. . . . P . . .
. . . . . N . .
P P P P . P P P
R N B Q K B . R
2025-06-26 20:08:57,908 - INFO - Current position win rate for White: 53.49%
2025-06-26 20:09:05,543 - INFO - Top 3 recommended moves by Stockfish:
2025-06-26 20:09:05,544 - INFO -   1. Bc4 (f1c4) - Win rate: 51.80%
2025-06-26 20:09:05,544 - INFO -   2. Bb5 (f1b5) - Win rate: 51.70%
2025-06-26 20:09:05,544 - INFO -   3. Nc3 (b1c3) - Win rate: 51.40%
2025-06-26 20:09:05,544 - INFO - maia-1100_blitz's turn (White) - Move 3
2025-06-26 20:09:05,544 - INFO - Prompt to White (maia-1100_blitz):
2025-06-26 20:09:05,545 - INFO - 

You are an expert chess player. You are playing a game of chess. You are playing as White.
This is a critically urgent match. You must thoroughly analyze the position and play with utmost caution. Leverage your wisdom to secure victory.
When you have the advantage, press it relentlessly and aim for a swift checkmate. Carefully evaluate every move to eliminate any chance of a counterplay or draw by your opponent.
When at a disadvantage, strive to turn the tide and win if possible. If victory is unattainable, exhaust all possible means to force a draw.
Meticulously analyze legal moves, then select the absolute best one.

Considering the long-term strategy and short-term tactic. Analyze the position carefully. You may think through the position and consider multiple candidate moves.
When you have decided on your final move, output it in UCI notation (e.g., 'e2e4', 'g8f6' , 'e7e8q') in the following format:
```
<move>
```

For example:
```
e2e4
```
You can think and reason as much as you want(step by step), but your final move must be formatted exactly as shown above.

2025-06-26 20:09:05,545 - INFO - 

Current board position in FEN notation:
r1bqkbnr/pppp1ppp/2n5/4p3/4P3/5N2/PPPP1PPP/RNBQKB1R w KQkq - 2 3

Partial move history in UCI notation:e2e4, e7e5, g1f3, b8c6


Legal moves in UCI notation: f3g5, f3e5, f3h4, f3d4, f3g1, h1g1, f1a6, f1b5, f1c4, f1d3, f1e2, e1e2, d1e2, b1c3, b1a3, h2h3, g2g3, d2d3, c2c3, b2b3, a2a3, h2h4, g2g4, d2d4, c2c4, b2b4, a2a4


2025-06-26 20:09:07,148 - INFO - Valid move found: d2d4
2025-06-26 20:09:18,390 - INFO - Move d2d4 is not among Stockfish's top 3 recommendations
2025-06-26 20:09:18,390 - INFO - Win rate after move d2d4: 51.40%
2025-06-26 20:09:18,390 - INFO - Move: d2d4
2025-06-26 20:09:18,390 - INFO - Board after move:
r . b q k b n r
p p p p . p p p
. . n . . . . .
. . . . p . . .
. . . P P . . .
. . . . . N . .
P P P . . P P P
R N B Q K B . R
2025-06-26 20:09:21,123 - INFO - Current position win rate for Black: 48.20%
2025-06-26 20:09:30,344 - INFO - Top 3 recommended moves by Stockfish:
2025-06-26 20:09:30,344 - INFO -   1. exd4 (e5d4) - Win rate: 48.10%
2025-06-26 20:09:30,344 - INFO -   2. Nxd4 (c6d4) - Win rate: 44.62%
2025-06-26 20:09:30,344 - INFO -   3. d6 (d7d6) - Win rate: 43.05%
2025-06-26 20:09:30,344 - INFO - doubao-seed-1-6-thinking-250615_standard's turn (Black) - Move 3
2025-06-26 20:09:30,345 - INFO - Prompt to Black (doubao-seed-1-6-thinking-250615_standard):
2025-06-26 20:09:30,345 - INFO - 

You are an expert chess player. You are playing a game of chess. You are playing as Black.
This is a critically urgent match. You must thoroughly analyze the position and play with utmost caution. Leverage your wisdom to secure victory.
When you have the advantage, press it relentlessly and aim for a swift checkmate. Carefully evaluate every move to eliminate any chance of a counterplay or draw by your opponent.
When at a disadvantage, strive to turn the tide and win if possible. If victory is unattainable, exhaust all possible means to force a draw.
Meticulously analyze legal moves, then select the absolute best one.

Considering the long-term strategy and short-term tactic. Analyze the position carefully. You may think through the position and consider multiple candidate moves.
When you have decided on your final move, output it in UCI notation (e.g., 'e2e4', 'g8f6' , 'e7e8q') in the following format:
```
<move>
```

For example:
```
e2e4
```
You can think and reason as much as you want(step by step), but your final move must be formatted exactly as shown above.

2025-06-26 20:09:30,345 - INFO - 

Current board position in FEN notation:
r1bqkbnr/pppp1ppp/2n5/4p3/3PP3/5N2/PPP2PPP/RNBQKB1R b KQkq - 0 3

Partial move history in UCI notation:e2e4, e7e5, g1f3, b8c6, d2d4


Legal moves in UCI notation: g8e7, g8h6, g8f6, f8e7, f8d6, f8c5, f8b4, f8a3, e8e7, d8e7, d8f6, d8g5, d8h4, a8b8, c6b8, c6e7, c6a5, c6d4, c6b4, e5d4, h7h6, g7g6, f7f6, d7d6, b7b6, a7a6, h7h5, g7g5, f7f5, d7d5, b7b5, a7a5


2025-06-26 20:09:30,345 - INFO - Attempt 1/3...
2025-06-26 20:11:46,192 - INFO - Raw response from Black (doubao-seed-1-6-thinking-250615_standard) (took 135.85s):



```
e5d4
```
2025-06-26 20:11:46,192 - INFO - Valid move found: e5d4
2025-06-26 20:11:55,688 - INFO - Move e5d4 is Stockfish's recommendation #1
2025-06-26 20:11:55,689 - INFO - Win rate after move e5d4: 48.10%
2025-06-26 20:11:55,689 - INFO - Move: e5d4
2025-06-26 20:11:55,689 - INFO - Board after move:
r . b q k b n r
p p p p . p p p
. . n . . . . .
. . . . . . . .
. . . p P . . .
. . . . . N . .
P P P . . P P P
R N B Q K B . R
2025-06-26 20:11:59,660 - INFO - Current position win rate for White: 52.50%
2025-06-26 20:12:11,666 - INFO - Top 3 recommended moves by Stockfish:
2025-06-26 20:12:11,667 - INFO -   1. Nxd4 (f3d4) - Win rate: 51.50%
2025-06-26 20:12:11,667 - INFO -   2. c3 (c2c3) - Win rate: 47.50%
2025-06-26 20:12:11,667 - INFO -   3. Bc4 (f1c4) - Win rate: 47.50%
2025-06-26 20:12:11,667 - INFO - maia-1100_blitz's turn (White) - Move 4
2025-06-26 20:12:11,667 - INFO - Prompt to White (maia-1100_blitz):
2025-06-26 20:12:11,667 - INFO - 

You are an expert chess player. You are playing a game of chess. You are playing as White.
This is a critically urgent match. You must thoroughly analyze the position and play with utmost caution. Leverage your wisdom to secure victory.
When you have the advantage, press it relentlessly and aim for a swift checkmate. Carefully evaluate every move to eliminate any chance of a counterplay or draw by your opponent.
When at a disadvantage, strive to turn the tide and win if possible. If victory is unattainable, exhaust all possible means to force a draw.
Meticulously analyze legal moves, then select the absolute best one.

Considering the long-term strategy and short-term tactic. Analyze the position carefully. You may think through the position and consider multiple candidate moves.
When you have decided on your final move, output it in UCI notation (e.g., 'e2e4', 'g8f6' , 'e7e8q') in the following format:
```
<move>
```

For example:
```
e2e4
```
You can think and reason as much as you want(step by step), but your final move must be formatted exactly as shown above.

2025-06-26 20:12:11,667 - INFO - 

Current board position in FEN notation:
r1bqkbnr/pppp1ppp/2n5/8/3pP3/5N2/PPP2PPP/RNBQKB1R w KQkq - 0 4

Partial move history in UCI notation:e2e4, e7e5, g1f3, b8c6, d2d4, e5d4


Legal moves in UCI notation: f3g5, f3e5, f3h4, f3d4, f3d2, f3g1, h1g1, f1a6, f1b5, f1c4, f1d3, f1e2, e1e2, e1d2, d1d4, d1d3, d1e2, d1d2, c1h6, c1g5, c1f4, c1e3, c1d2, b1c3, b1a3, b1d2, e4e5, h2h3, g2g3, c2c3, b2b3, a2a3, h2h4, g2g4, c2c4, b2b4, a2a4


2025-06-26 20:12:12,597 - INFO - Valid move found: f3d4
2025-06-26 20:12:24,429 - INFO - Move f3d4 is Stockfish's recommendation #1
2025-06-26 20:12:24,429 - INFO - Win rate after move f3d4: 51.50%
2025-06-26 20:12:24,429 - INFO - Move: f3d4
2025-06-26 20:12:24,429 - INFO - Board after move:
r . b q k b n r
p p p p . p p p
. . n . . . . .
. . . . . . . .
. . . N P . . .
. . . . . . . .
P P P . . P P P
R N B Q K B . R
2025-06-26 20:12:27,805 - INFO - Current position win rate for Black: 50.00%
2025-06-26 20:12:37,496 - INFO - Top 3 recommended moves by Stockfish:
2025-06-26 20:12:37,496 - INFO -   1. Nf6 (g8f6) - Win rate: 49.20%
2025-06-26 20:12:37,496 - INFO -   2. Bc5 (f8c5) - Win rate: 47.80%
2025-06-26 20:12:37,496 - INFO -   3. Qf6 (d8f6) - Win rate: 46.31%
2025-06-26 20:12:37,496 - INFO - doubao-seed-1-6-thinking-250615_standard's turn (Black) - Move 4
2025-06-26 20:12:37,496 - INFO - Prompt to Black (doubao-seed-1-6-thinking-250615_standard):
2025-06-26 20:12:37,496 - INFO - 

You are an expert chess player. You are playing a game of chess. You are playing as Black.
This is a critically urgent match. You must thoroughly analyze the position and play with utmost caution. Leverage your wisdom to secure victory.
When you have the advantage, press it relentlessly and aim for a swift checkmate. Carefully evaluate every move to eliminate any chance of a counterplay or draw by your opponent.
When at a disadvantage, strive to turn the tide and win if possible. If victory is unattainable, exhaust all possible means to force a draw.
Meticulously analyze legal moves, then select the absolute best one.

Considering the long-term strategy and short-term tactic. Analyze the position carefully. You may think through the position and consider multiple candidate moves.
When you have decided on your final move, output it in UCI notation (e.g., 'e2e4', 'g8f6' , 'e7e8q') in the following format:
```
<move>
```

For example:
```
e2e4
```
You can think and reason as much as you want(step by step), but your final move must be formatted exactly as shown above.

2025-06-26 20:12:37,496 - INFO - 

Current board position in FEN notation:
r1bqkbnr/pppp1ppp/2n5/8/3NP3/8/PPP2PPP/RNBQKB1R b KQkq - 0 4

Partial move history in UCI notation:e2e4, e7e5, g1f3, b8c6, d2d4, e5d4, f3d4


Legal moves in UCI notation: g8e7, g8h6, g8f6, f8e7, f8d6, f8c5, f8b4, f8a3, e8e7, d8e7, d8f6, d8g5, d8h4, a8b8, c6b8, c6e7, c6e5, c6a5, c6d4, c6b4, h7h6, g7g6, f7f6, d7d6, b7b6, a7a6, h7h5, g7g5, f7f5, d7d5, b7b5, a7a5


2025-06-26 20:12:37,497 - INFO - Attempt 1/3...
2025-06-26 20:19:51,642 - INFO - Raw response from Black (doubao-seed-1-6-thinking-250615_standard) (took 434.15s):

```
f8c5
```
2025-06-26 20:19:51,642 - INFO - Valid move found: f8c5
2025-06-26 20:20:01,129 - INFO - Move f8c5 is Stockfish's recommendation #2
2025-06-26 20:20:01,130 - INFO - Win rate after move f8c5: 47.80%
2025-06-26 20:20:01,130 - INFO - Move: f8c5
2025-06-26 20:20:01,130 - INFO - Board after move:
r . b q k . n r
p p p p . p p p
. . n . . . . .
. . b . . . . .
. . . N P . . .
. . . . . . . .
P P P . . P P P
R N B Q K B . R
2025-06-26 20:20:03,836 - INFO - Current position win rate for White: 53.10%
2025-06-26 20:20:11,188 - INFO - Top 3 recommended moves by Stockfish:
2025-06-26 20:20:11,189 - INFO -   1. Nxc6 (d4c6) - Win rate: 52.20%
2025-06-26 20:20:11,189 - INFO -   2. Be3 (c1e3) - Win rate: 52.20%
2025-06-26 20:20:11,189 - INFO -   3. Nb3 (d4b3) - Win rate: 47.60%
2025-06-26 20:20:11,189 - INFO - maia-1100_blitz's turn (White) - Move 5
2025-06-26 20:20:11,189 - INFO - Prompt to White (maia-1100_blitz):
2025-06-26 20:20:11,189 - INFO - 

You are an expert chess player. You are playing a game of chess. You are playing as White.
This is a critically urgent match. You must thoroughly analyze the position and play with utmost caution. Leverage your wisdom to secure victory.
When you have the advantage, press it relentlessly and aim for a swift checkmate. Carefully evaluate every move to eliminate any chance of a counterplay or draw by your opponent.
When at a disadvantage, strive to turn the tide and win if possible. If victory is unattainable, exhaust all possible means to force a draw.
Meticulously analyze legal moves, then select the absolute best one.

Considering the long-term strategy and short-term tactic. Analyze the position carefully. You may think through the position and consider multiple candidate moves.
When you have decided on your final move, output it in UCI notation (e.g., 'e2e4', 'g8f6' , 'e7e8q') in the following format:
```
<move>
```

For example:
```
e2e4
```
You can think and reason as much as you want(step by step), but your final move must be formatted exactly as shown above.

2025-06-26 20:20:11,189 - INFO - 

Current board position in FEN notation:
r1bqk1nr/pppp1ppp/2n5/2b5/3NP3/8/PPP2PPP/RNBQKB1R w KQkq - 1 5

Partial move history in UCI notation:e2e4, e7e5, g1f3, b8c6, d2d4, e5d4, f3d4, f8c5


Legal moves in UCI notation: d4e6, d4c6, d4f5, d4b5, d4f3, d4b3, d4e2, h1g1, f1a6, f1b5, f1c4, f1d3, f1e2, e1e2, e1d2, d1h5, d1g4, d1f3, d1d3, d1e2, d1d2, c1h6, c1g5, c1f4, c1e3, c1d2, b1c3, b1a3, b1d2, e4e5, h2h3, g2g3, f2f3, c2c3, b2b3, a2a3, h2h4, g2g4, f2f4, c2c4, b2b4, a2a4


2025-06-26 20:20:12,593 - INFO - Valid move found: c1e3
2025-06-26 20:20:19,901 - INFO - Move c1e3 is Stockfish's recommendation #2
2025-06-26 20:20:19,901 - INFO - Win rate after move c1e3: 52.20%
2025-06-26 20:20:19,901 - INFO - Move: c1e3
2025-06-26 20:20:19,902 - INFO - Board after move:
r . b q k . n r
p p p p . p p p
. . n . . . . .
. . b . . . . .
. . . N P . . .
. . . . B . . .
P P P . . P P P
R N . Q K B . R
2025-06-26 20:20:24,242 - INFO - Current position win rate for Black: 47.80%
2025-06-26 20:20:31,520 - INFO - Top 3 recommended moves by Stockfish:
2025-06-26 20:20:31,521 - INFO -   1. Bxd4 (c5d4) - Win rate: 48.00%
2025-06-26 20:20:31,521 - INFO -   2. Bb6 (c5b6) - Win rate: 47.80%
2025-06-26 20:20:31,521 - INFO -   3. Qf6 (d8f6) - Win rate: 47.00%
2025-06-26 20:20:31,521 - INFO - doubao-seed-1-6-thinking-250615_standard's turn (Black) - Move 5
2025-06-26 20:20:31,521 - INFO - Prompt to Black (doubao-seed-1-6-thinking-250615_standard):
2025-06-26 20:20:31,521 - INFO - 

You are an expert chess player. You are playing a game of chess. You are playing as Black.
This is a critically urgent match. You must thoroughly analyze the position and play with utmost caution. Leverage your wisdom to secure victory.
When you have the advantage, press it relentlessly and aim for a swift checkmate. Carefully evaluate every move to eliminate any chance of a counterplay or draw by your opponent.
When at a disadvantage, strive to turn the tide and win if possible. If victory is unattainable, exhaust all possible means to force a draw.
Meticulously analyze legal moves, then select the absolute best one.

Considering the long-term strategy and short-term tactic. Analyze the position carefully. You may think through the position and consider multiple candidate moves.
When you have decided on your final move, output it in UCI notation (e.g., 'e2e4', 'g8f6' , 'e7e8q') in the following format:
```
<move>
```

For example:
```
e2e4
```
You can think and reason as much as you want(step by step), but your final move must be formatted exactly as shown above.

2025-06-26 20:20:31,521 - INFO - 

Current board position in FEN notation:
r1bqk1nr/pppp1ppp/2n5/2b5/3NP3/4B3/PPP2PPP/RN1QKB1R b KQkq - 2 5

Partial move history in UCI notation:e2e4, e7e5, g1f3, b8c6, d2d4, e5d4, f3d4, f8c5, c1e3


Legal moves in UCI notation: g8e7, g8h6, g8f6, e8f8, e8e7, d8e7, d8f6, d8g5, d8h4, a8b8, c6b8, c6e7, c6e5, c6a5, c6d4, c6b4, c5f8, c5e7, c5d6, c5b6, c5d4, c5b4, c5a3, h7h6, g7g6, f7f6, d7d6, b7b6, a7a6, h7h5, g7g5, f7f5, d7d5, b7b5, a7a5


2025-06-26 20:20:31,521 - INFO - Attempt 1/3...
2025-06-26 20:38:52,084 - INFO - Raw response from Black (doubao-seed-1-6-thinking-250615_standard) (took 1100.56s):
```
c5d4
```
2025-06-26 20:38:52,084 - INFO - Valid move found: c5d4
2025-06-26 20:38:59,584 - INFO - Move c5d4 is Stockfish's recommendation #1
2025-06-26 20:38:59,584 - INFO - Win rate after move c5d4: 48.00%
2025-06-26 20:38:59,584 - INFO - Move: c5d4
2025-06-26 20:38:59,584 - INFO - Board after move:
r . b q k . n r
p p p p . p p p
. . n . . . . .
. . . . . . . .
. . . b P . . .
. . . . B . . .
P P P . . P P P
R N . Q K B . R
2025-06-26 20:39:00,991 - INFO - Current position win rate for White: 52.70%
2025-06-26 20:39:06,465 - INFO - Top 3 recommended moves by Stockfish:
2025-06-26 20:39:06,466 - INFO -   1. Bxd4 (e3d4) - Win rate: 52.60%
2025-06-26 20:39:06,466 - INFO -   2. Qc1 (d1c1) - Win rate: 16.47%
2025-06-26 20:39:06,466 - INFO -   3. Nc3 (b1c3) - Win rate: 14.63%
2025-06-26 20:39:06,466 - INFO - maia-1100_blitz's turn (White) - Move 6
2025-06-26 20:39:06,466 - INFO - Prompt to White (maia-1100_blitz):
2025-06-26 20:39:06,466 - INFO - 

You are an expert chess player. You are playing a game of chess. You are playing as White.
This is a critically urgent match. You must thoroughly analyze the position and play with utmost caution. Leverage your wisdom to secure victory.
When you have the advantage, press it relentlessly and aim for a swift checkmate. Carefully evaluate every move to eliminate any chance of a counterplay or draw by your opponent.
When at a disadvantage, strive to turn the tide and win if possible. If victory is unattainable, exhaust all possible means to force a draw.
Meticulously analyze legal moves, then select the absolute best one.

Considering the long-term strategy and short-term tactic. Analyze the position carefully. You may think through the position and consider multiple candidate moves.
When you have decided on your final move, output it in UCI notation (e.g., 'e2e4', 'g8f6' , 'e7e8q') in the following format:
```
<move>
```

For example:
```
e2e4
```
You can think and reason as much as you want(step by step), but your final move must be formatted exactly as shown above.

2025-06-26 20:39:06,467 - INFO - 

Current board position in FEN notation:
r1bqk1nr/pppp1ppp/2n5/8/3bP3/4B3/PPP2PPP/RN1QKB1R w KQkq - 0 6

Partial move history in UCI notation:e2e4, e7e5, g1f3, b8c6, d2d4, e5d4, f3d4, f8c5, c1e3, c5d4


Legal moves in UCI notation: e3h6, e3g5, e3f4, e3d4, e3d2, e3c1, h1g1, f1a6, f1b5, f1c4, f1d3, f1e2, e1e2, e1d2, d1h5, d1g4, d1d4, d1f3, d1d3, d1e2, d1d2, d1c1, b1c3, b1a3, b1d2, e4e5, h2h3, g2g3, f2f3, c2c3, b2b3, a2a3, h2h4, g2g4, f2f4, c2c4, b2b4, a2a4


2025-06-26 20:39:07,419 - INFO - Valid move found: e3d4
2025-06-26 20:39:13,029 - INFO - Move e3d4 is Stockfish's recommendation #1
2025-06-26 20:39:13,029 - INFO - Win rate after move e3d4: 52.60%
2025-06-26 20:39:13,029 - INFO - Move: e3d4
2025-06-26 20:39:13,029 - INFO - Board after move:
r . b q k . n r
p p p p . p p p
. . n . . . . .
. . . . . . . .
. . . B P . . .
. . . . . . . .
P P P . . P P P
R N . Q K B . R
2025-06-26 20:39:15,452 - INFO - Current position win rate for Black: 47.70%
2025-06-26 20:39:20,193 - INFO - Top 3 recommended moves by Stockfish:
2025-06-26 20:39:20,193 - INFO -   1. Nf6 (g8f6) - Win rate: 47.50%
2025-06-26 20:39:20,193 - INFO -   2. Nxd4 (c6d4) - Win rate: 43.93%
2025-06-26 20:39:20,193 - INFO -   3. Kf8 (e8f8) - Win rate: 39.17%
2025-06-26 20:39:20,194 - INFO - doubao-seed-1-6-thinking-250615_standard's turn (Black) - Move 6
2025-06-26 20:39:20,194 - INFO - Prompt to Black (doubao-seed-1-6-thinking-250615_standard):
2025-06-26 20:39:20,194 - INFO - 

You are an expert chess player. You are playing a game of chess. You are playing as Black.
This is a critically urgent match. You must thoroughly analyze the position and play with utmost caution. Leverage your wisdom to secure victory.
When you have the advantage, press it relentlessly and aim for a swift checkmate. Carefully evaluate every move to eliminate any chance of a counterplay or draw by your opponent.
When at a disadvantage, strive to turn the tide and win if possible. If victory is unattainable, exhaust all possible means to force a draw.
Meticulously analyze legal moves, then select the absolute best one.

Considering the long-term strategy and short-term tactic. Analyze the position carefully. You may think through the position and consider multiple candidate moves.
When you have decided on your final move, output it in UCI notation (e.g., 'e2e4', 'g8f6' , 'e7e8q') in the following format:
```
<move>
```

For example:
```
e2e4
```
You can think and reason as much as you want(step by step), but your final move must be formatted exactly as shown above.

2025-06-26 20:39:20,194 - INFO - 

Current board position in FEN notation:
r1bqk1nr/pppp1ppp/2n5/8/3BP3/8/PPP2PPP/RN1QKB1R b KQkq - 0 6

Partial move history in UCI notation:e7e5, g1f3, b8c6, d2d4, e5d4, f3d4, f8c5, c1e3, c5d4, e3d4


Legal moves in UCI notation: g8e7, g8h6, g8f6, e8f8, e8e7, d8e7, d8f6, d8g5, d8h4, a8b8, c6b8, c6e7, c6e5, c6a5, c6d4, c6b4, h7h6, g7g6, f7f6, d7d6, b7b6, a7a6, h7h5, g7g5, f7f5, d7d5, b7b5, a7a5


2025-06-26 20:39:20,194 - INFO - Attempt 1/3...
2025-06-26 20:44:31,311 - INFO - Raw response from Black (doubao-seed-1-6-thinking-250615_standard) (took 311.12s):
```
g8f6
```
2025-06-26 20:44:31,311 - INFO - Valid move found: g8f6
2025-06-26 20:44:36,185 - INFO - Move g8f6 is Stockfish's recommendation #1
2025-06-26 20:44:36,186 - INFO - Win rate after move g8f6: 47.50%
2025-06-26 20:44:36,186 - INFO - Move: g8f6
2025-06-26 20:44:36,186 - INFO - Board after move:
r . b q k . . r
p p p p . p p p
. . n . . n . .
. . . . . . . .
. . . B P . . .
. . . . . . . .
P P P . . P P P
R N . Q K B . R
2025-06-26 20:44:40,096 - INFO - Current position win rate for White: 52.00%
2025-06-26 20:44:51,150 - INFO - Top 3 recommended moves by Stockfish:
2025-06-26 20:44:51,151 - INFO -   1. Nc3 (b1c3) - Win rate: 54.88%
2025-06-26 20:44:51,151 - INFO -   2. Bxf6 (d4f6) - Win rate: 53.89%
2025-06-26 20:44:51,151 - INFO -   3. Bc4 (f1c4) - Win rate: 49.70%
2025-06-26 20:44:51,151 - INFO - maia-1100_blitz's turn (White) - Move 7
2025-06-26 20:44:51,151 - INFO - Prompt to White (maia-1100_blitz):
2025-06-26 20:44:51,151 - INFO - 

You are an expert chess player. You are playing a game of chess. You are playing as White.
This is a critically urgent match. You must thoroughly analyze the position and play with utmost caution. Leverage your wisdom to secure victory.
When you have the advantage, press it relentlessly and aim for a swift checkmate. Carefully evaluate every move to eliminate any chance of a counterplay or draw by your opponent.
When at a disadvantage, strive to turn the tide and win if possible. If victory is unattainable, exhaust all possible means to force a draw.
Meticulously analyze legal moves, then select the absolute best one.

Considering the long-term strategy and short-term tactic. Analyze the position carefully. You may think through the position and consider multiple candidate moves.
When you have decided on your final move, output it in UCI notation (e.g., 'e2e4', 'g8f6' , 'e7e8q') in the following format:
```
<move>
```

For example:
```
e2e4
```
You can think and reason as much as you want(step by step), but your final move must be formatted exactly as shown above.

2025-06-26 20:44:51,151 - INFO - 

Current board position in FEN notation:
r1bqk2r/pppp1ppp/2n2n2/8/3BP3/8/PPP2PPP/RN1QKB1R w KQkq - 1 7

Partial move history in UCI notation:g1f3, b8c6, d2d4, e5d4, f3d4, f8c5, c1e3, c5d4, e3d4, g8f6


Legal moves in UCI notation: d4a7, d4f6, d4b6, d4e5, d4c5, d4e3, d4c3, h1g1, f1a6, f1b5, f1c4, f1d3, f1e2, e1e2, e1d2, d1h5, d1g4, d1f3, d1d3, d1e2, d1d2, d1c1, b1c3, b1a3, b1d2, e4e5, h2h3, g2g3, f2f3, c2c3, b2b3, a2a3, h2h4, g2g4, f2f4, c2c4, b2b4, a2a4


2025-06-26 20:44:52,308 - INFO - Valid move found: e4e5
2025-06-26 20:45:04,930 - INFO - Move e4e5 is not among Stockfish's top 3 recommendations
2025-06-26 20:45:04,931 - INFO - Win rate after move e4e5: 50.00%
2025-06-26 20:45:04,931 - INFO - Move: e4e5
2025-06-26 20:45:04,931 - INFO - Board after move:
r . b q k . . r
p p p p . p p p
. . n . . n . .
. . . . P . . .
. . . B . . . .
. . . . . . . .
P P P . . P P P
R N . Q K B . R
2025-06-26 20:45:07,751 - INFO - Current position win rate for Black: 49.10%
2025-06-26 20:45:12,561 - INFO - Top 3 recommended moves by Stockfish:
2025-06-26 20:45:12,561 - INFO -   1. Qe7 (d8e7) - Win rate: 50.70%
2025-06-26 20:45:12,561 - INFO -   2. Nd5 (f6d5) - Win rate: 47.70%
2025-06-26 20:45:12,562 - INFO -   3. Ne4 (f6e4) - Win rate: 45.41%
2025-06-26 20:45:12,562 - INFO - doubao-seed-1-6-thinking-250615_standard's turn (Black) - Move 7
2025-06-26 20:45:12,562 - INFO - Prompt to Black (doubao-seed-1-6-thinking-250615_standard):
2025-06-26 20:45:12,562 - INFO - 

You are an expert chess player. You are playing a game of chess. You are playing as Black.
This is a critically urgent match. You must thoroughly analyze the position and play with utmost caution. Leverage your wisdom to secure victory.
When you have the advantage, press it relentlessly and aim for a swift checkmate. Carefully evaluate every move to eliminate any chance of a counterplay or draw by your opponent.
When at a disadvantage, strive to turn the tide and win if possible. If victory is unattainable, exhaust all possible means to force a draw.
Meticulously analyze legal moves, then select the absolute best one.

Considering the long-term strategy and short-term tactic. Analyze the position carefully. You may think through the position and consider multiple candidate moves.
When you have decided on your final move, output it in UCI notation (e.g., 'e2e4', 'g8f6' , 'e7e8q') in the following format:
```
<move>
```

For example:
```
e2e4
```
You can think and reason as much as you want(step by step), but your final move must be formatted exactly as shown above.

2025-06-26 20:45:12,562 - INFO - 

Current board position in FEN notation:
r1bqk2r/pppp1ppp/2n2n2/4P3/3B4/8/PPP2PPP/RN1QKB1R b KQkq - 0 7

Partial move history in UCI notation:b8c6, d2d4, e5d4, f3d4, f8c5, c1e3, c5d4, e3d4, g8f6, e4e5


Legal moves in UCI notation: h8g8, h8f8, e8f8, e8e7, d8e7, a8b8, f6g8, f6h5, f6d5, f6g4, f6e4, c6b8, c6e7, c6e5, c6a5, c6d4, c6b4, e8g8, h7h6, g7g6, d7d6, b7b6, a7a6, h7h5, g7g5, d7d5, b7b5, a7a5


2025-06-26 20:45:12,562 - INFO - Attempt 1/3...
2025-06-26 21:13:38,346 - INFO - Raw response from Black (doubao-seed-1-6-thinking-250615_standard) (took 1705.78s):
```
f6d5
```
2025-06-26 21:13:38,346 - INFO - Valid move found: f6d5
2025-06-26 21:13:42,964 - INFO - Move f6d5 is Stockfish's recommendation #2
2025-06-26 21:13:42,964 - INFO - Win rate after move f6d5: 47.70%
2025-06-26 21:13:42,964 - INFO - Move: f6d5
2025-06-26 21:13:42,965 - INFO - Board after move:
r . b q k . . r
p p p p . p p p
. . n . . . . .
. . . n P . . .
. . . B . . . .
. . . . . . . .
P P P . . P P P
R N . Q K B . R
2025-06-26 21:13:46,803 - INFO - Current position win rate for White: 52.20%
2025-06-26 21:13:56,200 - INFO - Top 3 recommended moves by Stockfish:
2025-06-26 21:13:56,201 - INFO -   1. Bc5 (d4c5) - Win rate: 52.20%
2025-06-26 21:13:56,201 - INFO -   2. Nc3 (b1c3) - Win rate: 50.80%
2025-06-26 21:13:56,201 - INFO -   3. Bc4 (f1c4) - Win rate: 50.60%
2025-06-26 21:13:56,201 - INFO - maia-1100_blitz's turn (White) - Move 8
2025-06-26 21:13:56,201 - INFO - Prompt to White (maia-1100_blitz):
2025-06-26 21:13:56,201 - INFO - 

You are an expert chess player. You are playing a game of chess. You are playing as White.
This is a critically urgent match. You must thoroughly analyze the position and play with utmost caution. Leverage your wisdom to secure victory.
When you have the advantage, press it relentlessly and aim for a swift checkmate. Carefully evaluate every move to eliminate any chance of a counterplay or draw by your opponent.
When at a disadvantage, strive to turn the tide and win if possible. If victory is unattainable, exhaust all possible means to force a draw.
Meticulously analyze legal moves, then select the absolute best one.

Considering the long-term strategy and short-term tactic. Analyze the position carefully. You may think through the position and consider multiple candidate moves.
When you have decided on your final move, output it in UCI notation (e.g., 'e2e4', 'g8f6' , 'e7e8q') in the following format:
```
<move>
```

For example:
```
e2e4
```
You can think and reason as much as you want(step by step), but your final move must be formatted exactly as shown above.

2025-06-26 21:13:56,201 - INFO - 

Current board position in FEN notation:
r1bqk2r/pppp1ppp/2n5/3nP3/3B4/8/PPP2PPP/RN1QKB1R w KQkq - 1 8

Partial move history in UCI notation:d2d4, e5d4, f3d4, f8c5, c1e3, c5d4, e3d4, g8f6, e4e5, f6d5


Legal moves in UCI notation: d4a7, d4b6, d4c5, d4e3, d4c3, h1g1, f1a6, f1b5, f1c4, f1d3, f1e2, e1e2, e1d2, d1h5, d1g4, d1f3, d1d3, d1e2, d1d2, d1c1, b1c3, b1a3, b1d2, e5e6, h2h3, g2g3, f2f3, c2c3, b2b3, a2a3, h2h4, g2g4, f2f4, c2c4, b2b4, a2a4


2025-06-26 21:13:57,707 - INFO - Valid move found: b1c3
2025-06-26 21:14:07,139 - INFO - Move b1c3 is Stockfish's recommendation #2
2025-06-26 21:14:07,139 - INFO - Win rate after move b1c3: 50.80%
2025-06-26 21:14:07,139 - INFO - Move: b1c3
2025-06-26 21:14:07,139 - INFO - Board after move:
r . b q k . . r
p p p p . p p p
. . n . . . . .
. . . n P . . .
. . . B . . . .
. . N . . . . .
P P P . . P P P
R . . Q K B . R
2025-06-26 21:14:10,646 - INFO - Current position win rate for Black: 47.80%
2025-06-26 21:14:16,084 - INFO - Top 3 recommended moves by Stockfish:
2025-06-26 21:14:16,084 - INFO -   1. Nxc3 (d5c3) - Win rate: 48.50%
2025-06-26 21:14:16,084 - INFO -   2. Nde7 (d5e7) - Win rate: 47.20%
2025-06-26 21:14:16,084 - INFO -   3. Nxd4 (c6d4) - Win rate: 46.90%
2025-06-26 21:14:16,084 - INFO - doubao-seed-1-6-thinking-250615_standard's turn (Black) - Move 8
2025-06-26 21:14:16,084 - INFO - Prompt to Black (doubao-seed-1-6-thinking-250615_standard):
2025-06-26 21:14:16,084 - INFO - 

You are an expert chess player. You are playing a game of chess. You are playing as Black.
This is a critically urgent match. You must thoroughly analyze the position and play with utmost caution. Leverage your wisdom to secure victory.
When you have the advantage, press it relentlessly and aim for a swift checkmate. Carefully evaluate every move to eliminate any chance of a counterplay or draw by your opponent.
When at a disadvantage, strive to turn the tide and win if possible. If victory is unattainable, exhaust all possible means to force a draw.
Meticulously analyze legal moves, then select the absolute best one.

Considering the long-term strategy and short-term tactic. Analyze the position carefully. You may think through the position and consider multiple candidate moves.
When you have decided on your final move, output it in UCI notation (e.g., 'e2e4', 'g8f6' , 'e7e8q') in the following format:
```
<move>
```

For example:
```
e2e4
```
You can think and reason as much as you want(step by step), but your final move must be formatted exactly as shown above.

2025-06-26 21:14:16,085 - INFO - 

Current board position in FEN notation:
r1bqk2r/pppp1ppp/2n5/3nP3/3B4/2N5/PPP2PPP/R2QKB1R b KQkq - 2 8

Partial move history in UCI notation:e5d4, f3d4, f8c5, c1e3, c5d4, e3d4, g8f6, e4e5, f6d5, b1c3


Legal moves in UCI notation: h8g8, h8f8, e8f8, e8e7, d8e7, d8f6, d8g5, d8h4, a8b8, c6b8, c6e7, c6e5, c6a5, c6d4, c6b4, d5e7, d5f6, d5b6, d5f4, d5b4, d5e3, d5c3, e8g8, h7h6, g7g6, f7f6, d7d6, b7b6, a7a6, h7h5, g7g5, f7f5, b7b5, a7a5


2025-06-26 21:14:16,085 - INFO - Attempt 1/3...
2025-06-26 21:21:22,254 - INFO - Raw response from Black (doubao-seed-1-6-thinking-250615_standard) (took 426.17s):
```
e8g8
```
2025-06-26 21:21:22,254 - INFO - Valid move found: e8g8
2025-06-26 21:21:31,151 - INFO - Move e8g8 is not among Stockfish's top 3 recommendations
2025-06-26 21:21:31,151 - INFO - Win rate after move e8g8: 20.10%
2025-06-26 21:21:31,151 - INFO - Move: e8g8
2025-06-26 21:21:31,151 - INFO - Board after move:
r . b q . r k .
p p p p . p p p
. . n . . . . .
. . . n P . . .
. . . B . . . .
. . N . . . . .
P P P . . P P P
R . . Q K B . R
2025-06-26 21:21:33,836 - INFO - Current position win rate for White: 80.35%
2025-06-26 21:21:43,440 - INFO - Top 3 recommended moves by Stockfish:
2025-06-26 21:21:43,440 - INFO -   1. Nxd5 (c3d5) - Win rate: 79.18%
2025-06-26 21:21:43,440 - INFO -   2. Bc4 (f1c4) - Win rate: 49.30%
2025-06-26 21:21:43,440 - INFO -   3. Bb5 (f1b5) - Win rate: 47.70%
2025-06-26 21:21:43,440 - INFO - maia-1100_blitz's turn (White) - Move 9
2025-06-26 21:21:43,441 - INFO - Prompt to White (maia-1100_blitz):
2025-06-26 21:21:43,441 - INFO - 

You are an expert chess player. You are playing a game of chess. You are playing as White.
This is a critically urgent match. You must thoroughly analyze the position and play with utmost caution. Leverage your wisdom to secure victory.
When you have the advantage, press it relentlessly and aim for a swift checkmate. Carefully evaluate every move to eliminate any chance of a counterplay or draw by your opponent.
When at a disadvantage, strive to turn the tide and win if possible. If victory is unattainable, exhaust all possible means to force a draw.
Meticulously analyze legal moves, then select the absolute best one.

Considering the long-term strategy and short-term tactic. Analyze the position carefully. You may think through the position and consider multiple candidate moves.
When you have decided on your final move, output it in UCI notation (e.g., 'e2e4', 'g8f6' , 'e7e8q') in the following format:
```
<move>
```

For example:
```
e2e4
```
You can think and reason as much as you want(step by step), but your final move must be formatted exactly as shown above.

2025-06-26 21:21:43,441 - INFO - 

Current board position in FEN notation:
r1bq1rk1/pppp1ppp/2n5/3nP3/3B4/2N5/PPP2PPP/R2QKB1R w KQ - 3 9

Partial move history in UCI notation:f3d4, f8c5, c1e3, c5d4, e3d4, g8f6, e4e5, f6d5, b1c3, e8g8


Legal moves in UCI notation: d4a7, d4b6, d4c5, d4e3, c3d5, c3b5, c3e4, c3a4, c3e2, c3b1, h1g1, f1a6, f1b5, f1c4, f1d3, f1e2, e1e2, e1d2, d1h5, d1g4, d1f3, d1d3, d1e2, d1d2, d1c1, d1b1, a1c1, a1b1, e5e6, h2h3, g2g3, f2f3, b2b3, a2a3, h2h4, g2g4, f2f4, b2b4, a2a4


2025-06-26 21:21:44,437 - INFO - Valid move found: c3d5
2025-06-26 21:21:53,867 - INFO - Move c3d5 is Stockfish's recommendation #1
2025-06-26 21:21:53,868 - INFO - Win rate after move c3d5: 79.18%
2025-06-26 21:21:53,868 - INFO - Move: c3d5
2025-06-26 21:21:53,868 - INFO - Board after move:
r . b q . r k .
p p p p . p p p
. . n . . . . .
. . . N P . . .
. . . B . . . .
. . . . . . . .
P P P . . P P P
R . . Q K B . R
2025-06-26 21:21:57,038 - INFO - Current position win rate for Black: 20.42%
2025-06-26 21:22:05,607 - INFO - Top 3 recommended moves by Stockfish:
2025-06-26 21:22:05,607 - INFO -   1. Re8 (f8e8) - Win rate: 20.17%
2025-06-26 21:22:05,607 - INFO -   2. Nxe5 (c6e5) - Win rate: 19.59%
2025-06-26 21:22:05,607 - INFO -   3. d6 (d7d6) - Win rate: 17.89%
2025-06-26 21:22:05,607 - INFO - doubao-seed-1-6-thinking-250615_standard's turn (Black) - Move 9
2025-06-26 21:22:05,608 - INFO - Prompt to Black (doubao-seed-1-6-thinking-250615_standard):
2025-06-26 21:22:05,608 - INFO - 

You are an expert chess player. You are playing a game of chess. You are playing as Black.
This is a critically urgent match. You must thoroughly analyze the position and play with utmost caution. Leverage your wisdom to secure victory.
When you have the advantage, press it relentlessly and aim for a swift checkmate. Carefully evaluate every move to eliminate any chance of a counterplay or draw by your opponent.
When at a disadvantage, strive to turn the tide and win if possible. If victory is unattainable, exhaust all possible means to force a draw.
Meticulously analyze legal moves, then select the absolute best one.

Considering the long-term strategy and short-term tactic. Analyze the position carefully. You may think through the position and consider multiple candidate moves.
When you have decided on your final move, output it in UCI notation (e.g., 'e2e4', 'g8f6' , 'e7e8q') in the following format:
```
<move>
```

For example:
```
e2e4
```
You can think and reason as much as you want(step by step), but your final move must be formatted exactly as shown above.

2025-06-26 21:22:05,608 - INFO - 

Current board position in FEN notation:
r1bq1rk1/pppp1ppp/2n5/3NP3/3B4/8/PPP2PPP/R2QKB1R b KQ - 0 9

Partial move history in UCI notation:f8c5, c1e3, c5d4, e3d4, g8f6, e4e5, f6d5, b1c3, e8g8, c3d5


Legal moves in UCI notation: g8h8, f8e8, d8e8, d8e7, d8f6, d8g5, d8h4, a8b8, c6b8, c6e7, c6e5, c6a5, c6d4, c6b4, h7h6, g7g6, f7f6, d7d6, b7b6, a7a6, h7h5, g7g5, f7f5, b7b5, a7a5


2025-06-26 21:22:05,608 - INFO - Attempt 1/3...
2025-06-26 21:28:07,691 - INFO - Raw response from Black (doubao-seed-1-6-thinking-250615_standard) (took 362.08s):




```
d7d6
```
2025-06-26 21:28:07,691 - INFO - Valid move found: d7d6
2025-06-26 21:28:16,403 - INFO - Move d7d6 is Stockfish's recommendation #3
2025-06-26 21:28:16,403 - INFO - Win rate after move d7d6: 17.89%
2025-06-26 21:28:16,403 - INFO - Move: d7d6
2025-06-26 21:28:16,403 - INFO - Board after move:
r . b q . r k .
p p p . . p p p
. . n p . . . .
. . . N P . . .
. . . B . . . .
. . . . . . . .
P P P . . P P P
R . . Q K B . R
2025-06-26 21:28:18,517 - INFO - Current position win rate for White: 82.23%
2025-06-26 21:28:24,503 - INFO - Top 3 recommended moves by Stockfish:
2025-06-26 21:28:24,503 - INFO -   1. exd6 (e5d6) - Win rate: 82.11%
2025-06-26 21:28:24,503 - INFO -   2. Be2 (f1e2) - Win rate: 77.90%
2025-06-26 21:28:24,503 - INFO -   3. Ne3 (d5e3) - Win rate: 77.21%
2025-06-26 21:28:24,503 - INFO - maia-1100_blitz's turn (White) - Move 10
2025-06-26 21:28:24,503 - INFO - Prompt to White (maia-1100_blitz):
2025-06-26 21:28:24,503 - INFO - 

You are an expert chess player. You are playing a game of chess. You are playing as White.
This is a critically urgent match. You must thoroughly analyze the position and play with utmost caution. Leverage your wisdom to secure victory.
When you have the advantage, press it relentlessly and aim for a swift checkmate. Carefully evaluate every move to eliminate any chance of a counterplay or draw by your opponent.
When at a disadvantage, strive to turn the tide and win if possible. If victory is unattainable, exhaust all possible means to force a draw.
Meticulously analyze legal moves, then select the absolute best one.

Considering the long-term strategy and short-term tactic. Analyze the position carefully. You may think through the position and consider multiple candidate moves.
When you have decided on your final move, output it in UCI notation (e.g., 'e2e4', 'g8f6' , 'e7e8q') in the following format:
```
<move>
```

For example:
```
e2e4
```
You can think and reason as much as you want(step by step), but your final move must be formatted exactly as shown above.

2025-06-26 21:28:24,504 - INFO - 

Current board position in FEN notation:
r1bq1rk1/ppp2ppp/2np4/3NP3/3B4/8/PPP2PPP/R2QKB1R w KQ - 0 10

Partial move history in UCI notation:c1e3, c5d4, e3d4, g8f6, e4e5, f6d5, b1c3, e8g8, c3d5, d7d6


Legal moves in UCI notation: d5e7, d5c7, d5f6, d5b6, d5f4, d5b4, d5e3, d5c3, d4a7, d4b6, d4c5, d4e3, d4c3, h1g1, f1a6, f1b5, f1c4, f1d3, f1e2, e1e2, e1d2, d1h5, d1g4, d1f3, d1d3, d1e2, d1d2, d1c1, d1b1, a1c1, a1b1, e5d6, e5e6, h2h3, g2g3, f2f3, c2c3, b2b3, a2a3, h2h4, g2g4, f2f4, c2c4, b2b4, a2a4


2025-06-26 21:28:26,243 - INFO - Valid move found: d4c3
2025-06-26 21:28:34,438 - INFO - Move d4c3 is not among Stockfish's top 3 recommendations
2025-06-26 21:28:34,438 - INFO - Win rate after move d4c3: 76.42%
2025-06-26 21:28:34,438 - INFO - Move: d4c3
2025-06-26 21:28:34,438 - INFO - Board after move:
r . b q . r k .
p p p . . p p p
. . n p . . . .
. . . N P . . .
. . . . . . . .
. . B . . . . .
P P P . . P P P
R . . Q K B . R
2025-06-26 21:28:36,649 - INFO - Current position win rate for Black: 23.94%
2025-06-26 21:28:44,093 - INFO - Top 3 recommended moves by Stockfish:
2025-06-26 21:28:44,093 - INFO -   1. dxe5 (d6e5) - Win rate: 24.97%
2025-06-26 21:28:44,093 - INFO -   2. Re8 (f8e8) - Win rate: 20.69%
2025-06-26 21:28:44,093 - INFO -   3. Nxe5 (c6e5) - Win rate: 19.78%
2025-06-26 21:28:44,093 - INFO - doubao-seed-1-6-thinking-250615_standard's turn (Black) - Move 10
2025-06-26 21:28:44,094 - INFO - Prompt to Black (doubao-seed-1-6-thinking-250615_standard):
2025-06-26 21:28:44,094 - INFO - 

You are an expert chess player. You are playing a game of chess. You are playing as Black.
This is a critically urgent match. You must thoroughly analyze the position and play with utmost caution. Leverage your wisdom to secure victory.
When you have the advantage, press it relentlessly and aim for a swift checkmate. Carefully evaluate every move to eliminate any chance of a counterplay or draw by your opponent.
When at a disadvantage, strive to turn the tide and win if possible. If victory is unattainable, exhaust all possible means to force a draw.
Meticulously analyze legal moves, then select the absolute best one.

Considering the long-term strategy and short-term tactic. Analyze the position carefully. You may think through the position and consider multiple candidate moves.
When you have decided on your final move, output it in UCI notation (e.g., 'e2e4', 'g8f6' , 'e7e8q') in the following format:
```
<move>
```

For example:
```
e2e4
```
You can think and reason as much as you want(step by step), but your final move must be formatted exactly as shown above.

2025-06-26 21:28:44,094 - INFO - 

Current board position in FEN notation:
r1bq1rk1/ppp2ppp/2np4/3NP3/8/2B5/PPP2PPP/R2QKB1R b KQ - 1 10

Partial move history in UCI notation:c5d4, e3d4, g8f6, e4e5, f6d5, b1c3, e8g8, c3d5, d7d6, d4c3


Legal moves in UCI notation: g8h8, f8e8, d8e8, d8e7, d8d7, d8f6, d8g5, d8h4, c8d7, c8e6, c8f5, c8g4, c8h3, a8b8, c6b8, c6e7, c6e5, c6a5, c6d4, c6b4, d6e5, h7h6, g7g6, f7f6, b7b6, a7a6, h7h5, g7g5, f7f5, b7b5, a7a5


2025-06-26 21:28:44,094 - INFO - Attempt 1/3...
2025-06-26 21:34:33,372 - INFO - Raw response from Black (doubao-seed-1-6-thinking-250615_standard) (took 349.28s):
```
c6e5
```
2025-06-26 21:34:33,372 - INFO - Valid move found: c6e5
2025-06-26 21:34:41,043 - INFO - Move c6e5 is Stockfish's recommendation #3
2025-06-26 21:34:41,043 - INFO - Win rate after move c6e5: 19.78%
2025-06-26 21:34:41,043 - INFO - Move: c6e5
2025-06-26 21:34:41,044 - INFO - Board after move:
r . b q . r k .
p p p . . p p p
. . . p . . . .
. . . N n . . .
. . . . . . . .
. . B . . . . .
P P P . . P P P
R . . Q K B . R
2025-06-26 21:34:45,560 - INFO - Current position win rate for White: 79.38%
2025-06-26 21:34:53,090 - INFO - Top 3 recommended moves by Stockfish:
2025-06-26 21:34:53,090 - INFO -   1. f4 (f2f4) - Win rate: 79.25%
2025-06-26 21:34:53,090 - INFO -   2. Be2 (f1e2) - Win rate: 78.58%
2025-06-26 21:34:53,090 - INFO -   3. Ne3 (d5e3) - Win rate: 78.38%
2025-06-26 21:34:53,090 - INFO - maia-1100_blitz's turn (White) - Move 11
2025-06-26 21:34:53,091 - INFO - Prompt to White (maia-1100_blitz):
2025-06-26 21:34:53,091 - INFO - 

You are an expert chess player. You are playing a game of chess. You are playing as White.
This is a critically urgent match. You must thoroughly analyze the position and play with utmost caution. Leverage your wisdom to secure victory.
When you have the advantage, press it relentlessly and aim for a swift checkmate. Carefully evaluate every move to eliminate any chance of a counterplay or draw by your opponent.
When at a disadvantage, strive to turn the tide and win if possible. If victory is unattainable, exhaust all possible means to force a draw.
Meticulously analyze legal moves, then select the absolute best one.

Considering the long-term strategy and short-term tactic. Analyze the position carefully. You may think through the position and consider multiple candidate moves.
When you have decided on your final move, output it in UCI notation (e.g., 'e2e4', 'g8f6' , 'e7e8q') in the following format:
```
<move>
```

For example:
```
e2e4
```
You can think and reason as much as you want(step by step), but your final move must be formatted exactly as shown above.

2025-06-26 21:34:53,091 - INFO - 

Current board position in FEN notation:
r1bq1rk1/ppp2ppp/3p4/3Nn3/8/2B5/PPP2PPP/R2QKB1R w KQ - 0 11

Partial move history in UCI notation:e3d4, g8f6, e4e5, f6d5, b1c3, e8g8, c3d5, d7d6, d4c3, c6e5


Legal moves in UCI notation: d5e7, d5c7, d5f6, d5b6, d5f4, d5b4, d5e3, c3e5, c3a5, c3d4, c3b4, c3d2, h1g1, f1a6, f1b5, f1c4, f1d3, f1e2, e1e2, e1d2, d1h5, d1g4, d1d4, d1f3, d1d3, d1e2, d1d2, d1c1, d1b1, a1c1, a1b1, h2h3, g2g3, f2f3, b2b3, a2a3, h2h4, g2g4, f2f4, b2b4, a2a4


2025-06-26 21:34:54,466 - INFO - Valid move found: d1d2
2025-06-26 21:35:03,287 - INFO - Move d1d2 is not among Stockfish's top 3 recommendations
2025-06-26 21:35:03,287 - INFO - Win rate after move d1d2: 78.11%
2025-06-26 21:35:03,287 - INFO - Move: d1d2
2025-06-26 21:35:03,287 - INFO - Board after move:
r . b q . r k .
p p p . . p p p
. . . p . . . .
. . . N n . . .
. . . . . . . .
. . B . . . . .
P P P Q . P P P
R . . . K B . R
2025-06-26 21:35:07,758 - INFO - Current position win rate for Black: 21.96%
2025-06-26 21:35:13,906 - INFO - Top 3 recommended moves by Stockfish:
2025-06-26 21:35:13,907 - INFO -   1. Bg4 (c8g4) - Win rate: 22.17%
2025-06-26 21:35:13,907 - INFO -   2. c6 (c7c6) - Win rate: 22.03%
2025-06-26 21:35:13,907 - INFO -   3. Re8 (f8e8) - Win rate: 21.62%
2025-06-26 21:35:13,907 - INFO - doubao-seed-1-6-thinking-250615_standard's turn (Black) - Move 11
2025-06-26 21:35:13,907 - INFO - Prompt to Black (doubao-seed-1-6-thinking-250615_standard):
2025-06-26 21:35:13,907 - INFO - 

You are an expert chess player. You are playing a game of chess. You are playing as Black.
This is a critically urgent match. You must thoroughly analyze the position and play with utmost caution. Leverage your wisdom to secure victory.
When you have the advantage, press it relentlessly and aim for a swift checkmate. Carefully evaluate every move to eliminate any chance of a counterplay or draw by your opponent.
When at a disadvantage, strive to turn the tide and win if possible. If victory is unattainable, exhaust all possible means to force a draw.
Meticulously analyze legal moves, then select the absolute best one.

Considering the long-term strategy and short-term tactic. Analyze the position carefully. You may think through the position and consider multiple candidate moves.
When you have decided on your final move, output it in UCI notation (e.g., 'e2e4', 'g8f6' , 'e7e8q') in the following format:
```
<move>
```

For example:
```
e2e4
```
You can think and reason as much as you want(step by step), but your final move must be formatted exactly as shown above.

2025-06-26 21:35:13,907 - INFO - 

Current board position in FEN notation:
r1bq1rk1/ppp2ppp/3p4/3Nn3/8/2B5/PPPQ1PPP/R3KB1R b KQ - 1 11

Partial move history in UCI notation:g8f6, e4e5, f6d5, b1c3, e8g8, c3d5, d7d6, d4c3, c6e5, d1d2


Legal moves in UCI notation: g8h8, f8e8, d8e8, d8e7, d8d7, d8f6, d8g5, d8h4, c8d7, c8e6, c8f5, c8g4, c8h3, a8b8, e5d7, e5g6, e5c6, e5g4, e5c4, e5f3, e5d3, h7h6, g7g6, f7f6, c7c6, b7b6, a7a6, h7h5, g7g5, f7f5, c7c5, b7b5, a7a5


2025-06-26 21:35:13,907 - INFO - Attempt 1/3...
2025-06-26 21:44:20,502 - INFO - Raw response from Black (doubao-seed-1-6-thinking-250615_standard) (took 546.60s):
```
c8e6
```
2025-06-26 21:44:20,503 - INFO - Valid move found: c8e6
2025-06-26 21:44:30,276 - INFO - Move c8e6 is not among Stockfish's top 3 recommendations
2025-06-26 21:44:30,276 - INFO - Win rate after move c8e6: 17.54%
2025-06-26 21:44:30,276 - INFO - Move: c8e6
2025-06-26 21:44:30,276 - INFO - Board after move:
r . . q . r k .
p p p . . p p p
. . . p b . . .
. . . N n . . .
. . . . . . . .
. . B . . . . .
P P P Q . P P P
R . . . K B . R
2025-06-26 21:44:35,275 - INFO - Current position win rate for White: 81.03%
2025-06-26 21:44:48,085 - INFO - Top 3 recommended moves by Stockfish:
2025-06-26 21:44:48,086 - INFO -   1. O-O-O (e1c1) - Win rate: 81.34%
2025-06-26 21:44:48,086 - INFO -   2. Ne3 (d5e3) - Win rate: 80.15%
2025-06-26 21:44:48,086 - INFO -   3. Be2 (f1e2) - Win rate: 79.90%
2025-06-26 21:44:48,086 - INFO - maia-1100_blitz's turn (White) - Move 12
2025-06-26 21:44:48,086 - INFO - Prompt to White (maia-1100_blitz):
2025-06-26 21:44:48,086 - INFO - 

You are an expert chess player. You are playing a game of chess. You are playing as White.
This is a critically urgent match. You must thoroughly analyze the position and play with utmost caution. Leverage your wisdom to secure victory.
When you have the advantage, press it relentlessly and aim for a swift checkmate. Carefully evaluate every move to eliminate any chance of a counterplay or draw by your opponent.
When at a disadvantage, strive to turn the tide and win if possible. If victory is unattainable, exhaust all possible means to force a draw.
Meticulously analyze legal moves, then select the absolute best one.

Considering the long-term strategy and short-term tactic. Analyze the position carefully. You may think through the position and consider multiple candidate moves.
When you have decided on your final move, output it in UCI notation (e.g., 'e2e4', 'g8f6' , 'e7e8q') in the following format:
```
<move>
```

For example:
```
e2e4
```
You can think and reason as much as you want(step by step), but your final move must be formatted exactly as shown above.

2025-06-26 21:44:48,086 - INFO - 

Current board position in FEN notation:
r2q1rk1/ppp2ppp/3pb3/3Nn3/8/2B5/PPPQ1PPP/R3KB1R w KQ - 2 12

Partial move history in UCI notation:e4e5, f6d5, b1c3, e8g8, c3d5, d7d6, d4c3, c6e5, d1d2, c8e6


Legal moves in UCI notation: d5e7, d5c7, d5f6, d5b6, d5f4, d5b4, d5e3, c3e5, c3a5, c3d4, c3b4, d2h6, d2g5, d2f4, d2d4, d2e3, d2d3, d2e2, d2d1, d2c1, h1g1, f1a6, f1b5, f1c4, f1d3, f1e2, e1e2, e1d1, a1d1, a1c1, a1b1, e1c1, h2h3, g2g3, f2f3, b2b3, a2a3, h2h4, g2g4, f2f4, b2b4, a2a4


2025-06-26 21:44:49,254 - INFO - Valid move found: e1c1
2025-06-26 21:45:02,401 - INFO - Move e1c1 is Stockfish's recommendation #1
2025-06-26 21:45:02,402 - INFO - Win rate after move e1c1: 81.34%
2025-06-26 21:45:02,402 - INFO - Move: e1c1
2025-06-26 21:45:02,402 - INFO - Board after move:
r . . q . r k .
p p p . . p p p
. . . p b . . .
. . . N n . . .
. . . . . . . .
. . B . . . . .
P P P Q . P P P
. . K R . B . R
2025-06-26 21:45:09,592 - INFO - Current position win rate for Black: 18.54%
2025-06-26 21:45:22,094 - INFO - Top 3 recommended moves by Stockfish:
2025-06-26 21:45:22,094 - INFO -   1. Re8 (f8e8) - Win rate: 18.12%
2025-06-26 21:45:22,094 - INFO -   2. f6 (f7f6) - Win rate: 17.54%
2025-06-26 21:45:22,094 - INFO -   3. Kh8 (g8h8) - Win rate: 16.85%
2025-06-26 21:45:22,095 - INFO - doubao-seed-1-6-thinking-250615_standard's turn (Black) - Move 12
2025-06-26 21:45:22,095 - INFO - Prompt to Black (doubao-seed-1-6-thinking-250615_standard):
2025-06-26 21:45:22,095 - INFO - 

You are an expert chess player. You are playing a game of chess. You are playing as Black.
This is a critically urgent match. You must thoroughly analyze the position and play with utmost caution. Leverage your wisdom to secure victory.
When you have the advantage, press it relentlessly and aim for a swift checkmate. Carefully evaluate every move to eliminate any chance of a counterplay or draw by your opponent.
When at a disadvantage, strive to turn the tide and win if possible. If victory is unattainable, exhaust all possible means to force a draw.
Meticulously analyze legal moves, then select the absolute best one.

Considering the long-term strategy and short-term tactic. Analyze the position carefully. You may think through the position and consider multiple candidate moves.
When you have decided on your final move, output it in UCI notation (e.g., 'e2e4', 'g8f6' , 'e7e8q') in the following format:
```
<move>
```

For example:
```
e2e4
```
You can think and reason as much as you want(step by step), but your final move must be formatted exactly as shown above.

2025-06-26 21:45:22,095 - INFO - 

Current board position in FEN notation:
r2q1rk1/ppp2ppp/3pb3/3Nn3/8/2B5/PPPQ1PPP/2KR1B1R b - - 3 12

Partial move history in UCI notation:f6d5, b1c3, e8g8, c3d5, d7d6, d4c3, c6e5, d1d2, c8e6, e1c1


Legal moves in UCI notation: g8h8, f8e8, d8e8, d8c8, d8b8, d8e7, d8d7, d8f6, d8g5, d8h4, a8c8, a8b8, e6c8, e6d7, e6f5, e6d5, e6g4, e6h3, e5d7, e5g6, e5c6, e5g4, e5c4, e5f3, e5d3, h7h6, g7g6, f7f6, c7c6, b7b6, a7a6, h7h5, g7g5, f7f5, c7c5, b7b5, a7a5


2025-06-26 21:45:22,095 - INFO - Attempt 1/3...
2025-06-26 21:54:02,993 - INFO - Raw response from Black (doubao-seed-1-6-thinking-250615_standard) (took 520.90s):

```
e5c4
```
2025-06-26 21:54:02,994 - INFO - Valid move found: e5c4
2025-06-26 21:54:20,320 - INFO - Move e5c4 is not among Stockfish's top 3 recommendations
2025-06-26 21:54:20,320 - INFO - Win rate after move e5c4: 2.19%
2025-06-26 21:54:20,320 - INFO - Move: e5c4
2025-06-26 21:54:20,321 - INFO - Board after move:
r . . q . r k .
p p p . . p p p
. . . p b . . .
. . . N . . . .
. . n . . . . .
. . B . . . . .
P P P Q . P P P
. . K R . B . R
2025-06-26 21:54:25,379 - INFO - Current position win rate for White: 97.75%
2025-06-26 21:54:33,274 - INFO - Top 3 recommended moves by Stockfish:
2025-06-26 21:54:33,275 - INFO -   1. Bxc4 (f1c4) - Win rate: 97.70%
2025-06-26 21:54:33,275 - INFO -   2. Qd4 (d2d4) - Win rate: 85.12%
2025-06-26 21:54:33,275 - INFO -   3. Qf4 (d2f4) - Win rate: 82.64%
2025-06-26 21:54:33,275 - INFO - maia-1100_blitz's turn (White) - Move 13
2025-06-26 21:54:33,275 - INFO - Prompt to White (maia-1100_blitz):
2025-06-26 21:54:33,275 - INFO - 

You are an expert chess player. You are playing a game of chess. You are playing as White.
This is a critically urgent match. You must thoroughly analyze the position and play with utmost caution. Leverage your wisdom to secure victory.
When you have the advantage, press it relentlessly and aim for a swift checkmate. Carefully evaluate every move to eliminate any chance of a counterplay or draw by your opponent.
When at a disadvantage, strive to turn the tide and win if possible. If victory is unattainable, exhaust all possible means to force a draw.
Meticulously analyze legal moves, then select the absolute best one.

Considering the long-term strategy and short-term tactic. Analyze the position carefully. You may think through the position and consider multiple candidate moves.
When you have decided on your final move, output it in UCI notation (e.g., 'e2e4', 'g8f6' , 'e7e8q') in the following format:
```
<move>
```

For example:
```
e2e4
```
You can think and reason as much as you want(step by step), but your final move must be formatted exactly as shown above.

2025-06-26 21:54:33,275 - INFO - 

Current board position in FEN notation:
r2q1rk1/ppp2ppp/3pb3/3N4/2n5/2B5/PPPQ1PPP/2KR1B1R w - - 4 13

Partial move history in UCI notation:b1c3, e8g8, c3d5, d7d6, d4c3, c6e5, d1d2, c8e6, e1c1, e5c4


Legal moves in UCI notation: d5e7, d5c7, d5f6, d5b6, d5f4, d5b4, d5e3, c3g7, c3f6, c3e5, c3a5, c3d4, c3b4, d2h6, d2g5, d2f4, d2d4, d2e3, d2d3, d2e2, d2e1, h1g1, f1c4, f1d3, f1e2, d1e1, c1b1, h2h3, g2g3, f2f3, b2b3, a2a3, h2h4, g2g4, f2f4, b2b4, a2a4


2025-06-26 21:54:34,560 - INFO - Valid move found: f1c4
2025-06-26 21:54:42,579 - INFO - Move f1c4 is Stockfish's recommendation #1
2025-06-26 21:54:42,580 - INFO - Win rate after move f1c4: 97.70%
2025-06-26 21:54:42,580 - INFO - Move: f1c4
2025-06-26 21:54:42,580 - INFO - Board after move:
r . . q . r k .
p p p . . p p p
. . . p b . . .
. . . N . . . .
. . B . . . . .
. . B . . . . .
P P P Q . P P P
. . K R . . . R
2025-06-26 21:54:50,251 - INFO - Current position win rate for Black: 2.14%
2025-06-26 21:55:01,289 - INFO - Top 3 recommended moves by Stockfish:
2025-06-26 21:55:01,289 - INFO -   1. Bxd5 (e6d5) - Win rate: 2.11%
2025-06-26 21:55:01,289 - INFO -   2. b5 (b7b5) - Win rate: 1.88%
2025-06-26 21:55:01,289 - INFO -   3. a5 (a7a5) - Win rate: 1.82%
2025-06-26 21:55:01,289 - INFO - doubao-seed-1-6-thinking-250615_standard's turn (Black) - Move 13
2025-06-26 21:55:01,290 - INFO - Prompt to Black (doubao-seed-1-6-thinking-250615_standard):
2025-06-26 21:55:01,290 - INFO - 

You are an expert chess player. You are playing a game of chess. You are playing as Black.
This is a critically urgent match. You must thoroughly analyze the position and play with utmost caution. Leverage your wisdom to secure victory.
When you have the advantage, press it relentlessly and aim for a swift checkmate. Carefully evaluate every move to eliminate any chance of a counterplay or draw by your opponent.
When at a disadvantage, strive to turn the tide and win if possible. If victory is unattainable, exhaust all possible means to force a draw.
Meticulously analyze legal moves, then select the absolute best one.

Considering the long-term strategy and short-term tactic. Analyze the position carefully. You may think through the position and consider multiple candidate moves.
When you have decided on your final move, output it in UCI notation (e.g., 'e2e4', 'g8f6' , 'e7e8q') in the following format:
```
<move>
```

For example:
```
e2e4
```
You can think and reason as much as you want(step by step), but your final move must be formatted exactly as shown above.

2025-06-26 21:55:01,290 - INFO - 

Current board position in FEN notation:
r2q1rk1/ppp2ppp/3pb3/3N4/2B5/2B5/PPPQ1PPP/2KR3R b - - 0 13

Partial move history in UCI notation:e8g8, c3d5, d7d6, d4c3, c6e5, d1d2, c8e6, e1c1, e5c4, f1c4


Legal moves in UCI notation: g8h8, f8e8, d8e8, d8c8, d8b8, d8e7, d8d7, d8f6, d8g5, d8h4, a8c8, a8b8, e6c8, e6d7, e6f5, e6d5, e6g4, e6h3, h7h6, g7g6, f7f6, c7c6, b7b6, a7a6, h7h5, g7g5, f7f5, c7c5, b7b5, a7a5


2025-06-26 21:55:01,290 - INFO - Attempt 1/3...
2025-06-26 22:00:12,195 - INFO - Raw response from Black (doubao-seed-1-6-thinking-250615_standard) (took 310.91s):
```
a8c8
```
2025-06-26 22:00:12,195 - INFO - Valid move found: a8c8
2025-06-26 22:00:23,763 - INFO - Move a8c8 is not among Stockfish's top 3 recommendations
2025-06-26 22:00:23,764 - INFO - Win rate after move a8c8: 1.05%
2025-06-26 22:00:23,764 - INFO - Move: a8c8
2025-06-26 22:00:23,764 - INFO - Board after move:
. . r q . r k .
p p p . . p p p
. . . p b . . .
. . . N . . . .
. . B . . . . .
. . B . . . . .
P P P Q . P P P
. . K R . . . R
2025-06-26 22:00:25,011 - INFO - Current position win rate for White: 98.90%
2025-06-26 22:00:30,935 - INFO - Top 3 recommended moves by Stockfish:
2025-06-26 22:00:30,936 - INFO -   1. Qd4 (d2d4) - Win rate: 99.00%
2025-06-26 22:00:30,936 - INFO -   2. h4 (h2h4) - Win rate: 98.74%
2025-06-26 22:00:30,936 - INFO -   3. Kb1 (c1b1) - Win rate: 98.15%
2025-06-26 22:00:30,936 - INFO - maia-1100_blitz's turn (White) - Move 14
2025-06-26 22:00:30,937 - INFO - Prompt to White (maia-1100_blitz):
2025-06-26 22:00:30,937 - INFO - 

You are an expert chess player. You are playing a game of chess. You are playing as White.
This is a critically urgent match. You must thoroughly analyze the position and play with utmost caution. Leverage your wisdom to secure victory.
When you have the advantage, press it relentlessly and aim for a swift checkmate. Carefully evaluate every move to eliminate any chance of a counterplay or draw by your opponent.
When at a disadvantage, strive to turn the tide and win if possible. If victory is unattainable, exhaust all possible means to force a draw.
Meticulously analyze legal moves, then select the absolute best one.

Considering the long-term strategy and short-term tactic. Analyze the position carefully. You may think through the position and consider multiple candidate moves.
When you have decided on your final move, output it in UCI notation (e.g., 'e2e4', 'g8f6' , 'e7e8q') in the following format:
```
<move>
```

For example:
```
e2e4
```
You can think and reason as much as you want(step by step), but your final move must be formatted exactly as shown above.

2025-06-26 22:00:30,937 - INFO - 

Current board position in FEN notation:
2rq1rk1/ppp2ppp/3pb3/3N4/2B5/2B5/PPPQ1PPP/2KR3R w - - 1 14

Partial move history in UCI notation:c3d5, d7d6, d4c3, c6e5, d1d2, c8e6, e1c1, e5c4, f1c4, a8c8


Legal moves in UCI notation: d5e7, d5c7, d5f6, d5b6, d5f4, d5b4, d5e3, c4a6, c4b5, c4d3, c4b3, c4e2, c4f1, c3g7, c3f6, c3e5, c3a5, c3d4, c3b4, d2h6, d2g5, d2f4, d2d4, d2e3, d2d3, d2e2, d2e1, h1g1, h1f1, h1e1, d1g1, d1f1, d1e1, c1b1, h2h3, g2g3, f2f3, b2b3, a2a3, h2h4, g2g4, f2f4, b2b4, a2a4


2025-06-26 22:00:32,164 - INFO - Valid move found: d2d4
2025-06-26 22:00:38,173 - INFO - Move d2d4 is Stockfish's recommendation #1
2025-06-26 22:00:38,173 - INFO - Win rate after move d2d4: 99.00%
2025-06-26 22:00:38,173 - INFO - Move: d2d4
2025-06-26 22:00:38,173 - INFO - Board after move:
. . r q . r k .
p p p . . p p p
. . . p b . . .
. . . N . . . .
. . B Q . . . .
. . B . . . . .
P P P . . P P P
. . K R . . . R
2025-06-26 22:00:39,464 - INFO - Current position win rate for Black: 1.09%
2025-06-26 22:00:41,464 - INFO - Top 3 recommended moves by Stockfish:
2025-06-26 22:00:41,464 - INFO -   1. Qg5+ (d8g5) - Win rate: 0.82%
2025-06-26 22:00:41,464 - INFO -   2. f6 (f7f6) - Win rate: 0.69%
2025-06-26 22:00:41,464 - INFO -   3. Qf6 (d8f6) - Win rate: 0.00%
2025-06-26 22:00:41,464 - INFO - doubao-seed-1-6-thinking-250615_standard's turn (Black) - Move 14
2025-06-26 22:00:41,464 - INFO - Prompt to Black (doubao-seed-1-6-thinking-250615_standard):
2025-06-26 22:00:41,465 - INFO - 

You are an expert chess player. You are playing a game of chess. You are playing as Black.
This is a critically urgent match. You must thoroughly analyze the position and play with utmost caution. Leverage your wisdom to secure victory.
When you have the advantage, press it relentlessly and aim for a swift checkmate. Carefully evaluate every move to eliminate any chance of a counterplay or draw by your opponent.
When at a disadvantage, strive to turn the tide and win if possible. If victory is unattainable, exhaust all possible means to force a draw.
Meticulously analyze legal moves, then select the absolute best one.

Considering the long-term strategy and short-term tactic. Analyze the position carefully. You may think through the position and consider multiple candidate moves.
When you have decided on your final move, output it in UCI notation (e.g., 'e2e4', 'g8f6' , 'e7e8q') in the following format:
```
<move>
```

For example:
```
e2e4
```
You can think and reason as much as you want(step by step), but your final move must be formatted exactly as shown above.

2025-06-26 22:00:41,465 - INFO - 

Current board position in FEN notation:
2rq1rk1/ppp2ppp/3pb3/3N4/2BQ4/2B5/PPP2PPP/2KR3R b - - 2 14

Partial move history in UCI notation:d7d6, d4c3, c6e5, d1d2, c8e6, e1c1, e5c4, f1c4, a8c8, d2d4


Legal moves in UCI notation: g8h8, f8e8, d8e8, d8e7, d8d7, d8f6, d8g5, d8h4, c8b8, c8a8, e6d7, e6f5, e6d5, e6g4, e6h3, h7h6, g7g6, f7f6, c7c6, b7b6, a7a6, h7h5, g7g5, f7f5, c7c5, b7b5, a7a5


2025-06-26 22:00:41,465 - INFO - Attempt 1/3...
2025-06-26 22:27:52,563 - INFO - Raw response from Black (doubao-seed-1-6-thinking-250615_standard) (took 1631.10s):
```
e6f5
```
2025-06-26 22:27:52,563 - INFO - Valid move found: e6f5
2025-06-26 22:27:54,643 - INFO - Move e6f5 is not among Stockfish's top 3 recommendations
2025-06-26 22:27:54,643 - INFO - Win rate after move e6f5: 0.00%
2025-06-26 22:27:54,644 - INFO - Move: e6f5
2025-06-26 22:27:54,644 - INFO - Board after move:
. . r q . r k .
p p p . . p p p
. . . p . . . .
. . . N . b . .
. . B Q . . . .
. . B . . . . .
P P P . . P P P
. . K R . . . R
2025-06-26 22:27:54,714 - INFO - Current position win rate for White: 100.00%
2025-06-26 22:27:55,259 - INFO - Top 3 recommended moves by Stockfish:
2025-06-26 22:27:55,259 - INFO -   1. Qxg7# (d4g7) - Win rate: 100.00%
2025-06-26 22:27:55,260 - INFO -   2. Ne7+ (d5e7) - Win rate: 100.00%
2025-06-26 22:27:55,260 - INFO -   3. f4 (f2f4) - Win rate: 99.99%
2025-06-26 22:27:55,260 - INFO - maia-1100_blitz's turn (White) - Move 15
2025-06-26 22:27:55,260 - INFO - Prompt to White (maia-1100_blitz):
2025-06-26 22:27:55,260 - INFO - 

You are an expert chess player. You are playing a game of chess. You are playing as White.
This is a critically urgent match. You must thoroughly analyze the position and play with utmost caution. Leverage your wisdom to secure victory.
When you have the advantage, press it relentlessly and aim for a swift checkmate. Carefully evaluate every move to eliminate any chance of a counterplay or draw by your opponent.
When at a disadvantage, strive to turn the tide and win if possible. If victory is unattainable, exhaust all possible means to force a draw.
Meticulously analyze legal moves, then select the absolute best one.

Considering the long-term strategy and short-term tactic. Analyze the position carefully. You may think through the position and consider multiple candidate moves.
When you have decided on your final move, output it in UCI notation (e.g., 'e2e4', 'g8f6' , 'e7e8q') in the following format:
```
<move>
```

For example:
```
e2e4
```
You can think and reason as much as you want(step by step), but your final move must be formatted exactly as shown above.

2025-06-26 22:27:55,260 - INFO - 

Current board position in FEN notation:
2rq1rk1/ppp2ppp/3p4/3N1b2/2BQ4/2B5/PPP2PPP/2KR3R w - - 3 15

Partial move history in UCI notation:d4c3, c6e5, d1d2, c8e6, e1c1, e5c4, f1c4, a8c8, d2d4, e6f5


Legal moves in UCI notation: d5e7, d5c7, d5f6, d5b6, d5f4, d5b4, d5e3, d4g7, d4a7, d4f6, d4b6, d4e5, d4c5, d4h4, d4g4, d4f4, d4e4, d4e3, d4d3, d4d2, c4a6, c4b5, c4d3, c4b3, c4e2, c4f1, c3a5, c3b4, c3d2, c3e1, h1g1, h1f1, h1e1, d1d3, d1d2, d1g1, d1f1, d1e1, c1d2, c1b1, h2h3, g2g3, f2f3, b2b3, a2a3, h2h4, g2g4, f2f4, b2b4, a2a4


2025-06-26 22:27:55,262 - INFO - Valid move found: d4g7
2025-06-26 22:27:55,793 - INFO - Move d4g7 is Stockfish's recommendation #1
2025-06-26 22:27:55,793 - INFO - Win rate after move d4g7: 100.00%
2025-06-26 22:27:55,793 - INFO - Move: d4g7
2025-06-26 22:27:55,793 - INFO - Board after move:
. . r q . r k .
p p p . . p Q p
. . . p . . . .
. . . N . b . .
. . B . . . . .
. . B . . . . .
P P P . . P P P
. . K R . . . R
2025-06-26 22:27:55,793 - INFO - Checkmate! maia-1100_blitz wins!
2025-06-26 22:27:55,893 - INFO - === Player Move Quality Statistics ===
2025-06-26 22:27:55,893 - INFO - maia-1100_blitz:
2025-06-26 22:27:55,893 - INFO -   Total moves: 15
2025-06-26 22:27:55,894 - INFO -   Optimal moves (in top 3): 11 (73.3%)
2025-06-26 22:27:55,894 - INFO - doubao-seed-1-6-thinking-250615_standard:
2025-06-26 22:27:55,894 - INFO -   Total moves: 14
2025-06-26 22:27:55,894 - INFO -   Optimal moves (in top 3): 9 (64.3%)
2025-06-26 22:27:55,894 - INFO - === Player Attempt Statistics ===
2025-06-26 22:27:55,894 - INFO - maia-1100_blitz:
2025-06-26 22:27:55,894 - INFO -   Total attempts: 15
2025-06-26 22:27:55,894 - INFO -   Parsing errors: 0 (0.0% of attempts)
2025-06-26 22:27:55,894 - INFO -   Illegal moves: 0 (0.0% of attempts)
2025-06-26 22:27:55,894 - INFO -   forbidden thinking: 0 (0.0% of attempts)
2025-06-26 22:27:55,894 - INFO -   Successful moves: 15 (100.0% of attempts)
2025-06-26 22:27:55,894 - INFO - doubao-seed-1-6-thinking-250615_standard:
2025-06-26 22:27:55,894 - INFO -   Total attempts: 14
2025-06-26 22:27:55,894 - INFO -   Parsing errors: 0 (0.0% of attempts)
2025-06-26 22:27:55,894 - INFO -   Illegal moves: 0 (0.0% of attempts)
2025-06-26 22:27:55,894 - INFO -   forbidden thinking: 0 (0.0% of attempts)
2025-06-26 22:27:55,894 - INFO -   Successful moves: 14 (100.0% of attempts)
2025-06-26 22:27:55,895 - INFO - Game completed!
2025-06-26 22:27:55,895 - INFO - Result: 1-0
2025-06-26 22:27:55,895 - INFO - Termination: checkmate
2025-06-26 22:27:55,895 - INFO - Final FEN: 2rq1rk1/ppp2pQp/3p4/3N1b2/2B5/2B5/PPP2PPP/2KR3R b - - 0 15
2025-06-26 22:27:55,895 - INFO - Move history: e2e4, e7e5, g1f3, b8c6, d2d4, e5d4, f3d4, f8c5, c1e3, c5d4, e3d4, g8f6, e4e5, f6d5, b1c3, e8g8, c3d5, d7d6, d4c3, c6e5, d1d2, c8e6, e1c1, e5c4, f1c4, a8c8, d2d4, e6f5, d4g7
