2025-07-04 14:32:33,198 - INFO - Starting game 20250704_143233_2: random_player_blitz vs api_9_bullet
2025-07-04 14:32:33,291 - INFO - Initial board:
r n b q k b n r
p p p p p p p p
. . . . . . . .
. . . . . . . .
. . . . . . . .
. . . . . . . .
P P P P P P P P
R N B Q K B N R
2025-07-04 14:32:38,759 - INFO - Current position win rate for White: 53.10%
2025-07-04 14:32:47,415 - INFO - Top 3 recommended moves by Stockfish:
2025-07-04 14:32:47,415 - INFO -   1. Nf3 (g1f3) - Win rate: 52.00%
2025-07-04 14:32:47,415 - INFO -   2. d4 (d2d4) - Win rate: 52.00%
2025-07-04 14:32:47,415 - INFO -   3. e4 (e2e4) - Win rate: 51.60%
2025-07-04 14:32:47,415 - INFO - random_player_blitz's turn (White) - Move 1
2025-07-04 14:32:47,416 - INFO - Prompt to White (random_player_blitz):
2025-07-04 14:32:47,416 - INFO - 

You are an expert chess player. You are playing a game of chess. You are playing as White.
This is a critically urgent match. You must thoroughly analyze the position and play with utmost caution. Leverage your wisdom to secure victory.
When you have the advantage, press it relentlessly and aim for a swift checkmate. Carefully evaluate every move to eliminate any chance of a counterplay or draw by your opponent.
When at a disadvantage, strive to turn the tide and win if possible. If victory is unattainable, exhaust all possible means to force a draw.
Meticulously analyze legal moves, then select the absolute best one.

Considering the long-term strategy and short-term tactic. Analyze the position carefully. You may think through the position and consider multiple candidate moves.
When you have decided on your final move, output it in UCI notation (e.g., 'e2e4', 'g8f6' , 'e7e8q') in the following format:
```
<move>
```

For example:
```
e2e4
```
You can think and reason as much as you want(step by step), but your final move must be formatted exactly as shown above.

2025-07-04 14:32:47,416 - INFO - 

Current board position in FEN notation:
rnbqkbnr/pppppppp/8/8/8/8/PPPPPPPP/RNBQKBNR w KQkq - 0 1


Legal moves in UCI notation: g1h3, g1f3, b1c3, b1a3, h2h3, g2g3, f2f3, e2e3, d2d3, c2c3, b2b3, a2a3, h2h4, g2g4, f2f4, e2e4, d2d4, c2c4, b2b4, a2a4


2025-07-04 14:32:47,416 - INFO - Valid move found: b2b4
2025-07-04 14:32:58,692 - INFO - Move b2b4 is not among Stockfish's top 3 recommendations
2025-07-04 14:32:58,692 - INFO - Win rate after move b2b4: 44.92%
2025-07-04 14:32:58,692 - INFO - Move: b2b4
2025-07-04 14:32:58,693 - INFO - Board after move:
r n b q k b n r
p p p p p p p p
. . . . . . . .
. . . . . . . .
. P . . . . . .
. . . . . . . .
P . P P P P P P
R N B Q K B N R
2025-07-04 14:33:04,570 - INFO - Current position win rate for Black: 55.38%
2025-07-04 14:33:15,233 - INFO - Top 3 recommended moves by Stockfish:
2025-07-04 14:33:15,233 - INFO -   1. e5 (e7e5) - Win rate: 54.09%
2025-07-04 14:33:15,233 - INFO -   2. d5 (d7d5) - Win rate: 53.79%
2025-07-04 14:33:15,233 - INFO -   3. Nf6 (g8f6) - Win rate: 52.80%
2025-07-04 14:33:15,233 - INFO - api_9_bullet's turn (Black) - Move 1
2025-07-04 14:33:15,234 - INFO - Prompt to Black (api_9_bullet):
2025-07-04 14:33:15,234 - INFO - 

You are an expert chess player. You are playing a game of chess. You are playing as Black.
This is a critically urgent match. You must thoroughly analyze the position and play with utmost caution. Leverage your wisdom to secure victory.
When you have the advantage, press it relentlessly and aim for a swift checkmate. Carefully evaluate every move to eliminate any chance of a counterplay or draw by your opponent.
When at a disadvantage, strive to turn the tide and win if possible. If victory is unattainable, exhaust all possible means to force a draw.
Meticulously analyze legal moves, then select the absolute best one.

Considering the long-term strategy and short-term tactic. Analyze the position carefully. You may think through the position and consider multiple candidate moves.
When you have decided on your final move, output it in UCI notation (e.g., 'e2e4', 'g8f6' , 'e7e8q') in the following format:
```
<move>
```

For example:
```
e2e4
```
You must give me your answer directly without using any other words. I will not accept your answer if there exists any other words. Only output ```<move>```. 
Your final move must be formatted exactly as shown above.

2025-07-04 14:33:15,234 - INFO - 

Current board position in FEN notation:
rnbqkbnr/pppppppp/8/8/1P6/8/P1PPPPPP/RNBQKBNR b KQkq - 0 1

Legal moves in UCI notation: g8h6, g8f6, b8c6, b8a6, h7h6, g7g6, f7f6, e7e6, d7d6, c7c6, b7b6, a7a6, h7h5, g7g5, f7f5, e7e5, d7d5, c7c5, b7b5, a7a5


Partial move history in UCI notation:b2b4


2025-07-04 14:33:15,234 - INFO - Attempt 1/5...
2025-07-04 14:33:16,800 - ERROR - Error code: 503 - {'error': {'message': '当前分组 default 下对于模型 api_9 无可用渠道 (request id: 20250704143316781779237bxvbOOj3)', 'type': 'new_api_error'}}
